[ 2017-10-18T09:17:53+08:00 ] ::1 /zjtr/Mobile/Mall/product?active=14
INFO: [ app_init ] --START--
INFO: Run Behavior\BuildLiteBehavior [ RunTime:0.000020s ]
INFO: [ app_init ] --END-- [ RunTime:0.040231s ]
INFO: [ app_begin ] --START--
INFO: Run Behavior\ReadHtmlCacheBehavior [ RunTime:0.002120s ]
INFO: [ app_begin ] --END-- [ RunTime:0.002298s ]
SQL: SHOW COLUMNS FROM `report_categories` [ RunTime:0.0729s ]
SQL: SELECT * FROM `report_categories` WHERE ( type_id=0 and web=1 and ixm=1 ) ORDER BY id asc  [ RunTime:0.0360s ]
SQL: SHOW COLUMNS FROM `banner` [ RunTime:0.0359s ]
SQL: SELECT * FROM `banner` WHERE ( web=2 )  [ RunTime:0.0015s ]
SQL: SHOW COLUMNS FROM `new_x` [ RunTime:0.0278s ]
SQL: SELECT * FROM `report_categories` WHERE ( Type_id=14 )  [ RunTime:0.0013s ]
SQL: SELECT * FROM `new_x` WHERE `n_type` IN ('42') ORDER BY time desc  [ RunTime:0.0088s ]
SQL: SELECT * FROM `report_categories` WHERE `Id` = 14 LIMIT 1   [ RunTime:0.0162s ]
INFO: [ view_parse ] --START--
INFO: [ template_filter ] --START--
INFO: Run Behavior\ContentReplaceBehavior [ RunTime:0.000349s ]
INFO: [ template_filter ] --END-- [ RunTime:0.000554s ]
NOTIC: [8] Undefined variable: n D:\phpStudy\WWW\zjtr\Application\Runtime\Cache\Mobile\903b8cbdfc01e77bcb9e09db51a862d8.php 第 53 行.
NOTIC: [8] Undefined variable: n D:\phpStudy\WWW\zjtr\Application\Runtime\Cache\Mobile\903b8cbdfc01e77bcb9e09db51a862d8.php 第 53 行.
NOTIC: [8] Undefined variable: n D:\phpStudy\WWW\zjtr\Application\Runtime\Cache\Mobile\903b8cbdfc01e77bcb9e09db51a862d8.php 第 53 行.
NOTIC: [8] Undefined variable: n D:\phpStudy\WWW\zjtr\Application\Runtime\Cache\Mobile\903b8cbdfc01e77bcb9e09db51a862d8.php 第 53 行.
NOTIC: [8] Undefined variable: n D:\phpStudy\WWW\zjtr\Application\Runtime\Cache\Mobile\903b8cbdfc01e77bcb9e09db51a862d8.php 第 53 行.
NOTIC: [8] Undefined index: zjtr_id D:\phpStudy\WWW\zjtr\Application\Runtime\Cache\Mobile\903b8cbdfc01e77bcb9e09db51a862d8.php 第 275 行.
NOTIC: [8] Undefined variable: g D:\phpStudy\WWW\zjtr\Application\Runtime\Cache\Mobile\903b8cbdfc01e77bcb9e09db51a862d8.php 第 295 行.
NOTIC: [8] Undefined variable: p D:\phpStudy\WWW\zjtr\Application\Runtime\Cache\Mobile\903b8cbdfc01e77bcb9e09db51a862d8.php 第 296 行.
INFO: Run Behavior\ParseTemplateBehavior [ RunTime:0.065775s ]
INFO: [ view_parse ] --END-- [ RunTime:0.065933s ]
INFO: [ view_filter ] --START--
INFO: Run Behavior\WriteHtmlCacheBehavior [ RunTime:0.029374s ]
INFO: [ view_filter ] --END-- [ RunTime:0.029456s ]
INFO: [ app_end ] --START--
INFO: Run Behavior\ShowPageTraceBehavior [ RunTime:0.001579s ]
INFO: [ app_end ] --END-- [ RunTime:0.001710s ]

