[ 2017-10-16T18:29:20+08:00 ] ::1 /zjtr/Mobile/Mall/cart
INFO: [ app_init ] --START--
INFO: Run Behavior\BuildLiteBehavior [ RunTime:0.000025s ]
INFO: [ app_init ] --END-- [ RunTime:0.001027s ]
INFO: [ app_begin ] --START--
INFO: Run Behavior\ReadHtmlCacheBehavior [ RunTime:0.001012s ]
INFO: [ app_begin ] --END-- [ RunTime:0.001192s ]
SQL: SHOW COLUMNS FROM `report_categories` [ RunTime:0.0210s ]
SQL: SELECT * FROM `report_categories` WHERE ( type_id=0 and web=1 and ixm=1 ) ORDER BY id asc  [ RunTime:0.0022s ]
SQL: SHOW COLUMNS FROM `banner` [ RunTime:0.0812s ]
SQL: SELECT * FROM `banner` WHERE ( web=2 )  [ RunTime:0.0012s ]
SQL: SHOW COLUMNS FROM `address` [ RunTime:0.0136s ]
SQL: SELECT * FROM `address` WHERE ( a_user=1 )  [ RunTime:0.0012s ]
SQL: SHOW COLUMNS FROM `new_x` [ RunTime:0.0106s ]
SQL: SHOW COLUMNS FROM `shopcart` [ RunTime:0.0078s ]
SQL: SELECT * FROM `shopcart` WHERE `cook` = '5p7kis44in8gh0j3aeobhd01p6'  [ RunTime:0.0006s ]
SQL: SELECT * FROM `shopcart` WHERE `l_id` = 1 AND `cook` = '5p7kis44in8gh0j3aeobhd01p6'  [ RunTime:0.0006s ]
INFO: [ view_parse ] --START--
INFO: [ template_filter ] --START--
INFO: Run Behavior\ContentReplaceBehavior [ RunTime:0.000178s ]
INFO: [ template_filter ] --END-- [ RunTime:0.000311s ]
NOTIC: [8] Undefined variable: mbx D:\phpStudy\WWW\zjtr\Application\Runtime\Cache\Mobile\69927e6eb8ec9f1e5474f85534e73078.php 第 10 行.
NOTIC: [8] Undefined variable: n D:\phpStudy\WWW\zjtr\Application\Runtime\Cache\Mobile\69927e6eb8ec9f1e5474f85534e73078.php 第 50 行.
NOTIC: [8] Undefined variable: n D:\phpStudy\WWW\zjtr\Application\Runtime\Cache\Mobile\69927e6eb8ec9f1e5474f85534e73078.php 第 50 行.
NOTIC: [8] Undefined variable: n D:\phpStudy\WWW\zjtr\Application\Runtime\Cache\Mobile\69927e6eb8ec9f1e5474f85534e73078.php 第 50 行.
NOTIC: [8] Undefined variable: n D:\phpStudy\WWW\zjtr\Application\Runtime\Cache\Mobile\69927e6eb8ec9f1e5474f85534e73078.php 第 50 行.
NOTIC: [8] Undefined variable: n D:\phpStudy\WWW\zjtr\Application\Runtime\Cache\Mobile\69927e6eb8ec9f1e5474f85534e73078.php 第 50 行.
NOTIC: [8] Undefined variable: m D:\phpStudy\WWW\zjtr\Application\Runtime\Cache\Mobile\69927e6eb8ec9f1e5474f85534e73078.php 第 369 行.
NOTIC: [8] Undefined variable: m D:\phpStudy\WWW\zjtr\Application\Runtime\Cache\Mobile\69927e6eb8ec9f1e5474f85534e73078.php 第 372 行.
NOTIC: [8] Undefined variable: p D:\phpStudy\WWW\zjtr\Application\Runtime\Cache\Mobile\69927e6eb8ec9f1e5474f85534e73078.php 第 375 行.
INFO: Run Behavior\ParseTemplateBehavior [ RunTime:0.059753s ]
INFO: [ view_parse ] --END-- [ RunTime:0.059858s ]
INFO: [ view_filter ] --START--
INFO: Run Behavior\WriteHtmlCacheBehavior [ RunTime:0.000654s ]
INFO: [ view_filter ] --END-- [ RunTime:0.000717s ]
INFO: [ app_end ] --START--
INFO: Run Behavior\ShowPageTraceBehavior [ RunTime:0.001232s ]
INFO: [ app_end ] --END-- [ RunTime:0.001309s ]

[ 2017-10-16T18:29:26+08:00 ] ::1 /zjtr/Mobile/My/index
INFO: [ app_init ] --START--
INFO: Run Behavior\BuildLiteBehavior [ RunTime:0.000015s ]
INFO: [ app_init ] --END-- [ RunTime:0.000400s ]
INFO: [ app_begin ] --START--
INFO: Run Behavior\ReadHtmlCacheBehavior [ RunTime:0.000853s ]
INFO: [ app_begin ] --END-- [ RunTime:0.000911s ]
SQL: SHOW COLUMNS FROM `report_categories` [ RunTime:0.0170s ]
SQL: SELECT * FROM `report_categories` WHERE ( type_id=0 and web=2 ) ORDER BY id asc LIMIT 6   [ RunTime:0.0018s ]
SQL: SELECT * FROM `report_categories` WHERE ( type_id=0 and web=2 and ix=2 ) ORDER BY id asc LIMIT 6   [ RunTime:0.0018s ]
SQL: SELECT * FROM `report_categories` WHERE ( type_id!=0 and web=2 ) ORDER BY id asc  [ RunTime:0.0017s ]
SQL: SHOW COLUMNS FROM `new_x` [ RunTime:0.0123s ]
SQL: SELECT * FROM `new_x` LIMIT 4   [ RunTime:0.0009s ]
SQL: SHOW COLUMNS FROM `user` [ RunTime:0.0106s ]
SQL: SELECT * FROM `user` WHERE `Id` = 1 LIMIT 1   [ RunTime:0.0012s ]
SQL: SHOW COLUMNS FROM `address` [ RunTime:0.0093s ]
SQL: SELECT * FROM `address` WHERE ( a_user=1 )  [ RunTime:0.0007s ]
INFO: [ view_parse ] --START--
INFO: [ template_filter ] --START--
INFO: Run Behavior\ContentReplaceBehavior [ RunTime:0.000261s ]
INFO: [ template_filter ] --END-- [ RunTime:0.000437s ]
NOTIC: [8] Undefined variable: mbx D:\phpStudy\WWW\zjtr\Application\Runtime\Cache\Mobile\f33cad3156514f22f6197d2b6a09042b.php 第 10 行.
NOTIC: [8] Undefined variable: n D:\phpStudy\WWW\zjtr\Application\Runtime\Cache\Mobile\f33cad3156514f22f6197d2b6a09042b.php 第 50 行.
NOTIC: [8] Undefined variable: n D:\phpStudy\WWW\zjtr\Application\Runtime\Cache\Mobile\f33cad3156514f22f6197d2b6a09042b.php 第 50 行.
NOTIC: [8] Undefined variable: n D:\phpStudy\WWW\zjtr\Application\Runtime\Cache\Mobile\f33cad3156514f22f6197d2b6a09042b.php 第 50 行.
NOTIC: [8] Undefined variable: n D:\phpStudy\WWW\zjtr\Application\Runtime\Cache\Mobile\f33cad3156514f22f6197d2b6a09042b.php 第 50 行.
NOTIC: [8] Undefined variable: m D:\phpStudy\WWW\zjtr\Application\Runtime\Cache\Mobile\f33cad3156514f22f6197d2b6a09042b.php 第 347 行.
NOTIC: [8] Undefined variable: m D:\phpStudy\WWW\zjtr\Application\Runtime\Cache\Mobile\f33cad3156514f22f6197d2b6a09042b.php 第 350 行.
NOTIC: [8] Undefined variable: g D:\phpStudy\WWW\zjtr\Application\Runtime\Cache\Mobile\f33cad3156514f22f6197d2b6a09042b.php 第 352 行.
INFO: Run Behavior\ParseTemplateBehavior [ RunTime:0.043118s ]
INFO: [ view_parse ] --END-- [ RunTime:0.043355s ]
INFO: [ view_filter ] --START--
INFO: Run Behavior\WriteHtmlCacheBehavior [ RunTime:0.001364s ]
INFO: [ view_filter ] --END-- [ RunTime:0.001478s ]
INFO: [ app_end ] --START--
INFO: Run Behavior\ShowPageTraceBehavior [ RunTime:0.002499s ]
INFO: [ app_end ] --END-- [ RunTime:0.002688s ]

