[ 2017-12-06T15:29:59+08:00 ] ::1 /zjtr/Mobile/Mall/product?active=14
INFO: [ app_init ] --START--
INFO: Run Behavior\BuildLiteBehavior [ RunTime:0.000044s ]
INFO: [ app_init ] --END-- [ RunTime:0.002362s ]
INFO: [ app_begin ] --START--
INFO: Run Behavior\ReadHtmlCacheBehavior [ RunTime:0.000750s ]
INFO: [ app_begin ] --END-- [ RunTime:0.000825s ]
SQL: SHOW COLUMNS FROM `report_categories` [ RunTime:0.0054s ]
SQL: SELECT * FROM `report_categories` WHERE ( type_id=0 and web=1 and ixm=1 ) ORDER BY id asc  [ RunTime:0.0005s ]
SQL: SHOW COLUMNS FROM `banner` [ RunTime:0.0073s ]
SQL: SELECT * FROM `banner` WHERE ( web=2 )  [ RunTime:0.0007s ]
SQL: SHOW COLUMNS FROM `emph` [ RunTime:0.0065s ]
SQL: SELECT * FROM `emph` LIMIT 1   [ RunTime:0.0003s ]
SQL: SHOW COLUMNS FROM `shopcart` [ RunTime:0.0047s ]
NOTIC: [8] Undefined index: zjtr_id D:\phpStudy\WWW\zjtr\Application\Mobile\Controller\PublicController.class.php 第 75 行.
SQL: SELECT COUNT(*) AS tp_count FROM `shopcart` WHERE `l_id` = 0 AND `cook` = '8nk4qe4upk5b0ejb14fa0ckqg2' LIMIT 1   [ RunTime:0.0005s ]
SQL: SHOW COLUMNS FROM `new_x` [ RunTime:0.0059s ]
SQL: SELECT * FROM `report_categories` WHERE ( Type_id=14 )  [ RunTime:0.0004s ]
SQL: SELECT * FROM `new_x` WHERE `n_type` IN ('42') ORDER BY time desc  [ RunTime:0.0008s ]
SQL: SELECT * FROM `report_categories` WHERE `Id` = 14 LIMIT 1   [ RunTime:0.0006s ]
INFO: [ view_parse ] --START--
INFO: [ template_filter ] --START--
INFO: Run Behavior\ContentReplaceBehavior [ RunTime:0.000113s ]
INFO: [ template_filter ] --END-- [ RunTime:0.000195s ]
NOTIC: [8] Undefined variable: n D:\phpStudy\WWW\zjtr\Application\Runtime\Cache\Mobile\903b8cbdfc01e77bcb9e09db51a862d8.php 第 53 行.
NOTIC: [8] Undefined variable: n D:\phpStudy\WWW\zjtr\Application\Runtime\Cache\Mobile\903b8cbdfc01e77bcb9e09db51a862d8.php 第 53 行.
NOTIC: [8] Undefined variable: n D:\phpStudy\WWW\zjtr\Application\Runtime\Cache\Mobile\903b8cbdfc01e77bcb9e09db51a862d8.php 第 53 行.
NOTIC: [8] Undefined variable: n D:\phpStudy\WWW\zjtr\Application\Runtime\Cache\Mobile\903b8cbdfc01e77bcb9e09db51a862d8.php 第 53 行.
NOTIC: [8] Undefined variable: n D:\phpStudy\WWW\zjtr\Application\Runtime\Cache\Mobile\903b8cbdfc01e77bcb9e09db51a862d8.php 第 53 行.
NOTIC: [8] Undefined index: zjtr_id D:\phpStudy\WWW\zjtr\Application\Runtime\Cache\Mobile\903b8cbdfc01e77bcb9e09db51a862d8.php 第 280 行.
NOTIC: [8] Undefined variable: g D:\phpStudy\WWW\zjtr\Application\Runtime\Cache\Mobile\903b8cbdfc01e77bcb9e09db51a862d8.php 第 300 行.
NOTIC: [8] Undefined variable: p D:\phpStudy\WWW\zjtr\Application\Runtime\Cache\Mobile\903b8cbdfc01e77bcb9e09db51a862d8.php 第 301 行.
INFO: Run Behavior\ParseTemplateBehavior [ RunTime:0.082300s ]
INFO: [ view_parse ] --END-- [ RunTime:0.082388s ]
INFO: [ view_filter ] --START--
INFO: Run Behavior\WriteHtmlCacheBehavior [ RunTime:0.000484s ]
INFO: [ view_filter ] --END-- [ RunTime:0.000535s ]
INFO: [ app_end ] --START--
INFO: Run Behavior\ShowPageTraceBehavior [ RunTime:0.001175s ]
INFO: [ app_end ] --END-- [ RunTime:0.001286s ]

[ 2017-12-06T15:30:03+08:00 ] ::1 /zjtr/Mobile/Mall/goumai
INFO: [ app_init ] --START--
INFO: Run Behavior\BuildLiteBehavior [ RunTime:0.000034s ]
INFO: [ app_init ] --END-- [ RunTime:0.000952s ]
INFO: [ app_begin ] --START--
INFO: Run Behavior\ReadHtmlCacheBehavior [ RunTime:0.004093s ]
INFO: [ app_begin ] --END-- [ RunTime:0.004465s ]
SQL: SHOW COLUMNS FROM `report_categories` [ RunTime:0.1173s ]
SQL: SELECT * FROM `report_categories` WHERE ( type_id=0 and web=1 and ixm=1 ) ORDER BY id asc  [ RunTime:0.0010s ]
SQL: SHOW COLUMNS FROM `banner` [ RunTime:0.0061s ]
SQL: SELECT * FROM `banner` WHERE ( web=2 )  [ RunTime:0.0004s ]
SQL: SHOW COLUMNS FROM `emph` [ RunTime:0.0103s ]
SQL: SELECT * FROM `emph` LIMIT 1   [ RunTime:0.0007s ]
SQL: SHOW COLUMNS FROM `transaction_information` [ RunTime:0.0369s ]
SQL: SHOW COLUMNS FROM `shopcart` [ RunTime:0.0075s ]
NOTIC: [8] Undefined index: zjtr_id D:\phpStudy\WWW\zjtr\Application\Mobile\Controller\MallController.class.php 第 575 行.
SQL: INSERT INTO `shopcart` (`cook`,`w_id`,`l_id`,`license`,`shuliang`) VALUES ('8nk4qe4upk5b0ejb14fa0ckqg2','10','0','所有颜色','1') [ RunTime:0.0689s ]
INFO: [ app_end ] --START--
INFO: Run Behavior\ShowPageTraceBehavior [ RunTime:0.002255s ]
INFO: [ app_end ] --END-- [ RunTime:0.002539s ]

[ 2017-12-06T15:30:03+08:00 ] ::1 /zjtr/Mobile/Mall/__PUBLIC__/images/loading.gif
INFO: [ app_init ] --START--
INFO: Run Behavior\BuildLiteBehavior [ RunTime:0.000030s ]
INFO: [ app_init ] --END-- [ RunTime:0.000738s ]

[ 2017-12-06T15:30:05+08:00 ] ::1 /zjtr/Mobile/Mall/product?active=14
INFO: [ app_init ] --START--
INFO: Run Behavior\BuildLiteBehavior [ RunTime:0.000031s ]
INFO: [ app_init ] --END-- [ RunTime:0.000987s ]
INFO: [ app_begin ] --START--
INFO: Run Behavior\ReadHtmlCacheBehavior [ RunTime:0.002387s ]
INFO: [ app_begin ] --END-- [ RunTime:0.002744s ]
SQL: SHOW COLUMNS FROM `report_categories` [ RunTime:0.0090s ]
SQL: SELECT * FROM `report_categories` WHERE ( type_id=0 and web=1 and ixm=1 ) ORDER BY id asc  [ RunTime:0.0005s ]
SQL: SHOW COLUMNS FROM `banner` [ RunTime:0.0088s ]
SQL: SELECT * FROM `banner` WHERE ( web=2 )  [ RunTime:0.0010s ]
SQL: SHOW COLUMNS FROM `emph` [ RunTime:0.0127s ]
SQL: SELECT * FROM `emph` LIMIT 1   [ RunTime:0.0010s ]
SQL: SHOW COLUMNS FROM `shopcart` [ RunTime:0.0059s ]
NOTIC: [8] Undefined index: zjtr_id D:\phpStudy\WWW\zjtr\Application\Mobile\Controller\PublicController.class.php 第 75 行.
SQL: SELECT COUNT(*) AS tp_count FROM `shopcart` WHERE `l_id` = 0 AND `cook` = '8nk4qe4upk5b0ejb14fa0ckqg2' LIMIT 1   [ RunTime:0.0004s ]
SQL: SHOW COLUMNS FROM `new_x` [ RunTime:0.0102s ]
SQL: SELECT * FROM `report_categories` WHERE ( Type_id=14 )  [ RunTime:0.0008s ]
SQL: SELECT * FROM `new_x` WHERE `n_type` IN ('42') ORDER BY time desc  [ RunTime:0.0006s ]
SQL: SELECT * FROM `report_categories` WHERE `Id` = 14 LIMIT 1   [ RunTime:0.0013s ]
INFO: [ view_parse ] --START--
INFO: [ template_filter ] --START--
INFO: Run Behavior\ContentReplaceBehavior [ RunTime:0.000303s ]
INFO: [ template_filter ] --END-- [ RunTime:0.000793s ]
NOTIC: [8] Undefined variable: n D:\phpStudy\WWW\zjtr\Application\Runtime\Cache\Mobile\903b8cbdfc01e77bcb9e09db51a862d8.php 第 53 行.
NOTIC: [8] Undefined variable: n D:\phpStudy\WWW\zjtr\Application\Runtime\Cache\Mobile\903b8cbdfc01e77bcb9e09db51a862d8.php 第 53 行.
NOTIC: [8] Undefined variable: n D:\phpStudy\WWW\zjtr\Application\Runtime\Cache\Mobile\903b8cbdfc01e77bcb9e09db51a862d8.php 第 53 行.
NOTIC: [8] Undefined variable: n D:\phpStudy\WWW\zjtr\Application\Runtime\Cache\Mobile\903b8cbdfc01e77bcb9e09db51a862d8.php 第 53 行.
NOTIC: [8] Undefined variable: n D:\phpStudy\WWW\zjtr\Application\Runtime\Cache\Mobile\903b8cbdfc01e77bcb9e09db51a862d8.php 第 53 行.
NOTIC: [8] Undefined index: zjtr_id D:\phpStudy\WWW\zjtr\Application\Runtime\Cache\Mobile\903b8cbdfc01e77bcb9e09db51a862d8.php 第 280 行.
NOTIC: [8] Undefined variable: g D:\phpStudy\WWW\zjtr\Application\Runtime\Cache\Mobile\903b8cbdfc01e77bcb9e09db51a862d8.php 第 300 行.
NOTIC: [8] Undefined variable: p D:\phpStudy\WWW\zjtr\Application\Runtime\Cache\Mobile\903b8cbdfc01e77bcb9e09db51a862d8.php 第 301 行.
INFO: Run Behavior\ParseTemplateBehavior [ RunTime:0.025134s ]
INFO: [ view_parse ] --END-- [ RunTime:0.025339s ]
INFO: [ view_filter ] --START--
INFO: Run Behavior\WriteHtmlCacheBehavior [ RunTime:0.002815s ]
INFO: [ view_filter ] --END-- [ RunTime:0.002969s ]
INFO: [ app_end ] --START--
INFO: Run Behavior\ShowPageTraceBehavior [ RunTime:0.004334s ]
INFO: [ app_end ] --END-- [ RunTime:0.004460s ]

[ 2017-12-06T15:31:24+08:00 ] ::1 /zjtr/Mobile/Mall/product?active=14
INFO: [ app_init ] --START--
INFO: Run Behavior\BuildLiteBehavior [ RunTime:0.000020s ]
INFO: [ app_init ] --END-- [ RunTime:0.000649s ]
INFO: [ app_begin ] --START--
INFO: Run Behavior\ReadHtmlCacheBehavior [ RunTime:0.000836s ]
INFO: [ app_begin ] --END-- [ RunTime:0.000959s ]
SQL: SHOW COLUMNS FROM `report_categories` [ RunTime:0.0069s ]
SQL: SELECT * FROM `report_categories` WHERE ( type_id=0 and web=1 and ixm=1 ) ORDER BY id asc  [ RunTime:0.0007s ]
SQL: SHOW COLUMNS FROM `banner` [ RunTime:0.0085s ]
SQL: SELECT * FROM `banner` WHERE ( web=2 )  [ RunTime:0.0012s ]
SQL: SHOW COLUMNS FROM `emph` [ RunTime:0.0094s ]
SQL: SELECT * FROM `emph` LIMIT 1   [ RunTime:0.0005s ]
SQL: SHOW COLUMNS FROM `shopcart` [ RunTime:0.0056s ]
NOTIC: [8] Undefined index: zjtr_id D:\phpStudy\WWW\zjtr\Application\Mobile\Controller\PublicController.class.php 第 75 行.
SQL: SELECT COUNT(*) AS tp_count FROM `shopcart` WHERE `l_id` = 0 AND `cook` = '8nk4qe4upk5b0ejb14fa0ckqg2' LIMIT 1   [ RunTime:0.0005s ]
SQL: SHOW COLUMNS FROM `new_x` [ RunTime:0.0068s ]
SQL: SELECT * FROM `report_categories` WHERE ( Type_id=14 )  [ RunTime:0.0006s ]
SQL: SELECT * FROM `new_x` WHERE `n_type` IN ('42') ORDER BY time desc  [ RunTime:0.0007s ]
SQL: SELECT * FROM `report_categories` WHERE `Id` = 14 LIMIT 1   [ RunTime:0.0005s ]
INFO: [ view_parse ] --START--
INFO: [ template_filter ] --START--
INFO: Run Behavior\ContentReplaceBehavior [ RunTime:0.000175s ]
INFO: [ template_filter ] --END-- [ RunTime:0.000303s ]
NOTIC: [8] Undefined variable: n D:\phpStudy\WWW\zjtr\Application\Runtime\Cache\Mobile\903b8cbdfc01e77bcb9e09db51a862d8.php 第 53 行.
NOTIC: [8] Undefined variable: n D:\phpStudy\WWW\zjtr\Application\Runtime\Cache\Mobile\903b8cbdfc01e77bcb9e09db51a862d8.php 第 53 行.
NOTIC: [8] Undefined variable: n D:\phpStudy\WWW\zjtr\Application\Runtime\Cache\Mobile\903b8cbdfc01e77bcb9e09db51a862d8.php 第 53 行.
NOTIC: [8] Undefined variable: n D:\phpStudy\WWW\zjtr\Application\Runtime\Cache\Mobile\903b8cbdfc01e77bcb9e09db51a862d8.php 第 53 行.
NOTIC: [8] Undefined variable: n D:\phpStudy\WWW\zjtr\Application\Runtime\Cache\Mobile\903b8cbdfc01e77bcb9e09db51a862d8.php 第 53 行.
NOTIC: [8] Undefined index: zjtr_id D:\phpStudy\WWW\zjtr\Application\Runtime\Cache\Mobile\903b8cbdfc01e77bcb9e09db51a862d8.php 第 280 行.
NOTIC: [8] Undefined variable: g D:\phpStudy\WWW\zjtr\Application\Runtime\Cache\Mobile\903b8cbdfc01e77bcb9e09db51a862d8.php 第 300 行.
NOTIC: [8] Undefined variable: p D:\phpStudy\WWW\zjtr\Application\Runtime\Cache\Mobile\903b8cbdfc01e77bcb9e09db51a862d8.php 第 301 行.
INFO: Run Behavior\ParseTemplateBehavior [ RunTime:0.021267s ]
INFO: [ view_parse ] --END-- [ RunTime:0.021379s ]
INFO: [ view_filter ] --START--
INFO: Run Behavior\WriteHtmlCacheBehavior [ RunTime:0.000783s ]
INFO: [ view_filter ] --END-- [ RunTime:0.000883s ]
INFO: [ app_end ] --START--
INFO: Run Behavior\ShowPageTraceBehavior [ RunTime:0.004062s ]
INFO: [ app_end ] --END-- [ RunTime:0.004306s ]

[ 2017-12-06T15:31:27+08:00 ] ::1 /zjtr/Mobile/Mall/goumai
INFO: [ app_init ] --START--
INFO: Run Behavior\BuildLiteBehavior [ RunTime:0.000024s ]
INFO: [ app_init ] --END-- [ RunTime:0.000594s ]
INFO: [ app_begin ] --START--
INFO: Run Behavior\ReadHtmlCacheBehavior [ RunTime:0.001562s ]
INFO: [ app_begin ] --END-- [ RunTime:0.001761s ]
SQL: SHOW COLUMNS FROM `report_categories` [ RunTime:0.0090s ]
SQL: SELECT * FROM `report_categories` WHERE ( type_id=0 and web=1 and ixm=1 ) ORDER BY id asc  [ RunTime:0.0006s ]
SQL: SHOW COLUMNS FROM `banner` [ RunTime:0.0065s ]
SQL: SELECT * FROM `banner` WHERE ( web=2 )  [ RunTime:0.0005s ]
SQL: SHOW COLUMNS FROM `emph` [ RunTime:0.0061s ]
SQL: SELECT * FROM `emph` LIMIT 1   [ RunTime:0.0011s ]
SQL: SHOW COLUMNS FROM `transaction_information` [ RunTime:0.0103s ]
SQL: SHOW COLUMNS FROM `shopcart` [ RunTime:0.0114s ]
NOTIC: [8] Undefined index: zjtr_id D:\phpStudy\WWW\zjtr\Application\Mobile\Controller\MallController.class.php 第 575 行.
SQL: INSERT INTO `shopcart` (`cook`,`w_id`,`l_id`,`license`,`shuliang`) VALUES ('8nk4qe4upk5b0ejb14fa0ckqg2','10','0','所有颜色','1') [ RunTime:0.0006s ]
INFO: [ app_end ] --START--
INFO: Run Behavior\ShowPageTraceBehavior [ RunTime:0.001282s ]
INFO: [ app_end ] --END-- [ RunTime:0.001398s ]

[ 2017-12-06T15:31:27+08:00 ] ::1 /zjtr/Mobile/Mall/.$url.
INFO: [ app_init ] --START--
INFO: Run Behavior\BuildLiteBehavior [ RunTime:0.000035s ]
INFO: [ app_init ] --END-- [ RunTime:0.002246s ]
INFO: [ app_begin ] --START--
INFO: Run Behavior\ReadHtmlCacheBehavior [ RunTime:0.002658s ]
INFO: [ app_begin ] --END-- [ RunTime:0.002796s ]
ERR: 非法操作:.$url

[ 2017-12-06T15:31:28+08:00 ] ::1 /zjtr/Mobile/Mall/product?active=14
INFO: [ app_init ] --START--
INFO: Run Behavior\BuildLiteBehavior [ RunTime:0.000031s ]
INFO: [ app_init ] --END-- [ RunTime:0.000699s ]
INFO: [ app_begin ] --START--
INFO: Run Behavior\ReadHtmlCacheBehavior [ RunTime:0.002044s ]
INFO: [ app_begin ] --END-- [ RunTime:0.002230s ]
SQL: SHOW COLUMNS FROM `report_categories` [ RunTime:0.0401s ]
SQL: SELECT * FROM `report_categories` WHERE ( type_id=0 and web=1 and ixm=1 ) ORDER BY id asc  [ RunTime:0.0008s ]
SQL: SHOW COLUMNS FROM `banner` [ RunTime:0.0454s ]
SQL: SELECT * FROM `banner` WHERE ( web=2 )  [ RunTime:0.0006s ]
SQL: SHOW COLUMNS FROM `emph` [ RunTime:0.0340s ]
SQL: SELECT * FROM `emph` LIMIT 1   [ RunTime:0.0004s ]
SQL: SHOW COLUMNS FROM `shopcart` [ RunTime:0.0056s ]
NOTIC: [8] Undefined index: zjtr_id D:\phpStudy\WWW\zjtr\Application\Mobile\Controller\PublicController.class.php 第 75 行.
SQL: SELECT COUNT(*) AS tp_count FROM `shopcart` WHERE `l_id` = 0 AND `cook` = '8nk4qe4upk5b0ejb14fa0ckqg2' LIMIT 1   [ RunTime:0.0011s ]
SQL: SHOW COLUMNS FROM `new_x` [ RunTime:0.0082s ]
SQL: SELECT * FROM `report_categories` WHERE ( Type_id=14 )  [ RunTime:0.0006s ]
SQL: SELECT * FROM `new_x` WHERE `n_type` IN ('42') ORDER BY time desc  [ RunTime:0.0014s ]
SQL: SELECT * FROM `report_categories` WHERE `Id` = 14 LIMIT 1   [ RunTime:0.0010s ]
INFO: [ view_parse ] --START--
INFO: [ template_filter ] --START--
INFO: Run Behavior\ContentReplaceBehavior [ RunTime:0.000240s ]
INFO: [ template_filter ] --END-- [ RunTime:0.000415s ]
NOTIC: [8] Undefined variable: n D:\phpStudy\WWW\zjtr\Application\Runtime\Cache\Mobile\903b8cbdfc01e77bcb9e09db51a862d8.php 第 53 行.
NOTIC: [8] Undefined variable: n D:\phpStudy\WWW\zjtr\Application\Runtime\Cache\Mobile\903b8cbdfc01e77bcb9e09db51a862d8.php 第 53 行.
NOTIC: [8] Undefined variable: n D:\phpStudy\WWW\zjtr\Application\Runtime\Cache\Mobile\903b8cbdfc01e77bcb9e09db51a862d8.php 第 53 行.
NOTIC: [8] Undefined variable: n D:\phpStudy\WWW\zjtr\Application\Runtime\Cache\Mobile\903b8cbdfc01e77bcb9e09db51a862d8.php 第 53 行.
NOTIC: [8] Undefined variable: n D:\phpStudy\WWW\zjtr\Application\Runtime\Cache\Mobile\903b8cbdfc01e77bcb9e09db51a862d8.php 第 53 行.
NOTIC: [8] Undefined index: zjtr_id D:\phpStudy\WWW\zjtr\Application\Runtime\Cache\Mobile\903b8cbdfc01e77bcb9e09db51a862d8.php 第 280 行.
NOTIC: [8] Undefined variable: g D:\phpStudy\WWW\zjtr\Application\Runtime\Cache\Mobile\903b8cbdfc01e77bcb9e09db51a862d8.php 第 300 行.
NOTIC: [8] Undefined variable: p D:\phpStudy\WWW\zjtr\Application\Runtime\Cache\Mobile\903b8cbdfc01e77bcb9e09db51a862d8.php 第 301 行.
INFO: Run Behavior\ParseTemplateBehavior [ RunTime:0.026756s ]
INFO: [ view_parse ] --END-- [ RunTime:0.026907s ]
INFO: [ view_filter ] --START--
INFO: Run Behavior\WriteHtmlCacheBehavior [ RunTime:0.001017s ]
INFO: [ view_filter ] --END-- [ RunTime:0.001155s ]
INFO: [ app_end ] --START--
INFO: Run Behavior\ShowPageTraceBehavior [ RunTime:0.004730s ]
INFO: [ app_end ] --END-- [ RunTime:0.007580s ]

[ 2017-12-06T15:31:38+08:00 ] ::1 /zjtr/Mobile/Mall/product?active=14
INFO: [ app_init ] --START--
INFO: Run Behavior\BuildLiteBehavior [ RunTime:0.000017s ]
INFO: [ app_init ] --END-- [ RunTime:0.000509s ]
INFO: [ app_begin ] --START--
INFO: Run Behavior\ReadHtmlCacheBehavior [ RunTime:0.000652s ]
INFO: [ app_begin ] --END-- [ RunTime:0.000734s ]
SQL: SHOW COLUMNS FROM `report_categories` [ RunTime:0.0078s ]
SQL: SELECT * FROM `report_categories` WHERE ( type_id=0 and web=1 and ixm=1 ) ORDER BY id asc  [ RunTime:0.0033s ]
SQL: SHOW COLUMNS FROM `banner` [ RunTime:0.0095s ]
SQL: SELECT * FROM `banner` WHERE ( web=2 )  [ RunTime:0.0005s ]
SQL: SHOW COLUMNS FROM `emph` [ RunTime:0.0076s ]
SQL: SELECT * FROM `emph` LIMIT 1   [ RunTime:0.0005s ]
SQL: SHOW COLUMNS FROM `shopcart` [ RunTime:0.0070s ]
NOTIC: [8] Undefined index: zjtr_id D:\phpStudy\WWW\zjtr\Application\Mobile\Controller\PublicController.class.php 第 75 行.
SQL: SELECT COUNT(*) AS tp_count FROM `shopcart` WHERE `l_id` = 0 AND `cook` = '8nk4qe4upk5b0ejb14fa0ckqg2' LIMIT 1   [ RunTime:0.0080s ]
SQL: SHOW COLUMNS FROM `new_x` [ RunTime:0.0101s ]
SQL: SELECT * FROM `report_categories` WHERE ( Type_id=14 )  [ RunTime:0.0007s ]
SQL: SELECT * FROM `new_x` WHERE `n_type` IN ('42') ORDER BY time desc  [ RunTime:0.0013s ]
SQL: SELECT * FROM `report_categories` WHERE `Id` = 14 LIMIT 1   [ RunTime:0.0005s ]
INFO: [ view_parse ] --START--
INFO: [ template_filter ] --START--
INFO: Run Behavior\ContentReplaceBehavior [ RunTime:0.000205s ]
INFO: [ template_filter ] --END-- [ RunTime:0.000388s ]
NOTIC: [8] Undefined variable: n D:\phpStudy\WWW\zjtr\Application\Runtime\Cache\Mobile\903b8cbdfc01e77bcb9e09db51a862d8.php 第 53 行.
NOTIC: [8] Undefined variable: n D:\phpStudy\WWW\zjtr\Application\Runtime\Cache\Mobile\903b8cbdfc01e77bcb9e09db51a862d8.php 第 53 行.
NOTIC: [8] Undefined variable: n D:\phpStudy\WWW\zjtr\Application\Runtime\Cache\Mobile\903b8cbdfc01e77bcb9e09db51a862d8.php 第 53 行.
NOTIC: [8] Undefined variable: n D:\phpStudy\WWW\zjtr\Application\Runtime\Cache\Mobile\903b8cbdfc01e77bcb9e09db51a862d8.php 第 53 行.
NOTIC: [8] Undefined variable: n D:\phpStudy\WWW\zjtr\Application\Runtime\Cache\Mobile\903b8cbdfc01e77bcb9e09db51a862d8.php 第 53 行.
NOTIC: [8] Undefined index: zjtr_id D:\phpStudy\WWW\zjtr\Application\Runtime\Cache\Mobile\903b8cbdfc01e77bcb9e09db51a862d8.php 第 280 行.
NOTIC: [8] Undefined variable: g D:\phpStudy\WWW\zjtr\Application\Runtime\Cache\Mobile\903b8cbdfc01e77bcb9e09db51a862d8.php 第 300 行.
NOTIC: [8] Undefined variable: p D:\phpStudy\WWW\zjtr\Application\Runtime\Cache\Mobile\903b8cbdfc01e77bcb9e09db51a862d8.php 第 301 行.
INFO: Run Behavior\ParseTemplateBehavior [ RunTime:0.033425s ]
INFO: [ view_parse ] --END-- [ RunTime:0.033557s ]
INFO: [ view_filter ] --START--
INFO: Run Behavior\WriteHtmlCacheBehavior [ RunTime:0.000896s ]
INFO: [ view_filter ] --END-- [ RunTime:0.000980s ]
INFO: [ app_end ] --START--
INFO: Run Behavior\ShowPageTraceBehavior [ RunTime:0.001505s ]
INFO: [ app_end ] --END-- [ RunTime:0.001706s ]

[ 2017-12-06T15:31:41+08:00 ] ::1 /zjtr/Mobile/Mall/goumai
INFO: [ app_init ] --START--
INFO: Run Behavior\BuildLiteBehavior [ RunTime:0.000030s ]
INFO: [ app_init ] --END-- [ RunTime:0.000743s ]
INFO: [ app_begin ] --START--
INFO: Run Behavior\ReadHtmlCacheBehavior [ RunTime:0.001264s ]
INFO: [ app_begin ] --END-- [ RunTime:0.001432s ]
SQL: SHOW COLUMNS FROM `report_categories` [ RunTime:0.0075s ]
SQL: SELECT * FROM `report_categories` WHERE ( type_id=0 and web=1 and ixm=1 ) ORDER BY id asc  [ RunTime:0.0023s ]
SQL: SHOW COLUMNS FROM `banner` [ RunTime:0.0065s ]
SQL: SELECT * FROM `banner` WHERE ( web=2 )  [ RunTime:0.0016s ]
SQL: SHOW COLUMNS FROM `emph` [ RunTime:0.0070s ]
SQL: SELECT * FROM `emph` LIMIT 1   [ RunTime:0.0004s ]
SQL: SHOW COLUMNS FROM `transaction_information` [ RunTime:0.0082s ]
SQL: SHOW COLUMNS FROM `shopcart` [ RunTime:0.0116s ]
NOTIC: [8] Undefined index: zjtr_id D:\phpStudy\WWW\zjtr\Application\Mobile\Controller\MallController.class.php 第 575 行.
SQL: INSERT INTO `shopcart` (`cook`,`w_id`,`l_id`,`license`,`shuliang`) VALUES ('8nk4qe4upk5b0ejb14fa0ckqg2','10','0','所有颜色','1') [ RunTime:0.0008s ]
INFO: [ app_end ] --START--
INFO: Run Behavior\ShowPageTraceBehavior [ RunTime:0.002504s ]
INFO: [ app_end ] --END-- [ RunTime:0.002677s ]

[ 2017-12-06T15:31:41+08:00 ] ::1 /zjtr/Mobile/Mall/$url
INFO: [ app_init ] --START--
INFO: Run Behavior\BuildLiteBehavior [ RunTime:0.000046s ]
INFO: [ app_init ] --END-- [ RunTime:0.001740s ]
INFO: [ app_begin ] --START--
INFO: Run Behavior\ReadHtmlCacheBehavior [ RunTime:0.001590s ]
INFO: [ app_begin ] --END-- [ RunTime:0.001893s ]
ERR: 非法操作:$url

[ 2017-12-06T15:31:42+08:00 ] ::1 /zjtr/Mobile/Mall/product?active=14
INFO: [ app_init ] --START--
INFO: Run Behavior\BuildLiteBehavior [ RunTime:0.000113s ]
INFO: [ app_init ] --END-- [ RunTime:0.000833s ]
INFO: [ app_begin ] --START--
INFO: Run Behavior\ReadHtmlCacheBehavior [ RunTime:0.001316s ]
INFO: [ app_begin ] --END-- [ RunTime:0.001452s ]
SQL: SHOW COLUMNS FROM `report_categories` [ RunTime:0.0080s ]
SQL: SELECT * FROM `report_categories` WHERE ( type_id=0 and web=1 and ixm=1 ) ORDER BY id asc  [ RunTime:0.0018s ]
SQL: SHOW COLUMNS FROM `banner` [ RunTime:0.0085s ]
SQL: SELECT * FROM `banner` WHERE ( web=2 )  [ RunTime:0.0006s ]
SQL: SHOW COLUMNS FROM `emph` [ RunTime:0.0059s ]
SQL: SELECT * FROM `emph` LIMIT 1   [ RunTime:0.0004s ]
SQL: SHOW COLUMNS FROM `shopcart` [ RunTime:0.0064s ]
NOTIC: [8] Undefined index: zjtr_id D:\phpStudy\WWW\zjtr\Application\Mobile\Controller\PublicController.class.php 第 75 行.
SQL: SELECT COUNT(*) AS tp_count FROM `shopcart` WHERE `l_id` = 0 AND `cook` = '8nk4qe4upk5b0ejb14fa0ckqg2' LIMIT 1   [ RunTime:0.0009s ]
SQL: SHOW COLUMNS FROM `new_x` [ RunTime:0.0099s ]
SQL: SELECT * FROM `report_categories` WHERE ( Type_id=14 )  [ RunTime:0.0007s ]
SQL: SELECT * FROM `new_x` WHERE `n_type` IN ('42') ORDER BY time desc  [ RunTime:0.0026s ]
SQL: SELECT * FROM `report_categories` WHERE `Id` = 14 LIMIT 1   [ RunTime:0.0010s ]
INFO: [ view_parse ] --START--
INFO: [ template_filter ] --START--
INFO: Run Behavior\ContentReplaceBehavior [ RunTime:0.000179s ]
INFO: [ template_filter ] --END-- [ RunTime:0.000313s ]
NOTIC: [8] Undefined variable: n D:\phpStudy\WWW\zjtr\Application\Runtime\Cache\Mobile\903b8cbdfc01e77bcb9e09db51a862d8.php 第 53 行.
NOTIC: [8] Undefined variable: n D:\phpStudy\WWW\zjtr\Application\Runtime\Cache\Mobile\903b8cbdfc01e77bcb9e09db51a862d8.php 第 53 行.
NOTIC: [8] Undefined variable: n D:\phpStudy\WWW\zjtr\Application\Runtime\Cache\Mobile\903b8cbdfc01e77bcb9e09db51a862d8.php 第 53 行.
NOTIC: [8] Undefined variable: n D:\phpStudy\WWW\zjtr\Application\Runtime\Cache\Mobile\903b8cbdfc01e77bcb9e09db51a862d8.php 第 53 行.
NOTIC: [8] Undefined variable: n D:\phpStudy\WWW\zjtr\Application\Runtime\Cache\Mobile\903b8cbdfc01e77bcb9e09db51a862d8.php 第 53 行.
NOTIC: [8] Undefined index: zjtr_id D:\phpStudy\WWW\zjtr\Application\Runtime\Cache\Mobile\903b8cbdfc01e77bcb9e09db51a862d8.php 第 280 行.
NOTIC: [8] Undefined variable: g D:\phpStudy\WWW\zjtr\Application\Runtime\Cache\Mobile\903b8cbdfc01e77bcb9e09db51a862d8.php 第 300 行.
NOTIC: [8] Undefined variable: p D:\phpStudy\WWW\zjtr\Application\Runtime\Cache\Mobile\903b8cbdfc01e77bcb9e09db51a862d8.php 第 301 行.
INFO: Run Behavior\ParseTemplateBehavior [ RunTime:0.027957s ]
INFO: [ view_parse ] --END-- [ RunTime:0.028104s ]
INFO: [ view_filter ] --START--
INFO: Run Behavior\WriteHtmlCacheBehavior [ RunTime:0.001183s ]
INFO: [ view_filter ] --END-- [ RunTime:0.001309s ]
INFO: [ app_end ] --START--
INFO: Run Behavior\ShowPageTraceBehavior [ RunTime:0.001418s ]
INFO: [ app_end ] --END-- [ RunTime:0.001546s ]

[ 2017-12-06T15:32:18+08:00 ] ::1 /zjtr/Mobile/Mall/product?active=14
INFO: [ app_init ] --START--
INFO: Run Behavior\BuildLiteBehavior [ RunTime:0.000037s ]
INFO: [ app_init ] --END-- [ RunTime:0.001031s ]
INFO: [ app_begin ] --START--
INFO: Run Behavior\ReadHtmlCacheBehavior [ RunTime:0.001212s ]
INFO: [ app_begin ] --END-- [ RunTime:0.001406s ]
SQL: SHOW COLUMNS FROM `report_categories` [ RunTime:0.0094s ]
SQL: SELECT * FROM `report_categories` WHERE ( type_id=0 and web=1 and ixm=1 ) ORDER BY id asc  [ RunTime:0.0007s ]
SQL: SHOW COLUMNS FROM `banner` [ RunTime:0.0056s ]
SQL: SELECT * FROM `banner` WHERE ( web=2 )  [ RunTime:0.0025s ]
SQL: SHOW COLUMNS FROM `emph` [ RunTime:0.0093s ]
SQL: SELECT * FROM `emph` LIMIT 1   [ RunTime:0.0011s ]
SQL: SHOW COLUMNS FROM `shopcart` [ RunTime:0.0078s ]
NOTIC: [8] Undefined index: zjtr_id D:\phpStudy\WWW\zjtr\Application\Mobile\Controller\PublicController.class.php 第 75 行.
SQL: SELECT COUNT(*) AS tp_count FROM `shopcart` WHERE `l_id` = 0 AND `cook` = '8nk4qe4upk5b0ejb14fa0ckqg2' LIMIT 1   [ RunTime:0.0006s ]
SQL: SHOW COLUMNS FROM `new_x` [ RunTime:0.0079s ]
SQL: SELECT * FROM `report_categories` WHERE ( Type_id=14 )  [ RunTime:0.0007s ]
SQL: SELECT * FROM `new_x` WHERE `n_type` IN ('42') ORDER BY time desc  [ RunTime:0.0013s ]
SQL: SELECT * FROM `report_categories` WHERE `Id` = 14 LIMIT 1   [ RunTime:0.0006s ]
INFO: [ view_parse ] --START--
INFO: [ template_filter ] --START--
INFO: Run Behavior\ContentReplaceBehavior [ RunTime:0.000170s ]
INFO: [ template_filter ] --END-- [ RunTime:0.000329s ]
NOTIC: [8] Undefined variable: n D:\phpStudy\WWW\zjtr\Application\Runtime\Cache\Mobile\903b8cbdfc01e77bcb9e09db51a862d8.php 第 53 行.
NOTIC: [8] Undefined variable: n D:\phpStudy\WWW\zjtr\Application\Runtime\Cache\Mobile\903b8cbdfc01e77bcb9e09db51a862d8.php 第 53 行.
NOTIC: [8] Undefined variable: n D:\phpStudy\WWW\zjtr\Application\Runtime\Cache\Mobile\903b8cbdfc01e77bcb9e09db51a862d8.php 第 53 行.
NOTIC: [8] Undefined variable: n D:\phpStudy\WWW\zjtr\Application\Runtime\Cache\Mobile\903b8cbdfc01e77bcb9e09db51a862d8.php 第 53 行.
NOTIC: [8] Undefined variable: n D:\phpStudy\WWW\zjtr\Application\Runtime\Cache\Mobile\903b8cbdfc01e77bcb9e09db51a862d8.php 第 53 行.
NOTIC: [8] Undefined index: zjtr_id D:\phpStudy\WWW\zjtr\Application\Runtime\Cache\Mobile\903b8cbdfc01e77bcb9e09db51a862d8.php 第 280 行.
NOTIC: [8] Undefined variable: g D:\phpStudy\WWW\zjtr\Application\Runtime\Cache\Mobile\903b8cbdfc01e77bcb9e09db51a862d8.php 第 300 行.
NOTIC: [8] Undefined variable: p D:\phpStudy\WWW\zjtr\Application\Runtime\Cache\Mobile\903b8cbdfc01e77bcb9e09db51a862d8.php 第 301 行.
INFO: Run Behavior\ParseTemplateBehavior [ RunTime:0.028057s ]
INFO: [ view_parse ] --END-- [ RunTime:0.028194s ]
INFO: [ view_filter ] --START--
INFO: Run Behavior\WriteHtmlCacheBehavior [ RunTime:0.004428s ]
INFO: [ view_filter ] --END-- [ RunTime:0.004589s ]
INFO: [ app_end ] --START--
INFO: Run Behavior\ShowPageTraceBehavior [ RunTime:0.001801s ]
INFO: [ app_end ] --END-- [ RunTime:0.002168s ]

[ 2017-12-06T15:32:20+08:00 ] ::1 /zjtr/Mobile/Mall/product?active=14
INFO: [ app_init ] --START--
INFO: Run Behavior\BuildLiteBehavior [ RunTime:0.000042s ]
INFO: [ app_init ] --END-- [ RunTime:0.000933s ]
INFO: [ app_begin ] --START--
INFO: Run Behavior\ReadHtmlCacheBehavior [ RunTime:0.001823s ]
INFO: [ app_begin ] --END-- [ RunTime:0.001978s ]
SQL: SHOW COLUMNS FROM `report_categories` [ RunTime:0.0084s ]
SQL: SELECT * FROM `report_categories` WHERE ( type_id=0 and web=1 and ixm=1 ) ORDER BY id asc  [ RunTime:0.0011s ]
SQL: SHOW COLUMNS FROM `banner` [ RunTime:0.0058s ]
SQL: SELECT * FROM `banner` WHERE ( web=2 )  [ RunTime:0.0004s ]
SQL: SHOW COLUMNS FROM `emph` [ RunTime:0.0108s ]
SQL: SELECT * FROM `emph` LIMIT 1   [ RunTime:0.0017s ]
SQL: SHOW COLUMNS FROM `shopcart` [ RunTime:0.0085s ]
NOTIC: [8] Undefined index: zjtr_id D:\phpStudy\WWW\zjtr\Application\Mobile\Controller\PublicController.class.php 第 75 行.
SQL: SELECT COUNT(*) AS tp_count FROM `shopcart` WHERE `l_id` = 0 AND `cook` = '8nk4qe4upk5b0ejb14fa0ckqg2' LIMIT 1   [ RunTime:0.0007s ]
SQL: SHOW COLUMNS FROM `new_x` [ RunTime:0.0067s ]
SQL: SELECT * FROM `report_categories` WHERE ( Type_id=14 )  [ RunTime:0.0006s ]
SQL: SELECT * FROM `new_x` WHERE `n_type` IN ('42') ORDER BY time desc  [ RunTime:0.0028s ]
SQL: SELECT * FROM `report_categories` WHERE `Id` = 14 LIMIT 1   [ RunTime:0.0006s ]
INFO: [ view_parse ] --START--
INFO: [ template_filter ] --START--
INFO: Run Behavior\ContentReplaceBehavior [ RunTime:0.000168s ]
INFO: [ template_filter ] --END-- [ RunTime:0.000270s ]
NOTIC: [8] Undefined variable: n D:\phpStudy\WWW\zjtr\Application\Runtime\Cache\Mobile\903b8cbdfc01e77bcb9e09db51a862d8.php 第 53 行.
NOTIC: [8] Undefined variable: n D:\phpStudy\WWW\zjtr\Application\Runtime\Cache\Mobile\903b8cbdfc01e77bcb9e09db51a862d8.php 第 53 行.
NOTIC: [8] Undefined variable: n D:\phpStudy\WWW\zjtr\Application\Runtime\Cache\Mobile\903b8cbdfc01e77bcb9e09db51a862d8.php 第 53 行.
NOTIC: [8] Undefined variable: n D:\phpStudy\WWW\zjtr\Application\Runtime\Cache\Mobile\903b8cbdfc01e77bcb9e09db51a862d8.php 第 53 行.
NOTIC: [8] Undefined variable: n D:\phpStudy\WWW\zjtr\Application\Runtime\Cache\Mobile\903b8cbdfc01e77bcb9e09db51a862d8.php 第 53 行.
NOTIC: [8] Undefined index: zjtr_id D:\phpStudy\WWW\zjtr\Application\Runtime\Cache\Mobile\903b8cbdfc01e77bcb9e09db51a862d8.php 第 280 行.
NOTIC: [8] Undefined variable: g D:\phpStudy\WWW\zjtr\Application\Runtime\Cache\Mobile\903b8cbdfc01e77bcb9e09db51a862d8.php 第 300 行.
NOTIC: [8] Undefined variable: p D:\phpStudy\WWW\zjtr\Application\Runtime\Cache\Mobile\903b8cbdfc01e77bcb9e09db51a862d8.php 第 301 行.
INFO: Run Behavior\ParseTemplateBehavior [ RunTime:0.026582s ]
INFO: [ view_parse ] --END-- [ RunTime:0.026705s ]
INFO: [ view_filter ] --START--
INFO: Run Behavior\WriteHtmlCacheBehavior [ RunTime:0.000795s ]
INFO: [ view_filter ] --END-- [ RunTime:0.000892s ]
INFO: [ app_end ] --START--
INFO: Run Behavior\ShowPageTraceBehavior [ RunTime:0.007575s ]
INFO: [ app_end ] --END-- [ RunTime:0.008468s ]

[ 2017-12-06T15:32:23+08:00 ] ::1 /zjtr/Mobile/Mall/goumai
INFO: [ app_init ] --START--
INFO: Run Behavior\BuildLiteBehavior [ RunTime:0.000035s ]
INFO: [ app_init ] --END-- [ RunTime:0.000907s ]
INFO: [ app_begin ] --START--
INFO: Run Behavior\ReadHtmlCacheBehavior [ RunTime:0.001338s ]
INFO: [ app_begin ] --END-- [ RunTime:0.001630s ]
SQL: SHOW COLUMNS FROM `report_categories` [ RunTime:0.0867s ]
SQL: SELECT * FROM `report_categories` WHERE ( type_id=0 and web=1 and ixm=1 ) ORDER BY id asc  [ RunTime:0.0029s ]
SQL: SHOW COLUMNS FROM `banner` [ RunTime:0.0087s ]
SQL: SELECT * FROM `banner` WHERE ( web=2 )  [ RunTime:0.0005s ]
SQL: SHOW COLUMNS FROM `emph` [ RunTime:0.0062s ]
SQL: SELECT * FROM `emph` LIMIT 1   [ RunTime:0.0011s ]
SQL: SHOW COLUMNS FROM `transaction_information` [ RunTime:0.0074s ]
SQL: SHOW COLUMNS FROM `shopcart` [ RunTime:0.0062s ]
NOTIC: [8] Undefined index: zjtr_id D:\phpStudy\WWW\zjtr\Application\Mobile\Controller\MallController.class.php 第 575 行.
SQL: INSERT INTO `shopcart` (`cook`,`w_id`,`l_id`,`license`,`shuliang`) VALUES ('8nk4qe4upk5b0ejb14fa0ckqg2','10','0','所有颜色','1') [ RunTime:0.0004s ]
INFO: [ app_end ] --START--
INFO: Run Behavior\ShowPageTraceBehavior [ RunTime:0.001612s ]
INFO: [ app_end ] --END-- [ RunTime:0.001719s ]

[ 2017-12-06T15:32:23+08:00 ] ::1 /zjtr/Mobile/Mall/$url
INFO: [ app_init ] --START--
INFO: Run Behavior\BuildLiteBehavior [ RunTime:0.000029s ]
INFO: [ app_init ] --END-- [ RunTime:0.000766s ]
INFO: [ app_begin ] --START--
INFO: Run Behavior\ReadHtmlCacheBehavior [ RunTime:0.001287s ]
INFO: [ app_begin ] --END-- [ RunTime:0.001452s ]
ERR: 非法操作:$url

[ 2017-12-06T15:32:24+08:00 ] ::1 /zjtr/Mobile/Mall/product?active=14
INFO: [ app_init ] --START--
INFO: Run Behavior\BuildLiteBehavior [ RunTime:0.000028s ]
INFO: [ app_init ] --END-- [ RunTime:0.002462s ]
INFO: [ app_begin ] --START--
INFO: Run Behavior\ReadHtmlCacheBehavior [ RunTime:0.002978s ]
INFO: [ app_begin ] --END-- [ RunTime:0.003118s ]
SQL: SHOW COLUMNS FROM `report_categories` [ RunTime:0.0287s ]
SQL: SELECT * FROM `report_categories` WHERE ( type_id=0 and web=1 and ixm=1 ) ORDER BY id asc  [ RunTime:0.0009s ]
SQL: SHOW COLUMNS FROM `banner` [ RunTime:0.0054s ]
SQL: SELECT * FROM `banner` WHERE ( web=2 )  [ RunTime:0.0004s ]
SQL: SHOW COLUMNS FROM `emph` [ RunTime:0.0055s ]
SQL: SELECT * FROM `emph` LIMIT 1   [ RunTime:0.0003s ]
SQL: SHOW COLUMNS FROM `shopcart` [ RunTime:0.0064s ]
NOTIC: [8] Undefined index: zjtr_id D:\phpStudy\WWW\zjtr\Application\Mobile\Controller\PublicController.class.php 第 75 行.
SQL: SELECT COUNT(*) AS tp_count FROM `shopcart` WHERE `l_id` = 0 AND `cook` = '8nk4qe4upk5b0ejb14fa0ckqg2' LIMIT 1   [ RunTime:0.0004s ]
SQL: SHOW COLUMNS FROM `new_x` [ RunTime:0.0047s ]
SQL: SELECT * FROM `report_categories` WHERE ( Type_id=14 )  [ RunTime:0.0005s ]
SQL: SELECT * FROM `new_x` WHERE `n_type` IN ('42') ORDER BY time desc  [ RunTime:0.0006s ]
SQL: SELECT * FROM `report_categories` WHERE `Id` = 14 LIMIT 1   [ RunTime:0.0004s ]
INFO: [ view_parse ] --START--
INFO: [ template_filter ] --START--
INFO: Run Behavior\ContentReplaceBehavior [ RunTime:0.000121s ]
INFO: [ template_filter ] --END-- [ RunTime:0.000197s ]
NOTIC: [8] Undefined variable: n D:\phpStudy\WWW\zjtr\Application\Runtime\Cache\Mobile\903b8cbdfc01e77bcb9e09db51a862d8.php 第 53 行.
NOTIC: [8] Undefined variable: n D:\phpStudy\WWW\zjtr\Application\Runtime\Cache\Mobile\903b8cbdfc01e77bcb9e09db51a862d8.php 第 53 行.
NOTIC: [8] Undefined variable: n D:\phpStudy\WWW\zjtr\Application\Runtime\Cache\Mobile\903b8cbdfc01e77bcb9e09db51a862d8.php 第 53 行.
NOTIC: [8] Undefined variable: n D:\phpStudy\WWW\zjtr\Application\Runtime\Cache\Mobile\903b8cbdfc01e77bcb9e09db51a862d8.php 第 53 行.
NOTIC: [8] Undefined variable: n D:\phpStudy\WWW\zjtr\Application\Runtime\Cache\Mobile\903b8cbdfc01e77bcb9e09db51a862d8.php 第 53 行.
NOTIC: [8] Undefined index: zjtr_id D:\phpStudy\WWW\zjtr\Application\Runtime\Cache\Mobile\903b8cbdfc01e77bcb9e09db51a862d8.php 第 280 行.
NOTIC: [8] Undefined variable: g D:\phpStudy\WWW\zjtr\Application\Runtime\Cache\Mobile\903b8cbdfc01e77bcb9e09db51a862d8.php 第 300 行.
NOTIC: [8] Undefined variable: p D:\phpStudy\WWW\zjtr\Application\Runtime\Cache\Mobile\903b8cbdfc01e77bcb9e09db51a862d8.php 第 301 行.
INFO: Run Behavior\ParseTemplateBehavior [ RunTime:0.017596s ]
INFO: [ view_parse ] --END-- [ RunTime:0.017738s ]
INFO: [ view_filter ] --START--
INFO: Run Behavior\WriteHtmlCacheBehavior [ RunTime:0.000812s ]
INFO: [ view_filter ] --END-- [ RunTime:0.000914s ]
INFO: [ app_end ] --START--
INFO: Run Behavior\ShowPageTraceBehavior [ RunTime:0.001180s ]
INFO: [ app_end ] --END-- [ RunTime:0.001323s ]

[ 2017-12-06T15:35:07+08:00 ] ::1 /zjtr/Mobile/Mall/product?active=14
INFO: [ app_init ] --START--
INFO: Run Behavior\BuildLiteBehavior [ RunTime:0.000028s ]
INFO: [ app_init ] --END-- [ RunTime:0.000706s ]
INFO: [ app_begin ] --START--
INFO: Run Behavior\ReadHtmlCacheBehavior [ RunTime:0.002290s ]
INFO: [ app_begin ] --END-- [ RunTime:0.002866s ]
SQL: SHOW COLUMNS FROM `report_categories` [ RunTime:0.0062s ]
SQL: SELECT * FROM `report_categories` WHERE ( type_id=0 and web=1 and ixm=1 ) ORDER BY id asc  [ RunTime:0.0010s ]
SQL: SHOW COLUMNS FROM `banner` [ RunTime:0.0079s ]
SQL: SELECT * FROM `banner` WHERE ( web=2 )  [ RunTime:0.0012s ]
SQL: SHOW COLUMNS FROM `emph` [ RunTime:0.0094s ]
SQL: SELECT * FROM `emph` LIMIT 1   [ RunTime:0.0006s ]
SQL: SHOW COLUMNS FROM `shopcart` [ RunTime:0.0057s ]
NOTIC: [8] Undefined index: zjtr_id D:\phpStudy\WWW\zjtr\Application\Mobile\Controller\PublicController.class.php 第 75 行.
SQL: SELECT COUNT(*) AS tp_count FROM `shopcart` WHERE `l_id` = 0 AND `cook` = '8nk4qe4upk5b0ejb14fa0ckqg2' LIMIT 1   [ RunTime:0.0005s ]
SQL: SHOW COLUMNS FROM `new_x` [ RunTime:0.0080s ]
SQL: SELECT * FROM `report_categories` WHERE ( Type_id=14 )  [ RunTime:0.0018s ]
SQL: SELECT * FROM `new_x` WHERE `n_type` IN ('42') ORDER BY time desc  [ RunTime:0.0009s ]
SQL: SELECT * FROM `report_categories` WHERE `Id` = 14 LIMIT 1   [ RunTime:0.0004s ]
INFO: [ view_parse ] --START--
INFO: [ template_filter ] --START--
INFO: Run Behavior\ContentReplaceBehavior [ RunTime:0.000188s ]
INFO: [ template_filter ] --END-- [ RunTime:0.000313s ]
NOTIC: [8] Undefined variable: n D:\phpStudy\WWW\zjtr\Application\Runtime\Cache\Mobile\903b8cbdfc01e77bcb9e09db51a862d8.php 第 53 行.
NOTIC: [8] Undefined variable: n D:\phpStudy\WWW\zjtr\Application\Runtime\Cache\Mobile\903b8cbdfc01e77bcb9e09db51a862d8.php 第 53 行.
NOTIC: [8] Undefined variable: n D:\phpStudy\WWW\zjtr\Application\Runtime\Cache\Mobile\903b8cbdfc01e77bcb9e09db51a862d8.php 第 53 行.
NOTIC: [8] Undefined variable: n D:\phpStudy\WWW\zjtr\Application\Runtime\Cache\Mobile\903b8cbdfc01e77bcb9e09db51a862d8.php 第 53 行.
NOTIC: [8] Undefined variable: n D:\phpStudy\WWW\zjtr\Application\Runtime\Cache\Mobile\903b8cbdfc01e77bcb9e09db51a862d8.php 第 53 行.
NOTIC: [8] Undefined index: zjtr_id D:\phpStudy\WWW\zjtr\Application\Runtime\Cache\Mobile\903b8cbdfc01e77bcb9e09db51a862d8.php 第 280 行.
NOTIC: [8] Undefined variable: g D:\phpStudy\WWW\zjtr\Application\Runtime\Cache\Mobile\903b8cbdfc01e77bcb9e09db51a862d8.php 第 300 行.
NOTIC: [8] Undefined variable: p D:\phpStudy\WWW\zjtr\Application\Runtime\Cache\Mobile\903b8cbdfc01e77bcb9e09db51a862d8.php 第 301 行.
INFO: Run Behavior\ParseTemplateBehavior [ RunTime:0.023327s ]
INFO: [ view_parse ] --END-- [ RunTime:0.023494s ]
INFO: [ view_filter ] --START--
INFO: Run Behavior\WriteHtmlCacheBehavior [ RunTime:0.002136s ]
INFO: [ view_filter ] --END-- [ RunTime:0.002281s ]
INFO: [ app_end ] --START--
INFO: Run Behavior\ShowPageTraceBehavior [ RunTime:0.003246s ]
INFO: [ app_end ] --END-- [ RunTime:0.003380s ]

[ 2017-12-06T15:35:29+08:00 ] ::1 /zjtr/Mobile/Mall/product?active=14
INFO: [ app_init ] --START--
INFO: Run Behavior\BuildLiteBehavior [ RunTime:0.000032s ]
INFO: [ app_init ] --END-- [ RunTime:0.001486s ]
INFO: [ app_begin ] --START--
INFO: Run Behavior\ReadHtmlCacheBehavior [ RunTime:0.000939s ]
INFO: [ app_begin ] --END-- [ RunTime:0.001063s ]
SQL: SHOW COLUMNS FROM `report_categories` [ RunTime:0.0055s ]
SQL: SELECT * FROM `report_categories` WHERE ( type_id=0 and web=1 and ixm=1 ) ORDER BY id asc  [ RunTime:0.0005s ]
SQL: SHOW COLUMNS FROM `banner` [ RunTime:0.0059s ]
SQL: SELECT * FROM `banner` WHERE ( web=2 )  [ RunTime:0.0003s ]
SQL: SHOW COLUMNS FROM `emph` [ RunTime:0.0049s ]
SQL: SELECT * FROM `emph` LIMIT 1   [ RunTime:0.0003s ]
SQL: SHOW COLUMNS FROM `shopcart` [ RunTime:0.0055s ]
NOTIC: [8] Undefined index: zjtr_id D:\phpStudy\WWW\zjtr\Application\Mobile\Controller\PublicController.class.php 第 75 行.
SQL: SELECT COUNT(*) AS tp_count FROM `shopcart` WHERE `l_id` = 0 AND `cook` = '8nk4qe4upk5b0ejb14fa0ckqg2' LIMIT 1   [ RunTime:0.0007s ]
SQL: SHOW COLUMNS FROM `new_x` [ RunTime:0.0052s ]
SQL: SELECT * FROM `report_categories` WHERE ( Type_id=14 )  [ RunTime:0.0004s ]
SQL: SELECT * FROM `new_x` WHERE `n_type` IN ('42') ORDER BY time desc  [ RunTime:0.0006s ]
SQL: SELECT * FROM `report_categories` WHERE `Id` = 14 LIMIT 1   [ RunTime:0.0003s ]
INFO: [ view_parse ] --START--
INFO: [ template_filter ] --START--
INFO: Run Behavior\ContentReplaceBehavior [ RunTime:0.000125s ]
INFO: [ template_filter ] --END-- [ RunTime:0.000208s ]
NOTIC: [8] Undefined variable: n D:\phpStudy\WWW\zjtr\Application\Runtime\Cache\Mobile\903b8cbdfc01e77bcb9e09db51a862d8.php 第 53 行.
NOTIC: [8] Undefined variable: n D:\phpStudy\WWW\zjtr\Application\Runtime\Cache\Mobile\903b8cbdfc01e77bcb9e09db51a862d8.php 第 53 行.
NOTIC: [8] Undefined variable: n D:\phpStudy\WWW\zjtr\Application\Runtime\Cache\Mobile\903b8cbdfc01e77bcb9e09db51a862d8.php 第 53 行.
NOTIC: [8] Undefined variable: n D:\phpStudy\WWW\zjtr\Application\Runtime\Cache\Mobile\903b8cbdfc01e77bcb9e09db51a862d8.php 第 53 行.
NOTIC: [8] Undefined variable: n D:\phpStudy\WWW\zjtr\Application\Runtime\Cache\Mobile\903b8cbdfc01e77bcb9e09db51a862d8.php 第 53 行.
NOTIC: [8] Undefined index: zjtr_id D:\phpStudy\WWW\zjtr\Application\Runtime\Cache\Mobile\903b8cbdfc01e77bcb9e09db51a862d8.php 第 280 行.
NOTIC: [8] Undefined variable: g D:\phpStudy\WWW\zjtr\Application\Runtime\Cache\Mobile\903b8cbdfc01e77bcb9e09db51a862d8.php 第 300 行.
NOTIC: [8] Undefined variable: p D:\phpStudy\WWW\zjtr\Application\Runtime\Cache\Mobile\903b8cbdfc01e77bcb9e09db51a862d8.php 第 301 行.
INFO: Run Behavior\ParseTemplateBehavior [ RunTime:0.018375s ]
INFO: [ view_parse ] --END-- [ RunTime:0.018481s ]
INFO: [ view_filter ] --START--
INFO: Run Behavior\WriteHtmlCacheBehavior [ RunTime:0.001000s ]
INFO: [ view_filter ] --END-- [ RunTime:0.001103s ]
INFO: [ app_end ] --START--
INFO: Run Behavior\ShowPageTraceBehavior [ RunTime:0.001189s ]
INFO: [ app_end ] --END-- [ RunTime:0.001323s ]

[ 2017-12-06T15:35:40+08:00 ] ::1 /zjtr/Mobile/Mall/product?active=14
INFO: [ app_init ] --START--
INFO: Run Behavior\BuildLiteBehavior [ RunTime:0.000037s ]
INFO: [ app_init ] --END-- [ RunTime:0.000594s ]
INFO: [ app_begin ] --START--
INFO: Run Behavior\ReadHtmlCacheBehavior [ RunTime:0.001925s ]
INFO: [ app_begin ] --END-- [ RunTime:0.002042s ]
SQL: SHOW COLUMNS FROM `report_categories` [ RunTime:0.0062s ]
SQL: SELECT * FROM `report_categories` WHERE ( type_id=0 and web=1 and ixm=1 ) ORDER BY id asc  [ RunTime:0.0007s ]
SQL: SHOW COLUMNS FROM `banner` [ RunTime:0.0070s ]
SQL: SELECT * FROM `banner` WHERE ( web=2 )  [ RunTime:0.0005s ]
SQL: SHOW COLUMNS FROM `emph` [ RunTime:0.0121s ]
SQL: SELECT * FROM `emph` LIMIT 1   [ RunTime:0.0006s ]
SQL: SHOW COLUMNS FROM `shopcart` [ RunTime:0.0075s ]
NOTIC: [8] Undefined index: zjtr_id D:\phpStudy\WWW\zjtr\Application\Mobile\Controller\PublicController.class.php 第 75 行.
SQL: SELECT COUNT(*) AS tp_count FROM `shopcart` WHERE `l_id` = 0 AND `cook` = '8nk4qe4upk5b0ejb14fa0ckqg2' LIMIT 1   [ RunTime:0.0005s ]
SQL: SHOW COLUMNS FROM `new_x` [ RunTime:0.0098s ]
SQL: SELECT * FROM `report_categories` WHERE ( Type_id=14 )  [ RunTime:0.0007s ]
SQL: SELECT * FROM `new_x` WHERE `n_type` IN ('42') ORDER BY time desc  [ RunTime:0.0012s ]
SQL: SELECT * FROM `report_categories` WHERE `Id` = 14 LIMIT 1   [ RunTime:0.0007s ]
INFO: [ view_parse ] --START--
INFO: [ template_filter ] --START--
INFO: Run Behavior\ContentReplaceBehavior [ RunTime:0.000183s ]
INFO: [ template_filter ] --END-- [ RunTime:0.000305s ]
NOTIC: [8] Undefined variable: n D:\phpStudy\WWW\zjtr\Application\Runtime\Cache\Mobile\903b8cbdfc01e77bcb9e09db51a862d8.php 第 53 行.
NOTIC: [8] Undefined variable: n D:\phpStudy\WWW\zjtr\Application\Runtime\Cache\Mobile\903b8cbdfc01e77bcb9e09db51a862d8.php 第 53 行.
NOTIC: [8] Undefined variable: n D:\phpStudy\WWW\zjtr\Application\Runtime\Cache\Mobile\903b8cbdfc01e77bcb9e09db51a862d8.php 第 53 行.
NOTIC: [8] Undefined variable: n D:\phpStudy\WWW\zjtr\Application\Runtime\Cache\Mobile\903b8cbdfc01e77bcb9e09db51a862d8.php 第 53 行.
NOTIC: [8] Undefined variable: n D:\phpStudy\WWW\zjtr\Application\Runtime\Cache\Mobile\903b8cbdfc01e77bcb9e09db51a862d8.php 第 53 行.
NOTIC: [8] Undefined index: zjtr_id D:\phpStudy\WWW\zjtr\Application\Runtime\Cache\Mobile\903b8cbdfc01e77bcb9e09db51a862d8.php 第 280 行.
NOTIC: [8] Undefined variable: g D:\phpStudy\WWW\zjtr\Application\Runtime\Cache\Mobile\903b8cbdfc01e77bcb9e09db51a862d8.php 第 300 行.
NOTIC: [8] Undefined variable: p D:\phpStudy\WWW\zjtr\Application\Runtime\Cache\Mobile\903b8cbdfc01e77bcb9e09db51a862d8.php 第 301 行.
INFO: Run Behavior\ParseTemplateBehavior [ RunTime:0.033471s ]
INFO: [ view_parse ] --END-- [ RunTime:0.033626s ]
INFO: [ view_filter ] --START--
INFO: Run Behavior\WriteHtmlCacheBehavior [ RunTime:0.001324s ]
INFO: [ view_filter ] --END-- [ RunTime:0.001448s ]
INFO: [ app_end ] --START--
INFO: Run Behavior\ShowPageTraceBehavior [ RunTime:0.001750s ]
INFO: [ app_end ] --END-- [ RunTime:0.001932s ]

[ 2017-12-06T15:35:52+08:00 ] ::1 /zjtr/Mobile/Mall/product?active=14
INFO: [ app_init ] --START--
INFO: Run Behavior\BuildLiteBehavior [ RunTime:0.000030s ]
INFO: [ app_init ] --END-- [ RunTime:0.000808s ]
INFO: [ app_begin ] --START--
INFO: Run Behavior\ReadHtmlCacheBehavior [ RunTime:0.001294s ]
INFO: [ app_begin ] --END-- [ RunTime:0.001434s ]
SQL: SHOW COLUMNS FROM `report_categories` [ RunTime:0.0145s ]
SQL: SELECT * FROM `report_categories` WHERE ( type_id=0 and web=1 and ixm=1 ) ORDER BY id asc  [ RunTime:0.0023s ]
SQL: SHOW COLUMNS FROM `banner` [ RunTime:0.0076s ]
SQL: SELECT * FROM `banner` WHERE ( web=2 )  [ RunTime:0.0005s ]
SQL: SHOW COLUMNS FROM `emph` [ RunTime:0.2506s ]
SQL: SELECT * FROM `emph` LIMIT 1   [ RunTime:0.0005s ]
SQL: SHOW COLUMNS FROM `shopcart` [ RunTime:0.0340s ]
NOTIC: [8] Undefined index: zjtr_id D:\phpStudy\WWW\zjtr\Application\Mobile\Controller\PublicController.class.php 第 75 行.
SQL: SELECT COUNT(*) AS tp_count FROM `shopcart` WHERE `l_id` = 0 AND `cook` = '8nk4qe4upk5b0ejb14fa0ckqg2' LIMIT 1   [ RunTime:0.0005s ]
SQL: SHOW COLUMNS FROM `new_x` [ RunTime:0.0083s ]
SQL: SELECT * FROM `report_categories` WHERE ( Type_id=14 )  [ RunTime:0.0008s ]
SQL: SELECT * FROM `new_x` WHERE `n_type` IN ('42') ORDER BY time desc  [ RunTime:0.0008s ]
SQL: SELECT * FROM `report_categories` WHERE `Id` = 14 LIMIT 1   [ RunTime:0.0005s ]
INFO: [ view_parse ] --START--
INFO: [ template_filter ] --START--
INFO: Run Behavior\ContentReplaceBehavior [ RunTime:0.000137s ]
INFO: [ template_filter ] --END-- [ RunTime:0.000253s ]
NOTIC: [8] Undefined variable: n D:\phpStudy\WWW\zjtr\Application\Runtime\Cache\Mobile\903b8cbdfc01e77bcb9e09db51a862d8.php 第 53 行.
NOTIC: [8] Undefined variable: n D:\phpStudy\WWW\zjtr\Application\Runtime\Cache\Mobile\903b8cbdfc01e77bcb9e09db51a862d8.php 第 53 行.
NOTIC: [8] Undefined variable: n D:\phpStudy\WWW\zjtr\Application\Runtime\Cache\Mobile\903b8cbdfc01e77bcb9e09db51a862d8.php 第 53 行.
NOTIC: [8] Undefined variable: n D:\phpStudy\WWW\zjtr\Application\Runtime\Cache\Mobile\903b8cbdfc01e77bcb9e09db51a862d8.php 第 53 行.
NOTIC: [8] Undefined variable: n D:\phpStudy\WWW\zjtr\Application\Runtime\Cache\Mobile\903b8cbdfc01e77bcb9e09db51a862d8.php 第 53 行.
NOTIC: [8] Undefined index: zjtr_id D:\phpStudy\WWW\zjtr\Application\Runtime\Cache\Mobile\903b8cbdfc01e77bcb9e09db51a862d8.php 第 280 行.
NOTIC: [8] Undefined variable: g D:\phpStudy\WWW\zjtr\Application\Runtime\Cache\Mobile\903b8cbdfc01e77bcb9e09db51a862d8.php 第 300 行.
NOTIC: [8] Undefined variable: p D:\phpStudy\WWW\zjtr\Application\Runtime\Cache\Mobile\903b8cbdfc01e77bcb9e09db51a862d8.php 第 301 行.
INFO: Run Behavior\ParseTemplateBehavior [ RunTime:0.020912s ]
INFO: [ view_parse ] --END-- [ RunTime:0.021050s ]
INFO: [ view_filter ] --START--
INFO: Run Behavior\WriteHtmlCacheBehavior [ RunTime:0.001158s ]
INFO: [ view_filter ] --END-- [ RunTime:0.001306s ]
INFO: [ app_end ] --START--
INFO: Run Behavior\ShowPageTraceBehavior [ RunTime:0.001462s ]
INFO: [ app_end ] --END-- [ RunTime:0.001658s ]

[ 2017-12-06T15:36:10+08:00 ] ::1 /zjtr/Mobile/Mall/product?active=14
INFO: [ app_init ] --START--
INFO: Run Behavior\BuildLiteBehavior [ RunTime:0.000018s ]
INFO: [ app_init ] --END-- [ RunTime:0.000633s ]
INFO: [ app_begin ] --START--
INFO: Run Behavior\ReadHtmlCacheBehavior [ RunTime:0.002377s ]
INFO: [ app_begin ] --END-- [ RunTime:0.002492s ]
SQL: SHOW COLUMNS FROM `report_categories` [ RunTime:0.0101s ]
SQL: SELECT * FROM `report_categories` WHERE ( type_id=0 and web=1 and ixm=1 ) ORDER BY id asc  [ RunTime:0.0005s ]
SQL: SHOW COLUMNS FROM `banner` [ RunTime:0.0070s ]
SQL: SELECT * FROM `banner` WHERE ( web=2 )  [ RunTime:0.0019s ]
SQL: SHOW COLUMNS FROM `emph` [ RunTime:0.0080s ]
SQL: SELECT * FROM `emph` LIMIT 1   [ RunTime:0.0004s ]
SQL: SHOW COLUMNS FROM `shopcart` [ RunTime:0.0063s ]
NOTIC: [8] Undefined index: zjtr_id D:\phpStudy\WWW\zjtr\Application\Mobile\Controller\PublicController.class.php 第 75 行.
SQL: SELECT COUNT(*) AS tp_count FROM `shopcart` WHERE `l_id` = 0 AND `cook` = '8nk4qe4upk5b0ejb14fa0ckqg2' LIMIT 1   [ RunTime:0.0004s ]
SQL: SHOW COLUMNS FROM `new_x` [ RunTime:0.0106s ]
SQL: SELECT * FROM `report_categories` WHERE ( Type_id=14 )  [ RunTime:0.0005s ]
SQL: SELECT * FROM `new_x` WHERE `n_type` IN ('42') ORDER BY time desc  [ RunTime:0.0011s ]
SQL: SELECT * FROM `report_categories` WHERE `Id` = 14 LIMIT 1   [ RunTime:0.0005s ]
INFO: [ view_parse ] --START--
INFO: [ template_filter ] --START--
INFO: Run Behavior\ContentReplaceBehavior [ RunTime:0.000170s ]
INFO: [ template_filter ] --END-- [ RunTime:0.000292s ]
NOTIC: [8] Undefined variable: n D:\phpStudy\WWW\zjtr\Application\Runtime\Cache\Mobile\903b8cbdfc01e77bcb9e09db51a862d8.php 第 53 行.
NOTIC: [8] Undefined variable: n D:\phpStudy\WWW\zjtr\Application\Runtime\Cache\Mobile\903b8cbdfc01e77bcb9e09db51a862d8.php 第 53 行.
NOTIC: [8] Undefined variable: n D:\phpStudy\WWW\zjtr\Application\Runtime\Cache\Mobile\903b8cbdfc01e77bcb9e09db51a862d8.php 第 53 行.
NOTIC: [8] Undefined variable: n D:\phpStudy\WWW\zjtr\Application\Runtime\Cache\Mobile\903b8cbdfc01e77bcb9e09db51a862d8.php 第 53 行.
NOTIC: [8] Undefined variable: n D:\phpStudy\WWW\zjtr\Application\Runtime\Cache\Mobile\903b8cbdfc01e77bcb9e09db51a862d8.php 第 53 行.
NOTIC: [8] Undefined index: zjtr_id D:\phpStudy\WWW\zjtr\Application\Runtime\Cache\Mobile\903b8cbdfc01e77bcb9e09db51a862d8.php 第 280 行.
NOTIC: [8] Undefined variable: g D:\phpStudy\WWW\zjtr\Application\Runtime\Cache\Mobile\903b8cbdfc01e77bcb9e09db51a862d8.php 第 300 行.
NOTIC: [8] Undefined variable: p D:\phpStudy\WWW\zjtr\Application\Runtime\Cache\Mobile\903b8cbdfc01e77bcb9e09db51a862d8.php 第 301 行.
INFO: Run Behavior\ParseTemplateBehavior [ RunTime:0.025240s ]
INFO: [ view_parse ] --END-- [ RunTime:0.025364s ]
INFO: [ view_filter ] --START--
INFO: Run Behavior\WriteHtmlCacheBehavior [ RunTime:0.000886s ]
INFO: [ view_filter ] --END-- [ RunTime:0.000999s ]
INFO: [ app_end ] --START--
INFO: Run Behavior\ShowPageTraceBehavior [ RunTime:0.001930s ]
INFO: [ app_end ] --END-- [ RunTime:0.002193s ]

[ 2017-12-06T15:36:49+08:00 ] ::1 /zjtr/Mobile/Mall/product?active=14
INFO: [ app_init ] --START--
INFO: Run Behavior\BuildLiteBehavior [ RunTime:0.000025s ]
INFO: [ app_init ] --END-- [ RunTime:0.000589s ]
INFO: [ app_begin ] --START--
INFO: Run Behavior\ReadHtmlCacheBehavior [ RunTime:0.001595s ]
INFO: [ app_begin ] --END-- [ RunTime:0.001720s ]
SQL: SHOW COLUMNS FROM `report_categories` [ RunTime:0.0056s ]
SQL: SELECT * FROM `report_categories` WHERE ( type_id=0 and web=1 and ixm=1 ) ORDER BY id asc  [ RunTime:0.0004s ]
SQL: SHOW COLUMNS FROM `banner` [ RunTime:0.0053s ]
SQL: SELECT * FROM `banner` WHERE ( web=2 )  [ RunTime:0.0005s ]
SQL: SHOW COLUMNS FROM `emph` [ RunTime:0.0057s ]
SQL: SELECT * FROM `emph` LIMIT 1   [ RunTime:0.0005s ]
SQL: SHOW COLUMNS FROM `shopcart` [ RunTime:0.0055s ]
NOTIC: [8] Undefined index: zjtr_id D:\phpStudy\WWW\zjtr\Application\Mobile\Controller\PublicController.class.php 第 75 行.
SQL: SELECT COUNT(*) AS tp_count FROM `shopcart` WHERE `l_id` = 0 AND `cook` = '8nk4qe4upk5b0ejb14fa0ckqg2' LIMIT 1   [ RunTime:0.0005s ]
SQL: SHOW COLUMNS FROM `new_x` [ RunTime:0.0059s ]
SQL: SELECT * FROM `report_categories` WHERE ( Type_id=14 )  [ RunTime:0.0008s ]
SQL: SELECT * FROM `new_x` WHERE `n_type` IN ('42') ORDER BY time desc  [ RunTime:0.0008s ]
SQL: SELECT * FROM `report_categories` WHERE `Id` = 14 LIMIT 1   [ RunTime:0.0005s ]
INFO: [ view_parse ] --START--
INFO: [ template_filter ] --START--
INFO: Run Behavior\ContentReplaceBehavior [ RunTime:0.000118s ]
INFO: [ template_filter ] --END-- [ RunTime:0.000218s ]
NOTIC: [8] Undefined variable: n D:\phpStudy\WWW\zjtr\Application\Runtime\Cache\Mobile\903b8cbdfc01e77bcb9e09db51a862d8.php 第 53 行.
NOTIC: [8] Undefined variable: n D:\phpStudy\WWW\zjtr\Application\Runtime\Cache\Mobile\903b8cbdfc01e77bcb9e09db51a862d8.php 第 53 行.
NOTIC: [8] Undefined variable: n D:\phpStudy\WWW\zjtr\Application\Runtime\Cache\Mobile\903b8cbdfc01e77bcb9e09db51a862d8.php 第 53 行.
NOTIC: [8] Undefined variable: n D:\phpStudy\WWW\zjtr\Application\Runtime\Cache\Mobile\903b8cbdfc01e77bcb9e09db51a862d8.php 第 53 行.
NOTIC: [8] Undefined variable: n D:\phpStudy\WWW\zjtr\Application\Runtime\Cache\Mobile\903b8cbdfc01e77bcb9e09db51a862d8.php 第 53 行.
NOTIC: [8] Undefined index: zjtr_id D:\phpStudy\WWW\zjtr\Application\Runtime\Cache\Mobile\903b8cbdfc01e77bcb9e09db51a862d8.php 第 280 行.
NOTIC: [8] Undefined variable: g D:\phpStudy\WWW\zjtr\Application\Runtime\Cache\Mobile\903b8cbdfc01e77bcb9e09db51a862d8.php 第 300 行.
NOTIC: [8] Undefined variable: p D:\phpStudy\WWW\zjtr\Application\Runtime\Cache\Mobile\903b8cbdfc01e77bcb9e09db51a862d8.php 第 301 行.
INFO: Run Behavior\ParseTemplateBehavior [ RunTime:0.018037s ]
INFO: [ view_parse ] --END-- [ RunTime:0.018126s ]
INFO: [ view_filter ] --START--
INFO: Run Behavior\WriteHtmlCacheBehavior [ RunTime:0.000738s ]
INFO: [ view_filter ] --END-- [ RunTime:0.000815s ]
INFO: [ app_end ] --START--
INFO: Run Behavior\ShowPageTraceBehavior [ RunTime:0.001140s ]
INFO: [ app_end ] --END-- [ RunTime:0.001257s ]

[ 2017-12-06T15:37:02+08:00 ] ::1 /zjtr/Mobile/Mall/product?active=14
INFO: [ app_init ] --START--
INFO: Run Behavior\BuildLiteBehavior [ RunTime:0.000029s ]
INFO: [ app_init ] --END-- [ RunTime:0.000770s ]
INFO: [ app_begin ] --START--
INFO: Run Behavior\ReadHtmlCacheBehavior [ RunTime:0.001857s ]
INFO: [ app_begin ] --END-- [ RunTime:0.001999s ]
SQL: SHOW COLUMNS FROM `report_categories` [ RunTime:0.0127s ]
SQL: SELECT * FROM `report_categories` WHERE ( type_id=0 and web=1 and ixm=1 ) ORDER BY id asc  [ RunTime:0.0010s ]
SQL: SHOW COLUMNS FROM `banner` [ RunTime:0.0104s ]
SQL: SELECT * FROM `banner` WHERE ( web=2 )  [ RunTime:0.0008s ]
SQL: SHOW COLUMNS FROM `emph` [ RunTime:0.0091s ]
SQL: SELECT * FROM `emph` LIMIT 1   [ RunTime:0.0005s ]
SQL: SHOW COLUMNS FROM `shopcart` [ RunTime:0.0081s ]
NOTIC: [8] Undefined index: zjtr_id D:\phpStudy\WWW\zjtr\Application\Mobile\Controller\PublicController.class.php 第 75 行.
SQL: SELECT COUNT(*) AS tp_count FROM `shopcart` WHERE `l_id` = 0 AND `cook` = '8nk4qe4upk5b0ejb14fa0ckqg2' LIMIT 1   [ RunTime:0.0018s ]
SQL: SHOW COLUMNS FROM `new_x` [ RunTime:0.0139s ]
SQL: SELECT * FROM `report_categories` WHERE ( Type_id=14 )  [ RunTime:0.0008s ]
SQL: SELECT * FROM `new_x` WHERE `n_type` IN ('42') ORDER BY time desc  [ RunTime:0.0015s ]
SQL: SELECT * FROM `report_categories` WHERE `Id` = 14 LIMIT 1   [ RunTime:0.0007s ]
INFO: [ view_parse ] --START--
INFO: [ template_filter ] --START--
INFO: Run Behavior\ContentReplaceBehavior [ RunTime:0.000190s ]
INFO: [ template_filter ] --END-- [ RunTime:0.000339s ]
NOTIC: [8] Undefined variable: n D:\phpStudy\WWW\zjtr\Application\Runtime\Cache\Mobile\903b8cbdfc01e77bcb9e09db51a862d8.php 第 53 行.
NOTIC: [8] Undefined variable: n D:\phpStudy\WWW\zjtr\Application\Runtime\Cache\Mobile\903b8cbdfc01e77bcb9e09db51a862d8.php 第 53 行.
NOTIC: [8] Undefined variable: n D:\phpStudy\WWW\zjtr\Application\Runtime\Cache\Mobile\903b8cbdfc01e77bcb9e09db51a862d8.php 第 53 行.
NOTIC: [8] Undefined variable: n D:\phpStudy\WWW\zjtr\Application\Runtime\Cache\Mobile\903b8cbdfc01e77bcb9e09db51a862d8.php 第 53 行.
NOTIC: [8] Undefined variable: n D:\phpStudy\WWW\zjtr\Application\Runtime\Cache\Mobile\903b8cbdfc01e77bcb9e09db51a862d8.php 第 53 行.
NOTIC: [8] Undefined index: zjtr_id D:\phpStudy\WWW\zjtr\Application\Runtime\Cache\Mobile\903b8cbdfc01e77bcb9e09db51a862d8.php 第 280 行.
NOTIC: [8] Undefined variable: g D:\phpStudy\WWW\zjtr\Application\Runtime\Cache\Mobile\903b8cbdfc01e77bcb9e09db51a862d8.php 第 300 行.
NOTIC: [8] Undefined variable: p D:\phpStudy\WWW\zjtr\Application\Runtime\Cache\Mobile\903b8cbdfc01e77bcb9e09db51a862d8.php 第 301 行.
INFO: Run Behavior\ParseTemplateBehavior [ RunTime:0.031497s ]
INFO: [ view_parse ] --END-- [ RunTime:0.031666s ]
INFO: [ view_filter ] --START--
INFO: Run Behavior\WriteHtmlCacheBehavior [ RunTime:0.000512s ]
INFO: [ view_filter ] --END-- [ RunTime:0.000575s ]
INFO: [ app_end ] --START--
INFO: Run Behavior\ShowPageTraceBehavior [ RunTime:0.001837s ]
INFO: [ app_end ] --END-- [ RunTime:0.002112s ]

[ 2017-12-06T15:37:17+08:00 ] ::1 /zjtr/Mobile/Mall/product?active=14
INFO: [ app_init ] --START--
INFO: Run Behavior\BuildLiteBehavior [ RunTime:0.000021s ]
INFO: [ app_init ] --END-- [ RunTime:0.000492s ]
INFO: [ app_begin ] --START--
INFO: Run Behavior\ReadHtmlCacheBehavior [ RunTime:0.001065s ]
INFO: [ app_begin ] --END-- [ RunTime:0.001189s ]
SQL: SHOW COLUMNS FROM `report_categories` [ RunTime:0.0088s ]
SQL: SELECT * FROM `report_categories` WHERE ( type_id=0 and web=1 and ixm=1 ) ORDER BY id asc  [ RunTime:0.0007s ]
SQL: SHOW COLUMNS FROM `banner` [ RunTime:0.0068s ]
SQL: SELECT * FROM `banner` WHERE ( web=2 )  [ RunTime:0.0010s ]
SQL: SHOW COLUMNS FROM `emph` [ RunTime:0.0111s ]
SQL: SELECT * FROM `emph` LIMIT 1   [ RunTime:0.0012s ]
SQL: SHOW COLUMNS FROM `shopcart` [ RunTime:0.0073s ]
NOTIC: [8] Undefined index: zjtr_id D:\phpStudy\WWW\zjtr\Application\Mobile\Controller\PublicController.class.php 第 75 行.
SQL: SELECT COUNT(*) AS tp_count FROM `shopcart` WHERE `l_id` = 0 AND `cook` = '8nk4qe4upk5b0ejb14fa0ckqg2' LIMIT 1   [ RunTime:0.0010s ]
SQL: SHOW COLUMNS FROM `new_x` [ RunTime:0.0074s ]
SQL: SELECT * FROM `report_categories` WHERE ( Type_id=14 )  [ RunTime:0.0005s ]
SQL: SELECT * FROM `new_x` WHERE `n_type` IN ('42') ORDER BY time desc  [ RunTime:0.0011s ]
SQL: SELECT * FROM `report_categories` WHERE `Id` = 14 LIMIT 1   [ RunTime:0.0007s ]
INFO: [ view_parse ] --START--
INFO: [ template_filter ] --START--
INFO: Run Behavior\ContentReplaceBehavior [ RunTime:0.000139s ]
INFO: [ template_filter ] --END-- [ RunTime:0.000244s ]
NOTIC: [8] Undefined variable: n D:\phpStudy\WWW\zjtr\Application\Runtime\Cache\Mobile\903b8cbdfc01e77bcb9e09db51a862d8.php 第 53 行.
NOTIC: [8] Undefined variable: n D:\phpStudy\WWW\zjtr\Application\Runtime\Cache\Mobile\903b8cbdfc01e77bcb9e09db51a862d8.php 第 53 行.
NOTIC: [8] Undefined variable: n D:\phpStudy\WWW\zjtr\Application\Runtime\Cache\Mobile\903b8cbdfc01e77bcb9e09db51a862d8.php 第 53 行.
NOTIC: [8] Undefined variable: n D:\phpStudy\WWW\zjtr\Application\Runtime\Cache\Mobile\903b8cbdfc01e77bcb9e09db51a862d8.php 第 53 行.
NOTIC: [8] Undefined variable: n D:\phpStudy\WWW\zjtr\Application\Runtime\Cache\Mobile\903b8cbdfc01e77bcb9e09db51a862d8.php 第 53 行.
NOTIC: [8] Undefined index: zjtr_id D:\phpStudy\WWW\zjtr\Application\Runtime\Cache\Mobile\903b8cbdfc01e77bcb9e09db51a862d8.php 第 280 行.
NOTIC: [8] Undefined variable: g D:\phpStudy\WWW\zjtr\Application\Runtime\Cache\Mobile\903b8cbdfc01e77bcb9e09db51a862d8.php 第 300 行.
NOTIC: [8] Undefined variable: p D:\phpStudy\WWW\zjtr\Application\Runtime\Cache\Mobile\903b8cbdfc01e77bcb9e09db51a862d8.php 第 301 行.
INFO: Run Behavior\ParseTemplateBehavior [ RunTime:0.028206s ]
INFO: [ view_parse ] --END-- [ RunTime:0.028338s ]
INFO: [ view_filter ] --START--
INFO: Run Behavior\WriteHtmlCacheBehavior [ RunTime:0.001076s ]
INFO: [ view_filter ] --END-- [ RunTime:0.001206s ]
INFO: [ app_end ] --START--
INFO: Run Behavior\ShowPageTraceBehavior [ RunTime:0.002866s ]
INFO: [ app_end ] --END-- [ RunTime:0.003009s ]

