[ 2017-09-14T18:20:44+08:00 ] ::1 /zjtr/
INFO: [ app_init ] --START--
INFO: Run Behavior\BuildLiteBehavior [ RunTime:0.000015s ]
INFO: [ app_init ] --END-- [ RunTime:0.000325s ]
INFO: [ app_begin ] --START--
INFO: Run Behavior\ReadHtmlCacheBehavior [ RunTime:0.000415s ]
INFO: [ app_begin ] --END-- [ RunTime:0.000473s ]
SQL: SHOW COLUMNS FROM `report_categories` [ RunTime:0.0087s ]
SQL: SELECT * FROM `report_categories` WHERE ( type_id=0 ) ORDER BY id asc  [ RunTime:0.0006s ]
SQL: SELECT * FROM `report_categories` WHERE ( type_id!=0 ) ORDER BY id asc  [ RunTime:0.0005s ]
SQL: SELECT * FROM `report_categories` WHERE ( type_id!=0 ) ORDER BY id asc  [ RunTime:0.0012s ]
SQL: SELECT * FROM `report_categories` WHERE `Id` = 2 LIMIT 1   [ RunTime:0.0016s ]
SQL: SHOW COLUMNS FROM `emph` [ RunTime:0.0091s ]
SQL: SELECT * FROM `emph` WHERE `id` = 1 LIMIT 1   [ RunTime:0.0005s ]
SQL: SELECT * FROM `emph` WHERE `id` = 2 LIMIT 1   [ RunTime:0.0005s ]
SQL: SELECT * FROM `emph` WHERE `id` = 3 LIMIT 1   [ RunTime:0.0006s ]
SQL: SELECT * FROM `emph` WHERE `id` = 4 LIMIT 1   [ RunTime:0.0015s ]
SQL: SHOW COLUMNS FROM `help` [ RunTime:0.0080s ]
NOTIC: [2] Missing argument 1 for Think\Model::where(), called in D:\phpStudy\WWW\zjtr\Application\Home\Controller\IndexController.class.php on line 32 and defined D:\phpStudy\WWW\zjtr\ThinkPHP\Library\Think\Model.class.php 第 1797 行.
NOTIC: [8] Undefined variable: where D:\phpStudy\WWW\zjtr\ThinkPHP\Library\Think\Model.class.php 第 1805 行.
NOTIC: [8] Undefined variable: where D:\phpStudy\WWW\zjtr\ThinkPHP\Library\Think\Model.class.php 第 1808 行.
NOTIC: [8] Undefined variable: where D:\phpStudy\WWW\zjtr\ThinkPHP\Library\Think\Model.class.php 第 1816 行.
SQL: SELECT * FROM `help` ORDER BY id asc  [ RunTime:0.0021s ]
SQL: SHOW COLUMNS FROM `banner` [ RunTime:0.0082s ]
NOTIC: [2] Missing argument 1 for Think\Model::where(), called in D:\phpStudy\WWW\zjtr\Application\Home\Controller\IndexController.class.php on line 42 and defined D:\phpStudy\WWW\zjtr\ThinkPHP\Library\Think\Model.class.php 第 1797 行.
NOTIC: [8] Undefined variable: where D:\phpStudy\WWW\zjtr\ThinkPHP\Library\Think\Model.class.php 第 1805 行.
NOTIC: [8] Undefined variable: where D:\phpStudy\WWW\zjtr\ThinkPHP\Library\Think\Model.class.php 第 1808 行.
NOTIC: [8] Undefined variable: where D:\phpStudy\WWW\zjtr\ThinkPHP\Library\Think\Model.class.php 第 1816 行.
SQL: SELECT * FROM `banner`  [ RunTime:0.0004s ]
SQL: SHOW COLUMNS FROM `news` [ RunTime:0.0056s ]
SQL: SELECT * FROM `news` WHERE ( top_id=1 ) ORDER BY time desc LIMIT 5   [ RunTime:0.0017s ]
SQL: SELECT * FROM `news` WHERE ( top_id=2 ) ORDER BY time desc LIMIT 5   [ RunTime:0.0011s ]
SQL: SHOW COLUMNS FROM `new_x` [ RunTime:0.0068s ]
NOTIC: [2] Missing argument 1 for Think\Model::where(), called in D:\phpStudy\WWW\zjtr\Application\Home\Controller\IndexController.class.php on line 57 and defined D:\phpStudy\WWW\zjtr\ThinkPHP\Library\Think\Model.class.php 第 1797 行.
NOTIC: [8] Undefined variable: where D:\phpStudy\WWW\zjtr\ThinkPHP\Library\Think\Model.class.php 第 1805 行.
NOTIC: [8] Undefined variable: where D:\phpStudy\WWW\zjtr\ThinkPHP\Library\Think\Model.class.php 第 1808 行.
NOTIC: [8] Undefined variable: where D:\phpStudy\WWW\zjtr\ThinkPHP\Library\Think\Model.class.php 第 1816 行.
SQL: SELECT * FROM `new_x` ORDER BY time desc LIMIT 5   [ RunTime:0.0007s ]
SQL: SHOW COLUMNS FROM `od` [ RunTime:0.0047s ]
NOTIC: [2] Missing argument 1 for Think\Model::where(), called in D:\phpStudy\WWW\zjtr\Application\Home\Controller\IndexController.class.php on line 62 and defined D:\phpStudy\WWW\zjtr\ThinkPHP\Library\Think\Model.class.php 第 1797 行.
NOTIC: [8] Undefined variable: where D:\phpStudy\WWW\zjtr\ThinkPHP\Library\Think\Model.class.php 第 1805 行.
NOTIC: [8] Undefined variable: where D:\phpStudy\WWW\zjtr\ThinkPHP\Library\Think\Model.class.php 第 1808 行.
NOTIC: [8] Undefined variable: where D:\phpStudy\WWW\zjtr\ThinkPHP\Library\Think\Model.class.php 第 1816 行.
SQL: SELECT * FROM `od` ORDER BY id desc LIMIT 4   [ RunTime:0.0003s ]
SQL: SHOW COLUMNS FROM `client` [ RunTime:0.0077s ]
NOTIC: [2] Missing argument 1 for Think\Model::where(), called in D:\phpStudy\WWW\zjtr\Application\Home\Controller\IndexController.class.php on line 67 and defined D:\phpStudy\WWW\zjtr\ThinkPHP\Library\Think\Model.class.php 第 1797 行.
NOTIC: [8] Undefined variable: where D:\phpStudy\WWW\zjtr\ThinkPHP\Library\Think\Model.class.php 第 1805 行.
NOTIC: [8] Undefined variable: where D:\phpStudy\WWW\zjtr\ThinkPHP\Library\Think\Model.class.php 第 1808 行.
NOTIC: [8] Undefined variable: where D:\phpStudy\WWW\zjtr\ThinkPHP\Library\Think\Model.class.php 第 1816 行.
SQL: SELECT * FROM `client` ORDER BY id desc LIMIT 4   [ RunTime:0.0004s ]
SQL: SHOW COLUMNS FROM `whyus` [ RunTime:0.0058s ]
SQL: SELECT * FROM `whyus` WHERE `id` = 1 LIMIT 1   [ RunTime:0.0004s ]
INFO: [ view_parse ] --START--
INFO: [ template_filter ] --START--
INFO: Run Behavior\ContentReplaceBehavior [ RunTime:0.000171s ]
INFO: [ template_filter ] --END-- [ RunTime:0.000443s ]
INFO: Run Behavior\ParseTemplateBehavior [ RunTime:0.008371s ]
INFO: [ view_parse ] --END-- [ RunTime:0.008493s ]
INFO: [ view_filter ] --START--
INFO: Run Behavior\WriteHtmlCacheBehavior [ RunTime:0.000364s ]
INFO: [ view_filter ] --END-- [ RunTime:0.000418s ]
INFO: [ app_end ] --START--
INFO: Run Behavior\ShowPageTraceBehavior [ RunTime:0.000695s ]
INFO: [ app_end ] --END-- [ RunTime:0.000773s ]

[ 2017-09-14T18:20:50+08:00 ] ::1 /zjtr/
INFO: [ app_init ] --START--
INFO: Run Behavior\BuildLiteBehavior [ RunTime:0.000017s ]
INFO: [ app_init ] --END-- [ RunTime:0.000460s ]
INFO: [ app_begin ] --START--
INFO: Run Behavior\ReadHtmlCacheBehavior [ RunTime:0.000672s ]
INFO: [ app_begin ] --END-- [ RunTime:0.000743s ]
SQL: SHOW COLUMNS FROM `report_categories` [ RunTime:0.0204s ]
SQL: SELECT * FROM `report_categories` WHERE ( type_id=0 ) ORDER BY id asc  [ RunTime:0.0008s ]
SQL: SELECT * FROM `report_categories` WHERE ( type_id!=0 ) ORDER BY id asc  [ RunTime:0.0008s ]
SQL: SELECT * FROM `report_categories` WHERE ( type_id!=0 ) ORDER BY id asc  [ RunTime:0.0011s ]
SQL: SELECT * FROM `report_categories` WHERE `Id` = 2 LIMIT 1   [ RunTime:0.0010s ]
SQL: SHOW COLUMNS FROM `emph` [ RunTime:0.0146s ]
SQL: SELECT * FROM `emph` WHERE `id` = 1 LIMIT 1   [ RunTime:0.0004s ]
SQL: SELECT * FROM `emph` WHERE `id` = 2 LIMIT 1   [ RunTime:0.0005s ]
SQL: SELECT * FROM `emph` WHERE `id` = 3 LIMIT 1   [ RunTime:0.0006s ]
SQL: SELECT * FROM `emph` WHERE `id` = 4 LIMIT 1   [ RunTime:0.0005s ]
SQL: SHOW COLUMNS FROM `help` [ RunTime:0.0055s ]
NOTIC: [2] Missing argument 1 for Think\Model::where(), called in D:\phpStudy\WWW\zjtr\Application\Home\Controller\IndexController.class.php on line 32 and defined D:\phpStudy\WWW\zjtr\ThinkPHP\Library\Think\Model.class.php 第 1797 行.
NOTIC: [8] Undefined variable: where D:\phpStudy\WWW\zjtr\ThinkPHP\Library\Think\Model.class.php 第 1805 行.
NOTIC: [8] Undefined variable: where D:\phpStudy\WWW\zjtr\ThinkPHP\Library\Think\Model.class.php 第 1808 行.
NOTIC: [8] Undefined variable: where D:\phpStudy\WWW\zjtr\ThinkPHP\Library\Think\Model.class.php 第 1816 行.
SQL: SELECT * FROM `help` ORDER BY id asc  [ RunTime:0.0010s ]
SQL: SHOW COLUMNS FROM `banner` [ RunTime:0.0055s ]
NOTIC: [2] Missing argument 1 for Think\Model::where(), called in D:\phpStudy\WWW\zjtr\Application\Home\Controller\IndexController.class.php on line 42 and defined D:\phpStudy\WWW\zjtr\ThinkPHP\Library\Think\Model.class.php 第 1797 行.
NOTIC: [8] Undefined variable: where D:\phpStudy\WWW\zjtr\ThinkPHP\Library\Think\Model.class.php 第 1805 行.
NOTIC: [8] Undefined variable: where D:\phpStudy\WWW\zjtr\ThinkPHP\Library\Think\Model.class.php 第 1808 行.
NOTIC: [8] Undefined variable: where D:\phpStudy\WWW\zjtr\ThinkPHP\Library\Think\Model.class.php 第 1816 行.
SQL: SELECT * FROM `banner`  [ RunTime:0.0004s ]
SQL: SHOW COLUMNS FROM `news` [ RunTime:0.0079s ]
SQL: SELECT * FROM `news` WHERE ( top_id=1 ) ORDER BY time desc LIMIT 5   [ RunTime:0.0026s ]
SQL: SELECT * FROM `news` WHERE ( top_id=2 ) ORDER BY time desc LIMIT 5   [ RunTime:0.0015s ]
SQL: SHOW COLUMNS FROM `new_x` [ RunTime:0.0045s ]
NOTIC: [2] Missing argument 1 for Think\Model::where(), called in D:\phpStudy\WWW\zjtr\Application\Home\Controller\IndexController.class.php on line 57 and defined D:\phpStudy\WWW\zjtr\ThinkPHP\Library\Think\Model.class.php 第 1797 行.
NOTIC: [8] Undefined variable: where D:\phpStudy\WWW\zjtr\ThinkPHP\Library\Think\Model.class.php 第 1805 行.
NOTIC: [8] Undefined variable: where D:\phpStudy\WWW\zjtr\ThinkPHP\Library\Think\Model.class.php 第 1808 行.
NOTIC: [8] Undefined variable: where D:\phpStudy\WWW\zjtr\ThinkPHP\Library\Think\Model.class.php 第 1816 行.
SQL: SELECT * FROM `new_x` ORDER BY time desc LIMIT 5   [ RunTime:0.0008s ]
SQL: SHOW COLUMNS FROM `od` [ RunTime:0.0043s ]
NOTIC: [2] Missing argument 1 for Think\Model::where(), called in D:\phpStudy\WWW\zjtr\Application\Home\Controller\IndexController.class.php on line 62 and defined D:\phpStudy\WWW\zjtr\ThinkPHP\Library\Think\Model.class.php 第 1797 行.
NOTIC: [8] Undefined variable: where D:\phpStudy\WWW\zjtr\ThinkPHP\Library\Think\Model.class.php 第 1805 行.
NOTIC: [8] Undefined variable: where D:\phpStudy\WWW\zjtr\ThinkPHP\Library\Think\Model.class.php 第 1808 行.
NOTIC: [8] Undefined variable: where D:\phpStudy\WWW\zjtr\ThinkPHP\Library\Think\Model.class.php 第 1816 行.
SQL: SELECT * FROM `od` ORDER BY id desc LIMIT 4   [ RunTime:0.0003s ]
SQL: SHOW COLUMNS FROM `client` [ RunTime:0.0047s ]
NOTIC: [2] Missing argument 1 for Think\Model::where(), called in D:\phpStudy\WWW\zjtr\Application\Home\Controller\IndexController.class.php on line 67 and defined D:\phpStudy\WWW\zjtr\ThinkPHP\Library\Think\Model.class.php 第 1797 行.
NOTIC: [8] Undefined variable: where D:\phpStudy\WWW\zjtr\ThinkPHP\Library\Think\Model.class.php 第 1805 行.
NOTIC: [8] Undefined variable: where D:\phpStudy\WWW\zjtr\ThinkPHP\Library\Think\Model.class.php 第 1808 行.
NOTIC: [8] Undefined variable: where D:\phpStudy\WWW\zjtr\ThinkPHP\Library\Think\Model.class.php 第 1816 行.
SQL: SELECT * FROM `client` ORDER BY id desc LIMIT 4   [ RunTime:0.0005s ]
SQL: SHOW COLUMNS FROM `whyus` [ RunTime:0.0054s ]
SQL: SELECT * FROM `whyus` WHERE `id` = 1 LIMIT 1   [ RunTime:0.0003s ]
INFO: [ view_parse ] --START--
INFO: [ template_filter ] --START--
INFO: Run Behavior\ContentReplaceBehavior [ RunTime:0.000110s ]
INFO: [ template_filter ] --END-- [ RunTime:0.000180s ]
INFO: Run Behavior\ParseTemplateBehavior [ RunTime:0.007285s ]
INFO: [ view_parse ] --END-- [ RunTime:0.007392s ]
INFO: [ view_filter ] --START--
INFO: Run Behavior\WriteHtmlCacheBehavior [ RunTime:0.000451s ]
INFO: [ view_filter ] --END-- [ RunTime:0.000535s ]
INFO: [ app_end ] --START--
INFO: Run Behavior\ShowPageTraceBehavior [ RunTime:0.001032s ]
INFO: [ app_end ] --END-- [ RunTime:0.001196s ]

[ 2017-09-14T18:20:56+08:00 ] ::1 /zjtr/
INFO: [ app_init ] --START--
INFO: Run Behavior\BuildLiteBehavior [ RunTime:0.000032s ]
INFO: [ app_init ] --END-- [ RunTime:0.000575s ]
INFO: [ app_begin ] --START--
INFO: Run Behavior\ReadHtmlCacheBehavior [ RunTime:0.000831s ]
INFO: [ app_begin ] --END-- [ RunTime:0.000956s ]
SQL: SHOW COLUMNS FROM `report_categories` [ RunTime:0.0089s ]
SQL: SELECT * FROM `report_categories` WHERE ( type_id=0 ) ORDER BY id asc  [ RunTime:0.0003s ]
SQL: SELECT * FROM `report_categories` WHERE ( type_id!=0 ) ORDER BY id asc  [ RunTime:0.0002s ]
SQL: SELECT * FROM `report_categories` WHERE ( type_id!=0 ) ORDER BY id asc  [ RunTime:0.0002s ]
SQL: SELECT * FROM `report_categories` WHERE `Id` = 2 LIMIT 1   [ RunTime:0.0002s ]
SQL: SHOW COLUMNS FROM `emph` [ RunTime:0.0043s ]
SQL: SELECT * FROM `emph` WHERE `id` = 1 LIMIT 1   [ RunTime:0.0003s ]
SQL: SELECT * FROM `emph` WHERE `id` = 2 LIMIT 1   [ RunTime:0.0003s ]
SQL: SELECT * FROM `emph` WHERE `id` = 3 LIMIT 1   [ RunTime:0.0003s ]
SQL: SELECT * FROM `emph` WHERE `id` = 4 LIMIT 1   [ RunTime:0.0006s ]
SQL: SHOW COLUMNS FROM `help` [ RunTime:0.0091s ]
NOTIC: [2] Missing argument 1 for Think\Model::where(), called in D:\phpStudy\WWW\zjtr\Application\Home\Controller\IndexController.class.php on line 32 and defined D:\phpStudy\WWW\zjtr\ThinkPHP\Library\Think\Model.class.php 第 1797 行.
NOTIC: [8] Undefined variable: where D:\phpStudy\WWW\zjtr\ThinkPHP\Library\Think\Model.class.php 第 1805 行.
NOTIC: [8] Undefined variable: where D:\phpStudy\WWW\zjtr\ThinkPHP\Library\Think\Model.class.php 第 1808 行.
NOTIC: [8] Undefined variable: where D:\phpStudy\WWW\zjtr\ThinkPHP\Library\Think\Model.class.php 第 1816 行.
SQL: SELECT * FROM `help` ORDER BY id asc  [ RunTime:0.0008s ]
SQL: SHOW COLUMNS FROM `banner` [ RunTime:0.0049s ]
NOTIC: [2] Missing argument 1 for Think\Model::where(), called in D:\phpStudy\WWW\zjtr\Application\Home\Controller\IndexController.class.php on line 42 and defined D:\phpStudy\WWW\zjtr\ThinkPHP\Library\Think\Model.class.php 第 1797 行.
NOTIC: [8] Undefined variable: where D:\phpStudy\WWW\zjtr\ThinkPHP\Library\Think\Model.class.php 第 1805 行.
NOTIC: [8] Undefined variable: where D:\phpStudy\WWW\zjtr\ThinkPHP\Library\Think\Model.class.php 第 1808 行.
NOTIC: [8] Undefined variable: where D:\phpStudy\WWW\zjtr\ThinkPHP\Library\Think\Model.class.php 第 1816 行.
SQL: SELECT * FROM `banner`  [ RunTime:0.0003s ]
SQL: SHOW COLUMNS FROM `news` [ RunTime:0.0053s ]
SQL: SELECT * FROM `news` WHERE ( top_id=1 ) ORDER BY time desc LIMIT 5   [ RunTime:0.0013s ]
SQL: SELECT * FROM `news` WHERE ( top_id=2 ) ORDER BY time desc LIMIT 5   [ RunTime:0.0013s ]
SQL: SHOW COLUMNS FROM `new_x` [ RunTime:0.0073s ]
NOTIC: [2] Missing argument 1 for Think\Model::where(), called in D:\phpStudy\WWW\zjtr\Application\Home\Controller\IndexController.class.php on line 57 and defined D:\phpStudy\WWW\zjtr\ThinkPHP\Library\Think\Model.class.php 第 1797 行.
NOTIC: [8] Undefined variable: where D:\phpStudy\WWW\zjtr\ThinkPHP\Library\Think\Model.class.php 第 1805 行.
NOTIC: [8] Undefined variable: where D:\phpStudy\WWW\zjtr\ThinkPHP\Library\Think\Model.class.php 第 1808 行.
NOTIC: [8] Undefined variable: where D:\phpStudy\WWW\zjtr\ThinkPHP\Library\Think\Model.class.php 第 1816 行.
SQL: SELECT * FROM `new_x` ORDER BY time desc LIMIT 5   [ RunTime:0.0004s ]
SQL: SHOW COLUMNS FROM `od` [ RunTime:0.0042s ]
NOTIC: [2] Missing argument 1 for Think\Model::where(), called in D:\phpStudy\WWW\zjtr\Application\Home\Controller\IndexController.class.php on line 62 and defined D:\phpStudy\WWW\zjtr\ThinkPHP\Library\Think\Model.class.php 第 1797 行.
NOTIC: [8] Undefined variable: where D:\phpStudy\WWW\zjtr\ThinkPHP\Library\Think\Model.class.php 第 1805 行.
NOTIC: [8] Undefined variable: where D:\phpStudy\WWW\zjtr\ThinkPHP\Library\Think\Model.class.php 第 1808 行.
NOTIC: [8] Undefined variable: where D:\phpStudy\WWW\zjtr\ThinkPHP\Library\Think\Model.class.php 第 1816 行.
SQL: SELECT * FROM `od` ORDER BY id desc LIMIT 4   [ RunTime:0.0004s ]
SQL: SHOW COLUMNS FROM `client` [ RunTime:0.0043s ]
NOTIC: [2] Missing argument 1 for Think\Model::where(), called in D:\phpStudy\WWW\zjtr\Application\Home\Controller\IndexController.class.php on line 67 and defined D:\phpStudy\WWW\zjtr\ThinkPHP\Library\Think\Model.class.php 第 1797 行.
NOTIC: [8] Undefined variable: where D:\phpStudy\WWW\zjtr\ThinkPHP\Library\Think\Model.class.php 第 1805 行.
NOTIC: [8] Undefined variable: where D:\phpStudy\WWW\zjtr\ThinkPHP\Library\Think\Model.class.php 第 1808 行.
NOTIC: [8] Undefined variable: where D:\phpStudy\WWW\zjtr\ThinkPHP\Library\Think\Model.class.php 第 1816 行.
SQL: SELECT * FROM `client` ORDER BY id desc LIMIT 4   [ RunTime:0.0003s ]
SQL: SHOW COLUMNS FROM `whyus` [ RunTime:0.0049s ]
SQL: SELECT * FROM `whyus` WHERE `id` = 1 LIMIT 1   [ RunTime:0.0006s ]
INFO: [ view_parse ] --START--
INFO: [ template_filter ] --START--
INFO: Run Behavior\ContentReplaceBehavior [ RunTime:0.000090s ]
INFO: [ template_filter ] --END-- [ RunTime:0.000156s ]
INFO: Run Behavior\ParseTemplateBehavior [ RunTime:0.006737s ]
INFO: [ view_parse ] --END-- [ RunTime:0.006813s ]
INFO: [ view_filter ] --START--
INFO: Run Behavior\WriteHtmlCacheBehavior [ RunTime:0.000269s ]
INFO: [ view_filter ] --END-- [ RunTime:0.000316s ]
INFO: [ app_end ] --START--
INFO: Run Behavior\ShowPageTraceBehavior [ RunTime:0.000540s ]
INFO: [ app_end ] --END-- [ RunTime:0.000619s ]

[ 2017-09-14T18:21:46+08:00 ] ::1 /zjtr/
INFO: [ app_init ] --START--
INFO: Run Behavior\BuildLiteBehavior [ RunTime:0.000016s ]
INFO: [ app_init ] --END-- [ RunTime:0.000346s ]
INFO: [ app_begin ] --START--
INFO: Run Behavior\ReadHtmlCacheBehavior [ RunTime:0.000441s ]
INFO: [ app_begin ] --END-- [ RunTime:0.000498s ]
SQL: SHOW COLUMNS FROM `report_categories` [ RunTime:0.0094s ]
SQL: SELECT * FROM `report_categories` WHERE ( type_id=0 ) ORDER BY id asc  [ RunTime:0.0004s ]
SQL: SELECT * FROM `report_categories` WHERE ( type_id!=0 ) ORDER BY id asc  [ RunTime:0.0003s ]
SQL: SELECT * FROM `report_categories` WHERE ( type_id!=0 ) ORDER BY id asc  [ RunTime:0.0003s ]
SQL: SELECT * FROM `report_categories` WHERE `Id` = 2 LIMIT 1   [ RunTime:0.0003s ]
SQL: SHOW COLUMNS FROM `emph` [ RunTime:0.0155s ]
SQL: SELECT * FROM `emph` WHERE `id` = 1 LIMIT 1   [ RunTime:0.0004s ]
SQL: SELECT * FROM `emph` WHERE `id` = 2 LIMIT 1   [ RunTime:0.0003s ]
SQL: SELECT * FROM `emph` WHERE `id` = 3 LIMIT 1   [ RunTime:0.0003s ]
SQL: SELECT * FROM `emph` WHERE `id` = 4 LIMIT 1   [ RunTime:0.0003s ]
SQL: SHOW COLUMNS FROM `help` [ RunTime:0.0072s ]
NOTIC: [2] Missing argument 1 for Think\Model::where(), called in D:\phpStudy\WWW\zjtr\Application\Home\Controller\IndexController.class.php on line 32 and defined D:\phpStudy\WWW\zjtr\ThinkPHP\Library\Think\Model.class.php 第 1797 行.
NOTIC: [8] Undefined variable: where D:\phpStudy\WWW\zjtr\ThinkPHP\Library\Think\Model.class.php 第 1805 行.
NOTIC: [8] Undefined variable: where D:\phpStudy\WWW\zjtr\ThinkPHP\Library\Think\Model.class.php 第 1808 行.
NOTIC: [8] Undefined variable: where D:\phpStudy\WWW\zjtr\ThinkPHP\Library\Think\Model.class.php 第 1816 行.
SQL: SELECT * FROM `help` ORDER BY id asc  [ RunTime:0.0010s ]
SQL: SHOW COLUMNS FROM `banner` [ RunTime:0.0983s ]
NOTIC: [2] Missing argument 1 for Think\Model::where(), called in D:\phpStudy\WWW\zjtr\Application\Home\Controller\IndexController.class.php on line 42 and defined D:\phpStudy\WWW\zjtr\ThinkPHP\Library\Think\Model.class.php 第 1797 行.
NOTIC: [8] Undefined variable: where D:\phpStudy\WWW\zjtr\ThinkPHP\Library\Think\Model.class.php 第 1805 行.
NOTIC: [8] Undefined variable: where D:\phpStudy\WWW\zjtr\ThinkPHP\Library\Think\Model.class.php 第 1808 行.
NOTIC: [8] Undefined variable: where D:\phpStudy\WWW\zjtr\ThinkPHP\Library\Think\Model.class.php 第 1816 行.
SQL: SELECT * FROM `banner`  [ RunTime:0.0003s ]
SQL: SHOW COLUMNS FROM `news` [ RunTime:0.0056s ]
SQL: SELECT * FROM `news` WHERE ( top_id=1 ) ORDER BY time desc LIMIT 5   [ RunTime:0.0015s ]
SQL: SELECT * FROM `news` WHERE ( top_id=2 ) ORDER BY time desc LIMIT 5   [ RunTime:0.0013s ]
SQL: SHOW COLUMNS FROM `new_x` [ RunTime:0.0072s ]
NOTIC: [2] Missing argument 1 for Think\Model::where(), called in D:\phpStudy\WWW\zjtr\Application\Home\Controller\IndexController.class.php on line 57 and defined D:\phpStudy\WWW\zjtr\ThinkPHP\Library\Think\Model.class.php 第 1797 行.
NOTIC: [8] Undefined variable: where D:\phpStudy\WWW\zjtr\ThinkPHP\Library\Think\Model.class.php 第 1805 行.
NOTIC: [8] Undefined variable: where D:\phpStudy\WWW\zjtr\ThinkPHP\Library\Think\Model.class.php 第 1808 行.
NOTIC: [8] Undefined variable: where D:\phpStudy\WWW\zjtr\ThinkPHP\Library\Think\Model.class.php 第 1816 行.
SQL: SELECT * FROM `new_x` ORDER BY time desc LIMIT 5   [ RunTime:0.0004s ]
SQL: SHOW COLUMNS FROM `od` [ RunTime:0.0044s ]
NOTIC: [2] Missing argument 1 for Think\Model::where(), called in D:\phpStudy\WWW\zjtr\Application\Home\Controller\IndexController.class.php on line 62 and defined D:\phpStudy\WWW\zjtr\ThinkPHP\Library\Think\Model.class.php 第 1797 行.
NOTIC: [8] Undefined variable: where D:\phpStudy\WWW\zjtr\ThinkPHP\Library\Think\Model.class.php 第 1805 行.
NOTIC: [8] Undefined variable: where D:\phpStudy\WWW\zjtr\ThinkPHP\Library\Think\Model.class.php 第 1808 行.
NOTIC: [8] Undefined variable: where D:\phpStudy\WWW\zjtr\ThinkPHP\Library\Think\Model.class.php 第 1816 行.
SQL: SELECT * FROM `od` ORDER BY id desc LIMIT 4   [ RunTime:0.0004s ]
SQL: SHOW COLUMNS FROM `client` [ RunTime:0.0056s ]
NOTIC: [2] Missing argument 1 for Think\Model::where(), called in D:\phpStudy\WWW\zjtr\Application\Home\Controller\IndexController.class.php on line 67 and defined D:\phpStudy\WWW\zjtr\ThinkPHP\Library\Think\Model.class.php 第 1797 行.
NOTIC: [8] Undefined variable: where D:\phpStudy\WWW\zjtr\ThinkPHP\Library\Think\Model.class.php 第 1805 行.
NOTIC: [8] Undefined variable: where D:\phpStudy\WWW\zjtr\ThinkPHP\Library\Think\Model.class.php 第 1808 行.
NOTIC: [8] Undefined variable: where D:\phpStudy\WWW\zjtr\ThinkPHP\Library\Think\Model.class.php 第 1816 行.
SQL: SELECT * FROM `client` ORDER BY id desc LIMIT 4   [ RunTime:0.0005s ]
SQL: SHOW COLUMNS FROM `whyus` [ RunTime:0.0057s ]
SQL: SELECT * FROM `whyus` WHERE `id` = 1 LIMIT 1   [ RunTime:0.0004s ]
INFO: [ view_parse ] --START--
INFO: [ template_filter ] --START--
INFO: Run Behavior\ContentReplaceBehavior [ RunTime:0.000140s ]
INFO: [ template_filter ] --END-- [ RunTime:0.000257s ]
INFO: Run Behavior\ParseTemplateBehavior [ RunTime:0.009204s ]
INFO: [ view_parse ] --END-- [ RunTime:0.009319s ]
INFO: [ view_filter ] --START--
INFO: Run Behavior\WriteHtmlCacheBehavior [ RunTime:0.000352s ]
INFO: [ view_filter ] --END-- [ RunTime:0.000433s ]
INFO: [ app_end ] --START--
INFO: Run Behavior\ShowPageTraceBehavior [ RunTime:0.000709s ]
INFO: [ app_end ] --END-- [ RunTime:0.000788s ]

[ 2017-09-14T18:22:03+08:00 ] ::1 /zjtr/
INFO: [ app_init ] --START--
INFO: Run Behavior\BuildLiteBehavior [ RunTime:0.000015s ]
INFO: [ app_init ] --END-- [ RunTime:0.000337s ]
INFO: [ app_begin ] --START--
INFO: Run Behavior\ReadHtmlCacheBehavior [ RunTime:0.000481s ]
INFO: [ app_begin ] --END-- [ RunTime:0.000540s ]
SQL: SHOW COLUMNS FROM `report_categories` [ RunTime:0.1254s ]
SQL: SELECT * FROM `report_categories` WHERE ( type_id=0 ) ORDER BY id asc  [ RunTime:0.0005s ]
SQL: SELECT * FROM `report_categories` WHERE ( type_id!=0 ) ORDER BY id asc  [ RunTime:0.0004s ]
SQL: SELECT * FROM `report_categories` WHERE ( type_id!=0 ) ORDER BY id asc  [ RunTime:0.0006s ]
SQL: SELECT * FROM `report_categories` WHERE `Id` = 2 LIMIT 1   [ RunTime:0.0010s ]
SQL: SHOW COLUMNS FROM `emph` [ RunTime:0.0075s ]
SQL: SELECT * FROM `emph` WHERE `id` = 1 LIMIT 1   [ RunTime:0.0010s ]
SQL: SELECT * FROM `emph` WHERE `id` = 2 LIMIT 1   [ RunTime:0.0004s ]
SQL: SELECT * FROM `emph` WHERE `id` = 3 LIMIT 1   [ RunTime:0.0004s ]
SQL: SELECT * FROM `emph` WHERE `id` = 4 LIMIT 1   [ RunTime:0.0004s ]
SQL: SHOW COLUMNS FROM `help` [ RunTime:0.0084s ]
NOTIC: [2] Missing argument 1 for Think\Model::where(), called in D:\phpStudy\WWW\zjtr\Application\Home\Controller\IndexController.class.php on line 32 and defined D:\phpStudy\WWW\zjtr\ThinkPHP\Library\Think\Model.class.php 第 1797 行.
NOTIC: [8] Undefined variable: where D:\phpStudy\WWW\zjtr\ThinkPHP\Library\Think\Model.class.php 第 1805 行.
NOTIC: [8] Undefined variable: where D:\phpStudy\WWW\zjtr\ThinkPHP\Library\Think\Model.class.php 第 1808 行.
NOTIC: [8] Undefined variable: where D:\phpStudy\WWW\zjtr\ThinkPHP\Library\Think\Model.class.php 第 1816 行.
SQL: SELECT * FROM `help` ORDER BY id asc  [ RunTime:0.0020s ]
SQL: SHOW COLUMNS FROM `banner` [ RunTime:0.0059s ]
NOTIC: [2] Missing argument 1 for Think\Model::where(), called in D:\phpStudy\WWW\zjtr\Application\Home\Controller\IndexController.class.php on line 42 and defined D:\phpStudy\WWW\zjtr\ThinkPHP\Library\Think\Model.class.php 第 1797 行.
NOTIC: [8] Undefined variable: where D:\phpStudy\WWW\zjtr\ThinkPHP\Library\Think\Model.class.php 第 1805 行.
NOTIC: [8] Undefined variable: where D:\phpStudy\WWW\zjtr\ThinkPHP\Library\Think\Model.class.php 第 1808 行.
NOTIC: [8] Undefined variable: where D:\phpStudy\WWW\zjtr\ThinkPHP\Library\Think\Model.class.php 第 1816 行.
SQL: SELECT * FROM `banner`  [ RunTime:0.0003s ]
SQL: SHOW COLUMNS FROM `news` [ RunTime:0.0054s ]
SQL: SELECT * FROM `news` WHERE ( top_id=1 ) ORDER BY time desc LIMIT 5   [ RunTime:0.0032s ]
SQL: SELECT * FROM `news` WHERE ( top_id=2 ) ORDER BY time desc LIMIT 5   [ RunTime:0.0018s ]
SQL: SHOW COLUMNS FROM `new_x` [ RunTime:0.0064s ]
NOTIC: [2] Missing argument 1 for Think\Model::where(), called in D:\phpStudy\WWW\zjtr\Application\Home\Controller\IndexController.class.php on line 57 and defined D:\phpStudy\WWW\zjtr\ThinkPHP\Library\Think\Model.class.php 第 1797 行.
NOTIC: [8] Undefined variable: where D:\phpStudy\WWW\zjtr\ThinkPHP\Library\Think\Model.class.php 第 1805 行.
NOTIC: [8] Undefined variable: where D:\phpStudy\WWW\zjtr\ThinkPHP\Library\Think\Model.class.php 第 1808 行.
NOTIC: [8] Undefined variable: where D:\phpStudy\WWW\zjtr\ThinkPHP\Library\Think\Model.class.php 第 1816 行.
SQL: SELECT * FROM `new_x` ORDER BY time desc LIMIT 5   [ RunTime:0.0004s ]
SQL: SHOW COLUMNS FROM `od` [ RunTime:0.0059s ]
NOTIC: [2] Missing argument 1 for Think\Model::where(), called in D:\phpStudy\WWW\zjtr\Application\Home\Controller\IndexController.class.php on line 62 and defined D:\phpStudy\WWW\zjtr\ThinkPHP\Library\Think\Model.class.php 第 1797 行.
NOTIC: [8] Undefined variable: where D:\phpStudy\WWW\zjtr\ThinkPHP\Library\Think\Model.class.php 第 1805 行.
NOTIC: [8] Undefined variable: where D:\phpStudy\WWW\zjtr\ThinkPHP\Library\Think\Model.class.php 第 1808 行.
NOTIC: [8] Undefined variable: where D:\phpStudy\WWW\zjtr\ThinkPHP\Library\Think\Model.class.php 第 1816 行.
SQL: SELECT * FROM `od` ORDER BY id desc LIMIT 4   [ RunTime:0.0003s ]
SQL: SHOW COLUMNS FROM `client` [ RunTime:0.0044s ]
NOTIC: [2] Missing argument 1 for Think\Model::where(), called in D:\phpStudy\WWW\zjtr\Application\Home\Controller\IndexController.class.php on line 67 and defined D:\phpStudy\WWW\zjtr\ThinkPHP\Library\Think\Model.class.php 第 1797 行.
NOTIC: [8] Undefined variable: where D:\phpStudy\WWW\zjtr\ThinkPHP\Library\Think\Model.class.php 第 1805 行.
NOTIC: [8] Undefined variable: where D:\phpStudy\WWW\zjtr\ThinkPHP\Library\Think\Model.class.php 第 1808 行.
NOTIC: [8] Undefined variable: where D:\phpStudy\WWW\zjtr\ThinkPHP\Library\Think\Model.class.php 第 1816 行.
SQL: SELECT * FROM `client` ORDER BY id desc LIMIT 4   [ RunTime:0.0003s ]
SQL: SHOW COLUMNS FROM `whyus` [ RunTime:0.0053s ]
SQL: SELECT * FROM `whyus` WHERE `id` = 1 LIMIT 1   [ RunTime:0.0004s ]
INFO: [ view_parse ] --START--
INFO: [ template_filter ] --START--
INFO: Run Behavior\ContentReplaceBehavior [ RunTime:0.000088s ]
INFO: [ template_filter ] --END-- [ RunTime:0.000153s ]
INFO: Run Behavior\ParseTemplateBehavior [ RunTime:0.007084s ]
INFO: [ view_parse ] --END-- [ RunTime:0.007149s ]
INFO: [ view_filter ] --START--
INFO: Run Behavior\WriteHtmlCacheBehavior [ RunTime:0.000230s ]
INFO: [ view_filter ] --END-- [ RunTime:0.000276s ]
INFO: [ app_end ] --START--
INFO: Run Behavior\ShowPageTraceBehavior [ RunTime:0.000764s ]
INFO: [ app_end ] --END-- [ RunTime:0.000836s ]

[ 2017-09-14T18:22:17+08:00 ] ::1 /zjtr/
INFO: [ app_init ] --START--
INFO: Run Behavior\BuildLiteBehavior [ RunTime:0.000014s ]
INFO: [ app_init ] --END-- [ RunTime:0.000368s ]
INFO: [ app_begin ] --START--
INFO: Run Behavior\ReadHtmlCacheBehavior [ RunTime:0.000445s ]
INFO: [ app_begin ] --END-- [ RunTime:0.000502s ]
SQL: SHOW COLUMNS FROM `report_categories` [ RunTime:0.0182s ]
SQL: SELECT * FROM `report_categories` WHERE ( type_id=0 ) ORDER BY id asc  [ RunTime:0.0007s ]
SQL: SELECT * FROM `report_categories` WHERE ( type_id!=0 ) ORDER BY id asc  [ RunTime:0.0006s ]
SQL: SELECT * FROM `report_categories` WHERE ( type_id!=0 ) ORDER BY id asc  [ RunTime:0.0006s ]
SQL: SELECT * FROM `report_categories` WHERE `Id` = 2 LIMIT 1   [ RunTime:0.0006s ]
SQL: SHOW COLUMNS FROM `emph` [ RunTime:0.0105s ]
SQL: SELECT * FROM `emph` WHERE `id` = 1 LIMIT 1   [ RunTime:0.0012s ]
SQL: SELECT * FROM `emph` WHERE `id` = 2 LIMIT 1   [ RunTime:0.0005s ]
SQL: SELECT * FROM `emph` WHERE `id` = 3 LIMIT 1   [ RunTime:0.0004s ]
SQL: SELECT * FROM `emph` WHERE `id` = 4 LIMIT 1   [ RunTime:0.0004s ]
SQL: SHOW COLUMNS FROM `help` [ RunTime:0.0092s ]
NOTIC: [2] Missing argument 1 for Think\Model::where(), called in D:\phpStudy\WWW\zjtr\Application\Home\Controller\IndexController.class.php on line 32 and defined D:\phpStudy\WWW\zjtr\ThinkPHP\Library\Think\Model.class.php 第 1797 行.
NOTIC: [8] Undefined variable: where D:\phpStudy\WWW\zjtr\ThinkPHP\Library\Think\Model.class.php 第 1805 行.
NOTIC: [8] Undefined variable: where D:\phpStudy\WWW\zjtr\ThinkPHP\Library\Think\Model.class.php 第 1808 行.
NOTIC: [8] Undefined variable: where D:\phpStudy\WWW\zjtr\ThinkPHP\Library\Think\Model.class.php 第 1816 行.
SQL: SELECT * FROM `help` ORDER BY id asc  [ RunTime:0.0014s ]
SQL: SHOW COLUMNS FROM `banner` [ RunTime:0.0063s ]
NOTIC: [2] Missing argument 1 for Think\Model::where(), called in D:\phpStudy\WWW\zjtr\Application\Home\Controller\IndexController.class.php on line 42 and defined D:\phpStudy\WWW\zjtr\ThinkPHP\Library\Think\Model.class.php 第 1797 行.
NOTIC: [8] Undefined variable: where D:\phpStudy\WWW\zjtr\ThinkPHP\Library\Think\Model.class.php 第 1805 行.
NOTIC: [8] Undefined variable: where D:\phpStudy\WWW\zjtr\ThinkPHP\Library\Think\Model.class.php 第 1808 行.
NOTIC: [8] Undefined variable: where D:\phpStudy\WWW\zjtr\ThinkPHP\Library\Think\Model.class.php 第 1816 行.
SQL: SELECT * FROM `banner`  [ RunTime:0.0007s ]
SQL: SHOW COLUMNS FROM `news` [ RunTime:0.0073s ]
SQL: SELECT * FROM `news` WHERE ( top_id=1 ) ORDER BY time desc LIMIT 5   [ RunTime:0.0020s ]
SQL: SELECT * FROM `news` WHERE ( top_id=2 ) ORDER BY time desc LIMIT 5   [ RunTime:0.0014s ]
SQL: SHOW COLUMNS FROM `new_x` [ RunTime:0.0046s ]
NOTIC: [2] Missing argument 1 for Think\Model::where(), called in D:\phpStudy\WWW\zjtr\Application\Home\Controller\IndexController.class.php on line 57 and defined D:\phpStudy\WWW\zjtr\ThinkPHP\Library\Think\Model.class.php 第 1797 行.
NOTIC: [8] Undefined variable: where D:\phpStudy\WWW\zjtr\ThinkPHP\Library\Think\Model.class.php 第 1805 行.
NOTIC: [8] Undefined variable: where D:\phpStudy\WWW\zjtr\ThinkPHP\Library\Think\Model.class.php 第 1808 行.
NOTIC: [8] Undefined variable: where D:\phpStudy\WWW\zjtr\ThinkPHP\Library\Think\Model.class.php 第 1816 行.
SQL: SELECT * FROM `new_x` ORDER BY time desc LIMIT 5   [ RunTime:0.0004s ]
SQL: SHOW COLUMNS FROM `od` [ RunTime:0.0055s ]
NOTIC: [2] Missing argument 1 for Think\Model::where(), called in D:\phpStudy\WWW\zjtr\Application\Home\Controller\IndexController.class.php on line 62 and defined D:\phpStudy\WWW\zjtr\ThinkPHP\Library\Think\Model.class.php 第 1797 行.
NOTIC: [8] Undefined variable: where D:\phpStudy\WWW\zjtr\ThinkPHP\Library\Think\Model.class.php 第 1805 行.
NOTIC: [8] Undefined variable: where D:\phpStudy\WWW\zjtr\ThinkPHP\Library\Think\Model.class.php 第 1808 行.
NOTIC: [8] Undefined variable: where D:\phpStudy\WWW\zjtr\ThinkPHP\Library\Think\Model.class.php 第 1816 行.
SQL: SELECT * FROM `od` ORDER BY id desc LIMIT 4   [ RunTime:0.0004s ]
SQL: SHOW COLUMNS FROM `client` [ RunTime:0.0044s ]
NOTIC: [2] Missing argument 1 for Think\Model::where(), called in D:\phpStudy\WWW\zjtr\Application\Home\Controller\IndexController.class.php on line 67 and defined D:\phpStudy\WWW\zjtr\ThinkPHP\Library\Think\Model.class.php 第 1797 行.
NOTIC: [8] Undefined variable: where D:\phpStudy\WWW\zjtr\ThinkPHP\Library\Think\Model.class.php 第 1805 行.
NOTIC: [8] Undefined variable: where D:\phpStudy\WWW\zjtr\ThinkPHP\Library\Think\Model.class.php 第 1808 行.
NOTIC: [8] Undefined variable: where D:\phpStudy\WWW\zjtr\ThinkPHP\Library\Think\Model.class.php 第 1816 行.
SQL: SELECT * FROM `client` ORDER BY id desc LIMIT 4   [ RunTime:0.0005s ]
SQL: SHOW COLUMNS FROM `whyus` [ RunTime:0.0045s ]
SQL: SELECT * FROM `whyus` WHERE `id` = 1 LIMIT 1   [ RunTime:0.0004s ]
INFO: [ view_parse ] --START--
INFO: [ template_filter ] --START--
INFO: Run Behavior\ContentReplaceBehavior [ RunTime:0.000105s ]
INFO: [ template_filter ] --END-- [ RunTime:0.000205s ]
INFO: Run Behavior\ParseTemplateBehavior [ RunTime:0.010049s ]
INFO: [ view_parse ] --END-- [ RunTime:0.010145s ]
INFO: [ view_filter ] --START--
INFO: Run Behavior\WriteHtmlCacheBehavior [ RunTime:0.000256s ]
INFO: [ view_filter ] --END-- [ RunTime:0.000313s ]
INFO: [ app_end ] --START--
INFO: Run Behavior\ShowPageTraceBehavior [ RunTime:0.000551s ]
INFO: [ app_end ] --END-- [ RunTime:0.000617s ]

[ 2017-09-14T18:23:20+08:00 ] ::1 /zjtr/
INFO: [ app_init ] --START--
INFO: Run Behavior\BuildLiteBehavior [ RunTime:0.000028s ]
INFO: [ app_init ] --END-- [ RunTime:0.000420s ]
INFO: [ app_begin ] --START--
INFO: Run Behavior\ReadHtmlCacheBehavior [ RunTime:0.000574s ]
INFO: [ app_begin ] --END-- [ RunTime:0.000641s ]
SQL: SHOW COLUMNS FROM `report_categories` [ RunTime:0.0138s ]
SQL: SELECT * FROM `report_categories` WHERE ( type_id=0 ) ORDER BY id asc  [ RunTime:0.0006s ]
SQL: SELECT * FROM `report_categories` WHERE ( type_id!=0 ) ORDER BY id asc  [ RunTime:0.0004s ]
SQL: SELECT * FROM `report_categories` WHERE ( type_id!=0 ) ORDER BY id asc  [ RunTime:0.0006s ]
SQL: SELECT * FROM `report_categories` WHERE `Id` = 2 LIMIT 1   [ RunTime:0.0012s ]
SQL: SHOW COLUMNS FROM `emph` [ RunTime:0.0126s ]
SQL: SELECT * FROM `emph` WHERE `id` = 1 LIMIT 1   [ RunTime:0.0005s ]
SQL: SELECT * FROM `emph` WHERE `id` = 2 LIMIT 1   [ RunTime:0.0006s ]
SQL: SELECT * FROM `emph` WHERE `id` = 3 LIMIT 1   [ RunTime:0.0007s ]
SQL: SELECT * FROM `emph` WHERE `id` = 4 LIMIT 1   [ RunTime:0.0006s ]
SQL: SHOW COLUMNS FROM `help` [ RunTime:0.0098s ]
NOTIC: [2] Missing argument 1 for Think\Model::where(), called in D:\phpStudy\WWW\zjtr\Application\Home\Controller\IndexController.class.php on line 32 and defined D:\phpStudy\WWW\zjtr\ThinkPHP\Library\Think\Model.class.php 第 1797 行.
NOTIC: [8] Undefined variable: where D:\phpStudy\WWW\zjtr\ThinkPHP\Library\Think\Model.class.php 第 1805 行.
NOTIC: [8] Undefined variable: where D:\phpStudy\WWW\zjtr\ThinkPHP\Library\Think\Model.class.php 第 1808 行.
NOTIC: [8] Undefined variable: where D:\phpStudy\WWW\zjtr\ThinkPHP\Library\Think\Model.class.php 第 1816 行.
SQL: SELECT * FROM `help` ORDER BY id asc  [ RunTime:0.0014s ]
SQL: SHOW COLUMNS FROM `banner` [ RunTime:0.0096s ]
NOTIC: [2] Missing argument 1 for Think\Model::where(), called in D:\phpStudy\WWW\zjtr\Application\Home\Controller\IndexController.class.php on line 42 and defined D:\phpStudy\WWW\zjtr\ThinkPHP\Library\Think\Model.class.php 第 1797 行.
NOTIC: [8] Undefined variable: where D:\phpStudy\WWW\zjtr\ThinkPHP\Library\Think\Model.class.php 第 1805 行.
NOTIC: [8] Undefined variable: where D:\phpStudy\WWW\zjtr\ThinkPHP\Library\Think\Model.class.php 第 1808 行.
NOTIC: [8] Undefined variable: where D:\phpStudy\WWW\zjtr\ThinkPHP\Library\Think\Model.class.php 第 1816 行.
SQL: SELECT * FROM `banner`  [ RunTime:0.0005s ]
SQL: SHOW COLUMNS FROM `news` [ RunTime:0.0062s ]
SQL: SELECT * FROM `news` WHERE ( top_id=1 ) ORDER BY time desc LIMIT 5   [ RunTime:0.0029s ]
SQL: SELECT * FROM `news` WHERE ( top_id=2 ) ORDER BY time desc LIMIT 5   [ RunTime:0.0012s ]
SQL: SHOW COLUMNS FROM `new_x` [ RunTime:0.0062s ]
NOTIC: [2] Missing argument 1 for Think\Model::where(), called in D:\phpStudy\WWW\zjtr\Application\Home\Controller\IndexController.class.php on line 57 and defined D:\phpStudy\WWW\zjtr\ThinkPHP\Library\Think\Model.class.php 第 1797 行.
NOTIC: [8] Undefined variable: where D:\phpStudy\WWW\zjtr\ThinkPHP\Library\Think\Model.class.php 第 1805 行.
NOTIC: [8] Undefined variable: where D:\phpStudy\WWW\zjtr\ThinkPHP\Library\Think\Model.class.php 第 1808 行.
NOTIC: [8] Undefined variable: where D:\phpStudy\WWW\zjtr\ThinkPHP\Library\Think\Model.class.php 第 1816 行.
SQL: SELECT * FROM `new_x` ORDER BY time desc LIMIT 5   [ RunTime:0.0007s ]
SQL: SHOW COLUMNS FROM `od` [ RunTime:0.0067s ]
NOTIC: [2] Missing argument 1 for Think\Model::where(), called in D:\phpStudy\WWW\zjtr\Application\Home\Controller\IndexController.class.php on line 62 and defined D:\phpStudy\WWW\zjtr\ThinkPHP\Library\Think\Model.class.php 第 1797 行.
NOTIC: [8] Undefined variable: where D:\phpStudy\WWW\zjtr\ThinkPHP\Library\Think\Model.class.php 第 1805 行.
NOTIC: [8] Undefined variable: where D:\phpStudy\WWW\zjtr\ThinkPHP\Library\Think\Model.class.php 第 1808 行.
NOTIC: [8] Undefined variable: where D:\phpStudy\WWW\zjtr\ThinkPHP\Library\Think\Model.class.php 第 1816 行.
SQL: SELECT * FROM `od` ORDER BY id desc LIMIT 4   [ RunTime:0.0003s ]
SQL: SHOW COLUMNS FROM `client` [ RunTime:0.0055s ]
NOTIC: [2] Missing argument 1 for Think\Model::where(), called in D:\phpStudy\WWW\zjtr\Application\Home\Controller\IndexController.class.php on line 67 and defined D:\phpStudy\WWW\zjtr\ThinkPHP\Library\Think\Model.class.php 第 1797 行.
NOTIC: [8] Undefined variable: where D:\phpStudy\WWW\zjtr\ThinkPHP\Library\Think\Model.class.php 第 1805 行.
NOTIC: [8] Undefined variable: where D:\phpStudy\WWW\zjtr\ThinkPHP\Library\Think\Model.class.php 第 1808 行.
NOTIC: [8] Undefined variable: where D:\phpStudy\WWW\zjtr\ThinkPHP\Library\Think\Model.class.php 第 1816 行.
SQL: SELECT * FROM `client` ORDER BY id desc LIMIT 4   [ RunTime:0.0003s ]
SQL: SHOW COLUMNS FROM `whyus` [ RunTime:0.0053s ]
SQL: SELECT * FROM `whyus` WHERE `id` = 1 LIMIT 1   [ RunTime:0.0005s ]
INFO: [ view_parse ] --START--
INFO: [ template_filter ] --START--
INFO: Run Behavior\ContentReplaceBehavior [ RunTime:0.000094s ]
INFO: [ template_filter ] --END-- [ RunTime:0.000168s ]
INFO: Run Behavior\ParseTemplateBehavior [ RunTime:0.010551s ]
INFO: [ view_parse ] --END-- [ RunTime:0.010655s ]
INFO: [ view_filter ] --START--
INFO: Run Behavior\WriteHtmlCacheBehavior [ RunTime:0.000344s ]
INFO: [ view_filter ] --END-- [ RunTime:0.000391s ]
INFO: [ app_end ] --START--
INFO: Run Behavior\ShowPageTraceBehavior [ RunTime:0.000659s ]
INFO: [ app_end ] --END-- [ RunTime:0.000722s ]

[ 2017-09-14T18:23:25+08:00 ] ::1 /zjtr/
INFO: [ app_init ] --START--
INFO: Run Behavior\BuildLiteBehavior [ RunTime:0.000015s ]
INFO: [ app_init ] --END-- [ RunTime:0.000354s ]
INFO: [ app_begin ] --START--
INFO: Run Behavior\ReadHtmlCacheBehavior [ RunTime:0.000461s ]
INFO: [ app_begin ] --END-- [ RunTime:0.000518s ]
SQL: SHOW COLUMNS FROM `report_categories` [ RunTime:0.0086s ]
SQL: SELECT * FROM `report_categories` WHERE ( type_id=0 ) ORDER BY id asc  [ RunTime:0.0018s ]
SQL: SELECT * FROM `report_categories` WHERE ( type_id!=0 ) ORDER BY id asc  [ RunTime:0.0005s ]
SQL: SELECT * FROM `report_categories` WHERE ( type_id!=0 ) ORDER BY id asc  [ RunTime:0.0005s ]
SQL: SELECT * FROM `report_categories` WHERE `Id` = 2 LIMIT 1   [ RunTime:0.0007s ]
SQL: SHOW COLUMNS FROM `emph` [ RunTime:0.0072s ]
SQL: SELECT * FROM `emph` WHERE `id` = 1 LIMIT 1   [ RunTime:0.0006s ]
SQL: SELECT * FROM `emph` WHERE `id` = 2 LIMIT 1   [ RunTime:0.0016s ]
SQL: SELECT * FROM `emph` WHERE `id` = 3 LIMIT 1   [ RunTime:0.0010s ]
SQL: SELECT * FROM `emph` WHERE `id` = 4 LIMIT 1   [ RunTime:0.0007s ]
SQL: SHOW COLUMNS FROM `help` [ RunTime:0.0087s ]
NOTIC: [2] Missing argument 1 for Think\Model::where(), called in D:\phpStudy\WWW\zjtr\Application\Home\Controller\IndexController.class.php on line 32 and defined D:\phpStudy\WWW\zjtr\ThinkPHP\Library\Think\Model.class.php 第 1797 行.
NOTIC: [8] Undefined variable: where D:\phpStudy\WWW\zjtr\ThinkPHP\Library\Think\Model.class.php 第 1805 行.
NOTIC: [8] Undefined variable: where D:\phpStudy\WWW\zjtr\ThinkPHP\Library\Think\Model.class.php 第 1808 行.
NOTIC: [8] Undefined variable: where D:\phpStudy\WWW\zjtr\ThinkPHP\Library\Think\Model.class.php 第 1816 行.
SQL: SELECT * FROM `help` ORDER BY id asc  [ RunTime:0.0022s ]
SQL: SHOW COLUMNS FROM `banner` [ RunTime:0.0085s ]
NOTIC: [2] Missing argument 1 for Think\Model::where(), called in D:\phpStudy\WWW\zjtr\Application\Home\Controller\IndexController.class.php on line 42 and defined D:\phpStudy\WWW\zjtr\ThinkPHP\Library\Think\Model.class.php 第 1797 行.
NOTIC: [8] Undefined variable: where D:\phpStudy\WWW\zjtr\ThinkPHP\Library\Think\Model.class.php 第 1805 行.
NOTIC: [8] Undefined variable: where D:\phpStudy\WWW\zjtr\ThinkPHP\Library\Think\Model.class.php 第 1808 行.
NOTIC: [8] Undefined variable: where D:\phpStudy\WWW\zjtr\ThinkPHP\Library\Think\Model.class.php 第 1816 行.
SQL: SELECT * FROM `banner`  [ RunTime:0.0003s ]
SQL: SHOW COLUMNS FROM `news` [ RunTime:0.0045s ]
SQL: SELECT * FROM `news` WHERE ( top_id=1 ) ORDER BY time desc LIMIT 5   [ RunTime:0.0048s ]
SQL: SELECT * FROM `news` WHERE ( top_id=2 ) ORDER BY time desc LIMIT 5   [ RunTime:0.0013s ]
SQL: SHOW COLUMNS FROM `new_x` [ RunTime:0.0049s ]
NOTIC: [2] Missing argument 1 for Think\Model::where(), called in D:\phpStudy\WWW\zjtr\Application\Home\Controller\IndexController.class.php on line 57 and defined D:\phpStudy\WWW\zjtr\ThinkPHP\Library\Think\Model.class.php 第 1797 行.
NOTIC: [8] Undefined variable: where D:\phpStudy\WWW\zjtr\ThinkPHP\Library\Think\Model.class.php 第 1805 行.
NOTIC: [8] Undefined variable: where D:\phpStudy\WWW\zjtr\ThinkPHP\Library\Think\Model.class.php 第 1808 行.
NOTIC: [8] Undefined variable: where D:\phpStudy\WWW\zjtr\ThinkPHP\Library\Think\Model.class.php 第 1816 行.
SQL: SELECT * FROM `new_x` ORDER BY time desc LIMIT 5   [ RunTime:0.0003s ]
SQL: SHOW COLUMNS FROM `od` [ RunTime:0.0044s ]
NOTIC: [2] Missing argument 1 for Think\Model::where(), called in D:\phpStudy\WWW\zjtr\Application\Home\Controller\IndexController.class.php on line 62 and defined D:\phpStudy\WWW\zjtr\ThinkPHP\Library\Think\Model.class.php 第 1797 行.
NOTIC: [8] Undefined variable: where D:\phpStudy\WWW\zjtr\ThinkPHP\Library\Think\Model.class.php 第 1805 行.
NOTIC: [8] Undefined variable: where D:\phpStudy\WWW\zjtr\ThinkPHP\Library\Think\Model.class.php 第 1808 行.
NOTIC: [8] Undefined variable: where D:\phpStudy\WWW\zjtr\ThinkPHP\Library\Think\Model.class.php 第 1816 行.
SQL: SELECT * FROM `od` ORDER BY id desc LIMIT 4   [ RunTime:0.0015s ]
SQL: SHOW COLUMNS FROM `client` [ RunTime:0.0059s ]
NOTIC: [2] Missing argument 1 for Think\Model::where(), called in D:\phpStudy\WWW\zjtr\Application\Home\Controller\IndexController.class.php on line 67 and defined D:\phpStudy\WWW\zjtr\ThinkPHP\Library\Think\Model.class.php 第 1797 行.
NOTIC: [8] Undefined variable: where D:\phpStudy\WWW\zjtr\ThinkPHP\Library\Think\Model.class.php 第 1805 行.
NOTIC: [8] Undefined variable: where D:\phpStudy\WWW\zjtr\ThinkPHP\Library\Think\Model.class.php 第 1808 行.
NOTIC: [8] Undefined variable: where D:\phpStudy\WWW\zjtr\ThinkPHP\Library\Think\Model.class.php 第 1816 行.
SQL: SELECT * FROM `client` ORDER BY id desc LIMIT 4   [ RunTime:0.0003s ]
SQL: SHOW COLUMNS FROM `whyus` [ RunTime:0.0046s ]
SQL: SELECT * FROM `whyus` WHERE `id` = 1 LIMIT 1   [ RunTime:0.0004s ]
INFO: [ view_parse ] --START--
INFO: [ template_filter ] --START--
INFO: Run Behavior\ContentReplaceBehavior [ RunTime:0.000093s ]
INFO: [ template_filter ] --END-- [ RunTime:0.000169s ]
INFO: Run Behavior\ParseTemplateBehavior [ RunTime:0.011460s ]
INFO: [ view_parse ] --END-- [ RunTime:0.011532s ]
INFO: [ view_filter ] --START--
INFO: Run Behavior\WriteHtmlCacheBehavior [ RunTime:0.000242s ]
INFO: [ view_filter ] --END-- [ RunTime:0.000288s ]
INFO: [ app_end ] --START--
INFO: Run Behavior\ShowPageTraceBehavior [ RunTime:0.000725s ]
INFO: [ app_end ] --END-- [ RunTime:0.000810s ]

[ 2017-09-14T18:23:51+08:00 ] ::1 /zjtr/
INFO: [ app_init ] --START--
INFO: Run Behavior\BuildLiteBehavior [ RunTime:0.000014s ]
INFO: [ app_init ] --END-- [ RunTime:0.000329s ]
INFO: [ app_begin ] --START--
INFO: Run Behavior\ReadHtmlCacheBehavior [ RunTime:0.001369s ]
INFO: [ app_begin ] --END-- [ RunTime:0.001497s ]
SQL: SHOW COLUMNS FROM `report_categories` [ RunTime:0.0162s ]
SQL: SELECT * FROM `report_categories` WHERE ( type_id=0 ) ORDER BY id asc  [ RunTime:0.0010s ]
SQL: SELECT * FROM `report_categories` WHERE ( type_id!=0 ) ORDER BY id asc  [ RunTime:0.0009s ]
SQL: SELECT * FROM `report_categories` WHERE ( type_id!=0 ) ORDER BY id asc  [ RunTime:0.0006s ]
SQL: SELECT * FROM `report_categories` WHERE `Id` = 2 LIMIT 1   [ RunTime:0.0022s ]
SQL: SHOW COLUMNS FROM `emph` [ RunTime:0.0085s ]
SQL: SELECT * FROM `emph` WHERE `id` = 1 LIMIT 1   [ RunTime:0.0004s ]
SQL: SELECT * FROM `emph` WHERE `id` = 2 LIMIT 1   [ RunTime:0.0004s ]
SQL: SELECT * FROM `emph` WHERE `id` = 3 LIMIT 1   [ RunTime:0.0004s ]
SQL: SELECT * FROM `emph` WHERE `id` = 4 LIMIT 1   [ RunTime:0.0004s ]
SQL: SHOW COLUMNS FROM `help` [ RunTime:0.0131s ]
NOTIC: [2] Missing argument 1 for Think\Model::where(), called in D:\phpStudy\WWW\zjtr\Application\Home\Controller\IndexController.class.php on line 32 and defined D:\phpStudy\WWW\zjtr\ThinkPHP\Library\Think\Model.class.php 第 1797 行.
NOTIC: [8] Undefined variable: where D:\phpStudy\WWW\zjtr\ThinkPHP\Library\Think\Model.class.php 第 1805 行.
NOTIC: [8] Undefined variable: where D:\phpStudy\WWW\zjtr\ThinkPHP\Library\Think\Model.class.php 第 1808 行.
NOTIC: [8] Undefined variable: where D:\phpStudy\WWW\zjtr\ThinkPHP\Library\Think\Model.class.php 第 1816 行.
SQL: SELECT * FROM `help` ORDER BY id asc  [ RunTime:0.0018s ]
SQL: SHOW COLUMNS FROM `banner` [ RunTime:0.0093s ]
NOTIC: [2] Missing argument 1 for Think\Model::where(), called in D:\phpStudy\WWW\zjtr\Application\Home\Controller\IndexController.class.php on line 42 and defined D:\phpStudy\WWW\zjtr\ThinkPHP\Library\Think\Model.class.php 第 1797 行.
NOTIC: [8] Undefined variable: where D:\phpStudy\WWW\zjtr\ThinkPHP\Library\Think\Model.class.php 第 1805 行.
NOTIC: [8] Undefined variable: where D:\phpStudy\WWW\zjtr\ThinkPHP\Library\Think\Model.class.php 第 1808 行.
NOTIC: [8] Undefined variable: where D:\phpStudy\WWW\zjtr\ThinkPHP\Library\Think\Model.class.php 第 1816 行.
SQL: SELECT * FROM `banner`  [ RunTime:0.0004s ]
SQL: SHOW COLUMNS FROM `news` [ RunTime:0.0091s ]
SQL: SELECT * FROM `news` WHERE ( top_id=1 ) ORDER BY time desc LIMIT 5   [ RunTime:0.0039s ]
SQL: SELECT * FROM `news` WHERE ( top_id=2 ) ORDER BY time desc LIMIT 5   [ RunTime:0.0041s ]
SQL: SHOW COLUMNS FROM `new_x` [ RunTime:0.0061s ]
NOTIC: [2] Missing argument 1 for Think\Model::where(), called in D:\phpStudy\WWW\zjtr\Application\Home\Controller\IndexController.class.php on line 57 and defined D:\phpStudy\WWW\zjtr\ThinkPHP\Library\Think\Model.class.php 第 1797 行.
NOTIC: [8] Undefined variable: where D:\phpStudy\WWW\zjtr\ThinkPHP\Library\Think\Model.class.php 第 1805 行.
NOTIC: [8] Undefined variable: where D:\phpStudy\WWW\zjtr\ThinkPHP\Library\Think\Model.class.php 第 1808 行.
NOTIC: [8] Undefined variable: where D:\phpStudy\WWW\zjtr\ThinkPHP\Library\Think\Model.class.php 第 1816 行.
SQL: SELECT * FROM `new_x` ORDER BY time desc LIMIT 5   [ RunTime:0.0004s ]
SQL: SHOW COLUMNS FROM `od` [ RunTime:0.0095s ]
NOTIC: [2] Missing argument 1 for Think\Model::where(), called in D:\phpStudy\WWW\zjtr\Application\Home\Controller\IndexController.class.php on line 62 and defined D:\phpStudy\WWW\zjtr\ThinkPHP\Library\Think\Model.class.php 第 1797 行.
NOTIC: [8] Undefined variable: where D:\phpStudy\WWW\zjtr\ThinkPHP\Library\Think\Model.class.php 第 1805 行.
NOTIC: [8] Undefined variable: where D:\phpStudy\WWW\zjtr\ThinkPHP\Library\Think\Model.class.php 第 1808 行.
NOTIC: [8] Undefined variable: where D:\phpStudy\WWW\zjtr\ThinkPHP\Library\Think\Model.class.php 第 1816 行.
SQL: SELECT * FROM `od` ORDER BY id desc LIMIT 4   [ RunTime:0.0004s ]
SQL: SHOW COLUMNS FROM `client` [ RunTime:0.0044s ]
NOTIC: [2] Missing argument 1 for Think\Model::where(), called in D:\phpStudy\WWW\zjtr\Application\Home\Controller\IndexController.class.php on line 67 and defined D:\phpStudy\WWW\zjtr\ThinkPHP\Library\Think\Model.class.php 第 1797 行.
NOTIC: [8] Undefined variable: where D:\phpStudy\WWW\zjtr\ThinkPHP\Library\Think\Model.class.php 第 1805 行.
NOTIC: [8] Undefined variable: where D:\phpStudy\WWW\zjtr\ThinkPHP\Library\Think\Model.class.php 第 1808 行.
NOTIC: [8] Undefined variable: where D:\phpStudy\WWW\zjtr\ThinkPHP\Library\Think\Model.class.php 第 1816 行.
SQL: SELECT * FROM `client` ORDER BY id desc LIMIT 4   [ RunTime:0.0003s ]
SQL: SHOW COLUMNS FROM `whyus` [ RunTime:0.0083s ]
SQL: SELECT * FROM `whyus` WHERE `id` = 1 LIMIT 1   [ RunTime:0.0003s ]
INFO: [ view_parse ] --START--
INFO: [ template_filter ] --START--
INFO: Run Behavior\ContentReplaceBehavior [ RunTime:0.000088s ]
INFO: [ template_filter ] --END-- [ RunTime:0.000156s ]
INFO: Run Behavior\ParseTemplateBehavior [ RunTime:0.007366s ]
INFO: [ view_parse ] --END-- [ RunTime:0.007438s ]
INFO: [ view_filter ] --START--
INFO: Run Behavior\WriteHtmlCacheBehavior [ RunTime:0.000259s ]
INFO: [ view_filter ] --END-- [ RunTime:0.000310s ]
INFO: [ app_end ] --START--
INFO: Run Behavior\ShowPageTraceBehavior [ RunTime:0.001670s ]
INFO: [ app_end ] --END-- [ RunTime:0.002311s ]

