[ 2017-07-13T10:23:37+08:00 ] 183.240.196.48 /
INFO: [ app_init ] --START--
INFO: Run Behavior\BuildLiteBehavior [ RunTime:0.000012s ]
INFO: [ app_init ] --END-- [ RunTime:0.000270s ]
INFO: [ app_begin ] --START--
INFO: Run Behavior\ReadHtmlCacheBehavior [ RunTime:0.000465s ]
INFO: [ app_begin ] --END-- [ RunTime:0.000517s ]
SQL: SHOW COLUMNS FROM `report_categories` [ RunTime:0.0005s ]
SQL: SELECT * FROM `report_categories` WHERE ( type_id=0 ) ORDER BY id asc  [ RunTime:0.0001s ]
SQL: SELECT * FROM `report_categories` WHERE ( type_id!=0 ) ORDER BY id asc  [ RunTime:0.0001s ]
SQL: SELECT * FROM `report_categories` WHERE ( type_id!=0 ) ORDER BY id asc  [ RunTime:0.0001s ]
SQL: SELECT * FROM `report_categories` WHERE `Id` = 2 LIMIT 1   [ RunTime:0.0001s ]
SQL: SHOW COLUMNS FROM `emph` [ RunTime:0.0003s ]
SQL: SELECT * FROM `emph` WHERE `id` = 1 LIMIT 1   [ RunTime:0.0001s ]
SQL: SELECT * FROM `emph` WHERE `id` = 2 LIMIT 1   [ RunTime:0.0001s ]
SQL: SELECT * FROM `emph` WHERE `id` = 3 LIMIT 1   [ RunTime:0.0001s ]
SQL: SELECT * FROM `emph` WHERE `id` = 4 LIMIT 1   [ RunTime:0.0000s ]
SQL: SHOW COLUMNS FROM `help` [ RunTime:0.0003s ]
NOTIC: [2] Missing argument 1 for Think\Model::where(), called in /www/web/shtresearch/public_html/Application/Home/Controller/IndexController.class.php on line 32 and defined /www/web/shtresearch/public_html/ThinkPHP/Library/Think/Model.class.php 第 1797 行.
NOTIC: [8] Undefined variable: where /www/web/shtresearch/public_html/ThinkPHP/Library/Think/Model.class.php 第 1805 行.
NOTIC: [8] Undefined variable: where /www/web/shtresearch/public_html/ThinkPHP/Library/Think/Model.class.php 第 1808 行.
NOTIC: [8] Undefined variable: where /www/web/shtresearch/public_html/ThinkPHP/Library/Think/Model.class.php 第 1816 行.
SQL: SELECT * FROM `help` ORDER BY id asc  [ RunTime:0.0001s ]
SQL: SHOW COLUMNS FROM `news` [ RunTime:0.0005s ]
NOTIC: [2] Missing argument 1 for Think\Model::where(), called in /www/web/shtresearch/public_html/Application/Home/Controller/IndexController.class.php on line 45 and defined /www/web/shtresearch/public_html/ThinkPHP/Library/Think/Model.class.php 第 1797 行.
NOTIC: [8] Undefined variable: where /www/web/shtresearch/public_html/ThinkPHP/Library/Think/Model.class.php 第 1805 行.
NOTIC: [8] Undefined variable: where /www/web/shtresearch/public_html/ThinkPHP/Library/Think/Model.class.php 第 1808 行.
NOTIC: [8] Undefined variable: where /www/web/shtresearch/public_html/ThinkPHP/Library/Think/Model.class.php 第 1816 行.
SQL: SELECT * FROM `news` ORDER BY time desc LIMIT 5   [ RunTime:0.0001s ]
ERR: 1146:Table 'shtresearch.news_top' doesn't exist
 [ SQL语句 ] : SHOW COLUMNS FROM `news_top`
ERR: 1146:Table 'shtresearch.news_top' doesn't exist
 [ SQL语句 ] : SHOW COLUMNS FROM `news_top`

[ 2017-07-13T10:24:31+08:00 ] 106.120.160.119 /
INFO: [ app_init ] --START--
INFO: Run Behavior\BuildLiteBehavior [ RunTime:0.000013s ]
INFO: [ app_init ] --END-- [ RunTime:0.000264s ]
INFO: [ app_begin ] --START--
INFO: Run Behavior\ReadHtmlCacheBehavior [ RunTime:0.000376s ]
INFO: [ app_begin ] --END-- [ RunTime:0.000415s ]
SQL: SHOW COLUMNS FROM `report_categories` [ RunTime:0.0005s ]
SQL: SELECT * FROM `report_categories` WHERE ( type_id=0 ) ORDER BY id asc  [ RunTime:0.0001s ]
SQL: SELECT * FROM `report_categories` WHERE ( type_id!=0 ) ORDER BY id asc  [ RunTime:0.0001s ]
SQL: SELECT * FROM `report_categories` WHERE ( type_id!=0 ) ORDER BY id asc  [ RunTime:0.0001s ]
SQL: SELECT * FROM `report_categories` WHERE `Id` = 2 LIMIT 1   [ RunTime:0.0001s ]
SQL: SHOW COLUMNS FROM `emph` [ RunTime:0.0003s ]
SQL: SELECT * FROM `emph` WHERE `id` = 1 LIMIT 1   [ RunTime:0.0001s ]
SQL: SELECT * FROM `emph` WHERE `id` = 2 LIMIT 1   [ RunTime:0.0000s ]
SQL: SELECT * FROM `emph` WHERE `id` = 3 LIMIT 1   [ RunTime:0.0000s ]
SQL: SELECT * FROM `emph` WHERE `id` = 4 LIMIT 1   [ RunTime:0.0000s ]
SQL: SHOW COLUMNS FROM `help` [ RunTime:0.0003s ]
NOTIC: [2] Missing argument 1 for Think\Model::where(), called in /www/web/shtresearch/public_html/Application/Home/Controller/IndexController.class.php on line 32 and defined /www/web/shtresearch/public_html/ThinkPHP/Library/Think/Model.class.php 第 1797 行.
NOTIC: [8] Undefined variable: where /www/web/shtresearch/public_html/ThinkPHP/Library/Think/Model.class.php 第 1805 行.
NOTIC: [8] Undefined variable: where /www/web/shtresearch/public_html/ThinkPHP/Library/Think/Model.class.php 第 1808 行.
NOTIC: [8] Undefined variable: where /www/web/shtresearch/public_html/ThinkPHP/Library/Think/Model.class.php 第 1816 行.
SQL: SELECT * FROM `help` ORDER BY id asc  [ RunTime:0.0001s ]
SQL: SHOW COLUMNS FROM `news` [ RunTime:0.0003s ]
NOTIC: [2] Missing argument 1 for Think\Model::where(), called in /www/web/shtresearch/public_html/Application/Home/Controller/IndexController.class.php on line 45 and defined /www/web/shtresearch/public_html/ThinkPHP/Library/Think/Model.class.php 第 1797 行.
NOTIC: [8] Undefined variable: where /www/web/shtresearch/public_html/ThinkPHP/Library/Think/Model.class.php 第 1805 行.
NOTIC: [8] Undefined variable: where /www/web/shtresearch/public_html/ThinkPHP/Library/Think/Model.class.php 第 1808 行.
NOTIC: [8] Undefined variable: where /www/web/shtresearch/public_html/ThinkPHP/Library/Think/Model.class.php 第 1816 行.
SQL: SELECT * FROM `news` ORDER BY time desc LIMIT 5   [ RunTime:0.0001s ]
ERR: 1146:Table 'shtresearch.news_top' doesn't exist
 [ SQL语句 ] : SHOW COLUMNS FROM `news_top`
ERR: 1146:Table 'shtresearch.news_top' doesn't exist
 [ SQL语句 ] : SHOW COLUMNS FROM `news_top`

[ 2017-07-13T10:24:52+08:00 ] 220.181.132.200 /
INFO: [ app_init ] --START--
INFO: Run Behavior\BuildLiteBehavior [ RunTime:0.000013s ]
INFO: [ app_init ] --END-- [ RunTime:0.000315s ]
INFO: [ app_begin ] --START--
INFO: Run Behavior\ReadHtmlCacheBehavior [ RunTime:0.000447s ]
INFO: [ app_begin ] --END-- [ RunTime:0.000487s ]
SQL: SHOW COLUMNS FROM `report_categories` [ RunTime:0.0005s ]
SQL: SELECT * FROM `report_categories` WHERE ( type_id=0 ) ORDER BY id asc  [ RunTime:0.0001s ]
SQL: SELECT * FROM `report_categories` WHERE ( type_id!=0 ) ORDER BY id asc  [ RunTime:0.0001s ]
SQL: SELECT * FROM `report_categories` WHERE ( type_id!=0 ) ORDER BY id asc  [ RunTime:0.0001s ]
SQL: SELECT * FROM `report_categories` WHERE `Id` = 2 LIMIT 1   [ RunTime:0.0001s ]
SQL: SHOW COLUMNS FROM `emph` [ RunTime:0.0003s ]
SQL: SELECT * FROM `emph` WHERE `id` = 1 LIMIT 1   [ RunTime:0.0001s ]
SQL: SELECT * FROM `emph` WHERE `id` = 2 LIMIT 1   [ RunTime:0.0000s ]
SQL: SELECT * FROM `emph` WHERE `id` = 3 LIMIT 1   [ RunTime:0.0001s ]
SQL: SELECT * FROM `emph` WHERE `id` = 4 LIMIT 1   [ RunTime:0.0001s ]
SQL: SHOW COLUMNS FROM `help` [ RunTime:0.0003s ]
NOTIC: [2] Missing argument 1 for Think\Model::where(), called in /www/web/shtresearch/public_html/Application/Home/Controller/IndexController.class.php on line 32 and defined /www/web/shtresearch/public_html/ThinkPHP/Library/Think/Model.class.php 第 1797 行.
NOTIC: [8] Undefined variable: where /www/web/shtresearch/public_html/ThinkPHP/Library/Think/Model.class.php 第 1805 行.
NOTIC: [8] Undefined variable: where /www/web/shtresearch/public_html/ThinkPHP/Library/Think/Model.class.php 第 1808 行.
NOTIC: [8] Undefined variable: where /www/web/shtresearch/public_html/ThinkPHP/Library/Think/Model.class.php 第 1816 行.
SQL: SELECT * FROM `help` ORDER BY id asc  [ RunTime:0.0001s ]
SQL: SHOW COLUMNS FROM `news` [ RunTime:0.0004s ]
NOTIC: [2] Missing argument 1 for Think\Model::where(), called in /www/web/shtresearch/public_html/Application/Home/Controller/IndexController.class.php on line 45 and defined /www/web/shtresearch/public_html/ThinkPHP/Library/Think/Model.class.php 第 1797 行.
NOTIC: [8] Undefined variable: where /www/web/shtresearch/public_html/ThinkPHP/Library/Think/Model.class.php 第 1805 行.
NOTIC: [8] Undefined variable: where /www/web/shtresearch/public_html/ThinkPHP/Library/Think/Model.class.php 第 1808 行.
NOTIC: [8] Undefined variable: where /www/web/shtresearch/public_html/ThinkPHP/Library/Think/Model.class.php 第 1816 行.
SQL: SELECT * FROM `news` ORDER BY time desc LIMIT 5   [ RunTime:0.0001s ]
ERR: 1146:Table 'shtresearch.news_top' doesn't exist
 [ SQL语句 ] : SHOW COLUMNS FROM `news_top`
ERR: 1146:Table 'shtresearch.news_top' doesn't exist
 [ SQL语句 ] : SHOW COLUMNS FROM `news_top`

[ 2017-07-13T10:24:53+08:00 ] 119.188.70.21 /
INFO: [ app_init ] --START--
INFO: Run Behavior\BuildLiteBehavior [ RunTime:0.000012s ]
INFO: [ app_init ] --END-- [ RunTime:0.000318s ]
INFO: [ app_begin ] --START--
INFO: Run Behavior\ReadHtmlCacheBehavior [ RunTime:0.000432s ]
INFO: [ app_begin ] --END-- [ RunTime:0.000471s ]
SQL: SHOW COLUMNS FROM `report_categories` [ RunTime:0.0005s ]
SQL: SELECT * FROM `report_categories` WHERE ( type_id=0 ) ORDER BY id asc  [ RunTime:0.0001s ]
SQL: SELECT * FROM `report_categories` WHERE ( type_id!=0 ) ORDER BY id asc  [ RunTime:0.0001s ]
SQL: SELECT * FROM `report_categories` WHERE ( type_id!=0 ) ORDER BY id asc  [ RunTime:0.0001s ]
SQL: SELECT * FROM `report_categories` WHERE `Id` = 2 LIMIT 1   [ RunTime:0.0001s ]
SQL: SHOW COLUMNS FROM `emph` [ RunTime:0.0003s ]
SQL: SELECT * FROM `emph` WHERE `id` = 1 LIMIT 1   [ RunTime:0.0001s ]
SQL: SELECT * FROM `emph` WHERE `id` = 2 LIMIT 1   [ RunTime:0.0000s ]
SQL: SELECT * FROM `emph` WHERE `id` = 3 LIMIT 1   [ RunTime:0.0001s ]
SQL: SELECT * FROM `emph` WHERE `id` = 4 LIMIT 1   [ RunTime:0.0000s ]
SQL: SHOW COLUMNS FROM `help` [ RunTime:0.0003s ]
NOTIC: [2] Missing argument 1 for Think\Model::where(), called in /www/web/shtresearch/public_html/Application/Home/Controller/IndexController.class.php on line 32 and defined /www/web/shtresearch/public_html/ThinkPHP/Library/Think/Model.class.php 第 1797 行.
NOTIC: [8] Undefined variable: where /www/web/shtresearch/public_html/ThinkPHP/Library/Think/Model.class.php 第 1805 行.
NOTIC: [8] Undefined variable: where /www/web/shtresearch/public_html/ThinkPHP/Library/Think/Model.class.php 第 1808 行.
NOTIC: [8] Undefined variable: where /www/web/shtresearch/public_html/ThinkPHP/Library/Think/Model.class.php 第 1816 行.
SQL: SELECT * FROM `help` ORDER BY id asc  [ RunTime:0.0001s ]
SQL: SHOW COLUMNS FROM `news` [ RunTime:0.0004s ]
NOTIC: [2] Missing argument 1 for Think\Model::where(), called in /www/web/shtresearch/public_html/Application/Home/Controller/IndexController.class.php on line 45 and defined /www/web/shtresearch/public_html/ThinkPHP/Library/Think/Model.class.php 第 1797 行.
NOTIC: [8] Undefined variable: where /www/web/shtresearch/public_html/ThinkPHP/Library/Think/Model.class.php 第 1805 行.
NOTIC: [8] Undefined variable: where /www/web/shtresearch/public_html/ThinkPHP/Library/Think/Model.class.php 第 1808 行.
NOTIC: [8] Undefined variable: where /www/web/shtresearch/public_html/ThinkPHP/Library/Think/Model.class.php 第 1816 行.
SQL: SELECT * FROM `news` ORDER BY time desc LIMIT 5   [ RunTime:0.0001s ]
ERR: 1146:Table 'shtresearch.news_top' doesn't exist
 [ SQL语句 ] : SHOW COLUMNS FROM `news_top`
ERR: 1146:Table 'shtresearch.news_top' doesn't exist
 [ SQL语句 ] : SHOW COLUMNS FROM `news_top`

[ 2017-07-13T10:24:56+08:00 ] 171.13.14.149 /
INFO: [ app_init ] --START--
INFO: Run Behavior\BuildLiteBehavior [ RunTime:0.000021s ]
INFO: [ app_init ] --END-- [ RunTime:0.000324s ]
INFO: [ app_begin ] --START--
INFO: Run Behavior\ReadHtmlCacheBehavior [ RunTime:0.000432s ]
INFO: [ app_begin ] --END-- [ RunTime:0.000479s ]
SQL: SHOW COLUMNS FROM `report_categories` [ RunTime:0.0005s ]
SQL: SELECT * FROM `report_categories` WHERE ( type_id=0 ) ORDER BY id asc  [ RunTime:0.0001s ]
SQL: SELECT * FROM `report_categories` WHERE ( type_id!=0 ) ORDER BY id asc  [ RunTime:0.0001s ]
SQL: SELECT * FROM `report_categories` WHERE ( type_id!=0 ) ORDER BY id asc  [ RunTime:0.0001s ]
SQL: SELECT * FROM `report_categories` WHERE `Id` = 2 LIMIT 1   [ RunTime:0.0001s ]
SQL: SHOW COLUMNS FROM `emph` [ RunTime:0.0003s ]
SQL: SELECT * FROM `emph` WHERE `id` = 1 LIMIT 1   [ RunTime:0.0001s ]
SQL: SELECT * FROM `emph` WHERE `id` = 2 LIMIT 1   [ RunTime:0.0001s ]
SQL: SELECT * FROM `emph` WHERE `id` = 3 LIMIT 1   [ RunTime:0.0001s ]
SQL: SELECT * FROM `emph` WHERE `id` = 4 LIMIT 1   [ RunTime:0.0000s ]
SQL: SHOW COLUMNS FROM `help` [ RunTime:0.0003s ]
NOTIC: [2] Missing argument 1 for Think\Model::where(), called in /www/web/shtresearch/public_html/Application/Home/Controller/IndexController.class.php on line 32 and defined /www/web/shtresearch/public_html/ThinkPHP/Library/Think/Model.class.php 第 1797 行.
NOTIC: [8] Undefined variable: where /www/web/shtresearch/public_html/ThinkPHP/Library/Think/Model.class.php 第 1805 行.
NOTIC: [8] Undefined variable: where /www/web/shtresearch/public_html/ThinkPHP/Library/Think/Model.class.php 第 1808 行.
NOTIC: [8] Undefined variable: where /www/web/shtresearch/public_html/ThinkPHP/Library/Think/Model.class.php 第 1816 行.
SQL: SELECT * FROM `help` ORDER BY id asc  [ RunTime:0.0001s ]
SQL: SHOW COLUMNS FROM `news` [ RunTime:0.0004s ]
NOTIC: [2] Missing argument 1 for Think\Model::where(), called in /www/web/shtresearch/public_html/Application/Home/Controller/IndexController.class.php on line 45 and defined /www/web/shtresearch/public_html/ThinkPHP/Library/Think/Model.class.php 第 1797 行.
NOTIC: [8] Undefined variable: where /www/web/shtresearch/public_html/ThinkPHP/Library/Think/Model.class.php 第 1805 行.
NOTIC: [8] Undefined variable: where /www/web/shtresearch/public_html/ThinkPHP/Library/Think/Model.class.php 第 1808 行.
NOTIC: [8] Undefined variable: where /www/web/shtresearch/public_html/ThinkPHP/Library/Think/Model.class.php 第 1816 行.
SQL: SELECT * FROM `news` ORDER BY time desc LIMIT 5   [ RunTime:0.0001s ]
ERR: 1146:Table 'shtresearch.news_top' doesn't exist
 [ SQL语句 ] : SHOW COLUMNS FROM `news_top`
ERR: 1146:Table 'shtresearch.news_top' doesn't exist
 [ SQL语句 ] : SHOW COLUMNS FROM `news_top`

[ 2017-07-13T10:24:56+08:00 ] 182.118.20.146 /
INFO: [ app_init ] --START--
INFO: Run Behavior\BuildLiteBehavior [ RunTime:0.000013s ]
INFO: [ app_init ] --END-- [ RunTime:0.000323s ]
INFO: [ app_begin ] --START--
INFO: Run Behavior\ReadHtmlCacheBehavior [ RunTime:0.000532s ]
INFO: [ app_begin ] --END-- [ RunTime:0.000588s ]
SQL: SHOW COLUMNS FROM `report_categories` [ RunTime:0.0005s ]
SQL: SELECT * FROM `report_categories` WHERE ( type_id=0 ) ORDER BY id asc  [ RunTime:0.0001s ]
SQL: SELECT * FROM `report_categories` WHERE ( type_id!=0 ) ORDER BY id asc  [ RunTime:0.0001s ]
SQL: SELECT * FROM `report_categories` WHERE ( type_id!=0 ) ORDER BY id asc  [ RunTime:0.0001s ]
SQL: SELECT * FROM `report_categories` WHERE `Id` = 2 LIMIT 1   [ RunTime:0.0001s ]
SQL: SHOW COLUMNS FROM `emph` [ RunTime:0.0003s ]
SQL: SELECT * FROM `emph` WHERE `id` = 1 LIMIT 1   [ RunTime:0.0001s ]
SQL: SELECT * FROM `emph` WHERE `id` = 2 LIMIT 1   [ RunTime:0.0000s ]
SQL: SELECT * FROM `emph` WHERE `id` = 3 LIMIT 1   [ RunTime:0.0000s ]
SQL: SELECT * FROM `emph` WHERE `id` = 4 LIMIT 1   [ RunTime:0.0000s ]
SQL: SHOW COLUMNS FROM `help` [ RunTime:0.0003s ]
NOTIC: [2] Missing argument 1 for Think\Model::where(), called in /www/web/shtresearch/public_html/Application/Home/Controller/IndexController.class.php on line 32 and defined /www/web/shtresearch/public_html/ThinkPHP/Library/Think/Model.class.php 第 1797 行.
NOTIC: [8] Undefined variable: where /www/web/shtresearch/public_html/ThinkPHP/Library/Think/Model.class.php 第 1805 行.
NOTIC: [8] Undefined variable: where /www/web/shtresearch/public_html/ThinkPHP/Library/Think/Model.class.php 第 1808 行.
NOTIC: [8] Undefined variable: where /www/web/shtresearch/public_html/ThinkPHP/Library/Think/Model.class.php 第 1816 行.
SQL: SELECT * FROM `help` ORDER BY id asc  [ RunTime:0.0001s ]
SQL: SHOW COLUMNS FROM `news` [ RunTime:0.0004s ]
NOTIC: [2] Missing argument 1 for Think\Model::where(), called in /www/web/shtresearch/public_html/Application/Home/Controller/IndexController.class.php on line 45 and defined /www/web/shtresearch/public_html/ThinkPHP/Library/Think/Model.class.php 第 1797 行.
NOTIC: [8] Undefined variable: where /www/web/shtresearch/public_html/ThinkPHP/Library/Think/Model.class.php 第 1805 行.
NOTIC: [8] Undefined variable: where /www/web/shtresearch/public_html/ThinkPHP/Library/Think/Model.class.php 第 1808 行.
NOTIC: [8] Undefined variable: where /www/web/shtresearch/public_html/ThinkPHP/Library/Think/Model.class.php 第 1816 行.
SQL: SELECT * FROM `news` ORDER BY time desc LIMIT 5   [ RunTime:0.0001s ]
ERR: 1146:Table 'shtresearch.news_top' doesn't exist
 [ SQL语句 ] : SHOW COLUMNS FROM `news_top`
ERR: 1146:Table 'shtresearch.news_top' doesn't exist
 [ SQL语句 ] : SHOW COLUMNS FROM `news_top`

[ 2017-07-13T10:24:59+08:00 ] 182.118.20.152 /
INFO: [ app_init ] --START--
INFO: Run Behavior\BuildLiteBehavior [ RunTime:0.000017s ]
INFO: [ app_init ] --END-- [ RunTime:0.000323s ]
INFO: [ app_begin ] --START--
INFO: Run Behavior\ReadHtmlCacheBehavior [ RunTime:0.000412s ]
INFO: [ app_begin ] --END-- [ RunTime:0.000477s ]
SQL: SHOW COLUMNS FROM `report_categories` [ RunTime:0.0005s ]
SQL: SELECT * FROM `report_categories` WHERE ( type_id=0 ) ORDER BY id asc  [ RunTime:0.0001s ]
SQL: SELECT * FROM `report_categories` WHERE ( type_id!=0 ) ORDER BY id asc  [ RunTime:0.0001s ]
SQL: SELECT * FROM `report_categories` WHERE ( type_id!=0 ) ORDER BY id asc  [ RunTime:0.0001s ]
SQL: SELECT * FROM `report_categories` WHERE `Id` = 2 LIMIT 1   [ RunTime:0.0001s ]
SQL: SHOW COLUMNS FROM `emph` [ RunTime:0.0003s ]
SQL: SELECT * FROM `emph` WHERE `id` = 1 LIMIT 1   [ RunTime:0.0001s ]
SQL: SELECT * FROM `emph` WHERE `id` = 2 LIMIT 1   [ RunTime:0.0000s ]
SQL: SELECT * FROM `emph` WHERE `id` = 3 LIMIT 1   [ RunTime:0.0001s ]
SQL: SELECT * FROM `emph` WHERE `id` = 4 LIMIT 1   [ RunTime:0.0000s ]
SQL: SHOW COLUMNS FROM `help` [ RunTime:0.0003s ]
NOTIC: [2] Missing argument 1 for Think\Model::where(), called in /www/web/shtresearch/public_html/Application/Home/Controller/IndexController.class.php on line 32 and defined /www/web/shtresearch/public_html/ThinkPHP/Library/Think/Model.class.php 第 1797 行.
NOTIC: [8] Undefined variable: where /www/web/shtresearch/public_html/ThinkPHP/Library/Think/Model.class.php 第 1805 行.
NOTIC: [8] Undefined variable: where /www/web/shtresearch/public_html/ThinkPHP/Library/Think/Model.class.php 第 1808 行.
NOTIC: [8] Undefined variable: where /www/web/shtresearch/public_html/ThinkPHP/Library/Think/Model.class.php 第 1816 行.
SQL: SELECT * FROM `help` ORDER BY id asc  [ RunTime:0.0001s ]
SQL: SHOW COLUMNS FROM `news` [ RunTime:0.0004s ]
NOTIC: [2] Missing argument 1 for Think\Model::where(), called in /www/web/shtresearch/public_html/Application/Home/Controller/IndexController.class.php on line 45 and defined /www/web/shtresearch/public_html/ThinkPHP/Library/Think/Model.class.php 第 1797 行.
NOTIC: [8] Undefined variable: where /www/web/shtresearch/public_html/ThinkPHP/Library/Think/Model.class.php 第 1805 行.
NOTIC: [8] Undefined variable: where /www/web/shtresearch/public_html/ThinkPHP/Library/Think/Model.class.php 第 1808 行.
NOTIC: [8] Undefined variable: where /www/web/shtresearch/public_html/ThinkPHP/Library/Think/Model.class.php 第 1816 行.
SQL: SELECT * FROM `news` ORDER BY time desc LIMIT 5   [ RunTime:0.0001s ]
ERR: 1146:Table 'shtresearch.news_top' doesn't exist
 [ SQL语句 ] : SHOW COLUMNS FROM `news_top`
ERR: 1146:Table 'shtresearch.news_top' doesn't exist
 [ SQL语句 ] : SHOW COLUMNS FROM `news_top`

[ 2017-07-13T10:24:59+08:00 ] 119.188.70.33 /
INFO: [ app_init ] --START--
INFO: Run Behavior\BuildLiteBehavior [ RunTime:0.000012s ]
INFO: [ app_init ] --END-- [ RunTime:0.000295s ]
INFO: [ app_begin ] --START--
INFO: Run Behavior\ReadHtmlCacheBehavior [ RunTime:0.000407s ]
INFO: [ app_begin ] --END-- [ RunTime:0.000448s ]
SQL: SHOW COLUMNS FROM `report_categories` [ RunTime:0.0005s ]
SQL: SELECT * FROM `report_categories` WHERE ( type_id=0 ) ORDER BY id asc  [ RunTime:0.0001s ]
SQL: SELECT * FROM `report_categories` WHERE ( type_id!=0 ) ORDER BY id asc  [ RunTime:0.0001s ]
SQL: SELECT * FROM `report_categories` WHERE ( type_id!=0 ) ORDER BY id asc  [ RunTime:0.0001s ]
SQL: SELECT * FROM `report_categories` WHERE `Id` = 2 LIMIT 1   [ RunTime:0.0001s ]
SQL: SHOW COLUMNS FROM `emph` [ RunTime:0.0003s ]
SQL: SELECT * FROM `emph` WHERE `id` = 1 LIMIT 1   [ RunTime:0.0001s ]
SQL: SELECT * FROM `emph` WHERE `id` = 2 LIMIT 1   [ RunTime:0.0001s ]
SQL: SELECT * FROM `emph` WHERE `id` = 3 LIMIT 1   [ RunTime:0.0000s ]
SQL: SELECT * FROM `emph` WHERE `id` = 4 LIMIT 1   [ RunTime:0.0001s ]
SQL: SHOW COLUMNS FROM `help` [ RunTime:0.0003s ]
NOTIC: [2] Missing argument 1 for Think\Model::where(), called in /www/web/shtresearch/public_html/Application/Home/Controller/IndexController.class.php on line 32 and defined /www/web/shtresearch/public_html/ThinkPHP/Library/Think/Model.class.php 第 1797 行.
NOTIC: [8] Undefined variable: where /www/web/shtresearch/public_html/ThinkPHP/Library/Think/Model.class.php 第 1805 行.
NOTIC: [8] Undefined variable: where /www/web/shtresearch/public_html/ThinkPHP/Library/Think/Model.class.php 第 1808 行.
NOTIC: [8] Undefined variable: where /www/web/shtresearch/public_html/ThinkPHP/Library/Think/Model.class.php 第 1816 行.
SQL: SELECT * FROM `help` ORDER BY id asc  [ RunTime:0.0001s ]
SQL: SHOW COLUMNS FROM `news` [ RunTime:0.0004s ]
NOTIC: [2] Missing argument 1 for Think\Model::where(), called in /www/web/shtresearch/public_html/Application/Home/Controller/IndexController.class.php on line 45 and defined /www/web/shtresearch/public_html/ThinkPHP/Library/Think/Model.class.php 第 1797 行.
NOTIC: [8] Undefined variable: where /www/web/shtresearch/public_html/ThinkPHP/Library/Think/Model.class.php 第 1805 行.
NOTIC: [8] Undefined variable: where /www/web/shtresearch/public_html/ThinkPHP/Library/Think/Model.class.php 第 1808 行.
NOTIC: [8] Undefined variable: where /www/web/shtresearch/public_html/ThinkPHP/Library/Think/Model.class.php 第 1816 行.
SQL: SELECT * FROM `news` ORDER BY time desc LIMIT 5   [ RunTime:0.0001s ]
ERR: 1146:Table 'shtresearch.news_top' doesn't exist
 [ SQL语句 ] : SHOW COLUMNS FROM `news_top`
ERR: 1146:Table 'shtresearch.news_top' doesn't exist
 [ SQL语句 ] : SHOW COLUMNS FROM `news_top`

[ 2017-07-13T14:51:13+08:00 ] 183.240.196.51 /
INFO: [ app_init ] --START--
INFO: Run Behavior\BuildLiteBehavior [ RunTime:0.000030s ]
INFO: [ app_init ] --END-- [ RunTime:0.000360s ]
INFO: [ app_begin ] --START--
INFO: Run Behavior\ReadHtmlCacheBehavior [ RunTime:0.000462s ]
INFO: [ app_begin ] --END-- [ RunTime:0.000502s ]
SQL: SHOW COLUMNS FROM `report_categories` [ RunTime:0.0005s ]
SQL: SELECT * FROM `report_categories` WHERE ( type_id=0 ) ORDER BY id asc  [ RunTime:0.0001s ]
SQL: SELECT * FROM `report_categories` WHERE ( type_id!=0 ) ORDER BY id asc  [ RunTime:0.0001s ]
SQL: SELECT * FROM `report_categories` WHERE ( type_id!=0 ) ORDER BY id asc  [ RunTime:0.0001s ]
SQL: SELECT * FROM `report_categories` WHERE `Id` = 2 LIMIT 1   [ RunTime:0.0001s ]
SQL: SHOW COLUMNS FROM `emph` [ RunTime:0.0003s ]
SQL: SELECT * FROM `emph` WHERE `id` = 1 LIMIT 1   [ RunTime:0.0001s ]
SQL: SELECT * FROM `emph` WHERE `id` = 2 LIMIT 1   [ RunTime:0.0001s ]
SQL: SELECT * FROM `emph` WHERE `id` = 3 LIMIT 1   [ RunTime:0.0001s ]
SQL: SELECT * FROM `emph` WHERE `id` = 4 LIMIT 1   [ RunTime:0.0000s ]
SQL: SHOW COLUMNS FROM `help` [ RunTime:0.0003s ]
NOTIC: [2] Missing argument 1 for Think\Model::where(), called in /www/web/shtresearch/public_html/Application/Home/Controller/IndexController.class.php on line 32 and defined /www/web/shtresearch/public_html/ThinkPHP/Library/Think/Model.class.php 第 1797 行.
NOTIC: [8] Undefined variable: where /www/web/shtresearch/public_html/ThinkPHP/Library/Think/Model.class.php 第 1805 行.
NOTIC: [8] Undefined variable: where /www/web/shtresearch/public_html/ThinkPHP/Library/Think/Model.class.php 第 1808 行.
NOTIC: [8] Undefined variable: where /www/web/shtresearch/public_html/ThinkPHP/Library/Think/Model.class.php 第 1816 行.
SQL: SELECT * FROM `help` ORDER BY id asc  [ RunTime:0.0001s ]
SQL: SHOW COLUMNS FROM `news` [ RunTime:0.0004s ]
NOTIC: [2] Missing argument 1 for Think\Model::where(), called in /www/web/shtresearch/public_html/Application/Home/Controller/IndexController.class.php on line 45 and defined /www/web/shtresearch/public_html/ThinkPHP/Library/Think/Model.class.php 第 1797 行.
NOTIC: [8] Undefined variable: where /www/web/shtresearch/public_html/ThinkPHP/Library/Think/Model.class.php 第 1805 行.
NOTIC: [8] Undefined variable: where /www/web/shtresearch/public_html/ThinkPHP/Library/Think/Model.class.php 第 1808 行.
NOTIC: [8] Undefined variable: where /www/web/shtresearch/public_html/ThinkPHP/Library/Think/Model.class.php 第 1816 行.
SQL: SELECT * FROM `news` ORDER BY time desc LIMIT 5   [ RunTime:0.0001s ]
ERR: 1146:Table 'shtresearch.news_top' doesn't exist
 [ SQL语句 ] : SHOW COLUMNS FROM `news_top`
ERR: 1146:Table 'shtresearch.news_top' doesn't exist
 [ SQL语句 ] : SHOW COLUMNS FROM `news_top`

[ 2017-07-13T17:26:25+08:00 ] 183.240.196.48 /
INFO: [ app_init ] --START--
INFO: Run Behavior\BuildLiteBehavior [ RunTime:0.000014s ]
INFO: [ app_init ] --END-- [ RunTime:0.000273s ]
INFO: [ app_begin ] --START--
INFO: Run Behavior\ReadHtmlCacheBehavior [ RunTime:0.000378s ]
INFO: [ app_begin ] --END-- [ RunTime:0.000418s ]
SQL: SHOW COLUMNS FROM `report_categories` [ RunTime:0.0005s ]
SQL: SELECT * FROM `report_categories` WHERE ( type_id=0 ) ORDER BY id asc  [ RunTime:0.0001s ]
SQL: SELECT * FROM `report_categories` WHERE ( type_id!=0 ) ORDER BY id asc  [ RunTime:0.0001s ]
SQL: SELECT * FROM `report_categories` WHERE ( type_id!=0 ) ORDER BY id asc  [ RunTime:0.0001s ]
SQL: SELECT * FROM `report_categories` WHERE `Id` = 2 LIMIT 1   [ RunTime:0.0001s ]
SQL: SHOW COLUMNS FROM `emph` [ RunTime:0.0003s ]
SQL: SELECT * FROM `emph` WHERE `id` = 1 LIMIT 1   [ RunTime:0.0001s ]
SQL: SELECT * FROM `emph` WHERE `id` = 2 LIMIT 1   [ RunTime:0.0000s ]
SQL: SELECT * FROM `emph` WHERE `id` = 3 LIMIT 1   [ RunTime:0.0000s ]
SQL: SELECT * FROM `emph` WHERE `id` = 4 LIMIT 1   [ RunTime:0.0001s ]
SQL: SHOW COLUMNS FROM `help` [ RunTime:0.0003s ]
NOTIC: [2] Missing argument 1 for Think\Model::where(), called in /www/web/shtresearch/public_html/Application/Home/Controller/IndexController.class.php on line 32 and defined /www/web/shtresearch/public_html/ThinkPHP/Library/Think/Model.class.php 第 1797 行.
NOTIC: [8] Undefined variable: where /www/web/shtresearch/public_html/ThinkPHP/Library/Think/Model.class.php 第 1805 行.
NOTIC: [8] Undefined variable: where /www/web/shtresearch/public_html/ThinkPHP/Library/Think/Model.class.php 第 1808 行.
NOTIC: [8] Undefined variable: where /www/web/shtresearch/public_html/ThinkPHP/Library/Think/Model.class.php 第 1816 行.
SQL: SELECT * FROM `help` ORDER BY id asc  [ RunTime:0.0001s ]
SQL: SHOW COLUMNS FROM `news` [ RunTime:0.0004s ]
NOTIC: [2] Missing argument 1 for Think\Model::where(), called in /www/web/shtresearch/public_html/Application/Home/Controller/IndexController.class.php on line 45 and defined /www/web/shtresearch/public_html/ThinkPHP/Library/Think/Model.class.php 第 1797 行.
NOTIC: [8] Undefined variable: where /www/web/shtresearch/public_html/ThinkPHP/Library/Think/Model.class.php 第 1805 行.
NOTIC: [8] Undefined variable: where /www/web/shtresearch/public_html/ThinkPHP/Library/Think/Model.class.php 第 1808 行.
NOTIC: [8] Undefined variable: where /www/web/shtresearch/public_html/ThinkPHP/Library/Think/Model.class.php 第 1816 行.
SQL: SELECT * FROM `news` ORDER BY time desc LIMIT 5   [ RunTime:0.0001s ]
ERR: 1146:Table 'shtresearch.news_top' doesn't exist
 [ SQL语句 ] : SHOW COLUMNS FROM `news_top`
ERR: 1146:Table 'shtresearch.news_top' doesn't exist
 [ SQL语句 ] : SHOW COLUMNS FROM `news_top`

