[ 2017-11-04T17:57:28+08:00 ] ::1 /zjtr/
INFO: [ app_init ] --START--
INFO: Run Behavior\BuildLiteBehavior [ RunTime:0.000026s ]
INFO: [ app_init ] --END-- [ RunTime:0.001221s ]
INFO: [ app_begin ] --START--
INFO: Run Behavior\ReadHtmlCacheBehavior [ RunTime:0.001089s ]
INFO: [ app_begin ] --END-- [ RunTime:0.001160s ]
SQL: SHOW COLUMNS FROM `report_categories` [ RunTime:0.0777s ]
SQL: SELECT * FROM `report_categories` WHERE ( type_id=0 and web=1 ) ORDER BY id asc  [ RunTime:0.0243s ]
SQL: SELECT * FROM `report_categories` WHERE ( type_id!=0 and web=1 ) ORDER BY id asc  [ RunTime:0.0017s ]
SQL: SHOW COLUMNS FROM `banner` [ RunTime:0.0205s ]
SQL: SELECT * FROM `banner` WHERE ( web=1 )  [ RunTime:0.0008s ]
SQL: SHOW COLUMNS FROM `emph` [ RunTime:0.0341s ]
SQL: SELECT * FROM `emph` LIMIT 1   [ RunTime:0.0009s ]
SQL: SELECT * FROM `report_categories` WHERE ( ix=1 ) ORDER BY px asc  [ RunTime:0.0012s ]
INFO: [ view_parse ] --START--
INFO: [ template_filter ] --START--
INFO: Run Behavior\ContentReplaceBehavior [ RunTime:0.000145s ]
INFO: [ template_filter ] --END-- [ RunTime:0.000248s ]
NOTIC: [8] Undefined index: er D:\phpStudy\WWW\zjtr\Application\Runtime\Cache\Home\2a94b8bda04ff446dcedd42276fc99ee.php 第 31 行.
NOTIC: [8] Undefined index: er D:\phpStudy\WWW\zjtr\Application\Runtime\Cache\Home\2a94b8bda04ff446dcedd42276fc99ee.php 第 31 行.
INFO: Run Behavior\ParseTemplateBehavior [ RunTime:0.073772s ]
INFO: [ view_parse ] --END-- [ RunTime:0.073871s ]
INFO: [ view_filter ] --START--
INFO: Run Behavior\WriteHtmlCacheBehavior [ RunTime:0.000954s ]
INFO: [ view_filter ] --END-- [ RunTime:0.001016s ]
INFO: [ app_end ] --START--
INFO: Run Behavior\ShowPageTraceBehavior [ RunTime:0.001962s ]
INFO: [ app_end ] --END-- [ RunTime:0.002063s ]

[ 2017-11-04T17:57:36+08:00 ] ::1 /zjtr/Home/Mall/index?active=5
INFO: [ app_init ] --START--
INFO: Run Behavior\BuildLiteBehavior [ RunTime:0.000016s ]
INFO: [ app_init ] --END-- [ RunTime:0.000437s ]
INFO: [ app_begin ] --START--
INFO: Run Behavior\ReadHtmlCacheBehavior [ RunTime:0.001201s ]
INFO: [ app_begin ] --END-- [ RunTime:0.001290s ]
SQL: SHOW COLUMNS FROM `report_categories` [ RunTime:0.1469s ]
SQL: SELECT * FROM `report_categories` WHERE ( type_id=0 and web=2 ) ORDER BY id asc LIMIT 6   [ RunTime:0.0015s ]
SQL: SELECT * FROM `report_categories` WHERE ( type_id=0 and web=2 and ix=2 ) ORDER BY id asc LIMIT 6   [ RunTime:0.0012s ]
SQL: SELECT * FROM `report_categories` WHERE ( type_id!=0 and web=2 ) ORDER BY id asc  [ RunTime:0.0015s ]
SQL: SHOW COLUMNS FROM `emph` [ RunTime:0.0118s ]
SQL: SELECT * FROM `emph` LIMIT 1   [ RunTime:0.0011s ]
SQL: SHOW COLUMNS FROM `shopcart` [ RunTime:1.2336s ]
NOTIC: [8] Undefined index: zjtr_id D:\phpStudy\WWW\zjtr\Application\Home\Controller\PublicController.class.php 第 77 行.
SQL: SELECT COUNT(*) AS tp_count FROM `shopcart` WHERE `l_id` = 0 AND `cook` = 'f1u3gpfspa9k3btuna2ve4l1j2' LIMIT 1   [ RunTime:0.3185s ]
SQL: SHOW COLUMNS FROM `new_x` [ RunTime:0.2955s ]
SQL: SELECT * FROM `new_x` WHERE ( n_type=35 ) LIMIT 3   [ RunTime:0.4669s ]
SQL: SELECT * FROM `new_x` WHERE ( n_type=41 ) ORDER BY time desc LIMIT 6   [ RunTime:0.0016s ]
SQL: SHOW COLUMNS FROM `banner` [ RunTime:0.0078s ]
SQL: SELECT * FROM `banner` WHERE ( web=3 )  [ RunTime:0.0008s ]
INFO: [ view_parse ] --START--
INFO: [ template_filter ] --START--
INFO: Run Behavior\ContentReplaceBehavior [ RunTime:0.000223s ]
INFO: [ template_filter ] --END-- [ RunTime:0.000508s ]
NOTIC: [8] Undefined index: zjtr_id D:\phpStudy\WWW\zjtr\Application\Runtime\Cache\Home\859ac05ab42bf124173f06e7cce2b592.php 第 67 行.
NOTIC: [8] Undefined index: data D:\phpStudy\WWW\zjtr\Application\Runtime\Cache\Home\859ac05ab42bf124173f06e7cce2b592.php 第 158 行.
NOTIC: [8] Undefined variable: wd D:\phpStudy\WWW\zjtr\Application\Runtime\Cache\Home\859ac05ab42bf124173f06e7cce2b592.php 第 164 行.
NOTIC: [8] Undefined variable: gwc D:\phpStudy\WWW\zjtr\Application\Runtime\Cache\Home\859ac05ab42bf124173f06e7cce2b592.php 第 169 行.
NOTIC: [8] Use of undefined constant utf8 - assumed 'utf8' D:\phpStudy\WWW\zjtr\Application\Runtime\Cache\Home\859ac05ab42bf124173f06e7cce2b592.php 第 551 行.
NOTIC: [8] Use of undefined constant utf8 - assumed 'utf8' D:\phpStudy\WWW\zjtr\Application\Runtime\Cache\Home\859ac05ab42bf124173f06e7cce2b592.php 第 551 行.
NOTIC: [8] Use of undefined constant utf8 - assumed 'utf8' D:\phpStudy\WWW\zjtr\Application\Runtime\Cache\Home\859ac05ab42bf124173f06e7cce2b592.php 第 551 行.
NOTIC: [8] Use of undefined constant utf8 - assumed 'utf8' D:\phpStudy\WWW\zjtr\Application\Runtime\Cache\Home\859ac05ab42bf124173f06e7cce2b592.php 第 551 行.
NOTIC: [8] Use of undefined constant utf8 - assumed 'utf8' D:\phpStudy\WWW\zjtr\Application\Runtime\Cache\Home\859ac05ab42bf124173f06e7cce2b592.php 第 551 行.
NOTIC: [8] Use of undefined constant utf8 - assumed 'utf8' D:\phpStudy\WWW\zjtr\Application\Runtime\Cache\Home\859ac05ab42bf124173f06e7cce2b592.php 第 551 行.
INFO: Run Behavior\ParseTemplateBehavior [ RunTime:0.751372s ]
INFO: [ view_parse ] --END-- [ RunTime:0.751482s ]
INFO: [ view_filter ] --START--
INFO: Run Behavior\WriteHtmlCacheBehavior [ RunTime:0.000638s ]
INFO: [ view_filter ] --END-- [ RunTime:0.000723s ]
INFO: [ app_end ] --START--
INFO: Run Behavior\ShowPageTraceBehavior [ RunTime:0.001331s ]
INFO: [ app_end ] --END-- [ RunTime:0.001475s ]

[ 2017-11-04T17:57:36+08:00 ] ::1 /zjtr/Home/images/qbfl.png
INFO: [ app_init ] --START--
INFO: Run Behavior\BuildLiteBehavior [ RunTime:0.000015s ]
INFO: [ app_init ] --END-- [ RunTime:0.000356s ]

[ 2017-11-04T17:57:42+08:00 ] ::1 /zjtr/Home/Mall/login
INFO: [ app_init ] --START--
INFO: Run Behavior\BuildLiteBehavior [ RunTime:0.000073s ]
INFO: [ app_init ] --END-- [ RunTime:0.001160s ]
INFO: [ app_begin ] --START--
INFO: Run Behavior\ReadHtmlCacheBehavior [ RunTime:0.000705s ]
INFO: [ app_begin ] --END-- [ RunTime:0.000766s ]
NOTIC: [8] Undefined index: zjtr_id D:\phpStudy\WWW\zjtr\Application\Home\Controller\MallController.class.php 第 18 行.
NOTIC: [8] Undefined index: sub D:\phpStudy\WWW\zjtr\Application\Home\Controller\MallController.class.php 第 244 行.
INFO: [ view_parse ] --START--
INFO: [ template_filter ] --START--
INFO: Run Behavior\ContentReplaceBehavior [ RunTime:0.000198s ]
INFO: [ template_filter ] --END-- [ RunTime:0.000424s ]
NOTIC: [8] Undefined index: zjtr_id D:\phpStudy\WWW\zjtr\Application\Runtime\Cache\Home\171dba524f89975ac472b6f67c741e70.php 第 67 行.
INFO: Run Behavior\ParseTemplateBehavior [ RunTime:0.288218s ]
INFO: [ view_parse ] --END-- [ RunTime:0.288386s ]
INFO: [ view_filter ] --START--
INFO: Run Behavior\WriteHtmlCacheBehavior [ RunTime:0.001162s ]
INFO: [ view_filter ] --END-- [ RunTime:0.001290s ]
INFO: [ app_end ] --START--
INFO: Run Behavior\ShowPageTraceBehavior [ RunTime:0.001153s ]
INFO: [ app_end ] --END-- [ RunTime:0.001243s ]

[ 2017-11-04T17:57:50+08:00 ] ::1 /zjtr/Home/Mall/login
INFO: [ app_init ] --START--
INFO: Run Behavior\BuildLiteBehavior [ RunTime:0.000016s ]
INFO: [ app_init ] --END-- [ RunTime:0.000363s ]
INFO: [ app_begin ] --START--
INFO: Run Behavior\ReadHtmlCacheBehavior [ RunTime:0.000670s ]
INFO: [ app_begin ] --END-- [ RunTime:0.000736s ]
NOTIC: [8] Undefined index: zjtr_id D:\phpStudy\WWW\zjtr\Application\Home\Controller\MallController.class.php 第 18 行.
SQL: SHOW COLUMNS FROM `user` [ RunTime:0.0684s ]
NOTIC: [8] Undefined index: validate D:\phpStudy\WWW\zjtr\ThinkPHP\Library\Think\Model.class.php 第 1185 行.
NOTIC: [8] Undefined index: auto D:\phpStudy\WWW\zjtr\ThinkPHP\Library\Think\Model.class.php 第 1128 行.
SQL: SELECT * FROM `user` WHERE `Name` = '111111' AND `Pass` = 'e10adc3949ba59abbe56e057f20f883e' LIMIT 1   [ RunTime:0.0013s ]
INFO: [ app_end ] --START--
INFO: Run Behavior\ShowPageTraceBehavior [ RunTime:0.002307s ]
INFO: [ app_end ] --END-- [ RunTime:0.002487s ]

[ 2017-11-04T17:57:51+08:00 ] ::1 /zjtr/Home/Mall/login
INFO: [ app_init ] --START--
INFO: Run Behavior\BuildLiteBehavior [ RunTime:0.000038s ]
INFO: [ app_init ] --END-- [ RunTime:0.000383s ]
INFO: [ app_begin ] --START--
INFO: Run Behavior\ReadHtmlCacheBehavior [ RunTime:0.000689s ]
INFO: [ app_begin ] --END-- [ RunTime:0.000768s ]
NOTIC: [8] Undefined index: zjtr_id D:\phpStudy\WWW\zjtr\Application\Home\Controller\MallController.class.php 第 18 行.
NOTIC: [8] Undefined index: sub D:\phpStudy\WWW\zjtr\Application\Home\Controller\MallController.class.php 第 244 行.
INFO: [ view_parse ] --START--
INFO: [ template_filter ] --START--
INFO: Run Behavior\ContentReplaceBehavior [ RunTime:0.000073s ]
INFO: [ template_filter ] --END-- [ RunTime:0.000136s ]
NOTIC: [8] Undefined index: zjtr_id D:\phpStudy\WWW\zjtr\Application\Runtime\Cache\Home\171dba524f89975ac472b6f67c741e70.php 第 67 行.
INFO: Run Behavior\ParseTemplateBehavior [ RunTime:0.009518s ]
INFO: [ view_parse ] --END-- [ RunTime:0.009594s ]
INFO: [ view_filter ] --START--
INFO: Run Behavior\WriteHtmlCacheBehavior [ RunTime:0.000692s ]
INFO: [ view_filter ] --END-- [ RunTime:0.000893s ]
INFO: [ app_end ] --START--
INFO: Run Behavior\ShowPageTraceBehavior [ RunTime:0.000687s ]
INFO: [ app_end ] --END-- [ RunTime:0.000740s ]

[ 2017-11-04T17:57:55+08:00 ] ::1 /zjtr/Home/Mall/register
INFO: [ app_init ] --START--
INFO: Run Behavior\BuildLiteBehavior [ RunTime:0.000025s ]
INFO: [ app_init ] --END-- [ RunTime:0.000548s ]
INFO: [ app_begin ] --START--
INFO: Run Behavior\ReadHtmlCacheBehavior [ RunTime:0.001140s ]
INFO: [ app_begin ] --END-- [ RunTime:0.001291s ]
NOTIC: [8] Undefined index: zjtr_id D:\phpStudy\WWW\zjtr\Application\Home\Controller\MallController.class.php 第 18 行.
NOTIC: [8] Undefined index: sub D:\phpStudy\WWW\zjtr\Application\Home\Controller\MallController.class.php 第 269 行.
INFO: [ view_parse ] --START--
INFO: [ template_filter ] --START--
INFO: Run Behavior\ContentReplaceBehavior [ RunTime:0.000093s ]
INFO: [ template_filter ] --END-- [ RunTime:0.000180s ]
NOTIC: [8] Undefined index: zjtr_id D:\phpStudy\WWW\zjtr\Application\Runtime\Cache\Home\1098faa98378865b52042ace6c6549fd.php 第 67 行.
INFO: Run Behavior\ParseTemplateBehavior [ RunTime:0.037098s ]
INFO: [ view_parse ] --END-- [ RunTime:0.037177s ]
INFO: [ view_filter ] --START--
INFO: Run Behavior\WriteHtmlCacheBehavior [ RunTime:0.000730s ]
INFO: [ view_filter ] --END-- [ RunTime:0.000787s ]
INFO: [ app_end ] --START--
INFO: Run Behavior\ShowPageTraceBehavior [ RunTime:0.000786s ]
INFO: [ app_end ] --END-- [ RunTime:0.000869s ]

[ 2017-11-04T17:58:09+08:00 ] ::1 /zjtr/Home/Mall/register
INFO: [ app_init ] --START--
INFO: Run Behavior\BuildLiteBehavior [ RunTime:0.000015s ]
INFO: [ app_init ] --END-- [ RunTime:0.000342s ]
INFO: [ app_begin ] --START--
INFO: Run Behavior\ReadHtmlCacheBehavior [ RunTime:0.000648s ]
INFO: [ app_begin ] --END-- [ RunTime:0.000710s ]
NOTIC: [8] Undefined index: zjtr_id D:\phpStudy\WWW\zjtr\Application\Home\Controller\MallController.class.php 第 18 行.
SQL: SHOW COLUMNS FROM `user` [ RunTime:0.0170s ]
NOTIC: [8] Undefined index: validate D:\phpStudy\WWW\zjtr\ThinkPHP\Library\Think\Model.class.php 第 1185 行.
NOTIC: [8] Undefined index: auto D:\phpStudy\WWW\zjtr\ThinkPHP\Library\Think\Model.class.php 第 1128 行.
SQL: SELECT * FROM `user` WHERE ( Name='123123' ) LIMIT 1   [ RunTime:0.0020s ]
SQL: INSERT INTO `user` (`Name`,`Pass`,`Phone`) VALUES ('123123','4297f44b13955235245b2497399d7a93','17600308451') [ RunTime:0.0437s ]
SQL: SELECT * FROM `user` WHERE ( Name='123123' and Pass='4297f44b13955235245b2497399d7a93' ) LIMIT 1   [ RunTime:0.0010s ]
INFO: [ app_end ] --START--
INFO: Run Behavior\ShowPageTraceBehavior [ RunTime:0.001634s ]
INFO: [ app_end ] --END-- [ RunTime:0.001773s ]

[ 2017-11-04T17:58:12+08:00 ] ::1 /zjtr/Home/Mall/index
INFO: [ app_init ] --START--
INFO: Run Behavior\BuildLiteBehavior [ RunTime:0.000030s ]
INFO: [ app_init ] --END-- [ RunTime:0.001229s ]
INFO: [ app_begin ] --START--
INFO: Run Behavior\ReadHtmlCacheBehavior [ RunTime:0.000758s ]
INFO: [ app_begin ] --END-- [ RunTime:0.000853s ]
SQL: SHOW COLUMNS FROM `report_categories` [ RunTime:0.0113s ]
SQL: SELECT * FROM `report_categories` WHERE ( type_id=0 and web=2 ) ORDER BY id asc LIMIT 6   [ RunTime:0.0015s ]
SQL: SELECT * FROM `report_categories` WHERE ( type_id=0 and web=2 and ix=2 ) ORDER BY id asc LIMIT 6   [ RunTime:0.0013s ]
SQL: SELECT * FROM `report_categories` WHERE ( type_id!=0 and web=2 ) ORDER BY id asc  [ RunTime:0.0013s ]
SQL: SHOW COLUMNS FROM `emph` [ RunTime:0.0092s ]
SQL: SELECT * FROM `emph` LIMIT 1   [ RunTime:0.0011s ]
SQL: SHOW COLUMNS FROM `shopcart` [ RunTime:0.0055s ]
SQL: SELECT * FROM `shopcart` WHERE `cook` = 'f1u3gpfspa9k3btuna2ve4l1j2'  [ RunTime:0.0006s ]
SQL: SELECT COUNT(*) AS tp_count FROM `shopcart` WHERE `l_id` = 7 LIMIT 1   [ RunTime:0.0006s ]
SQL: SHOW COLUMNS FROM `new_x` [ RunTime:0.0059s ]
SQL: SELECT * FROM `new_x` WHERE ( n_type=35 ) LIMIT 3   [ RunTime:0.0007s ]
SQL: SELECT * FROM `new_x` WHERE ( n_type=41 ) ORDER BY time desc LIMIT 6   [ RunTime:0.0007s ]
SQL: SHOW COLUMNS FROM `banner` [ RunTime:0.0053s ]
SQL: SELECT * FROM `banner` WHERE ( web=3 )  [ RunTime:0.0005s ]
INFO: [ view_parse ] --START--
INFO: [ template_filter ] --START--
INFO: Run Behavior\ContentReplaceBehavior [ RunTime:0.000148s ]
INFO: [ template_filter ] --END-- [ RunTime:0.000217s ]
NOTIC: [8] Undefined index: data D:\phpStudy\WWW\zjtr\Application\Runtime\Cache\Home\859ac05ab42bf124173f06e7cce2b592.php 第 158 行.
NOTIC: [8] Undefined variable: wd D:\phpStudy\WWW\zjtr\Application\Runtime\Cache\Home\859ac05ab42bf124173f06e7cce2b592.php 第 164 行.
NOTIC: [8] Undefined variable: gwc D:\phpStudy\WWW\zjtr\Application\Runtime\Cache\Home\859ac05ab42bf124173f06e7cce2b592.php 第 169 行.
NOTIC: [8] Use of undefined constant utf8 - assumed 'utf8' D:\phpStudy\WWW\zjtr\Application\Runtime\Cache\Home\859ac05ab42bf124173f06e7cce2b592.php 第 551 行.
NOTIC: [8] Use of undefined constant utf8 - assumed 'utf8' D:\phpStudy\WWW\zjtr\Application\Runtime\Cache\Home\859ac05ab42bf124173f06e7cce2b592.php 第 551 行.
NOTIC: [8] Use of undefined constant utf8 - assumed 'utf8' D:\phpStudy\WWW\zjtr\Application\Runtime\Cache\Home\859ac05ab42bf124173f06e7cce2b592.php 第 551 行.
NOTIC: [8] Use of undefined constant utf8 - assumed 'utf8' D:\phpStudy\WWW\zjtr\Application\Runtime\Cache\Home\859ac05ab42bf124173f06e7cce2b592.php 第 551 行.
NOTIC: [8] Use of undefined constant utf8 - assumed 'utf8' D:\phpStudy\WWW\zjtr\Application\Runtime\Cache\Home\859ac05ab42bf124173f06e7cce2b592.php 第 551 行.
NOTIC: [8] Use of undefined constant utf8 - assumed 'utf8' D:\phpStudy\WWW\zjtr\Application\Runtime\Cache\Home\859ac05ab42bf124173f06e7cce2b592.php 第 551 行.
INFO: Run Behavior\ParseTemplateBehavior [ RunTime:0.019571s ]
INFO: [ view_parse ] --END-- [ RunTime:0.019640s ]
INFO: [ view_filter ] --START--
INFO: Run Behavior\WriteHtmlCacheBehavior [ RunTime:0.000461s ]
INFO: [ view_filter ] --END-- [ RunTime:0.000512s ]
INFO: [ app_end ] --START--
INFO: Run Behavior\ShowPageTraceBehavior [ RunTime:0.001357s ]
INFO: [ app_end ] --END-- [ RunTime:0.001459s ]

[ 2017-11-04T17:58:12+08:00 ] ::1 /zjtr/Home/images/qbfl.png
INFO: [ app_init ] --START--
INFO: Run Behavior\BuildLiteBehavior [ RunTime:0.000024s ]
INFO: [ app_init ] --END-- [ RunTime:0.000593s ]

[ 2017-11-04T17:58:19+08:00 ] ::1 /zjtr/Home/My/index
INFO: [ app_init ] --START--
INFO: Run Behavior\BuildLiteBehavior [ RunTime:0.000015s ]
INFO: [ app_init ] --END-- [ RunTime:0.000329s ]
INFO: [ app_begin ] --START--
INFO: Run Behavior\ReadHtmlCacheBehavior [ RunTime:0.001125s ]
INFO: [ app_begin ] --END-- [ RunTime:0.001240s ]
SQL: SHOW COLUMNS FROM `report_categories` [ RunTime:0.0096s ]
SQL: SELECT * FROM `report_categories` WHERE ( type_id=0 and web=2 ) ORDER BY id asc LIMIT 6   [ RunTime:0.0017s ]
SQL: SELECT * FROM `report_categories` WHERE ( type_id=0 and web=2 and ix=2 ) ORDER BY id asc LIMIT 6   [ RunTime:0.0014s ]
SQL: SELECT * FROM `report_categories` WHERE ( type_id!=0 and web=2 ) ORDER BY id asc  [ RunTime:0.0017s ]
SQL: SHOW COLUMNS FROM `emph` [ RunTime:0.0057s ]
SQL: SELECT * FROM `emph` LIMIT 1   [ RunTime:0.0005s ]
SQL: SHOW COLUMNS FROM `new_x` [ RunTime:0.0052s ]
SQL: SELECT * FROM `new_x` LIMIT 4   [ RunTime:0.0006s ]
SQL: SHOW COLUMNS FROM `user` [ RunTime:0.0058s ]
SQL: SELECT * FROM `user` WHERE `Id` = 7 LIMIT 1   [ RunTime:0.0005s ]
SQL: SHOW COLUMNS FROM `address` [ RunTime:0.1488s ]
SQL: SELECT * FROM `address` WHERE ( a_user=7 )  [ RunTime:0.0011s ]
INFO: [ view_parse ] --START--
INFO: [ template_filter ] --START--
INFO: Run Behavior\ContentReplaceBehavior [ RunTime:0.000358s ]
INFO: [ template_filter ] --END-- [ RunTime:0.000489s ]
NOTIC: [8] Undefined index: data D:\phpStudy\WWW\zjtr\Application\Runtime\Cache\Home\3375be4febe9bbf400c079f5f448465c.php 第 159 行.
NOTIC: [8] Undefined variable: gwc D:\phpStudy\WWW\zjtr\Application\Runtime\Cache\Home\3375be4febe9bbf400c079f5f448465c.php 第 170 行.
NOTIC: [8] Undefined variable: tishi D:\phpStudy\WWW\zjtr\Application\Runtime\Cache\Home\3375be4febe9bbf400c079f5f448465c.php 第 173 行.
NOTIC: [8] Undefined variable: n D:\phpStudy\WWW\zjtr\Application\Runtime\Cache\Home\3375be4febe9bbf400c079f5f448465c.php 第 264 行.
NOTIC: [8] Undefined variable: n D:\phpStudy\WWW\zjtr\Application\Runtime\Cache\Home\3375be4febe9bbf400c079f5f448465c.php 第 264 行.
NOTIC: [8] Undefined variable: n D:\phpStudy\WWW\zjtr\Application\Runtime\Cache\Home\3375be4febe9bbf400c079f5f448465c.php 第 264 行.
NOTIC: [8] Undefined variable: n D:\phpStudy\WWW\zjtr\Application\Runtime\Cache\Home\3375be4febe9bbf400c079f5f448465c.php 第 264 行.
NOTIC: [8] Undefined variable: n D:\phpStudy\WWW\zjtr\Application\Runtime\Cache\Home\3375be4febe9bbf400c079f5f448465c.php 第 264 行.
NOTIC: [8] Undefined variable: n D:\phpStudy\WWW\zjtr\Application\Runtime\Cache\Home\3375be4febe9bbf400c079f5f448465c.php 第 264 行.
NOTIC: [8] Undefined variable: r D:\phpStudy\WWW\zjtr\Application\Runtime\Cache\Home\3375be4febe9bbf400c079f5f448465c.php 第 698 行.
NOTIC: [8] Undefined variable: r D:\phpStudy\WWW\zjtr\Application\Runtime\Cache\Home\3375be4febe9bbf400c079f5f448465c.php 第 698 行.
NOTIC: [8] Undefined variable: r D:\phpStudy\WWW\zjtr\Application\Runtime\Cache\Home\3375be4febe9bbf400c079f5f448465c.php 第 698 行.
NOTIC: [8] Undefined variable: r D:\phpStudy\WWW\zjtr\Application\Runtime\Cache\Home\3375be4febe9bbf400c079f5f448465c.php 第 698 行.
INFO: Run Behavior\ParseTemplateBehavior [ RunTime:0.176213s ]
INFO: [ view_parse ] --END-- [ RunTime:0.176377s ]
INFO: [ view_filter ] --START--
INFO: Run Behavior\WriteHtmlCacheBehavior [ RunTime:0.001031s ]
INFO: [ view_filter ] --END-- [ RunTime:0.001138s ]
INFO: [ app_end ] --START--
INFO: Run Behavior\ShowPageTraceBehavior [ RunTime:0.003347s ]
INFO: [ app_end ] --END-- [ RunTime:0.003529s ]

[ 2017-11-04T17:58:20+08:00 ] ::1 /zjtr/Home/images/qbfl.png
INFO: [ app_init ] --START--
INFO: Run Behavior\BuildLiteBehavior [ RunTime:0.000023s ]
INFO: [ app_init ] --END-- [ RunTime:0.000496s ]

[ 2017-11-04T17:58:22+08:00 ] ::1 /zjtr/Home/My/order
INFO: [ app_init ] --START--
INFO: Run Behavior\BuildLiteBehavior [ RunTime:0.000015s ]
INFO: [ app_init ] --END-- [ RunTime:0.000358s ]
INFO: [ app_begin ] --START--
INFO: Run Behavior\ReadHtmlCacheBehavior [ RunTime:0.000631s ]
INFO: [ app_begin ] --END-- [ RunTime:0.000715s ]
SQL: SHOW COLUMNS FROM `report_categories` [ RunTime:0.0071s ]
SQL: SELECT * FROM `report_categories` WHERE ( type_id=0 and web=2 ) ORDER BY id asc LIMIT 6   [ RunTime:0.0026s ]
SQL: SELECT * FROM `report_categories` WHERE ( type_id=0 and web=2 and ix=2 ) ORDER BY id asc LIMIT 6   [ RunTime:0.0009s ]
SQL: SELECT * FROM `report_categories` WHERE ( type_id!=0 and web=2 ) ORDER BY id asc  [ RunTime:0.0012s ]
SQL: SHOW COLUMNS FROM `emph` [ RunTime:0.0068s ]
SQL: SELECT * FROM `emph` LIMIT 1   [ RunTime:0.0005s ]
SQL: SHOW COLUMNS FROM `new_x` [ RunTime:0.0075s ]
SQL: SELECT * FROM `new_x` LIMIT 4   [ RunTime:0.0008s ]

[ 2017-11-04T17:58:32+08:00 ] ::1 /zjtr/Home/My/order
INFO: [ app_init ] --START--
INFO: Run Behavior\BuildLiteBehavior [ RunTime:0.000015s ]
INFO: [ app_init ] --END-- [ RunTime:0.000362s ]
INFO: [ app_begin ] --START--
INFO: Run Behavior\ReadHtmlCacheBehavior [ RunTime:0.000583s ]
INFO: [ app_begin ] --END-- [ RunTime:0.000641s ]
SQL: SHOW COLUMNS FROM `report_categories` [ RunTime:0.0069s ]
SQL: SELECT * FROM `report_categories` WHERE ( type_id=0 and web=2 ) ORDER BY id asc LIMIT 6   [ RunTime:0.0009s ]
SQL: SELECT * FROM `report_categories` WHERE ( type_id=0 and web=2 and ix=2 ) ORDER BY id asc LIMIT 6   [ RunTime:0.0011s ]
SQL: SELECT * FROM `report_categories` WHERE ( type_id!=0 and web=2 ) ORDER BY id asc  [ RunTime:0.0011s ]
SQL: SHOW COLUMNS FROM `emph` [ RunTime:0.0051s ]
SQL: SELECT * FROM `emph` LIMIT 1   [ RunTime:0.0005s ]
SQL: SHOW COLUMNS FROM `new_x` [ RunTime:0.0060s ]
SQL: SELECT * FROM `new_x` LIMIT 4   [ RunTime:0.0005s ]
SQL: SHOW COLUMNS FROM `transaction_information` [ RunTime:0.0549s ]
SQL: SELECT * FROM `transaction_information` WHERE ( name=123123 )  [ RunTime:0.0054s ]
INFO: [ view_parse ] --START--
INFO: [ template_filter ] --START--
INFO: Run Behavior\ContentReplaceBehavior [ RunTime:0.000234s ]
INFO: [ template_filter ] --END-- [ RunTime:0.000329s ]
NOTIC: [8] Undefined index: data D:\phpStudy\WWW\zjtr\Application\Runtime\Cache\Home\ea3cb4e52aec07a4b905ed1b6daab2b0.php 第 159 行.
NOTIC: [8] Undefined variable: gwc D:\phpStudy\WWW\zjtr\Application\Runtime\Cache\Home\ea3cb4e52aec07a4b905ed1b6daab2b0.php 第 170 行.
NOTIC: [8] Undefined variable: tishi D:\phpStudy\WWW\zjtr\Application\Runtime\Cache\Home\ea3cb4e52aec07a4b905ed1b6daab2b0.php 第 173 行.
NOTIC: [8] Undefined variable: n D:\phpStudy\WWW\zjtr\Application\Runtime\Cache\Home\ea3cb4e52aec07a4b905ed1b6daab2b0.php 第 264 行.
NOTIC: [8] Undefined variable: n D:\phpStudy\WWW\zjtr\Application\Runtime\Cache\Home\ea3cb4e52aec07a4b905ed1b6daab2b0.php 第 264 行.
NOTIC: [8] Undefined variable: n D:\phpStudy\WWW\zjtr\Application\Runtime\Cache\Home\ea3cb4e52aec07a4b905ed1b6daab2b0.php 第 264 行.
NOTIC: [8] Undefined variable: n D:\phpStudy\WWW\zjtr\Application\Runtime\Cache\Home\ea3cb4e52aec07a4b905ed1b6daab2b0.php 第 264 行.
NOTIC: [8] Undefined variable: n D:\phpStudy\WWW\zjtr\Application\Runtime\Cache\Home\ea3cb4e52aec07a4b905ed1b6daab2b0.php 第 264 行.
NOTIC: [8] Undefined variable: n D:\phpStudy\WWW\zjtr\Application\Runtime\Cache\Home\ea3cb4e52aec07a4b905ed1b6daab2b0.php 第 264 行.
NOTIC: [8] Undefined variable: r D:\phpStudy\WWW\zjtr\Application\Runtime\Cache\Home\ea3cb4e52aec07a4b905ed1b6daab2b0.php 第 581 行.
NOTIC: [8] Undefined variable: r D:\phpStudy\WWW\zjtr\Application\Runtime\Cache\Home\ea3cb4e52aec07a4b905ed1b6daab2b0.php 第 581 行.
NOTIC: [8] Undefined variable: r D:\phpStudy\WWW\zjtr\Application\Runtime\Cache\Home\ea3cb4e52aec07a4b905ed1b6daab2b0.php 第 581 行.
NOTIC: [8] Undefined variable: r D:\phpStudy\WWW\zjtr\Application\Runtime\Cache\Home\ea3cb4e52aec07a4b905ed1b6daab2b0.php 第 581 行.
INFO: Run Behavior\ParseTemplateBehavior [ RunTime:0.029872s ]
INFO: [ view_parse ] --END-- [ RunTime:0.029963s ]
INFO: [ view_filter ] --START--
INFO: Run Behavior\WriteHtmlCacheBehavior [ RunTime:0.000658s ]
INFO: [ view_filter ] --END-- [ RunTime:0.000737s ]
INFO: [ app_end ] --START--
INFO: Run Behavior\ShowPageTraceBehavior [ RunTime:0.001101s ]
INFO: [ app_end ] --END-- [ RunTime:0.001212s ]

[ 2017-11-04T17:58:32+08:00 ] ::1 /zjtr/Home/images/qbfl.png
INFO: [ app_init ] --START--
INFO: Run Behavior\BuildLiteBehavior [ RunTime:0.000028s ]
INFO: [ app_init ] --END-- [ RunTime:0.000628s ]

[ 2017-11-04T17:58:37+08:00 ] ::1 /zjtr/Home/Mall/anquan
INFO: [ app_init ] --START--
INFO: Run Behavior\BuildLiteBehavior [ RunTime:0.000016s ]
INFO: [ app_init ] --END-- [ RunTime:0.000404s ]
INFO: [ app_begin ] --START--
INFO: Run Behavior\ReadHtmlCacheBehavior [ RunTime:0.000623s ]
INFO: [ app_begin ] --END-- [ RunTime:0.000684s ]
INFO: [ app_end ] --START--
INFO: Run Behavior\ShowPageTraceBehavior [ RunTime:0.000697s ]
INFO: [ app_end ] --END-- [ RunTime:0.000777s ]

[ 2017-11-04T17:58:39+08:00 ] ::1 /zjtr/Home/Mall/index
INFO: [ app_init ] --START--
INFO: Run Behavior\BuildLiteBehavior [ RunTime:0.000015s ]
INFO: [ app_init ] --END-- [ RunTime:0.000414s ]
INFO: [ app_begin ] --START--
INFO: Run Behavior\ReadHtmlCacheBehavior [ RunTime:0.000651s ]
INFO: [ app_begin ] --END-- [ RunTime:0.000717s ]
SQL: SHOW COLUMNS FROM `report_categories` [ RunTime:0.0144s ]
SQL: SELECT * FROM `report_categories` WHERE ( type_id=0 and web=2 ) ORDER BY id asc LIMIT 6   [ RunTime:0.0009s ]
SQL: SELECT * FROM `report_categories` WHERE ( type_id=0 and web=2 and ix=2 ) ORDER BY id asc LIMIT 6   [ RunTime:0.0007s ]
SQL: SELECT * FROM `report_categories` WHERE ( type_id!=0 and web=2 ) ORDER BY id asc  [ RunTime:0.0009s ]
SQL: SHOW COLUMNS FROM `emph` [ RunTime:0.0053s ]
SQL: SELECT * FROM `emph` LIMIT 1   [ RunTime:0.0005s ]
SQL: SHOW COLUMNS FROM `shopcart` [ RunTime:0.0049s ]
NOTIC: [8] Undefined index: zjtr_id D:\phpStudy\WWW\zjtr\Application\Home\Controller\PublicController.class.php 第 77 行.
SQL: SELECT COUNT(*) AS tp_count FROM `shopcart` WHERE `l_id` = 0 AND `cook` = 'f1u3gpfspa9k3btuna2ve4l1j2' LIMIT 1   [ RunTime:0.0006s ]
SQL: SHOW COLUMNS FROM `new_x` [ RunTime:0.0053s ]
SQL: SELECT * FROM `new_x` WHERE ( n_type=35 ) LIMIT 3   [ RunTime:0.0006s ]
SQL: SELECT * FROM `new_x` WHERE ( n_type=41 ) ORDER BY time desc LIMIT 6   [ RunTime:0.0007s ]
SQL: SHOW COLUMNS FROM `banner` [ RunTime:0.0056s ]
SQL: SELECT * FROM `banner` WHERE ( web=3 )  [ RunTime:0.0005s ]
INFO: [ view_parse ] --START--
INFO: [ template_filter ] --START--
INFO: Run Behavior\ContentReplaceBehavior [ RunTime:0.000176s ]
INFO: [ template_filter ] --END-- [ RunTime:0.000252s ]
NOTIC: [8] Undefined index: zjtr_id D:\phpStudy\WWW\zjtr\Application\Runtime\Cache\Home\859ac05ab42bf124173f06e7cce2b592.php 第 67 行.
NOTIC: [8] Undefined index: data D:\phpStudy\WWW\zjtr\Application\Runtime\Cache\Home\859ac05ab42bf124173f06e7cce2b592.php 第 158 行.
NOTIC: [8] Undefined variable: wd D:\phpStudy\WWW\zjtr\Application\Runtime\Cache\Home\859ac05ab42bf124173f06e7cce2b592.php 第 164 行.
NOTIC: [8] Undefined variable: gwc D:\phpStudy\WWW\zjtr\Application\Runtime\Cache\Home\859ac05ab42bf124173f06e7cce2b592.php 第 169 行.
NOTIC: [8] Use of undefined constant utf8 - assumed 'utf8' D:\phpStudy\WWW\zjtr\Application\Runtime\Cache\Home\859ac05ab42bf124173f06e7cce2b592.php 第 551 行.
NOTIC: [8] Use of undefined constant utf8 - assumed 'utf8' D:\phpStudy\WWW\zjtr\Application\Runtime\Cache\Home\859ac05ab42bf124173f06e7cce2b592.php 第 551 行.
NOTIC: [8] Use of undefined constant utf8 - assumed 'utf8' D:\phpStudy\WWW\zjtr\Application\Runtime\Cache\Home\859ac05ab42bf124173f06e7cce2b592.php 第 551 行.
NOTIC: [8] Use of undefined constant utf8 - assumed 'utf8' D:\phpStudy\WWW\zjtr\Application\Runtime\Cache\Home\859ac05ab42bf124173f06e7cce2b592.php 第 551 行.
NOTIC: [8] Use of undefined constant utf8 - assumed 'utf8' D:\phpStudy\WWW\zjtr\Application\Runtime\Cache\Home\859ac05ab42bf124173f06e7cce2b592.php 第 551 行.
NOTIC: [8] Use of undefined constant utf8 - assumed 'utf8' D:\phpStudy\WWW\zjtr\Application\Runtime\Cache\Home\859ac05ab42bf124173f06e7cce2b592.php 第 551 行.
INFO: Run Behavior\ParseTemplateBehavior [ RunTime:0.020037s ]
INFO: [ view_parse ] --END-- [ RunTime:0.020097s ]
INFO: [ view_filter ] --START--
INFO: Run Behavior\WriteHtmlCacheBehavior [ RunTime:0.000460s ]
INFO: [ view_filter ] --END-- [ RunTime:0.000507s ]
INFO: [ app_end ] --START--
INFO: Run Behavior\ShowPageTraceBehavior [ RunTime:0.001111s ]
INFO: [ app_end ] --END-- [ RunTime:0.001217s ]

[ 2017-11-04T17:58:39+08:00 ] ::1 /zjtr/Home/images/qbfl.png
INFO: [ app_init ] --START--
INFO: Run Behavior\BuildLiteBehavior [ RunTime:0.000028s ]
INFO: [ app_init ] --END-- [ RunTime:0.000677s ]

[ 2017-11-04T17:58:41+08:00 ] ::1 /zjtr/Home/Mall/register
INFO: [ app_init ] --START--
INFO: Run Behavior\BuildLiteBehavior [ RunTime:0.000025s ]
INFO: [ app_init ] --END-- [ RunTime:0.000600s ]
INFO: [ app_begin ] --START--
INFO: Run Behavior\ReadHtmlCacheBehavior [ RunTime:0.000936s ]
INFO: [ app_begin ] --END-- [ RunTime:0.001020s ]
NOTIC: [8] Undefined index: zjtr_id D:\phpStudy\WWW\zjtr\Application\Home\Controller\MallController.class.php 第 18 行.
NOTIC: [8] Undefined index: sub D:\phpStudy\WWW\zjtr\Application\Home\Controller\MallController.class.php 第 269 行.
INFO: [ view_parse ] --START--
INFO: [ template_filter ] --START--
INFO: Run Behavior\ContentReplaceBehavior [ RunTime:0.000246s ]
INFO: [ template_filter ] --END-- [ RunTime:0.000462s ]
NOTIC: [8] Undefined index: zjtr_id D:\phpStudy\WWW\zjtr\Application\Runtime\Cache\Home\1098faa98378865b52042ace6c6549fd.php 第 67 行.
INFO: Run Behavior\ParseTemplateBehavior [ RunTime:0.012675s ]
INFO: [ view_parse ] --END-- [ RunTime:0.012751s ]
INFO: [ view_filter ] --START--
INFO: Run Behavior\WriteHtmlCacheBehavior [ RunTime:0.000461s ]
INFO: [ view_filter ] --END-- [ RunTime:0.000517s ]
INFO: [ app_end ] --START--
INFO: Run Behavior\ShowPageTraceBehavior [ RunTime:0.000987s ]
INFO: [ app_end ] --END-- [ RunTime:0.001080s ]

[ 2017-11-04T17:59:06+08:00 ] ::1 /zjtr/Home/Mall/register
INFO: [ app_init ] --START--
INFO: Run Behavior\BuildLiteBehavior [ RunTime:0.000023s ]
INFO: [ app_init ] --END-- [ RunTime:0.000586s ]
INFO: [ app_begin ] --START--
INFO: Run Behavior\ReadHtmlCacheBehavior [ RunTime:0.001138s ]
INFO: [ app_begin ] --END-- [ RunTime:0.001275s ]
NOTIC: [8] Undefined index: zjtr_id D:\phpStudy\WWW\zjtr\Application\Home\Controller\MallController.class.php 第 18 行.
SQL: SHOW COLUMNS FROM `user` [ RunTime:0.0091s ]
NOTIC: [8] Undefined index: validate D:\phpStudy\WWW\zjtr\ThinkPHP\Library\Think\Model.class.php 第 1185 行.
NOTIC: [8] Undefined index: auto D:\phpStudy\WWW\zjtr\ThinkPHP\Library\Think\Model.class.php 第 1128 行.
SQL: SELECT * FROM `user` WHERE ( Name='sunqicai' ) LIMIT 1   [ RunTime:0.0010s ]
SQL: INSERT INTO `user` (`Name`,`Pass`,`Phone`) VALUES ('sunqicai','4297f44b13955235245b2497399d7a93','17600402451') [ RunTime:0.0009s ]
SQL: SELECT * FROM `user` WHERE ( Name='sunqicai' and Pass='4297f44b13955235245b2497399d7a93' ) LIMIT 1   [ RunTime:0.0009s ]
INFO: [ app_end ] --START--
INFO: Run Behavior\ShowPageTraceBehavior [ RunTime:0.001427s ]
INFO: [ app_end ] --END-- [ RunTime:0.001547s ]

[ 2017-11-04T17:59:08+08:00 ] ::1 /zjtr/Home/Mall/index
INFO: [ app_init ] --START--
INFO: Run Behavior\BuildLiteBehavior [ RunTime:0.000017s ]
INFO: [ app_init ] --END-- [ RunTime:0.000423s ]
INFO: [ app_begin ] --START--
INFO: Run Behavior\ReadHtmlCacheBehavior [ RunTime:0.000774s ]
INFO: [ app_begin ] --END-- [ RunTime:0.000861s ]
SQL: SHOW COLUMNS FROM `report_categories` [ RunTime:0.0064s ]
SQL: SELECT * FROM `report_categories` WHERE ( type_id=0 and web=2 ) ORDER BY id asc LIMIT 6   [ RunTime:0.0008s ]
SQL: SELECT * FROM `report_categories` WHERE ( type_id=0 and web=2 and ix=2 ) ORDER BY id asc LIMIT 6   [ RunTime:0.0008s ]
SQL: SELECT * FROM `report_categories` WHERE ( type_id!=0 and web=2 ) ORDER BY id asc  [ RunTime:0.0009s ]
SQL: SHOW COLUMNS FROM `emph` [ RunTime:0.0054s ]
SQL: SELECT * FROM `emph` LIMIT 1   [ RunTime:0.0005s ]
SQL: SHOW COLUMNS FROM `shopcart` [ RunTime:0.0053s ]
SQL: SELECT * FROM `shopcart` WHERE `cook` = 'f1u3gpfspa9k3btuna2ve4l1j2'  [ RunTime:0.0004s ]
SQL: SELECT COUNT(*) AS tp_count FROM `shopcart` WHERE `l_id` = 8 LIMIT 1   [ RunTime:0.0004s ]
SQL: SHOW COLUMNS FROM `new_x` [ RunTime:0.0053s ]
SQL: SELECT * FROM `new_x` WHERE ( n_type=35 ) LIMIT 3   [ RunTime:0.0005s ]
SQL: SELECT * FROM `new_x` WHERE ( n_type=41 ) ORDER BY time desc LIMIT 6   [ RunTime:0.0006s ]
SQL: SHOW COLUMNS FROM `banner` [ RunTime:0.0049s ]
SQL: SELECT * FROM `banner` WHERE ( web=3 )  [ RunTime:0.0006s ]
INFO: [ view_parse ] --START--
INFO: [ template_filter ] --START--
INFO: Run Behavior\ContentReplaceBehavior [ RunTime:0.000150s ]
INFO: [ template_filter ] --END-- [ RunTime:0.000217s ]
NOTIC: [8] Undefined index: data D:\phpStudy\WWW\zjtr\Application\Runtime\Cache\Home\859ac05ab42bf124173f06e7cce2b592.php 第 158 行.
NOTIC: [8] Undefined variable: wd D:\phpStudy\WWW\zjtr\Application\Runtime\Cache\Home\859ac05ab42bf124173f06e7cce2b592.php 第 164 行.
NOTIC: [8] Undefined variable: gwc D:\phpStudy\WWW\zjtr\Application\Runtime\Cache\Home\859ac05ab42bf124173f06e7cce2b592.php 第 169 行.
NOTIC: [8] Use of undefined constant utf8 - assumed 'utf8' D:\phpStudy\WWW\zjtr\Application\Runtime\Cache\Home\859ac05ab42bf124173f06e7cce2b592.php 第 551 行.
NOTIC: [8] Use of undefined constant utf8 - assumed 'utf8' D:\phpStudy\WWW\zjtr\Application\Runtime\Cache\Home\859ac05ab42bf124173f06e7cce2b592.php 第 551 行.
NOTIC: [8] Use of undefined constant utf8 - assumed 'utf8' D:\phpStudy\WWW\zjtr\Application\Runtime\Cache\Home\859ac05ab42bf124173f06e7cce2b592.php 第 551 行.
NOTIC: [8] Use of undefined constant utf8 - assumed 'utf8' D:\phpStudy\WWW\zjtr\Application\Runtime\Cache\Home\859ac05ab42bf124173f06e7cce2b592.php 第 551 行.
NOTIC: [8] Use of undefined constant utf8 - assumed 'utf8' D:\phpStudy\WWW\zjtr\Application\Runtime\Cache\Home\859ac05ab42bf124173f06e7cce2b592.php 第 551 行.
NOTIC: [8] Use of undefined constant utf8 - assumed 'utf8' D:\phpStudy\WWW\zjtr\Application\Runtime\Cache\Home\859ac05ab42bf124173f06e7cce2b592.php 第 551 行.
INFO: Run Behavior\ParseTemplateBehavior [ RunTime:0.018523s ]
INFO: [ view_parse ] --END-- [ RunTime:0.018598s ]
INFO: [ view_filter ] --START--
INFO: Run Behavior\WriteHtmlCacheBehavior [ RunTime:0.000465s ]
INFO: [ view_filter ] --END-- [ RunTime:0.000514s ]
INFO: [ app_end ] --START--
INFO: Run Behavior\ShowPageTraceBehavior [ RunTime:0.000811s ]
INFO: [ app_end ] --END-- [ RunTime:0.000880s ]

[ 2017-11-04T17:59:08+08:00 ] ::1 /zjtr/Home/images/qbfl.png
INFO: [ app_init ] --START--
INFO: Run Behavior\BuildLiteBehavior [ RunTime:0.000034s ]
INFO: [ app_init ] --END-- [ RunTime:0.000767s ]

[ 2017-11-04T17:59:11+08:00 ] ::1 /zjtr/Home/My/index
INFO: [ app_init ] --START--
INFO: Run Behavior\BuildLiteBehavior [ RunTime:0.000017s ]
INFO: [ app_init ] --END-- [ RunTime:0.000389s ]
INFO: [ app_begin ] --START--
INFO: Run Behavior\ReadHtmlCacheBehavior [ RunTime:0.001022s ]
INFO: [ app_begin ] --END-- [ RunTime:0.001124s ]
SQL: SHOW COLUMNS FROM `report_categories` [ RunTime:0.0053s ]
SQL: SELECT * FROM `report_categories` WHERE ( type_id=0 and web=2 ) ORDER BY id asc LIMIT 6   [ RunTime:0.0009s ]
SQL: SELECT * FROM `report_categories` WHERE ( type_id=0 and web=2 and ix=2 ) ORDER BY id asc LIMIT 6   [ RunTime:0.0007s ]
SQL: SELECT * FROM `report_categories` WHERE ( type_id!=0 and web=2 ) ORDER BY id asc  [ RunTime:0.0008s ]
SQL: SHOW COLUMNS FROM `emph` [ RunTime:0.0062s ]
SQL: SELECT * FROM `emph` LIMIT 1   [ RunTime:0.0005s ]
SQL: SHOW COLUMNS FROM `new_x` [ RunTime:0.0069s ]
SQL: SELECT * FROM `new_x` LIMIT 4   [ RunTime:0.0005s ]
SQL: SHOW COLUMNS FROM `user` [ RunTime:0.0071s ]
SQL: SELECT * FROM `user` WHERE `Id` = 8 LIMIT 1   [ RunTime:0.0009s ]
SQL: SHOW COLUMNS FROM `address` [ RunTime:0.0049s ]
SQL: SELECT * FROM `address` WHERE ( a_user=8 )  [ RunTime:0.0004s ]
INFO: [ view_parse ] --START--
INFO: [ template_filter ] --START--
INFO: Run Behavior\ContentReplaceBehavior [ RunTime:0.000161s ]
INFO: [ template_filter ] --END-- [ RunTime:0.000226s ]
NOTIC: [8] Undefined index: data D:\phpStudy\WWW\zjtr\Application\Runtime\Cache\Home\3375be4febe9bbf400c079f5f448465c.php 第 159 行.
NOTIC: [8] Undefined variable: gwc D:\phpStudy\WWW\zjtr\Application\Runtime\Cache\Home\3375be4febe9bbf400c079f5f448465c.php 第 170 行.
NOTIC: [8] Undefined variable: tishi D:\phpStudy\WWW\zjtr\Application\Runtime\Cache\Home\3375be4febe9bbf400c079f5f448465c.php 第 173 行.
NOTIC: [8] Undefined variable: n D:\phpStudy\WWW\zjtr\Application\Runtime\Cache\Home\3375be4febe9bbf400c079f5f448465c.php 第 264 行.
NOTIC: [8] Undefined variable: n D:\phpStudy\WWW\zjtr\Application\Runtime\Cache\Home\3375be4febe9bbf400c079f5f448465c.php 第 264 行.
NOTIC: [8] Undefined variable: n D:\phpStudy\WWW\zjtr\Application\Runtime\Cache\Home\3375be4febe9bbf400c079f5f448465c.php 第 264 行.
NOTIC: [8] Undefined variable: n D:\phpStudy\WWW\zjtr\Application\Runtime\Cache\Home\3375be4febe9bbf400c079f5f448465c.php 第 264 行.
NOTIC: [8] Undefined variable: n D:\phpStudy\WWW\zjtr\Application\Runtime\Cache\Home\3375be4febe9bbf400c079f5f448465c.php 第 264 行.
NOTIC: [8] Undefined variable: n D:\phpStudy\WWW\zjtr\Application\Runtime\Cache\Home\3375be4febe9bbf400c079f5f448465c.php 第 264 行.
NOTIC: [8] Undefined variable: r D:\phpStudy\WWW\zjtr\Application\Runtime\Cache\Home\3375be4febe9bbf400c079f5f448465c.php 第 698 行.
NOTIC: [8] Undefined variable: r D:\phpStudy\WWW\zjtr\Application\Runtime\Cache\Home\3375be4febe9bbf400c079f5f448465c.php 第 698 行.
NOTIC: [8] Undefined variable: r D:\phpStudy\WWW\zjtr\Application\Runtime\Cache\Home\3375be4febe9bbf400c079f5f448465c.php 第 698 行.
NOTIC: [8] Undefined variable: r D:\phpStudy\WWW\zjtr\Application\Runtime\Cache\Home\3375be4febe9bbf400c079f5f448465c.php 第 698 行.
INFO: Run Behavior\ParseTemplateBehavior [ RunTime:0.019937s ]
INFO: [ view_parse ] --END-- [ RunTime:0.020018s ]
INFO: [ view_filter ] --START--
INFO: Run Behavior\WriteHtmlCacheBehavior [ RunTime:0.000781s ]
INFO: [ view_filter ] --END-- [ RunTime:0.000846s ]
INFO: [ app_end ] --START--
INFO: Run Behavior\ShowPageTraceBehavior [ RunTime:0.000965s ]
INFO: [ app_end ] --END-- [ RunTime:0.001038s ]

[ 2017-11-04T17:59:11+08:00 ] ::1 /zjtr/Home/images/qbfl.png
INFO: [ app_init ] --START--
INFO: Run Behavior\BuildLiteBehavior [ RunTime:0.000026s ]
INFO: [ app_init ] --END-- [ RunTime:0.000613s ]

[ 2017-11-04T17:59:13+08:00 ] ::1 /zjtr/Home/My/order
INFO: [ app_init ] --START--
INFO: Run Behavior\BuildLiteBehavior [ RunTime:0.000015s ]
INFO: [ app_init ] --END-- [ RunTime:0.000327s ]
INFO: [ app_begin ] --START--
INFO: Run Behavior\ReadHtmlCacheBehavior [ RunTime:0.001344s ]
INFO: [ app_begin ] --END-- [ RunTime:0.001540s ]
SQL: SHOW COLUMNS FROM `report_categories` [ RunTime:0.0086s ]
SQL: SELECT * FROM `report_categories` WHERE ( type_id=0 and web=2 ) ORDER BY id asc LIMIT 6   [ RunTime:0.0007s ]
SQL: SELECT * FROM `report_categories` WHERE ( type_id=0 and web=2 and ix=2 ) ORDER BY id asc LIMIT 6   [ RunTime:0.0006s ]
SQL: SELECT * FROM `report_categories` WHERE ( type_id!=0 and web=2 ) ORDER BY id asc  [ RunTime:0.0008s ]
SQL: SHOW COLUMNS FROM `emph` [ RunTime:0.0063s ]
SQL: SELECT * FROM `emph` LIMIT 1   [ RunTime:0.0017s ]
SQL: SHOW COLUMNS FROM `new_x` [ RunTime:0.0052s ]
SQL: SELECT * FROM `new_x` LIMIT 4   [ RunTime:0.0006s ]
SQL: SHOW COLUMNS FROM `transaction_information` [ RunTime:0.0062s ]
ERR: 1054:Unknown column 'sunqicai' in 'where clause'
 [ SQL语句 ] : SELECT * FROM `transaction_information` WHERE ( name=sunqicai ) 
ERR: 1054:Unknown column 'sunqicai' in 'where clause'
 [ SQL语句 ] : SELECT * FROM `transaction_information` WHERE ( name=sunqicai ) 

