[ 2018-01-08T14:33:16+08:00 ] ::1 /zjtr/
INFO: [ app_init ] --START--
INFO: Run Behavior\BuildLiteBehavior [ RunTime:0.000019s ]
INFO: [ app_init ] --END-- [ RunTime:0.001137s ]
INFO: [ app_begin ] --START--
INFO: Run Behavior\ReadHtmlCacheBehavior [ RunTime:0.001153s ]
INFO: [ app_begin ] --END-- [ RunTime:0.001242s ]
SQL: SHOW COLUMNS FROM `report_categories` [ RunTime:0.0893s ]
SQL: SELECT * FROM `report_categories` WHERE ( type_id=0 and web=1 ) ORDER BY id asc  [ RunTime:0.0849s ]
SQL: SELECT * FROM `report_categories` WHERE ( type_id!=0 and web=1 ) ORDER BY id asc  [ RunTime:0.0011s ]
SQL: SHOW COLUMNS FROM `banner` [ RunTime:0.0310s ]
SQL: SELECT * FROM `banner` WHERE ( web=1 )  [ RunTime:0.0005s ]
SQL: SHOW COLUMNS FROM `emph` [ RunTime:0.0432s ]
SQL: SELECT * FROM `emph` LIMIT 1   [ RunTime:0.0017s ]
SQL: SELECT * FROM `report_categories` WHERE ( ix=1 ) ORDER BY px asc  [ RunTime:0.0011s ]
INFO: [ view_parse ] --START--
INFO: [ template_filter ] --START--
INFO: Run Behavior\ContentReplaceBehavior [ RunTime:0.000191s ]
INFO: [ template_filter ] --END-- [ RunTime:0.000300s ]
NOTIC: [8] Undefined index: zjtr_id D:\phpStudy\WWW\zjtr\Application\Runtime\Cache\Home\2a94b8bda04ff446dcedd42276fc99ee.php 第 86 行.
NOTIC: [8] Undefined index: er D:\phpStudy\WWW\zjtr\Application\Runtime\Cache\Home\2a94b8bda04ff446dcedd42276fc99ee.php 第 112 行.
NOTIC: [8] Undefined index: er D:\phpStudy\WWW\zjtr\Application\Runtime\Cache\Home\2a94b8bda04ff446dcedd42276fc99ee.php 第 112 行.
INFO: Run Behavior\ParseTemplateBehavior [ RunTime:0.133935s ]
INFO: [ view_parse ] --END-- [ RunTime:0.134059s ]
INFO: [ view_filter ] --START--
INFO: Run Behavior\WriteHtmlCacheBehavior [ RunTime:0.020317s ]
INFO: [ view_filter ] --END-- [ RunTime:0.020436s ]
INFO: [ app_end ] --START--
INFO: Run Behavior\ShowPageTraceBehavior [ RunTime:0.012415s ]
INFO: [ app_end ] --END-- [ RunTime:0.012754s ]

[ 2018-01-08T14:33:47+08:00 ] ::1 /zjtr/
INFO: [ app_init ] --START--
INFO: Run Behavior\BuildLiteBehavior [ RunTime:0.000036s ]
INFO: [ app_init ] --END-- [ RunTime:0.000894s ]
INFO: [ app_begin ] --START--
INFO: Run Behavior\ReadHtmlCacheBehavior [ RunTime:0.000882s ]
INFO: [ app_begin ] --END-- [ RunTime:0.000971s ]
SQL: SHOW COLUMNS FROM `report_categories` [ RunTime:0.0054s ]
SQL: SELECT * FROM `report_categories` WHERE ( type_id=0 and web=1 ) ORDER BY id asc  [ RunTime:0.0005s ]
SQL: SELECT * FROM `report_categories` WHERE ( type_id!=0 and web=1 ) ORDER BY id asc  [ RunTime:0.0004s ]
SQL: SHOW COLUMNS FROM `banner` [ RunTime:0.0049s ]
SQL: SELECT * FROM `banner` WHERE ( web=1 )  [ RunTime:0.0003s ]
SQL: SHOW COLUMNS FROM `emph` [ RunTime:0.0047s ]
SQL: SELECT * FROM `emph` LIMIT 1   [ RunTime:0.0003s ]
SQL: SELECT * FROM `report_categories` WHERE ( ix=1 ) ORDER BY px asc  [ RunTime:0.0004s ]
INFO: [ view_parse ] --START--
INFO: [ template_filter ] --START--
INFO: Run Behavior\ContentReplaceBehavior [ RunTime:0.000154s ]
INFO: [ template_filter ] --END-- [ RunTime:0.000229s ]
NOTIC: [8] Undefined index: zjtr_id D:\phpStudy\WWW\zjtr\Application\Runtime\Cache\Home\2a94b8bda04ff446dcedd42276fc99ee.php 第 86 行.
NOTIC: [8] Undefined index: er D:\phpStudy\WWW\zjtr\Application\Runtime\Cache\Home\2a94b8bda04ff446dcedd42276fc99ee.php 第 112 行.
NOTIC: [8] Undefined index: er D:\phpStudy\WWW\zjtr\Application\Runtime\Cache\Home\2a94b8bda04ff446dcedd42276fc99ee.php 第 112 行.
INFO: Run Behavior\ParseTemplateBehavior [ RunTime:0.014753s ]
INFO: [ view_parse ] --END-- [ RunTime:0.014839s ]
INFO: [ view_filter ] --START--
INFO: Run Behavior\WriteHtmlCacheBehavior [ RunTime:0.000563s ]
INFO: [ view_filter ] --END-- [ RunTime:0.000628s ]
INFO: [ app_end ] --START--
INFO: Run Behavior\ShowPageTraceBehavior [ RunTime:0.001176s ]
INFO: [ app_end ] --END-- [ RunTime:0.001276s ]

[ 2018-01-08T14:34:43+08:00 ] ::1 /zjtr/
INFO: [ app_init ] --START--
INFO: Run Behavior\BuildLiteBehavior [ RunTime:0.000027s ]
INFO: [ app_init ] --END-- [ RunTime:0.000662s ]
INFO: [ app_begin ] --START--
INFO: Run Behavior\ReadHtmlCacheBehavior [ RunTime:0.000957s ]
INFO: [ app_begin ] --END-- [ RunTime:0.001081s ]
SQL: SHOW COLUMNS FROM `report_categories` [ RunTime:0.0065s ]
SQL: SELECT * FROM `report_categories` WHERE ( type_id=0 and web=1 ) ORDER BY id asc  [ RunTime:0.0006s ]
SQL: SELECT * FROM `report_categories` WHERE ( type_id!=0 and web=1 ) ORDER BY id asc  [ RunTime:0.0004s ]
SQL: SHOW COLUMNS FROM `banner` [ RunTime:0.0050s ]
SQL: SELECT * FROM `banner` WHERE ( web=1 )  [ RunTime:0.0003s ]
SQL: SHOW COLUMNS FROM `emph` [ RunTime:0.0058s ]
SQL: SELECT * FROM `emph` LIMIT 1   [ RunTime:0.0003s ]
SQL: SELECT * FROM `report_categories` WHERE ( ix=1 ) ORDER BY px asc  [ RunTime:0.0005s ]
INFO: [ view_parse ] --START--
INFO: [ template_filter ] --START--
INFO: Run Behavior\ContentReplaceBehavior [ RunTime:0.000188s ]
INFO: [ template_filter ] --END-- [ RunTime:0.000293s ]
NOTIC: [8] Undefined index: zjtr_id D:\phpStudy\WWW\zjtr\Application\Runtime\Cache\Home\2a94b8bda04ff446dcedd42276fc99ee.php 第 86 行.
NOTIC: [8] Undefined index: er D:\phpStudy\WWW\zjtr\Application\Runtime\Cache\Home\2a94b8bda04ff446dcedd42276fc99ee.php 第 112 行.
NOTIC: [8] Undefined index: er D:\phpStudy\WWW\zjtr\Application\Runtime\Cache\Home\2a94b8bda04ff446dcedd42276fc99ee.php 第 112 行.
INFO: Run Behavior\ParseTemplateBehavior [ RunTime:0.015613s ]
INFO: [ view_parse ] --END-- [ RunTime:0.015741s ]
INFO: [ view_filter ] --START--
INFO: Run Behavior\WriteHtmlCacheBehavior [ RunTime:0.000621s ]
INFO: [ view_filter ] --END-- [ RunTime:0.000718s ]
INFO: [ app_end ] --START--
INFO: Run Behavior\ShowPageTraceBehavior [ RunTime:0.000973s ]
INFO: [ app_end ] --END-- [ RunTime:0.001088s ]

[ 2018-01-08T14:34:51+08:00 ] ::1 /zjtr/
INFO: [ app_init ] --START--
INFO: Run Behavior\BuildLiteBehavior [ RunTime:0.000029s ]
INFO: [ app_init ] --END-- [ RunTime:0.000666s ]
INFO: [ app_begin ] --START--
INFO: Run Behavior\ReadHtmlCacheBehavior [ RunTime:0.001383s ]
INFO: [ app_begin ] --END-- [ RunTime:0.001488s ]
SQL: SHOW COLUMNS FROM `report_categories` [ RunTime:0.0069s ]
SQL: SELECT * FROM `report_categories` WHERE ( type_id=0 and web=1 ) ORDER BY id asc  [ RunTime:0.0010s ]
SQL: SELECT * FROM `report_categories` WHERE ( type_id!=0 and web=1 ) ORDER BY id asc  [ RunTime:0.0008s ]
SQL: SHOW COLUMNS FROM `banner` [ RunTime:0.0062s ]
SQL: SELECT * FROM `banner` WHERE ( web=1 )  [ RunTime:0.0004s ]
SQL: SHOW COLUMNS FROM `emph` [ RunTime:0.0062s ]
SQL: SELECT * FROM `emph` LIMIT 1   [ RunTime:0.0009s ]
SQL: SELECT * FROM `report_categories` WHERE ( ix=1 ) ORDER BY px asc  [ RunTime:0.0009s ]
INFO: [ view_parse ] --START--
INFO: [ template_filter ] --START--
INFO: Run Behavior\ContentReplaceBehavior [ RunTime:0.000124s ]
INFO: [ template_filter ] --END-- [ RunTime:0.000202s ]
NOTIC: [8] Undefined index: zjtr_id D:\phpStudy\WWW\zjtr\Application\Runtime\Cache\Home\2a94b8bda04ff446dcedd42276fc99ee.php 第 86 行.
NOTIC: [8] Undefined index: er D:\phpStudy\WWW\zjtr\Application\Runtime\Cache\Home\2a94b8bda04ff446dcedd42276fc99ee.php 第 112 行.
NOTIC: [8] Undefined index: er D:\phpStudy\WWW\zjtr\Application\Runtime\Cache\Home\2a94b8bda04ff446dcedd42276fc99ee.php 第 112 行.
INFO: Run Behavior\ParseTemplateBehavior [ RunTime:0.021337s ]
INFO: [ view_parse ] --END-- [ RunTime:0.021444s ]
INFO: [ view_filter ] --START--
INFO: Run Behavior\WriteHtmlCacheBehavior [ RunTime:0.000560s ]
INFO: [ view_filter ] --END-- [ RunTime:0.000618s ]
INFO: [ app_end ] --START--
INFO: Run Behavior\ShowPageTraceBehavior [ RunTime:0.000967s ]
INFO: [ app_end ] --END-- [ RunTime:0.001041s ]

[ 2018-01-08T15:02:51+08:00 ] ::1 /zjtr/
INFO: [ app_init ] --START--
INFO: Run Behavior\BuildLiteBehavior [ RunTime:0.000018s ]
INFO: [ app_init ] --END-- [ RunTime:0.000530s ]
INFO: [ app_begin ] --START--
INFO: Run Behavior\ReadHtmlCacheBehavior [ RunTime:0.000842s ]
INFO: [ app_begin ] --END-- [ RunTime:0.000922s ]
SQL: SHOW COLUMNS FROM `report_categories` [ RunTime:0.0071s ]
SQL: SELECT * FROM `report_categories` WHERE ( type_id=0 and web=1 ) ORDER BY id asc  [ RunTime:0.0007s ]
SQL: SELECT * FROM `report_categories` WHERE ( type_id!=0 and web=1 ) ORDER BY id asc  [ RunTime:0.0007s ]
SQL: SHOW COLUMNS FROM `banner` [ RunTime:0.0069s ]
SQL: SELECT * FROM `banner` WHERE ( web=1 )  [ RunTime:0.0005s ]
SQL: SHOW COLUMNS FROM `emph` [ RunTime:0.0076s ]
SQL: SELECT * FROM `emph` LIMIT 1   [ RunTime:0.0005s ]
SQL: SELECT * FROM `report_categories` WHERE ( ix=1 ) ORDER BY px asc  [ RunTime:0.0006s ]
INFO: [ view_parse ] --START--
INFO: [ template_filter ] --START--
INFO: Run Behavior\ContentReplaceBehavior [ RunTime:0.000173s ]
INFO: [ template_filter ] --END-- [ RunTime:0.000286s ]
NOTIC: [8] Undefined index: zjtr_id D:\phpStudy\WWW\zjtr\Application\Runtime\Cache\Home\2a94b8bda04ff446dcedd42276fc99ee.php 第 86 行.
NOTIC: [8] Undefined index: er D:\phpStudy\WWW\zjtr\Application\Runtime\Cache\Home\2a94b8bda04ff446dcedd42276fc99ee.php 第 112 行.
NOTIC: [8] Undefined index: er D:\phpStudy\WWW\zjtr\Application\Runtime\Cache\Home\2a94b8bda04ff446dcedd42276fc99ee.php 第 112 行.
INFO: Run Behavior\ParseTemplateBehavior [ RunTime:0.023234s ]
INFO: [ view_parse ] --END-- [ RunTime:0.023377s ]
INFO: [ view_filter ] --START--
INFO: Run Behavior\WriteHtmlCacheBehavior [ RunTime:0.001477s ]
INFO: [ view_filter ] --END-- [ RunTime:0.001627s ]
INFO: [ app_end ] --START--
INFO: Run Behavior\ShowPageTraceBehavior [ RunTime:0.002697s ]
INFO: [ app_end ] --END-- [ RunTime:0.003155s ]

[ 2018-01-08T15:02:56+08:00 ] ::1 /zjtr/
INFO: [ app_init ] --START--
INFO: Run Behavior\BuildLiteBehavior [ RunTime:0.000029s ]
INFO: [ app_init ] --END-- [ RunTime:0.000851s ]
INFO: [ app_begin ] --START--
INFO: Run Behavior\ReadHtmlCacheBehavior [ RunTime:0.001429s ]
INFO: [ app_begin ] --END-- [ RunTime:0.001568s ]
SQL: SHOW COLUMNS FROM `report_categories` [ RunTime:0.0143s ]
SQL: SELECT * FROM `report_categories` WHERE ( type_id=0 and web=1 ) ORDER BY id asc  [ RunTime:0.0009s ]
SQL: SELECT * FROM `report_categories` WHERE ( type_id!=0 and web=1 ) ORDER BY id asc  [ RunTime:0.0009s ]
SQL: SHOW COLUMNS FROM `banner` [ RunTime:0.0107s ]
SQL: SELECT * FROM `banner` WHERE ( web=1 )  [ RunTime:0.0003s ]
SQL: SHOW COLUMNS FROM `emph` [ RunTime:0.0053s ]
SQL: SELECT * FROM `emph` LIMIT 1   [ RunTime:0.0003s ]
SQL: SELECT * FROM `report_categories` WHERE ( ix=1 ) ORDER BY px asc  [ RunTime:0.0005s ]
INFO: [ view_parse ] --START--
INFO: [ template_filter ] --START--
INFO: Run Behavior\ContentReplaceBehavior [ RunTime:0.000100s ]
INFO: [ template_filter ] --END-- [ RunTime:0.000162s ]
NOTIC: [8] Undefined index: zjtr_id D:\phpStudy\WWW\zjtr\Application\Runtime\Cache\Home\2a94b8bda04ff446dcedd42276fc99ee.php 第 86 行.
NOTIC: [8] Undefined index: er D:\phpStudy\WWW\zjtr\Application\Runtime\Cache\Home\2a94b8bda04ff446dcedd42276fc99ee.php 第 112 行.
NOTIC: [8] Undefined index: er D:\phpStudy\WWW\zjtr\Application\Runtime\Cache\Home\2a94b8bda04ff446dcedd42276fc99ee.php 第 112 行.
INFO: Run Behavior\ParseTemplateBehavior [ RunTime:0.015340s ]
INFO: [ view_parse ] --END-- [ RunTime:0.015436s ]
INFO: [ view_filter ] --START--
INFO: Run Behavior\WriteHtmlCacheBehavior [ RunTime:0.000721s ]
INFO: [ view_filter ] --END-- [ RunTime:0.000805s ]
INFO: [ app_end ] --START--
INFO: Run Behavior\ShowPageTraceBehavior [ RunTime:0.000974s ]
INFO: [ app_end ] --END-- [ RunTime:0.001062s ]

