[ 2017-09-27T10:38:57+08:00 ] ::1 /zjtr/Mobile
INFO: [ app_init ] --START--
INFO: Run Behavior\BuildLiteBehavior [ RunTime:0.000028s ]
INFO: [ app_init ] --END-- [ RunTime:0.000659s ]
INFO: [ app_begin ] --START--
INFO: Run Behavior\ReadHtmlCacheBehavior [ RunTime:0.001199s ]
INFO: [ app_begin ] --END-- [ RunTime:0.001333s ]
SQL: SHOW COLUMNS FROM `report_categories` [ RunTime:0.0178s ]
SQL: SELECT * FROM `report_categories` WHERE ( type_id=0 ) ORDER BY id asc  [ RunTime:0.0018s ]
SQL: SELECT * FROM `report_categories` WHERE ( type_id!=0 ) ORDER BY id asc  [ RunTime:0.0016s ]
SQL: SELECT * FROM `report_categories` WHERE ( type_id!=0 ) ORDER BY id asc  [ RunTime:0.0014s ]
SQL: SELECT * FROM `report_categories` WHERE `Id` = 2 LIMIT 1   [ RunTime:0.0009s ]
SQL: SHOW COLUMNS FROM `emph` [ RunTime:0.0149s ]
SQL: SELECT * FROM `emph` WHERE `id` = 1 LIMIT 1   [ RunTime:0.0010s ]
SQL: SELECT * FROM `emph` WHERE `id` = 2 LIMIT 1   [ RunTime:0.0005s ]
SQL: SELECT * FROM `emph` WHERE `id` = 3 LIMIT 1   [ RunTime:0.0005s ]
SQL: SELECT * FROM `emph` WHERE `id` = 4 LIMIT 1   [ RunTime:0.0004s ]
SQL: SHOW COLUMNS FROM `help` [ RunTime:0.0085s ]
NOTIC: [2] Missing argument 1 for Think\Model::where(), called in D:\phpStudy\WWW\zjtr\Application\Mobile\Controller\IndexController.class.php on line 32 and defined D:\phpStudy\WWW\zjtr\ThinkPHP\Library\Think\Model.class.php 第 1797 行.
NOTIC: [8] Undefined variable: where D:\phpStudy\WWW\zjtr\ThinkPHP\Library\Think\Model.class.php 第 1805 行.
NOTIC: [8] Undefined variable: where D:\phpStudy\WWW\zjtr\ThinkPHP\Library\Think\Model.class.php 第 1808 行.
NOTIC: [8] Undefined variable: where D:\phpStudy\WWW\zjtr\ThinkPHP\Library\Think\Model.class.php 第 1816 行.
SQL: SELECT * FROM `help` ORDER BY id asc  [ RunTime:0.0433s ]
INFO: [ view_parse ] --START--
INFO: [ template_filter ] --START--
INFO: Run Behavior\ContentReplaceBehavior [ RunTime:0.000276s ]
INFO: [ template_filter ] --END-- [ RunTime:0.000479s ]
INFO: Run Behavior\ParseTemplateBehavior [ RunTime:0.055227s ]
INFO: [ view_parse ] --END-- [ RunTime:0.055550s ]
INFO: [ view_filter ] --START--
INFO: Run Behavior\WriteHtmlCacheBehavior [ RunTime:0.001638s ]
INFO: [ view_filter ] --END-- [ RunTime:0.001825s ]
INFO: [ app_end ] --START--
INFO: Run Behavior\ShowPageTraceBehavior [ RunTime:0.002436s ]
INFO: [ app_end ] --END-- [ RunTime:0.002698s ]

[ 2017-09-27T11:46:25+08:00 ] ::1 /zjtr/Mobile
INFO: [ app_init ] --START--
INFO: Run Behavior\BuildLiteBehavior [ RunTime:0.000018s ]
INFO: [ app_init ] --END-- [ RunTime:0.000441s ]
INFO: [ app_begin ] --START--
INFO: Run Behavior\ReadHtmlCacheBehavior [ RunTime:0.000771s ]
INFO: [ app_begin ] --END-- [ RunTime:0.000849s ]
SQL: SHOW COLUMNS FROM `report_categories` [ RunTime:0.0170s ]
SQL: SELECT * FROM `report_categories` WHERE ( type_id=0 ) ORDER BY id asc  [ RunTime:0.0018s ]
SQL: SELECT * FROM `report_categories` WHERE ( type_id!=0 ) ORDER BY id asc  [ RunTime:0.0017s ]
SQL: SELECT * FROM `report_categories` WHERE ( type_id!=0 ) ORDER BY id asc  [ RunTime:0.0017s ]
SQL: SELECT * FROM `report_categories` WHERE `Id` = 2 LIMIT 1   [ RunTime:0.0011s ]
SQL: SHOW COLUMNS FROM `emph` [ RunTime:0.0112s ]
SQL: SELECT * FROM `emph` WHERE `id` = 1 LIMIT 1   [ RunTime:0.0006s ]
SQL: SELECT * FROM `emph` WHERE `id` = 2 LIMIT 1   [ RunTime:0.0005s ]
SQL: SELECT * FROM `emph` WHERE `id` = 3 LIMIT 1   [ RunTime:0.0004s ]
SQL: SELECT * FROM `emph` WHERE `id` = 4 LIMIT 1   [ RunTime:0.0004s ]
SQL: SHOW COLUMNS FROM `help` [ RunTime:0.0071s ]
NOTIC: [2] Missing argument 1 for Think\Model::where(), called in D:\phpStudy\WWW\zjtr\Application\Mobile\Controller\IndexController.class.php on line 32 and defined D:\phpStudy\WWW\zjtr\ThinkPHP\Library\Think\Model.class.php 第 1797 行.
NOTIC: [8] Undefined variable: where D:\phpStudy\WWW\zjtr\ThinkPHP\Library\Think\Model.class.php 第 1805 行.
NOTIC: [8] Undefined variable: where D:\phpStudy\WWW\zjtr\ThinkPHP\Library\Think\Model.class.php 第 1808 行.
NOTIC: [8] Undefined variable: where D:\phpStudy\WWW\zjtr\ThinkPHP\Library\Think\Model.class.php 第 1816 行.
SQL: SELECT * FROM `help` ORDER BY id asc  [ RunTime:0.0022s ]
INFO: [ view_parse ] --START--
INFO: [ template_filter ] --START--
INFO: Run Behavior\ContentReplaceBehavior [ RunTime:0.000152s ]
INFO: [ template_filter ] --END-- [ RunTime:0.000290s ]
INFO: Run Behavior\ParseTemplateBehavior [ RunTime:0.082936s ]
INFO: [ view_parse ] --END-- [ RunTime:0.083133s ]
INFO: [ view_filter ] --START--
INFO: Run Behavior\WriteHtmlCacheBehavior [ RunTime:0.000898s ]
INFO: [ view_filter ] --END-- [ RunTime:0.001028s ]
INFO: [ app_end ] --START--
INFO: Run Behavior\ShowPageTraceBehavior [ RunTime:0.001617s ]
INFO: [ app_end ] --END-- [ RunTime:0.001751s ]

[ 2017-09-27T11:46:30+08:00 ] ::1 /zjtr/Mobile/Mall/index
INFO: [ app_init ] --START--
INFO: Run Behavior\BuildLiteBehavior [ RunTime:0.000025s ]
INFO: [ app_init ] --END-- [ RunTime:0.000810s ]
INFO: [ app_begin ] --START--
INFO: Run Behavior\ReadHtmlCacheBehavior [ RunTime:0.001166s ]
INFO: [ app_begin ] --END-- [ RunTime:0.001271s ]
INFO: [ view_parse ] --START--
INFO: [ template_filter ] --START--
INFO: Run Behavior\ContentReplaceBehavior [ RunTime:0.000086s ]
INFO: [ template_filter ] --END-- [ RunTime:0.000156s ]
INFO: Run Behavior\ParseTemplateBehavior [ RunTime:0.014591s ]
INFO: [ view_parse ] --END-- [ RunTime:0.014689s ]
INFO: [ view_filter ] --START--
INFO: Run Behavior\WriteHtmlCacheBehavior [ RunTime:0.000453s ]
INFO: [ view_filter ] --END-- [ RunTime:0.000503s ]
INFO: [ app_end ] --START--
INFO: Run Behavior\ShowPageTraceBehavior [ RunTime:0.000802s ]
INFO: [ app_end ] --END-- [ RunTime:0.000890s ]

