[ 2017-09-30T14:07:31+08:00 ] ::1 /zjtr/Mobile/Mall/login
INFO: [ app_init ] --START--
INFO: Run Behavior\BuildLiteBehavior [ RunTime:0.000023s ]
INFO: [ app_init ] --END-- [ RunTime:0.000519s ]
INFO: [ app_begin ] --START--
INFO: Run Behavior\ReadHtmlCacheBehavior [ RunTime:0.001088s ]
INFO: [ app_begin ] --END-- [ RunTime:0.001253s ]
NOTIC: [8] Undefined index: sub D:\phpStudy\WWW\zjtr\Application\Mobile\Controller\MallController.class.php 第 39 行.
INFO: [ view_parse ] --START--
INFO: [ template_filter ] --START--
INFO: Run Behavior\ContentReplaceBehavior [ RunTime:0.000071s ]
INFO: [ template_filter ] --END-- [ RunTime:0.000154s ]
INFO: Run Behavior\ParseTemplateBehavior [ RunTime:0.121327s ]
INFO: [ view_parse ] --END-- [ RunTime:0.121521s ]
INFO: [ view_filter ] --START--
INFO: Run Behavior\WriteHtmlCacheBehavior [ RunTime:0.000683s ]
INFO: [ view_filter ] --END-- [ RunTime:0.000780s ]
INFO: [ app_end ] --START--
INFO: Run Behavior\ShowPageTraceBehavior [ RunTime:0.000982s ]
INFO: [ app_end ] --END-- [ RunTime:0.001092s ]

[ 2017-09-30T14:07:35+08:00 ] ::1 /zjtr/Mobile/Mall/index
INFO: [ app_init ] --START--
INFO: Run Behavior\BuildLiteBehavior [ RunTime:0.000041s ]
INFO: [ app_init ] --END-- [ RunTime:0.000639s ]
INFO: [ app_begin ] --START--
INFO: Run Behavior\ReadHtmlCacheBehavior [ RunTime:0.000528s ]
INFO: [ app_begin ] --END-- [ RunTime:0.000607s ]
SQL: SHOW COLUMNS FROM `report_categories` [ RunTime:0.0086s ]
SQL: SELECT * FROM `report_categories` WHERE ( type_id=0 and web=1 and ixm=1 ) ORDER BY id asc  [ RunTime:0.0008s ]
SQL: SHOW COLUMNS FROM `banner` [ RunTime:0.0083s ]
SQL: SELECT * FROM `banner` WHERE ( web=2 )  [ RunTime:0.0006s ]
SQL: SELECT * FROM `report_categories` WHERE ( web=2 and ixm=2  ) ORDER BY mpx asc  [ RunTime:0.0008s ]
INFO: [ view_parse ] --START--
INFO: [ template_filter ] --START--
INFO: Run Behavior\ContentReplaceBehavior [ RunTime:0.000150s ]
INFO: [ template_filter ] --END-- [ RunTime:0.000285s ]
INFO: Run Behavior\ParseTemplateBehavior [ RunTime:0.038397s ]
INFO: [ view_parse ] --END-- [ RunTime:0.038567s ]
INFO: [ view_filter ] --START--
INFO: Run Behavior\WriteHtmlCacheBehavior [ RunTime:0.000635s ]
INFO: [ view_filter ] --END-- [ RunTime:0.000737s ]
INFO: [ app_end ] --START--
INFO: Run Behavior\ShowPageTraceBehavior [ RunTime:0.010978s ]
INFO: [ app_end ] --END-- [ RunTime:0.011246s ]

[ 2017-09-30T14:07:59+08:00 ] ::1 /zjtr/Mobile/Index/index
INFO: [ app_init ] --START--
INFO: Run Behavior\BuildLiteBehavior [ RunTime:0.000025s ]
INFO: [ app_init ] --END-- [ RunTime:0.000388s ]
INFO: [ app_begin ] --START--
INFO: Run Behavior\ReadHtmlCacheBehavior [ RunTime:0.000656s ]
INFO: [ app_begin ] --END-- [ RunTime:0.000719s ]
SQL: SHOW COLUMNS FROM `report_categories` [ RunTime:0.0111s ]
SQL: SELECT * FROM `report_categories` WHERE ( type_id=0 and web=1 and ixm=1 ) ORDER BY id asc  [ RunTime:0.0011s ]
SQL: SHOW COLUMNS FROM `banner` [ RunTime:0.0100s ]
SQL: SELECT * FROM `banner` WHERE ( web=2 )  [ RunTime:0.0005s ]
SQL: SHOW COLUMNS FROM `news` [ RunTime:0.0069s ]
SQL: SELECT * FROM `news` WHERE ( n_id=20 ) LIMIT 1   [ RunTime:0.0007s ]
INFO: [ view_parse ] --START--
INFO: [ template_filter ] --START--
INFO: Run Behavior\ContentReplaceBehavior [ RunTime:0.000249s ]
INFO: [ template_filter ] --END-- [ RunTime:0.000465s ]
NOTIC: [8] Undefined variable: m D:\phpStudy\WWW\zjtr\Application\Runtime\Cache\Mobile\59803a09875c7569286531ef77035039.php 第 178 行.
NOTIC: [8] Undefined variable: m D:\phpStudy\WWW\zjtr\Application\Runtime\Cache\Mobile\59803a09875c7569286531ef77035039.php 第 181 行.
INFO: Run Behavior\ParseTemplateBehavior [ RunTime:0.029034s ]
INFO: [ view_parse ] --END-- [ RunTime:0.029183s ]
INFO: [ view_filter ] --START--
INFO: Run Behavior\WriteHtmlCacheBehavior [ RunTime:0.000747s ]
INFO: [ view_filter ] --END-- [ RunTime:0.000844s ]
INFO: [ app_end ] --START--
INFO: Run Behavior\ShowPageTraceBehavior [ RunTime:0.001848s ]
INFO: [ app_end ] --END-- [ RunTime:0.002031s ]

[ 2017-09-30T14:09:23+08:00 ] ::1 /zjtr/Mobile/Index/index
INFO: [ app_init ] --START--
INFO: Run Behavior\BuildLiteBehavior [ RunTime:0.000018s ]
INFO: [ app_init ] --END-- [ RunTime:0.000402s ]
INFO: [ app_begin ] --START--
INFO: Run Behavior\ReadHtmlCacheBehavior [ RunTime:0.000594s ]
INFO: [ app_begin ] --END-- [ RunTime:0.000684s ]
SQL: SHOW COLUMNS FROM `report_categories` [ RunTime:0.0127s ]
SQL: SELECT * FROM `report_categories` WHERE ( type_id=0 and web=1 and ixm=1 ) ORDER BY id asc  [ RunTime:0.0019s ]
SQL: SHOW COLUMNS FROM `banner` [ RunTime:0.0115s ]
SQL: SELECT * FROM `banner` WHERE ( web=2 )  [ RunTime:0.0011s ]
SQL: SHOW COLUMNS FROM `news` [ RunTime:0.0094s ]
SQL: SELECT * FROM `news` WHERE ( n_id=20 ) LIMIT 1   [ RunTime:0.0006s ]
INFO: [ view_parse ] --START--
INFO: [ template_filter ] --START--
INFO: Run Behavior\ContentReplaceBehavior [ RunTime:0.000181s ]
INFO: [ template_filter ] --END-- [ RunTime:0.000324s ]
NOTIC: [8] Undefined index: zjtr_id D:\phpStudy\WWW\zjtr\Application\Runtime\Cache\Mobile\59803a09875c7569286531ef77035039.php 第 163 行.
NOTIC: [8] Undefined variable: m D:\phpStudy\WWW\zjtr\Application\Runtime\Cache\Mobile\59803a09875c7569286531ef77035039.php 第 178 行.
NOTIC: [8] Undefined variable: m D:\phpStudy\WWW\zjtr\Application\Runtime\Cache\Mobile\59803a09875c7569286531ef77035039.php 第 181 行.
INFO: Run Behavior\ParseTemplateBehavior [ RunTime:0.018698s ]
INFO: [ view_parse ] --END-- [ RunTime:0.018837s ]
INFO: [ view_filter ] --START--
INFO: Run Behavior\WriteHtmlCacheBehavior [ RunTime:0.000376s ]
INFO: [ view_filter ] --END-- [ RunTime:0.000451s ]
INFO: [ app_end ] --START--
INFO: Run Behavior\ShowPageTraceBehavior [ RunTime:0.000778s ]
INFO: [ app_end ] --END-- [ RunTime:0.000849s ]

[ 2017-09-30T14:09:36+08:00 ] ::1 /zjtr/Mobile/Index/jour?active=3
INFO: [ app_init ] --START--
INFO: Run Behavior\BuildLiteBehavior [ RunTime:0.000026s ]
INFO: [ app_init ] --END-- [ RunTime:0.000428s ]
INFO: [ app_begin ] --START--
INFO: Run Behavior\ReadHtmlCacheBehavior [ RunTime:0.000825s ]
INFO: [ app_begin ] --END-- [ RunTime:0.000898s ]
SQL: SHOW COLUMNS FROM `report_categories` [ RunTime:0.0188s ]
SQL: SELECT * FROM `report_categories` WHERE ( type_id=0 and web=1 and ixm=1 ) ORDER BY id asc  [ RunTime:0.0016s ]
SQL: SHOW COLUMNS FROM `banner` [ RunTime:0.0150s ]
SQL: SELECT * FROM `banner` WHERE ( web=2 )  [ RunTime:0.0009s ]
SQL: SELECT * FROM `report_categories` WHERE ( type_id=3 )  [ RunTime:0.0009s ]
SQL: SELECT * FROM `report_categories` WHERE `Id` = 3 LIMIT 1   [ RunTime:0.0009s ]
SQL: SHOW COLUMNS FROM `news` [ RunTime:0.0141s ]
SQL: SELECT * FROM `news` WHERE `n_id` IN ('8','9')  [ RunTime:0.0012s ]
INFO: [ view_parse ] --START--
INFO: [ template_filter ] --START--
INFO: Run Behavior\ContentReplaceBehavior [ RunTime:0.000145s ]
INFO: [ template_filter ] --END-- [ RunTime:0.000275s ]
NOTIC: [8] Undefined index: zjtr_id D:\phpStudy\WWW\zjtr\Application\Runtime\Cache\Mobile\e026e704adaf2f4bf90f0898d1329c1a.php 第 131 行.
NOTIC: [8] Undefined variable: m D:\phpStudy\WWW\zjtr\Application\Runtime\Cache\Mobile\e026e704adaf2f4bf90f0898d1329c1a.php 第 146 行.
NOTIC: [8] Undefined variable: m D:\phpStudy\WWW\zjtr\Application\Runtime\Cache\Mobile\e026e704adaf2f4bf90f0898d1329c1a.php 第 149 行.
INFO: Run Behavior\ParseTemplateBehavior [ RunTime:0.072194s ]
INFO: [ view_parse ] --END-- [ RunTime:0.072357s ]
INFO: [ view_filter ] --START--
INFO: Run Behavior\WriteHtmlCacheBehavior [ RunTime:0.000900s ]
INFO: [ view_filter ] --END-- [ RunTime:0.000995s ]
INFO: [ app_end ] --START--
INFO: Run Behavior\ShowPageTraceBehavior [ RunTime:0.002100s ]
INFO: [ app_end ] --END-- [ RunTime:0.002230s ]

[ 2017-09-30T14:09:39+08:00 ] ::1 /zjtr/Mobile/Index/c_jour?active=3&id=13
INFO: [ app_init ] --START--
INFO: Run Behavior\BuildLiteBehavior [ RunTime:0.000027s ]
INFO: [ app_init ] --END-- [ RunTime:0.000514s ]
INFO: [ app_begin ] --START--
INFO: Run Behavior\ReadHtmlCacheBehavior [ RunTime:0.002372s ]
INFO: [ app_begin ] --END-- [ RunTime:0.002489s ]
SQL: SHOW COLUMNS FROM `report_categories` [ RunTime:0.0181s ]
SQL: SELECT * FROM `report_categories` WHERE ( type_id=0 and web=1 and ixm=1 ) ORDER BY id asc  [ RunTime:0.0013s ]
SQL: SHOW COLUMNS FROM `banner` [ RunTime:0.0154s ]
SQL: SELECT * FROM `banner` WHERE ( web=2 )  [ RunTime:0.0013s ]
SQL: SELECT * FROM `report_categories` WHERE `Id` = 3 LIMIT 1   [ RunTime:0.0011s ]
SQL: SHOW COLUMNS FROM `news` [ RunTime:0.0084s ]
SQL: SELECT * FROM `news` WHERE `Type_Id` = 13 LIMIT 1   [ RunTime:0.0006s ]
INFO: [ view_parse ] --START--
INFO: [ template_filter ] --START--
INFO: Run Behavior\ContentReplaceBehavior [ RunTime:0.000124s ]
INFO: [ template_filter ] --END-- [ RunTime:0.000255s ]
NOTIC: [8] Undefined index: zjtr_id D:\phpStudy\WWW\zjtr\Application\Runtime\Cache\Mobile\aa3b4ed05df04bae3e47b0ff440f55ff.php 第 123 行.
NOTIC: [8] Undefined variable: m D:\phpStudy\WWW\zjtr\Application\Runtime\Cache\Mobile\aa3b4ed05df04bae3e47b0ff440f55ff.php 第 138 行.
NOTIC: [8] Undefined variable: m D:\phpStudy\WWW\zjtr\Application\Runtime\Cache\Mobile\aa3b4ed05df04bae3e47b0ff440f55ff.php 第 141 行.
INFO: Run Behavior\ParseTemplateBehavior [ RunTime:0.065032s ]
INFO: [ view_parse ] --END-- [ RunTime:0.065159s ]
INFO: [ view_filter ] --START--
INFO: Run Behavior\WriteHtmlCacheBehavior [ RunTime:0.000889s ]
INFO: [ view_filter ] --END-- [ RunTime:0.000991s ]
INFO: [ app_end ] --START--
INFO: Run Behavior\ShowPageTraceBehavior [ RunTime:0.001212s ]
INFO: [ app_end ] --END-- [ RunTime:0.001314s ]

[ 2017-09-30T14:09:50+08:00 ] ::1 /zjtr/Mobile/Index/classic?active=4
INFO: [ app_init ] --START--
INFO: Run Behavior\BuildLiteBehavior [ RunTime:0.000026s ]
INFO: [ app_init ] --END-- [ RunTime:0.000731s ]
INFO: [ app_begin ] --START--
INFO: Run Behavior\ReadHtmlCacheBehavior [ RunTime:0.000741s ]
INFO: [ app_begin ] --END-- [ RunTime:0.000809s ]
SQL: SHOW COLUMNS FROM `report_categories` [ RunTime:0.0609s ]
SQL: SELECT * FROM `report_categories` WHERE ( type_id=0 and web=1 and ixm=1 ) ORDER BY id asc  [ RunTime:0.0012s ]
SQL: SHOW COLUMNS FROM `banner` [ RunTime:0.0124s ]
SQL: SELECT * FROM `banner` WHERE ( web=2 )  [ RunTime:0.0012s ]
SQL: SELECT * FROM `report_categories` WHERE ( type_id=4 )  [ RunTime:0.0010s ]
SQL: SELECT * FROM `report_categories` WHERE `Id` = 4 LIMIT 1   [ RunTime:0.0009s ]
SQL: SHOW COLUMNS FROM `news` [ RunTime:0.0183s ]
SQL: SELECT * FROM `news` WHERE `n_id` IN ('27')  [ RunTime:0.0012s ]
NOTIC: [8] Undefined index: id D:\phpStudy\WWW\zjtr\Application\Mobile\Controller\IndexController.class.php 第 119 行.
INFO: [ view_parse ] --START--
INFO: [ template_filter ] --START--
INFO: Run Behavior\ContentReplaceBehavior [ RunTime:0.000095s ]
INFO: [ template_filter ] --END-- [ RunTime:0.000186s ]
NOTIC: [8] Undefined index: zjtr_id D:\phpStudy\WWW\zjtr\Application\Runtime\Cache\Mobile\0d4be966915828efc06f6b198eea9941.php 第 122 行.
NOTIC: [8] Undefined variable: m D:\phpStudy\WWW\zjtr\Application\Runtime\Cache\Mobile\0d4be966915828efc06f6b198eea9941.php 第 137 行.
NOTIC: [8] Undefined variable: m D:\phpStudy\WWW\zjtr\Application\Runtime\Cache\Mobile\0d4be966915828efc06f6b198eea9941.php 第 140 行.
INFO: Run Behavior\ParseTemplateBehavior [ RunTime:0.042993s ]
INFO: [ view_parse ] --END-- [ RunTime:0.043141s ]
INFO: [ view_filter ] --START--
INFO: Run Behavior\WriteHtmlCacheBehavior [ RunTime:0.000699s ]
INFO: [ view_filter ] --END-- [ RunTime:0.000774s ]
INFO: [ app_end ] --START--
INFO: Run Behavior\ShowPageTraceBehavior [ RunTime:0.000985s ]
INFO: [ app_end ] --END-- [ RunTime:0.001062s ]

[ 2017-09-30T14:10:00+08:00 ] ::1 /zjtr/Mobile/Mall/index
INFO: [ app_init ] --START--
INFO: Run Behavior\BuildLiteBehavior [ RunTime:0.000016s ]
INFO: [ app_init ] --END-- [ RunTime:0.000434s ]
INFO: [ app_begin ] --START--
INFO: Run Behavior\ReadHtmlCacheBehavior [ RunTime:0.000718s ]
INFO: [ app_begin ] --END-- [ RunTime:0.000786s ]
SQL: SHOW COLUMNS FROM `report_categories` [ RunTime:0.0156s ]
SQL: SELECT * FROM `report_categories` WHERE ( type_id=0 and web=1 and ixm=1 ) ORDER BY id asc  [ RunTime:0.0014s ]
SQL: SHOW COLUMNS FROM `banner` [ RunTime:0.0162s ]
SQL: SELECT * FROM `banner` WHERE ( web=2 )  [ RunTime:0.0018s ]
SQL: SELECT * FROM `report_categories` WHERE ( web=2 and ixm=2  ) ORDER BY mpx asc  [ RunTime:0.0017s ]
INFO: [ view_parse ] --START--
INFO: [ template_filter ] --START--
INFO: Run Behavior\ContentReplaceBehavior [ RunTime:0.000155s ]
INFO: [ template_filter ] --END-- [ RunTime:0.000298s ]
NOTIC: [8] Undefined index: zjtr_id D:\phpStudy\WWW\zjtr\Application\Runtime\Cache\Mobile\a508c81ebacdfa78590ba19621d6c04f.php 第 168 行.
INFO: Run Behavior\ParseTemplateBehavior [ RunTime:0.026406s ]
INFO: [ view_parse ] --END-- [ RunTime:0.026550s ]
INFO: [ view_filter ] --START--
INFO: Run Behavior\WriteHtmlCacheBehavior [ RunTime:0.000736s ]
INFO: [ view_filter ] --END-- [ RunTime:0.000812s ]
INFO: [ app_end ] --START--
INFO: Run Behavior\ShowPageTraceBehavior [ RunTime:0.001663s ]
INFO: [ app_end ] --END-- [ RunTime:0.001824s ]

[ 2017-09-30T14:10:07+08:00 ] ::1 /zjtr/Mobile/Mall/clothes?active=16
INFO: [ app_init ] --START--
INFO: Run Behavior\BuildLiteBehavior [ RunTime:0.000028s ]
INFO: [ app_init ] --END-- [ RunTime:0.000506s ]
INFO: [ app_begin ] --START--
INFO: Run Behavior\ReadHtmlCacheBehavior [ RunTime:0.001828s ]
INFO: [ app_begin ] --END-- [ RunTime:0.001980s ]
SQL: SHOW COLUMNS FROM `report_categories` [ RunTime:0.0154s ]
SQL: SELECT * FROM `report_categories` WHERE ( type_id=0 and web=1 and ixm=1 ) ORDER BY id asc  [ RunTime:0.0011s ]
SQL: SHOW COLUMNS FROM `banner` [ RunTime:0.0159s ]
SQL: SELECT * FROM `banner` WHERE ( web=2 )  [ RunTime:0.0010s ]
SQL: SHOW COLUMNS FROM `new_x` [ RunTime:0.0142s ]
SQL: SELECT * FROM `report_categories` WHERE ( Type_id=16 )  [ RunTime:0.0006s ]
SQL: SELECT * FROM `new_x` WHERE `n_type` IN ('28','38') ORDER BY time desc  [ RunTime:0.0009s ]
SQL: SELECT * FROM `report_categories` WHERE `Id` = 16 LIMIT 1   [ RunTime:0.0004s ]
INFO: [ view_parse ] --START--
INFO: [ template_filter ] --START--
INFO: Run Behavior\ContentReplaceBehavior [ RunTime:0.000131s ]
INFO: [ template_filter ] --END-- [ RunTime:0.000227s ]
NOTIC: [8] Undefined index: zjtr_id D:\phpStudy\WWW\zjtr\Application\Runtime\Cache\Mobile\fd64ca5f40061e1fc8f3e4c1c551c637.php 第 256 行.
INFO: Run Behavior\ParseTemplateBehavior [ RunTime:0.058296s ]
INFO: [ view_parse ] --END-- [ RunTime:0.058434s ]
INFO: [ view_filter ] --START--
INFO: Run Behavior\WriteHtmlCacheBehavior [ RunTime:0.000924s ]
INFO: [ view_filter ] --END-- [ RunTime:0.001095s ]
INFO: [ app_end ] --START--
INFO: Run Behavior\ShowPageTraceBehavior [ RunTime:0.001370s ]
INFO: [ app_end ] --END-- [ RunTime:0.001505s ]

[ 2017-09-30T14:10:16+08:00 ] ::1 /zjtr/Mobile/Mall/register
INFO: [ app_init ] --START--
INFO: Run Behavior\BuildLiteBehavior [ RunTime:0.000029s ]
INFO: [ app_init ] --END-- [ RunTime:0.000547s ]
INFO: [ app_begin ] --START--
INFO: Run Behavior\ReadHtmlCacheBehavior [ RunTime:0.000701s ]
INFO: [ app_begin ] --END-- [ RunTime:0.000790s ]
NOTIC: [8] Undefined index: sub D:\phpStudy\WWW\zjtr\Application\Mobile\Controller\MallController.class.php 第 60 行.
INFO: [ view_parse ] --START--
INFO: [ template_filter ] --START--
INFO: Run Behavior\ContentReplaceBehavior [ RunTime:0.000060s ]
INFO: [ template_filter ] --END-- [ RunTime:0.000127s ]
INFO: Run Behavior\ParseTemplateBehavior [ RunTime:0.008448s ]
INFO: [ view_parse ] --END-- [ RunTime:0.008789s ]
INFO: [ view_filter ] --START--
INFO: Run Behavior\WriteHtmlCacheBehavior [ RunTime:0.000387s ]
INFO: [ view_filter ] --END-- [ RunTime:0.000439s ]
INFO: [ app_end ] --START--
INFO: Run Behavior\ShowPageTraceBehavior [ RunTime:0.000961s ]
INFO: [ app_end ] --END-- [ RunTime:0.001023s ]

[ 2017-09-30T14:10:28+08:00 ] ::1 /zjtr/Mobile/Mall/register
INFO: [ app_init ] --START--
INFO: Run Behavior\BuildLiteBehavior [ RunTime:0.000015s ]
INFO: [ app_init ] --END-- [ RunTime:0.000396s ]
INFO: [ app_begin ] --START--
INFO: Run Behavior\ReadHtmlCacheBehavior [ RunTime:0.002264s ]
INFO: [ app_begin ] --END-- [ RunTime:0.002412s ]
NOTIC: [8] Undefined index: sub D:\phpStudy\WWW\zjtr\Application\Mobile\Controller\MallController.class.php 第 60 行.
INFO: [ view_parse ] --START--
INFO: [ template_filter ] --START--
INFO: Run Behavior\ContentReplaceBehavior [ RunTime:0.000062s ]
INFO: [ template_filter ] --END-- [ RunTime:0.000137s ]
INFO: Run Behavior\ParseTemplateBehavior [ RunTime:0.008124s ]
INFO: [ view_parse ] --END-- [ RunTime:0.008193s ]
INFO: [ view_filter ] --START--
INFO: Run Behavior\WriteHtmlCacheBehavior [ RunTime:0.000486s ]
INFO: [ view_filter ] --END-- [ RunTime:0.000537s ]
INFO: [ app_end ] --START--
INFO: Run Behavior\ShowPageTraceBehavior [ RunTime:0.000643s ]
INFO: [ app_end ] --END-- [ RunTime:0.000698s ]

[ 2017-09-30T14:10:43+08:00 ] ::1 /zjtr/Mobile/Mall/clothes?active=16
INFO: [ app_init ] --START--
INFO: Run Behavior\BuildLiteBehavior [ RunTime:0.000027s ]
INFO: [ app_init ] --END-- [ RunTime:0.000434s ]
INFO: [ app_begin ] --START--
INFO: Run Behavior\ReadHtmlCacheBehavior [ RunTime:0.000732s ]
INFO: [ app_begin ] --END-- [ RunTime:0.000794s ]
SQL: SHOW COLUMNS FROM `report_categories` [ RunTime:0.0185s ]
SQL: SELECT * FROM `report_categories` WHERE ( type_id=0 and web=1 and ixm=1 ) ORDER BY id asc  [ RunTime:0.0022s ]
SQL: SHOW COLUMNS FROM `banner` [ RunTime:0.0135s ]
SQL: SELECT * FROM `banner` WHERE ( web=2 )  [ RunTime:0.0006s ]
SQL: SHOW COLUMNS FROM `new_x` [ RunTime:0.0095s ]
SQL: SELECT * FROM `report_categories` WHERE ( Type_id=16 )  [ RunTime:0.0007s ]
SQL: SELECT * FROM `new_x` WHERE `n_type` IN ('28','38') ORDER BY time desc  [ RunTime:0.0010s ]
SQL: SELECT * FROM `report_categories` WHERE `Id` = 16 LIMIT 1   [ RunTime:0.0005s ]
INFO: [ view_parse ] --START--
INFO: [ template_filter ] --START--
INFO: Run Behavior\ContentReplaceBehavior [ RunTime:0.000100s ]
INFO: [ template_filter ] --END-- [ RunTime:0.000170s ]
NOTIC: [8] Undefined index: zjtr_id D:\phpStudy\WWW\zjtr\Application\Runtime\Cache\Mobile\fd64ca5f40061e1fc8f3e4c1c551c637.php 第 256 行.
INFO: Run Behavior\ParseTemplateBehavior [ RunTime:0.011143s ]
INFO: [ view_parse ] --END-- [ RunTime:0.011248s ]
INFO: [ view_filter ] --START--
INFO: Run Behavior\WriteHtmlCacheBehavior [ RunTime:0.000443s ]
INFO: [ view_filter ] --END-- [ RunTime:0.000501s ]
INFO: [ app_end ] --START--
INFO: Run Behavior\ShowPageTraceBehavior [ RunTime:0.000751s ]
INFO: [ app_end ] --END-- [ RunTime:0.000818s ]

[ 2017-09-30T14:10:48+08:00 ] ::1 /zjtr/Mobile/Mall/details
INFO: [ app_init ] --START--
INFO: Run Behavior\BuildLiteBehavior [ RunTime:0.000027s ]
INFO: [ app_init ] --END-- [ RunTime:0.000691s ]
INFO: [ app_begin ] --START--
INFO: Run Behavior\ReadHtmlCacheBehavior [ RunTime:0.001144s ]
INFO: [ app_begin ] --END-- [ RunTime:0.001251s ]
SQL: SHOW COLUMNS FROM `report_categories` [ RunTime:0.0202s ]
SQL: SELECT * FROM `report_categories` WHERE ( type_id=0 and web=2 ) ORDER BY id asc LIMIT 6   [ RunTime:0.0015s ]
SQL: SELECT * FROM `report_categories` WHERE ( type_id=0 and web=2 and ix=2 ) ORDER BY id asc LIMIT 6   [ RunTime:0.0012s ]
SQL: SELECT * FROM `report_categories` WHERE ( type_id!=0 and web=2 ) ORDER BY id asc  [ RunTime:0.0014s ]
SQL: SHOW COLUMNS FROM `new_x` [ RunTime:0.0142s ]
NOTIC: [8] Undefined index: id D:\phpStudy\WWW\zjtr\Application\Mobile\Controller\MallController.class.php 第 246 行.
SQL: SELECT * FROM `new_x` LIMIT 1   [ RunTime:0.0006s ]
INFO: [ view_parse ] --START--
INFO: [ template_filter ] --START--
INFO: Run Behavior\ContentReplaceBehavior [ RunTime:0.000210s ]
INFO: [ template_filter ] --END-- [ RunTime:0.000430s ]
NOTIC: [8] Undefined index: zjtr_id D:\phpStudy\WWW\zjtr\Application\Runtime\Cache\Mobile\8061b500d4604900fe093492f6a47c85.php 第 226 行.
INFO: Run Behavior\ParseTemplateBehavior [ RunTime:0.062251s ]
INFO: [ view_parse ] --END-- [ RunTime:0.062422s ]
INFO: [ view_filter ] --START--
INFO: Run Behavior\WriteHtmlCacheBehavior [ RunTime:0.001072s ]
INFO: [ view_filter ] --END-- [ RunTime:0.001177s ]
INFO: [ app_end ] --START--
INFO: Run Behavior\ShowPageTraceBehavior [ RunTime:0.001485s ]
INFO: [ app_end ] --END-- [ RunTime:0.001612s ]

