[ 2017-12-07T11:46:52+08:00 ] ::1 /zjtr/Mobile/Index/contact?active=7
INFO: [ app_init ] --START--
INFO: Run Behavior\BuildLiteBehavior [ RunTime:0.000016s ]
INFO: [ app_init ] --END-- [ RunTime:0.000423s ]
INFO: [ app_begin ] --START--
INFO: Run Behavior\ReadHtmlCacheBehavior [ RunTime:0.002934s ]
INFO: [ app_begin ] --END-- [ RunTime:0.003168s ]
SQL: SHOW COLUMNS FROM `report_categories` [ RunTime:0.0905s ]
SQL: SELECT * FROM `report_categories` WHERE ( type_id=0 and web=1 and ixm=1 ) ORDER BY id asc  [ RunTime:0.0017s ]
SQL: SHOW COLUMNS FROM `banner` [ RunTime:0.0125s ]
SQL: SELECT * FROM `banner` WHERE ( web=2 )  [ RunTime:0.0011s ]
SQL: SHOW COLUMNS FROM `emph` [ RunTime:0.0110s ]
SQL: SELECT * FROM `emph` LIMIT 1   [ RunTime:0.0005s ]
SQL: SHOW COLUMNS FROM `shopcart` [ RunTime:0.0533s ]
NOTIC: [8] Undefined index: zjtr_id D:\phpStudy\WWW\zjtr\Application\Mobile\Controller\PublicController.class.php 第 75 行.
SQL: SELECT COUNT(*) AS tp_count FROM `shopcart` WHERE `l_id` = 0 AND `cook` = 'h871nm2f6e1rvjfs14q5vbflq5' LIMIT 1   [ RunTime:0.0119s ]
SQL: SELECT * FROM `report_categories` WHERE ( type_id=7 )  [ RunTime:0.0003s ]
SQL: SELECT * FROM `report_categories` WHERE `Id` = 7 LIMIT 1   [ RunTime:0.0126s ]
SQL: SHOW COLUMNS FROM `news` [ RunTime:0.0208s ]
SQL: SELECT * FROM `news` WHERE `n_id` IN ('24','25')  [ RunTime:0.0103s ]
NOTIC: [8] Undefined index: id D:\phpStudy\WWW\zjtr\Application\Mobile\Controller\IndexController.class.php 第 153 行.
INFO: [ view_parse ] --START--
INFO: [ template_filter ] --START--
INFO: Run Behavior\ContentReplaceBehavior [ RunTime:0.000068s ]
INFO: [ template_filter ] --END-- [ RunTime:0.000128s ]
NOTIC: [8] Undefined index: zjtr_id D:\phpStudy\WWW\zjtr\Application\Runtime\Cache\Mobile\c1e5fa74419a96fc60d72f45cc45522e.php 第 132 行.
NOTIC: [8] Undefined variable: m D:\phpStudy\WWW\zjtr\Application\Runtime\Cache\Mobile\c1e5fa74419a96fc60d72f45cc45522e.php 第 147 行.
NOTIC: [8] Undefined variable: m D:\phpStudy\WWW\zjtr\Application\Runtime\Cache\Mobile\c1e5fa74419a96fc60d72f45cc45522e.php 第 150 行.
NOTIC: [8] Undefined variable: g D:\phpStudy\WWW\zjtr\Application\Runtime\Cache\Mobile\c1e5fa74419a96fc60d72f45cc45522e.php 第 152 行.
NOTIC: [8] Undefined variable: p D:\phpStudy\WWW\zjtr\Application\Runtime\Cache\Mobile\c1e5fa74419a96fc60d72f45cc45522e.php 第 153 行.
INFO: Run Behavior\ParseTemplateBehavior [ RunTime:0.063955s ]
INFO: [ view_parse ] --END-- [ RunTime:0.064063s ]
INFO: [ view_filter ] --START--
INFO: Run Behavior\WriteHtmlCacheBehavior [ RunTime:0.000660s ]
INFO: [ view_filter ] --END-- [ RunTime:0.000719s ]
INFO: [ app_end ] --START--
INFO: Run Behavior\ShowPageTraceBehavior [ RunTime:0.001449s ]
INFO: [ app_end ] --END-- [ RunTime:0.001538s ]

[ 2017-12-07T11:46:55+08:00 ] ::1 /zjtr/Mobile/Index/jour?active=3
INFO: [ app_init ] --START--
INFO: Run Behavior\BuildLiteBehavior [ RunTime:0.000015s ]
INFO: [ app_init ] --END-- [ RunTime:0.000370s ]
INFO: [ app_begin ] --START--
INFO: Run Behavior\ReadHtmlCacheBehavior [ RunTime:0.001532s ]
INFO: [ app_begin ] --END-- [ RunTime:0.001677s ]
SQL: SHOW COLUMNS FROM `report_categories` [ RunTime:0.0098s ]
SQL: SELECT * FROM `report_categories` WHERE ( type_id=0 and web=1 and ixm=1 ) ORDER BY id asc  [ RunTime:0.0008s ]
SQL: SHOW COLUMNS FROM `banner` [ RunTime:0.0073s ]
SQL: SELECT * FROM `banner` WHERE ( web=2 )  [ RunTime:0.0005s ]
SQL: SHOW COLUMNS FROM `emph` [ RunTime:0.0342s ]
SQL: SELECT * FROM `emph` LIMIT 1   [ RunTime:0.0003s ]
SQL: SHOW COLUMNS FROM `shopcart` [ RunTime:0.0044s ]
NOTIC: [8] Undefined index: zjtr_id D:\phpStudy\WWW\zjtr\Application\Mobile\Controller\PublicController.class.php 第 75 行.
SQL: SELECT COUNT(*) AS tp_count FROM `shopcart` WHERE `l_id` = 0 AND `cook` = 'h871nm2f6e1rvjfs14q5vbflq5' LIMIT 1   [ RunTime:0.0003s ]
SQL: SELECT * FROM `report_categories` WHERE ( type_id=3 )  [ RunTime:0.0003s ]
SQL: SELECT * FROM `report_categories` WHERE `Id` = 3 LIMIT 1   [ RunTime:0.0002s ]
SQL: SHOW COLUMNS FROM `news` [ RunTime:0.0051s ]
SQL: SELECT * FROM `news` WHERE `n_id` IN ('8','9')  [ RunTime:0.0005s ]
INFO: [ view_parse ] --START--
INFO: [ template_filter ] --START--
INFO: Run Behavior\ContentReplaceBehavior [ RunTime:0.000131s ]
INFO: [ template_filter ] --END-- [ RunTime:0.000219s ]
NOTIC: [8] Undefined index: zjtr_id D:\phpStudy\WWW\zjtr\Application\Runtime\Cache\Mobile\e026e704adaf2f4bf90f0898d1329c1a.php 第 136 行.
NOTIC: [8] Undefined variable: m D:\phpStudy\WWW\zjtr\Application\Runtime\Cache\Mobile\e026e704adaf2f4bf90f0898d1329c1a.php 第 151 行.
NOTIC: [8] Undefined variable: m D:\phpStudy\WWW\zjtr\Application\Runtime\Cache\Mobile\e026e704adaf2f4bf90f0898d1329c1a.php 第 154 行.
NOTIC: [8] Undefined variable: g D:\phpStudy\WWW\zjtr\Application\Runtime\Cache\Mobile\e026e704adaf2f4bf90f0898d1329c1a.php 第 156 行.
NOTIC: [8] Undefined variable: p D:\phpStudy\WWW\zjtr\Application\Runtime\Cache\Mobile\e026e704adaf2f4bf90f0898d1329c1a.php 第 157 行.
INFO: Run Behavior\ParseTemplateBehavior [ RunTime:0.060067s ]
INFO: [ view_parse ] --END-- [ RunTime:0.060164s ]
INFO: [ view_filter ] --START--
INFO: Run Behavior\WriteHtmlCacheBehavior [ RunTime:0.000603s ]
INFO: [ view_filter ] --END-- [ RunTime:0.000653s ]
INFO: [ app_end ] --START--
INFO: Run Behavior\ShowPageTraceBehavior [ RunTime:0.000776s ]
INFO: [ app_end ] --END-- [ RunTime:0.000827s ]

[ 2017-12-07T11:46:59+08:00 ] ::1 /zjtr/Mobile/Mall/product?active=14
INFO: [ app_init ] --START--
INFO: Run Behavior\BuildLiteBehavior [ RunTime:0.000026s ]
INFO: [ app_init ] --END-- [ RunTime:0.000626s ]
INFO: [ app_begin ] --START--
INFO: Run Behavior\ReadHtmlCacheBehavior [ RunTime:0.001131s ]
INFO: [ app_begin ] --END-- [ RunTime:0.001249s ]
SQL: SHOW COLUMNS FROM `report_categories` [ RunTime:0.0198s ]
SQL: SELECT * FROM `report_categories` WHERE ( type_id=0 and web=1 and ixm=1 ) ORDER BY id asc  [ RunTime:0.0005s ]
SQL: SHOW COLUMNS FROM `banner` [ RunTime:0.0042s ]
SQL: SELECT * FROM `banner` WHERE ( web=2 )  [ RunTime:0.0004s ]
SQL: SHOW COLUMNS FROM `emph` [ RunTime:0.0057s ]
SQL: SELECT * FROM `emph` LIMIT 1   [ RunTime:0.0003s ]
SQL: SHOW COLUMNS FROM `shopcart` [ RunTime:0.0040s ]
NOTIC: [8] Undefined index: zjtr_id D:\phpStudy\WWW\zjtr\Application\Mobile\Controller\PublicController.class.php 第 75 行.
SQL: SELECT COUNT(*) AS tp_count FROM `shopcart` WHERE `l_id` = 0 AND `cook` = 'h871nm2f6e1rvjfs14q5vbflq5' LIMIT 1   [ RunTime:0.0003s ]
SQL: SHOW COLUMNS FROM `new_x` [ RunTime:0.0665s ]
SQL: SELECT * FROM `report_categories` WHERE ( Type_id=14 )  [ RunTime:0.0005s ]
SQL: SELECT * FROM `new_x` WHERE `n_type` IN ('42') ORDER BY time desc  [ RunTime:0.0338s ]
SQL: SELECT * FROM `report_categories` WHERE `Id` = 14 LIMIT 1   [ RunTime:0.0004s ]
INFO: [ view_parse ] --START--
INFO: [ template_filter ] --START--
INFO: Run Behavior\ContentReplaceBehavior [ RunTime:0.000150s ]
INFO: [ template_filter ] --END-- [ RunTime:0.000259s ]
NOTIC: [8] Undefined variable: n D:\phpStudy\WWW\zjtr\Application\Runtime\Cache\Mobile\903b8cbdfc01e77bcb9e09db51a862d8.php 第 53 行.
NOTIC: [8] Undefined variable: n D:\phpStudy\WWW\zjtr\Application\Runtime\Cache\Mobile\903b8cbdfc01e77bcb9e09db51a862d8.php 第 53 行.
NOTIC: [8] Undefined variable: n D:\phpStudy\WWW\zjtr\Application\Runtime\Cache\Mobile\903b8cbdfc01e77bcb9e09db51a862d8.php 第 53 行.
NOTIC: [8] Undefined variable: n D:\phpStudy\WWW\zjtr\Application\Runtime\Cache\Mobile\903b8cbdfc01e77bcb9e09db51a862d8.php 第 53 行.
NOTIC: [8] Undefined variable: n D:\phpStudy\WWW\zjtr\Application\Runtime\Cache\Mobile\903b8cbdfc01e77bcb9e09db51a862d8.php 第 53 行.
NOTIC: [8] Undefined index: zjtr_id D:\phpStudy\WWW\zjtr\Application\Runtime\Cache\Mobile\903b8cbdfc01e77bcb9e09db51a862d8.php 第 280 行.
NOTIC: [8] Undefined variable: g D:\phpStudy\WWW\zjtr\Application\Runtime\Cache\Mobile\903b8cbdfc01e77bcb9e09db51a862d8.php 第 300 行.
NOTIC: [8] Undefined variable: p D:\phpStudy\WWW\zjtr\Application\Runtime\Cache\Mobile\903b8cbdfc01e77bcb9e09db51a862d8.php 第 301 行.
INFO: Run Behavior\ParseTemplateBehavior [ RunTime:0.041193s ]
INFO: [ view_parse ] --END-- [ RunTime:0.041275s ]
INFO: [ view_filter ] --START--
INFO: Run Behavior\WriteHtmlCacheBehavior [ RunTime:0.000500s ]
INFO: [ view_filter ] --END-- [ RunTime:0.000555s ]
INFO: [ app_end ] --START--
INFO: Run Behavior\ShowPageTraceBehavior [ RunTime:0.000958s ]
INFO: [ app_end ] --END-- [ RunTime:0.001034s ]

[ 2017-12-07T11:47:03+08:00 ] ::1 /zjtr/Mobile/Index/index?active=1
INFO: [ app_init ] --START--
INFO: Run Behavior\BuildLiteBehavior [ RunTime:0.000018s ]
INFO: [ app_init ] --END-- [ RunTime:0.000389s ]
INFO: [ app_begin ] --START--
INFO: Run Behavior\ReadHtmlCacheBehavior [ RunTime:0.000593s ]
INFO: [ app_begin ] --END-- [ RunTime:0.000675s ]
SQL: SHOW COLUMNS FROM `report_categories` [ RunTime:0.0144s ]
SQL: SELECT * FROM `report_categories` WHERE ( type_id=0 and web=1 and ixm=1 ) ORDER BY id asc  [ RunTime:0.0007s ]
SQL: SHOW COLUMNS FROM `banner` [ RunTime:0.0078s ]
SQL: SELECT * FROM `banner` WHERE ( web=2 )  [ RunTime:0.0009s ]
SQL: SHOW COLUMNS FROM `emph` [ RunTime:0.0268s ]
SQL: SELECT * FROM `emph` LIMIT 1   [ RunTime:0.0008s ]
SQL: SHOW COLUMNS FROM `shopcart` [ RunTime:0.0085s ]
NOTIC: [8] Undefined index: zjtr_id D:\phpStudy\WWW\zjtr\Application\Mobile\Controller\PublicController.class.php 第 75 行.
SQL: SELECT COUNT(*) AS tp_count FROM `shopcart` WHERE `l_id` = 0 AND `cook` = 'h871nm2f6e1rvjfs14q5vbflq5' LIMIT 1   [ RunTime:0.0005s ]
SQL: SHOW COLUMNS FROM `news` [ RunTime:0.0067s ]
SQL: SELECT * FROM `news` WHERE ( n_id=20 ) LIMIT 1   [ RunTime:0.0007s ]
INFO: [ view_parse ] --START--
INFO: [ template_filter ] --START--
INFO: Run Behavior\ContentReplaceBehavior [ RunTime:0.000097s ]
INFO: [ template_filter ] --END-- [ RunTime:0.000172s ]
NOTIC: [8] Undefined index: zjtr_id D:\phpStudy\WWW\zjtr\Application\Runtime\Cache\Mobile\59803a09875c7569286531ef77035039.php 第 168 行.
NOTIC: [8] Undefined variable: m D:\phpStudy\WWW\zjtr\Application\Runtime\Cache\Mobile\59803a09875c7569286531ef77035039.php 第 183 行.
NOTIC: [8] Undefined variable: m D:\phpStudy\WWW\zjtr\Application\Runtime\Cache\Mobile\59803a09875c7569286531ef77035039.php 第 186 行.
NOTIC: [8] Undefined variable: g D:\phpStudy\WWW\zjtr\Application\Runtime\Cache\Mobile\59803a09875c7569286531ef77035039.php 第 188 行.
NOTIC: [8] Undefined variable: p D:\phpStudy\WWW\zjtr\Application\Runtime\Cache\Mobile\59803a09875c7569286531ef77035039.php 第 189 行.
INFO: Run Behavior\ParseTemplateBehavior [ RunTime:0.056546s ]
INFO: [ view_parse ] --END-- [ RunTime:0.056651s ]
INFO: [ view_filter ] --START--
INFO: Run Behavior\WriteHtmlCacheBehavior [ RunTime:0.000540s ]
INFO: [ view_filter ] --END-- [ RunTime:0.000602s ]
INFO: [ app_end ] --START--
INFO: Run Behavior\ShowPageTraceBehavior [ RunTime:0.000794s ]
INFO: [ app_end ] --END-- [ RunTime:0.000882s ]

[ 2017-12-07T11:47:07+08:00 ] ::1 /zjtr/Mobile/Index/index?active=1
INFO: [ app_init ] --START--
INFO: Run Behavior\BuildLiteBehavior [ RunTime:0.000017s ]
INFO: [ app_init ] --END-- [ RunTime:0.000422s ]
INFO: [ app_begin ] --START--
INFO: Run Behavior\ReadHtmlCacheBehavior [ RunTime:0.000864s ]
INFO: [ app_begin ] --END-- [ RunTime:0.000943s ]
SQL: SHOW COLUMNS FROM `report_categories` [ RunTime:0.0976s ]
SQL: SELECT * FROM `report_categories` WHERE ( type_id=0 and web=1 and ixm=1 ) ORDER BY id asc  [ RunTime:0.0012s ]
SQL: SHOW COLUMNS FROM `banner` [ RunTime:0.0067s ]
SQL: SELECT * FROM `banner` WHERE ( web=2 )  [ RunTime:0.0005s ]
SQL: SHOW COLUMNS FROM `emph` [ RunTime:0.0084s ]
SQL: SELECT * FROM `emph` LIMIT 1   [ RunTime:0.0006s ]
SQL: SHOW COLUMNS FROM `shopcart` [ RunTime:0.0080s ]
NOTIC: [8] Undefined index: zjtr_id D:\phpStudy\WWW\zjtr\Application\Mobile\Controller\PublicController.class.php 第 75 行.
SQL: SELECT COUNT(*) AS tp_count FROM `shopcart` WHERE `l_id` = 0 AND `cook` = 'h871nm2f6e1rvjfs14q5vbflq5' LIMIT 1   [ RunTime:0.0005s ]
SQL: SHOW COLUMNS FROM `news` [ RunTime:0.0077s ]
SQL: SELECT * FROM `news` WHERE ( n_id=20 ) LIMIT 1   [ RunTime:0.0004s ]
INFO: [ view_parse ] --START--
INFO: [ template_filter ] --START--
INFO: Run Behavior\ContentReplaceBehavior [ RunTime:0.000075s ]
INFO: [ template_filter ] --END-- [ RunTime:0.000138s ]
NOTIC: [8] Undefined index: zjtr_id D:\phpStudy\WWW\zjtr\Application\Runtime\Cache\Mobile\59803a09875c7569286531ef77035039.php 第 168 行.
NOTIC: [8] Undefined variable: m D:\phpStudy\WWW\zjtr\Application\Runtime\Cache\Mobile\59803a09875c7569286531ef77035039.php 第 183 行.
NOTIC: [8] Undefined variable: m D:\phpStudy\WWW\zjtr\Application\Runtime\Cache\Mobile\59803a09875c7569286531ef77035039.php 第 186 行.
NOTIC: [8] Undefined variable: g D:\phpStudy\WWW\zjtr\Application\Runtime\Cache\Mobile\59803a09875c7569286531ef77035039.php 第 188 行.
NOTIC: [8] Undefined variable: p D:\phpStudy\WWW\zjtr\Application\Runtime\Cache\Mobile\59803a09875c7569286531ef77035039.php 第 189 行.
INFO: Run Behavior\ParseTemplateBehavior [ RunTime:0.011094s ]
INFO: [ view_parse ] --END-- [ RunTime:0.011178s ]
INFO: [ view_filter ] --START--
INFO: Run Behavior\WriteHtmlCacheBehavior [ RunTime:0.000722s ]
INFO: [ view_filter ] --END-- [ RunTime:0.000776s ]
INFO: [ app_end ] --START--
INFO: Run Behavior\ShowPageTraceBehavior [ RunTime:0.000910s ]
INFO: [ app_end ] --END-- [ RunTime:0.000982s ]

