[ 2017-06-29T09:10:44+08:00 ] ::1 /SHT/index.php/Latest/returnurl
INFO: [ app_init ] --START--
INFO: Run Behavior\BuildLiteBehavior [ RunTime:0.000014s ]
INFO: [ app_init ] --END-- [ RunTime:0.001299s ]
ERR: 无法加载模块:Latest

[ 2017-06-29T09:10:51+08:00 ] ::1 /SHT/index.php/Latest/
INFO: [ app_init ] --START--
INFO: Run Behavior\BuildLiteBehavior [ RunTime:0.000015s ]
INFO: [ app_init ] --END-- [ RunTime:0.000531s ]
ERR: 无法加载模块:Latest

[ 2017-06-29T09:16:37+08:00 ] ::1 /SHT/index.php/Latest/returnurl
INFO: [ app_init ] --START--
INFO: Run Behavior\BuildLiteBehavior [ RunTime:0.000031s ]
INFO: [ app_init ] --END-- [ RunTime:0.001254s ]
ERR: 无法加载模块:Latest

[ 2017-06-29T09:16:50+08:00 ] ::1 /SHT/Latest/returnurl
INFO: [ app_init ] --START--
INFO: Run Behavior\BuildLiteBehavior [ RunTime:0.000013s ]
INFO: [ app_init ] --END-- [ RunTime:0.000517s ]
ERR: 无法加载模块:Latest

[ 2017-06-29T09:17:34+08:00 ] ::1 /SHT/index.php/Latest/returnurl
INFO: [ app_init ] --START--
INFO: Run Behavior\BuildLiteBehavior [ RunTime:0.000021s ]
INFO: [ app_init ] --END-- [ RunTime:0.000949s ]
ERR: 无法加载模块:Latest

[ 2017-06-29T09:18:47+08:00 ] ::1 /SHT/index.php/Latest/returnurl
INFO: [ app_init ] --START--
INFO: Run Behavior\BuildLiteBehavior [ RunTime:0.000012s ]
INFO: [ app_init ] --END-- [ RunTime:0.000397s ]
ERR: 无法加载模块:Latest

[ 2017-06-29T09:27:51+08:00 ] ::1 /SHT/index.phpHome/Latest/returnurl
INFO: [ app_init ] --START--
INFO: Run Behavior\BuildLiteBehavior [ RunTime:0.000012s ]
INFO: [ app_init ] --END-- [ RunTime:0.000379s ]
ERR: 无法加载模块:Index.phpHome

[ 2017-06-29T15:30:00+08:00 ] ::1 /SHT/Public/admin/js/php/controller.php?action=config&&noCache=1498721400445
INFO: [ app_init ] --START--
INFO: Run Behavior\BuildLiteBehavior [ RunTime:0.000015s ]
INFO: [ app_init ] --END-- [ RunTime:0.000970s ]
ERR: 无法加载模块:Public

[ 2017-06-29T15:30:00+08:00 ] ::1 /SHT/Public/admin/js/third-party/codemirror/codemirror.js
INFO: [ app_init ] --START--
INFO: Run Behavior\BuildLiteBehavior [ RunTime:0.000019s ]
INFO: [ app_init ] --END-- [ RunTime:0.000742s ]
ERR: 无法加载模块:Public

[ 2017-06-29T15:30:00+08:00 ] ::1 /SHT/Public/admin/js/third-party/codemirror/codemirror.css
INFO: [ app_init ] --START--
INFO: Run Behavior\BuildLiteBehavior [ RunTime:0.000024s ]
INFO: [ app_init ] --END-- [ RunTime:0.000743s ]
ERR: 无法加载模块:Public

[ 2017-06-29T15:30:00+08:00 ] ::1 /SHT/Public/admin/js/third-party/zeroclipboard/ZeroClipboard.js
INFO: [ app_init ] --START--
INFO: Run Behavior\BuildLiteBehavior [ RunTime:0.000020s ]
INFO: [ app_init ] --END-- [ RunTime:0.000634s ]
ERR: 无法加载模块:Public

[ 2017-06-29T18:48:54+08:00 ] 173.0.82.126 /index.php/Latest/notifyurl
INFO: [ app_init ] --START--
INFO: Run Behavior\BuildLiteBehavior [ RunTime:0.000014s ]
INFO: [ app_init ] --END-- [ RunTime:0.000277s ]
ERR: 无法加载模块:Latest

[ 2017-06-29T18:49:07+08:00 ] 173.0.82.126 /index.php/Latest/notifyurl
INFO: [ app_init ] --START--
INFO: Run Behavior\BuildLiteBehavior [ RunTime:0.000013s ]
INFO: [ app_init ] --END-- [ RunTime:0.000275s ]
ERR: 无法加载模块:Latest

[ 2017-06-29T18:49:28+08:00 ] 173.0.82.126 /index.php/Latest/notifyurl
INFO: [ app_init ] --START--
INFO: Run Behavior\BuildLiteBehavior [ RunTime:0.000021s ]
INFO: [ app_init ] --END-- [ RunTime:0.000434s ]
ERR: 无法加载模块:Latest

[ 2017-06-29T18:50:10+08:00 ] 173.0.82.126 /index.php/Latest/notifyurl
INFO: [ app_init ] --START--
INFO: Run Behavior\BuildLiteBehavior [ RunTime:0.000014s ]
INFO: [ app_init ] --END-- [ RunTime:0.000289s ]
ERR: 无法加载模块:Latest

[ 2017-06-29T18:51:35+08:00 ] 173.0.82.126 /index.php/Latest/notifyurl
INFO: [ app_init ] --START--
INFO: Run Behavior\BuildLiteBehavior [ RunTime:0.000019s ]
INFO: [ app_init ] --END-- [ RunTime:0.000381s ]
ERR: 无法加载模块:Latest

[ 2017-06-29T18:54:28+08:00 ] 173.0.82.126 /index.php/Latest/notifyurl
INFO: [ app_init ] --START--
INFO: Run Behavior\BuildLiteBehavior [ RunTime:0.000013s ]
INFO: [ app_init ] --END-- [ RunTime:0.000296s ]
ERR: 无法加载模块:Latest

[ 2017-06-29T18:59:55+08:00 ] 173.0.82.126 /index.php/Latest/notifyurl
INFO: [ app_init ] --START--
INFO: Run Behavior\BuildLiteBehavior [ RunTime:0.000013s ]
INFO: [ app_init ] --END-- [ RunTime:0.000272s ]
ERR: 无法加载模块:Latest

[ 2017-06-29T19:04:38+08:00 ] 64.74.215.1 /index.php/latest/notifyurl
INFO: [ app_init ] --START--
INFO: Run Behavior\BuildLiteBehavior [ RunTime:0.000014s ]
INFO: [ app_init ] --END-- [ RunTime:0.000312s ]
ERR: 无法加载模块:Latest

[ 2017-06-29T19:10:38+08:00 ] 173.0.82.126 /index.php/Latest/notifyurl
INFO: [ app_init ] --START--
INFO: Run Behavior\BuildLiteBehavior [ RunTime:0.000013s ]
INFO: [ app_init ] --END-- [ RunTime:0.000305s ]
ERR: 无法加载模块:Latest

[ 2017-06-29T19:31:59+08:00 ] 173.0.82.126 /index.php/Latest/notifyurl
INFO: [ app_init ] --START--
INFO: Run Behavior\BuildLiteBehavior [ RunTime:0.000013s ]
INFO: [ app_init ] --END-- [ RunTime:0.000310s ]
ERR: 无法加载模块:Latest

