[ 2018-03-19T15:42:49+08:00 ] ::1 /fyls/Public/%7Btransfer_pic%7D
INFO: [ app_init ] --START--
INFO: Run Behavior\BuildLiteBehavior [ RunTime:0.000010s ]
INFO: [ app_init ] --END-- [ RunTime:0.000428s ]
ERR: 无法加载模块:Public

[ 2018-03-19T16:18:00+08:00 ] ::1 /fyls/Public/2018-03-15/5aaa1d031b1b7.jpg
INFO: [ app_init ] --START--
INFO: Run Behavior\BuildLiteBehavior [ RunTime:0.000011s ]
INFO: [ app_init ] --END-- [ RunTime:0.000616s ]
ERR: 无法加载模块:Public

[ 2018-03-19T16:53:21+08:00 ] ::1 /fyls/Public/2018-03-15/5aaa1d031b1b7.jpg
INFO: [ app_init ] --START--
INFO: Run Behavior\BuildLiteBehavior [ RunTime:0.000011s ]
INFO: [ app_init ] --END-- [ RunTime:0.000513s ]
ERR: 无法加载模块:Public

[ 2018-03-19T16:53:25+08:00 ] ::1 /fyls/Public/2018-03-15/5aaa2a4821e30.jpg
INFO: [ app_init ] --START--
INFO: Run Behavior\BuildLiteBehavior [ RunTime:0.000008s ]
INFO: [ app_init ] --END-- [ RunTime:0.000348s ]
ERR: 无法加载模块:Public

[ 2018-03-19T16:54:17+08:00 ] ::1 /fyls/Public/2018-03-15/5aaa1d031b1b7.jpg
INFO: [ app_init ] --START--
INFO: Run Behavior\BuildLiteBehavior [ RunTime:0.000009s ]
INFO: [ app_init ] --END-- [ RunTime:0.000434s ]
ERR: 无法加载模块:Public

