[ 2017-09-12T13:31:38+08:00 ] ::1 /zjtr/
INFO: [ app_init ] --START--
INFO: Run Behavior\BuildLiteBehavior [ RunTime:0.000023s ]
INFO: [ app_init ] --END-- [ RunTime:0.058159s ]
INFO: [ app_begin ] --START--
INFO: Run Behavior\ReadHtmlCacheBehavior [ RunTime:0.001606s ]
INFO: [ app_begin ] --END-- [ RunTime:0.001717s ]
SQL: SHOW COLUMNS FROM `report_categories` [ RunTime:0.3636s ]
SQL: SELECT * FROM `report_categories` WHERE ( type_id=0 ) ORDER BY id asc  [ RunTime:0.0077s ]
SQL: SELECT * FROM `report_categories` WHERE ( type_id!=0 ) ORDER BY id asc  [ RunTime:0.0290s ]
SQL: SELECT * FROM `report_categories` WHERE ( type_id!=0 ) ORDER BY id asc  [ RunTime:0.0144s ]
SQL: SELECT * FROM `report_categories` WHERE `Id` = 2 LIMIT 1   [ RunTime:0.0211s ]
SQL: SHOW COLUMNS FROM `emph` [ RunTime:0.0247s ]
SQL: SELECT * FROM `emph` WHERE `id` = 1 LIMIT 1   [ RunTime:0.0004s ]
SQL: SELECT * FROM `emph` WHERE `id` = 2 LIMIT 1   [ RunTime:0.0003s ]
SQL: SELECT * FROM `emph` WHERE `id` = 3 LIMIT 1   [ RunTime:0.0002s ]
SQL: SELECT * FROM `emph` WHERE `id` = 4 LIMIT 1   [ RunTime:0.0002s ]
SQL: SHOW COLUMNS FROM `help` [ RunTime:0.0203s ]
NOTIC: [2] Missing argument 1 for Think\Model::where(), called in D:\phpStudy\WWW\zjtr\Application\Home\Controller\IndexController.class.php on line 32 and defined D:\phpStudy\WWW\zjtr\ThinkPHP\Library\Think\Model.class.php 第 1797 行.
NOTIC: [8] Undefined variable: where D:\phpStudy\WWW\zjtr\ThinkPHP\Library\Think\Model.class.php 第 1805 行.
NOTIC: [8] Undefined variable: where D:\phpStudy\WWW\zjtr\ThinkPHP\Library\Think\Model.class.php 第 1808 行.
NOTIC: [8] Undefined variable: where D:\phpStudy\WWW\zjtr\ThinkPHP\Library\Think\Model.class.php 第 1816 行.
SQL: SELECT * FROM `help` ORDER BY id asc  [ RunTime:0.0179s ]
SQL: SHOW COLUMNS FROM `banner` [ RunTime:0.1986s ]
NOTIC: [2] Missing argument 1 for Think\Model::where(), called in D:\phpStudy\WWW\zjtr\Application\Home\Controller\IndexController.class.php on line 42 and defined D:\phpStudy\WWW\zjtr\ThinkPHP\Library\Think\Model.class.php 第 1797 行.
NOTIC: [8] Undefined variable: where D:\phpStudy\WWW\zjtr\ThinkPHP\Library\Think\Model.class.php 第 1805 行.
NOTIC: [8] Undefined variable: where D:\phpStudy\WWW\zjtr\ThinkPHP\Library\Think\Model.class.php 第 1808 行.
NOTIC: [8] Undefined variable: where D:\phpStudy\WWW\zjtr\ThinkPHP\Library\Think\Model.class.php 第 1816 行.
SQL: SELECT * FROM `banner`  [ RunTime:0.0004s ]
SQL: SHOW COLUMNS FROM `news` [ RunTime:0.0066s ]
SQL: SELECT * FROM `news` WHERE ( top_id=1 ) ORDER BY time desc LIMIT 5   [ RunTime:0.0497s ]
SQL: SELECT * FROM `news` WHERE ( top_id=2 ) ORDER BY time desc LIMIT 5   [ RunTime:0.0015s ]
SQL: SHOW COLUMNS FROM `new_x` [ RunTime:0.0063s ]
NOTIC: [2] Missing argument 1 for Think\Model::where(), called in D:\phpStudy\WWW\zjtr\Application\Home\Controller\IndexController.class.php on line 57 and defined D:\phpStudy\WWW\zjtr\ThinkPHP\Library\Think\Model.class.php 第 1797 行.
NOTIC: [8] Undefined variable: where D:\phpStudy\WWW\zjtr\ThinkPHP\Library\Think\Model.class.php 第 1805 行.
NOTIC: [8] Undefined variable: where D:\phpStudy\WWW\zjtr\ThinkPHP\Library\Think\Model.class.php 第 1808 行.
NOTIC: [8] Undefined variable: where D:\phpStudy\WWW\zjtr\ThinkPHP\Library\Think\Model.class.php 第 1816 行.
SQL: SELECT * FROM `new_x` ORDER BY time desc LIMIT 5   [ RunTime:0.0007s ]
SQL: SHOW COLUMNS FROM `od` [ RunTime:0.0062s ]
NOTIC: [2] Missing argument 1 for Think\Model::where(), called in D:\phpStudy\WWW\zjtr\Application\Home\Controller\IndexController.class.php on line 62 and defined D:\phpStudy\WWW\zjtr\ThinkPHP\Library\Think\Model.class.php 第 1797 行.
NOTIC: [8] Undefined variable: where D:\phpStudy\WWW\zjtr\ThinkPHP\Library\Think\Model.class.php 第 1805 行.
NOTIC: [8] Undefined variable: where D:\phpStudy\WWW\zjtr\ThinkPHP\Library\Think\Model.class.php 第 1808 行.
NOTIC: [8] Undefined variable: where D:\phpStudy\WWW\zjtr\ThinkPHP\Library\Think\Model.class.php 第 1816 行.
SQL: SELECT * FROM `od` ORDER BY id desc LIMIT 4   [ RunTime:0.0006s ]
SQL: SHOW COLUMNS FROM `client` [ RunTime:0.0070s ]
NOTIC: [2] Missing argument 1 for Think\Model::where(), called in D:\phpStudy\WWW\zjtr\Application\Home\Controller\IndexController.class.php on line 67 and defined D:\phpStudy\WWW\zjtr\ThinkPHP\Library\Think\Model.class.php 第 1797 行.
NOTIC: [8] Undefined variable: where D:\phpStudy\WWW\zjtr\ThinkPHP\Library\Think\Model.class.php 第 1805 行.
NOTIC: [8] Undefined variable: where D:\phpStudy\WWW\zjtr\ThinkPHP\Library\Think\Model.class.php 第 1808 行.
NOTIC: [8] Undefined variable: where D:\phpStudy\WWW\zjtr\ThinkPHP\Library\Think\Model.class.php 第 1816 行.
SQL: SELECT * FROM `client` ORDER BY id desc LIMIT 4   [ RunTime:0.0004s ]
SQL: SHOW COLUMNS FROM `whyus` [ RunTime:0.0055s ]
SQL: SELECT * FROM `whyus` WHERE `id` = 1 LIMIT 1   [ RunTime:0.0010s ]
INFO: [ view_parse ] --START--
INFO: [ template_filter ] --START--
INFO: Run Behavior\ContentReplaceBehavior [ RunTime:0.000142s ]
INFO: [ template_filter ] --END-- [ RunTime:0.000238s ]
NOTIC: [8] Undefined index: headprice D:\phpStudy\WWW\zjtr\Application\Runtime\Cache\Home\2a94b8bda04ff446dcedd42276fc99ee.php 第 46 行.
NOTIC: [8] Undefined index: hid D:\phpStudy\WWW\zjtr\Application\Runtime\Cache\Home\2a94b8bda04ff446dcedd42276fc99ee.php 第 47 行.
INFO: Run Behavior\ParseTemplateBehavior [ RunTime:0.108584s ]
INFO: [ view_parse ] --END-- [ RunTime:0.108684s ]
INFO: [ view_filter ] --START--
INFO: Run Behavior\WriteHtmlCacheBehavior [ RunTime:0.016067s ]
INFO: [ view_filter ] --END-- [ RunTime:0.016165s ]
INFO: [ app_end ] --START--
INFO: Run Behavior\ShowPageTraceBehavior [ RunTime:0.007574s ]
INFO: [ app_end ] --END-- [ RunTime:0.007702s ]

