[ 2017-07-12T08:52:21+08:00 ] 192.160.102.164 /
INFO: [ app_init ] --START--
INFO: Run Behavior\BuildLiteBehavior [ RunTime:0.000017s ]
INFO: [ app_init ] --END-- [ RunTime:0.000303s ]
INFO: [ app_begin ] --START--
INFO: Run Behavior\ReadHtmlCacheBehavior [ RunTime:0.000384s ]
INFO: [ app_begin ] --END-- [ RunTime:0.000432s ]
SQL: SHOW COLUMNS FROM `report_categories` [ RunTime:0.0005s ]
SQL: SELECT * FROM `report_categories` WHERE ( type_id=0 ) ORDER BY id asc  [ RunTime:0.0001s ]
SQL: SELECT * FROM `report_categories` WHERE ( type_id!=0 ) ORDER BY id asc  [ RunTime:0.0001s ]
SQL: SELECT * FROM `report_categories` WHERE ( type_id!=0 ) ORDER BY id asc  [ RunTime:0.0001s ]
SQL: SELECT * FROM `report_categories` WHERE `Id` = 2 LIMIT 1   [ RunTime:0.0001s ]
SQL: SHOW COLUMNS FROM `emph` [ RunTime:0.0003s ]
SQL: SELECT * FROM `emph` WHERE `id` = 1 LIMIT 1   [ RunTime:0.0001s ]
SQL: SELECT * FROM `emph` WHERE `id` = 2 LIMIT 1   [ RunTime:0.0001s ]
SQL: SELECT * FROM `emph` WHERE `id` = 3 LIMIT 1   [ RunTime:0.0001s ]
SQL: SELECT * FROM `emph` WHERE `id` = 4 LIMIT 1   [ RunTime:0.0000s ]
SQL: SHOW COLUMNS FROM `help` [ RunTime:0.0003s ]
NOTIC: [2] Missing argument 1 for Think\Model::where(), called in /www/web/shtresearch/public_html/Application/Home/Controller/IndexController.class.php on line 32 and defined /www/web/shtresearch/public_html/ThinkPHP/Library/Think/Model.class.php 第 1797 行.
NOTIC: [8] Undefined variable: where /www/web/shtresearch/public_html/ThinkPHP/Library/Think/Model.class.php 第 1805 行.
NOTIC: [8] Undefined variable: where /www/web/shtresearch/public_html/ThinkPHP/Library/Think/Model.class.php 第 1808 行.
NOTIC: [8] Undefined variable: where /www/web/shtresearch/public_html/ThinkPHP/Library/Think/Model.class.php 第 1816 行.
SQL: SELECT * FROM `help` ORDER BY id asc  [ RunTime:0.0001s ]
SQL: SHOW COLUMNS FROM `news` [ RunTime:0.0004s ]
NOTIC: [2] Missing argument 1 for Think\Model::where(), called in /www/web/shtresearch/public_html/Application/Home/Controller/IndexController.class.php on line 45 and defined /www/web/shtresearch/public_html/ThinkPHP/Library/Think/Model.class.php 第 1797 行.
NOTIC: [8] Undefined variable: where /www/web/shtresearch/public_html/ThinkPHP/Library/Think/Model.class.php 第 1805 行.
NOTIC: [8] Undefined variable: where /www/web/shtresearch/public_html/ThinkPHP/Library/Think/Model.class.php 第 1808 行.
NOTIC: [8] Undefined variable: where /www/web/shtresearch/public_html/ThinkPHP/Library/Think/Model.class.php 第 1816 行.
SQL: SELECT * FROM `news` ORDER BY time desc LIMIT 5   [ RunTime:0.0001s ]
ERR: 1146:Table 'shtresearch.news_top' doesn't exist
 [ SQL语句 ] : SHOW COLUMNS FROM `news_top`
ERR: 1146:Table 'shtresearch.news_top' doesn't exist
 [ SQL语句 ] : SHOW COLUMNS FROM `news_top`

[ 2017-07-12T18:37:20+08:00 ] 163.172.4.153 /
INFO: [ app_init ] --START--
INFO: Run Behavior\BuildLiteBehavior [ RunTime:0.000012s ]
INFO: [ app_init ] --END-- [ RunTime:0.000272s ]
INFO: [ app_begin ] --START--
INFO: Run Behavior\ReadHtmlCacheBehavior [ RunTime:0.000373s ]
INFO: [ app_begin ] --END-- [ RunTime:0.000413s ]
SQL: SHOW COLUMNS FROM `report_categories` [ RunTime:0.0005s ]
SQL: SELECT * FROM `report_categories` WHERE ( type_id=0 ) ORDER BY id asc  [ RunTime:0.0001s ]
SQL: SELECT * FROM `report_categories` WHERE ( type_id!=0 ) ORDER BY id asc  [ RunTime:0.0001s ]
SQL: SELECT * FROM `report_categories` WHERE ( type_id!=0 ) ORDER BY id asc  [ RunTime:0.0001s ]
SQL: SELECT * FROM `report_categories` WHERE `Id` = 2 LIMIT 1   [ RunTime:0.0001s ]
SQL: SHOW COLUMNS FROM `emph` [ RunTime:0.0003s ]
SQL: SELECT * FROM `emph` WHERE `id` = 1 LIMIT 1   [ RunTime:0.0001s ]
SQL: SELECT * FROM `emph` WHERE `id` = 2 LIMIT 1   [ RunTime:0.0000s ]
SQL: SELECT * FROM `emph` WHERE `id` = 3 LIMIT 1   [ RunTime:0.0000s ]
SQL: SELECT * FROM `emph` WHERE `id` = 4 LIMIT 1   [ RunTime:0.0000s ]
SQL: SHOW COLUMNS FROM `help` [ RunTime:0.0003s ]
NOTIC: [2] Missing argument 1 for Think\Model::where(), called in /www/web/shtresearch/public_html/Application/Home/Controller/IndexController.class.php on line 32 and defined /www/web/shtresearch/public_html/ThinkPHP/Library/Think/Model.class.php 第 1797 行.
NOTIC: [8] Undefined variable: where /www/web/shtresearch/public_html/ThinkPHP/Library/Think/Model.class.php 第 1805 行.
NOTIC: [8] Undefined variable: where /www/web/shtresearch/public_html/ThinkPHP/Library/Think/Model.class.php 第 1808 行.
NOTIC: [8] Undefined variable: where /www/web/shtresearch/public_html/ThinkPHP/Library/Think/Model.class.php 第 1816 行.
SQL: SELECT * FROM `help` ORDER BY id asc  [ RunTime:0.0001s ]
SQL: SHOW COLUMNS FROM `news` [ RunTime:0.0004s ]
NOTIC: [2] Missing argument 1 for Think\Model::where(), called in /www/web/shtresearch/public_html/Application/Home/Controller/IndexController.class.php on line 45 and defined /www/web/shtresearch/public_html/ThinkPHP/Library/Think/Model.class.php 第 1797 行.
NOTIC: [8] Undefined variable: where /www/web/shtresearch/public_html/ThinkPHP/Library/Think/Model.class.php 第 1805 行.
NOTIC: [8] Undefined variable: where /www/web/shtresearch/public_html/ThinkPHP/Library/Think/Model.class.php 第 1808 行.
NOTIC: [8] Undefined variable: where /www/web/shtresearch/public_html/ThinkPHP/Library/Think/Model.class.php 第 1816 行.
SQL: SELECT * FROM `news` ORDER BY time desc LIMIT 5   [ RunTime:0.0001s ]
ERR: 1146:Table 'shtresearch.news_top' doesn't exist
 [ SQL语句 ] : SHOW COLUMNS FROM `news_top`
ERR: 1146:Table 'shtresearch.news_top' doesn't exist
 [ SQL语句 ] : SHOW COLUMNS FROM `news_top`

