[ 2017-08-03T08:57:33+08:00 ] 198.211.126.23 /
INFO: [ app_init ] --START--
INFO: Run Behavior\BuildLiteBehavior [ RunTime:0.000012s ]
INFO: [ app_init ] --END-- [ RunTime:0.000271s ]
INFO: [ app_begin ] --START--
INFO: Run Behavior\ReadHtmlCacheBehavior [ RunTime:0.000425s ]
INFO: [ app_begin ] --END-- [ RunTime:0.000464s ]
SQL: SHOW COLUMNS FROM `report_categories` [ RunTime:0.0005s ]
SQL: SELECT * FROM `report_categories` WHERE ( type_id=0 ) ORDER BY id asc  [ RunTime:0.0001s ]
SQL: SELECT * FROM `report_categories` WHERE ( type_id!=0 ) ORDER BY id asc  [ RunTime:0.0001s ]
SQL: SELECT * FROM `report_categories` WHERE ( type_id!=0 ) ORDER BY id asc  [ RunTime:0.0001s ]
SQL: SELECT * FROM `report_categories` WHERE `Id` = 2 LIMIT 1   [ RunTime:0.0001s ]
SQL: SHOW COLUMNS FROM `emph` [ RunTime:0.0003s ]
SQL: SELECT * FROM `emph` WHERE `id` = 1 LIMIT 1   [ RunTime:0.0001s ]
SQL: SELECT * FROM `emph` WHERE `id` = 2 LIMIT 1   [ RunTime:0.0000s ]
SQL: SELECT * FROM `emph` WHERE `id` = 3 LIMIT 1   [ RunTime:0.0000s ]
SQL: SELECT * FROM `emph` WHERE `id` = 4 LIMIT 1   [ RunTime:0.0000s ]
SQL: SHOW COLUMNS FROM `help` [ RunTime:0.0003s ]
NOTIC: [2] Missing argument 1 for Think\Model::where(), called in /www/web/shtresearch/public_html/Application/Home/Controller/IndexController.class.php on line 32 and defined /www/web/shtresearch/public_html/ThinkPHP/Library/Think/Model.class.php 第 1797 行.
NOTIC: [8] Undefined variable: where /www/web/shtresearch/public_html/ThinkPHP/Library/Think/Model.class.php 第 1805 行.
NOTIC: [8] Undefined variable: where /www/web/shtresearch/public_html/ThinkPHP/Library/Think/Model.class.php 第 1808 行.
NOTIC: [8] Undefined variable: where /www/web/shtresearch/public_html/ThinkPHP/Library/Think/Model.class.php 第 1816 行.
SQL: SELECT * FROM `help` ORDER BY id asc  [ RunTime:0.0001s ]
SQL: SHOW COLUMNS FROM `banner` [ RunTime:0.0003s ]
NOTIC: [2] Missing argument 1 for Think\Model::where(), called in /www/web/shtresearch/public_html/Application/Home/Controller/IndexController.class.php on line 42 and defined /www/web/shtresearch/public_html/ThinkPHP/Library/Think/Model.class.php 第 1797 行.
NOTIC: [8] Undefined variable: where /www/web/shtresearch/public_html/ThinkPHP/Library/Think/Model.class.php 第 1805 行.
NOTIC: [8] Undefined variable: where /www/web/shtresearch/public_html/ThinkPHP/Library/Think/Model.class.php 第 1808 行.
NOTIC: [8] Undefined variable: where /www/web/shtresearch/public_html/ThinkPHP/Library/Think/Model.class.php 第 1816 行.
SQL: SELECT * FROM `banner`  [ RunTime:0.0001s ]
SQL: SHOW COLUMNS FROM `news` [ RunTime:0.0004s ]
SQL: SELECT * FROM `news` WHERE ( top_id=1 ) ORDER BY time desc LIMIT 5   [ RunTime:0.0001s ]
SQL: SELECT * FROM `news` WHERE ( top_id=2 ) ORDER BY time desc LIMIT 5   [ RunTime:0.0001s ]
SQL: SHOW COLUMNS FROM `new_x` [ RunTime:0.0003s ]
NOTIC: [2] Missing argument 1 for Think\Model::where(), called in /www/web/shtresearch/public_html/Application/Home/Controller/IndexController.class.php on line 57 and defined /www/web/shtresearch/public_html/ThinkPHP/Library/Think/Model.class.php 第 1797 行.
NOTIC: [8] Undefined variable: where /www/web/shtresearch/public_html/ThinkPHP/Library/Think/Model.class.php 第 1805 行.
NOTIC: [8] Undefined variable: where /www/web/shtresearch/public_html/ThinkPHP/Library/Think/Model.class.php 第 1808 行.
NOTIC: [8] Undefined variable: where /www/web/shtresearch/public_html/ThinkPHP/Library/Think/Model.class.php 第 1816 行.
SQL: SELECT * FROM `new_x` ORDER BY time desc LIMIT 5   [ RunTime:0.0001s ]
SQL: SHOW COLUMNS FROM `od` [ RunTime:0.0003s ]
NOTIC: [2] Missing argument 1 for Think\Model::where(), called in /www/web/shtresearch/public_html/Application/Home/Controller/IndexController.class.php on line 62 and defined /www/web/shtresearch/public_html/ThinkPHP/Library/Think/Model.class.php 第 1797 行.
NOTIC: [8] Undefined variable: where /www/web/shtresearch/public_html/ThinkPHP/Library/Think/Model.class.php 第 1805 行.
NOTIC: [8] Undefined variable: where /www/web/shtresearch/public_html/ThinkPHP/Library/Think/Model.class.php 第 1808 行.
NOTIC: [8] Undefined variable: where /www/web/shtresearch/public_html/ThinkPHP/Library/Think/Model.class.php 第 1816 行.
SQL: SELECT * FROM `od` ORDER BY id desc LIMIT 4   [ RunTime:0.0000s ]
SQL: SHOW COLUMNS FROM `client` [ RunTime:0.0003s ]
NOTIC: [2] Missing argument 1 for Think\Model::where(), called in /www/web/shtresearch/public_html/Application/Home/Controller/IndexController.class.php on line 67 and defined /www/web/shtresearch/public_html/ThinkPHP/Library/Think/Model.class.php 第 1797 行.
NOTIC: [8] Undefined variable: where /www/web/shtresearch/public_html/ThinkPHP/Library/Think/Model.class.php 第 1805 行.
NOTIC: [8] Undefined variable: where /www/web/shtresearch/public_html/ThinkPHP/Library/Think/Model.class.php 第 1808 行.
NOTIC: [8] Undefined variable: where /www/web/shtresearch/public_html/ThinkPHP/Library/Think/Model.class.php 第 1816 行.
SQL: SELECT * FROM `client` ORDER BY id desc LIMIT 4   [ RunTime:0.0001s ]
SQL: SHOW COLUMNS FROM `whyus` [ RunTime:0.0003s ]
SQL: SELECT * FROM `whyus` WHERE `id` = 1 LIMIT 1   [ RunTime:0.0001s ]
INFO: [ view_parse ] --START--
INFO: [ template_filter ] --START--
INFO: Run Behavior\ContentReplaceBehavior [ RunTime:0.000097s ]
INFO: [ template_filter ] --END-- [ RunTime:0.000137s ]
NOTIC: [8] Undefined index: headprice /www/web/shtresearch/public_html/Application/Runtime/Cache/Home/2a94b8bda04ff446dcedd42276fc99ee.php 第 46 行.
NOTIC: [8] Undefined index: hid /www/web/shtresearch/public_html/Application/Runtime/Cache/Home/2a94b8bda04ff446dcedd42276fc99ee.php 第 47 行.
INFO: Run Behavior\ParseTemplateBehavior [ RunTime:0.015087s ]
INFO: [ view_parse ] --END-- [ RunTime:0.015125s ]
INFO: [ view_filter ] --START--
INFO: Run Behavior\WriteHtmlCacheBehavior [ RunTime:0.000177s ]
INFO: [ view_filter ] --END-- [ RunTime:0.000206s ]
INFO: [ app_end ] --START--
INFO: Run Behavior\ShowPageTraceBehavior [ RunTime:0.000371s ]
INFO: [ app_end ] --END-- [ RunTime:0.000409s ]

[ 2017-08-03T11:51:41+08:00 ] 66.249.71.30 /
INFO: [ app_init ] --START--
INFO: Run Behavior\BuildLiteBehavior [ RunTime:0.000015s ]
INFO: [ app_init ] --END-- [ RunTime:0.000281s ]
INFO: [ app_begin ] --START--
INFO: Run Behavior\ReadHtmlCacheBehavior [ RunTime:0.000376s ]
INFO: [ app_begin ] --END-- [ RunTime:0.000414s ]
SQL: SHOW COLUMNS FROM `report_categories` [ RunTime:0.0005s ]
SQL: SELECT * FROM `report_categories` WHERE ( type_id=0 ) ORDER BY id asc  [ RunTime:0.0001s ]
SQL: SELECT * FROM `report_categories` WHERE ( type_id!=0 ) ORDER BY id asc  [ RunTime:0.0001s ]
SQL: SELECT * FROM `report_categories` WHERE ( type_id!=0 ) ORDER BY id asc  [ RunTime:0.0001s ]
SQL: SELECT * FROM `report_categories` WHERE `Id` = 2 LIMIT 1   [ RunTime:0.0001s ]
SQL: SHOW COLUMNS FROM `emph` [ RunTime:0.0003s ]
SQL: SELECT * FROM `emph` WHERE `id` = 1 LIMIT 1   [ RunTime:0.0001s ]
SQL: SELECT * FROM `emph` WHERE `id` = 2 LIMIT 1   [ RunTime:0.0000s ]
SQL: SELECT * FROM `emph` WHERE `id` = 3 LIMIT 1   [ RunTime:0.0000s ]
SQL: SELECT * FROM `emph` WHERE `id` = 4 LIMIT 1   [ RunTime:0.0001s ]
SQL: SHOW COLUMNS FROM `help` [ RunTime:0.0003s ]
NOTIC: [2] Missing argument 1 for Think\Model::where(), called in /www/web/shtresearch/public_html/Application/Home/Controller/IndexController.class.php on line 32 and defined /www/web/shtresearch/public_html/ThinkPHP/Library/Think/Model.class.php 第 1797 行.
NOTIC: [8] Undefined variable: where /www/web/shtresearch/public_html/ThinkPHP/Library/Think/Model.class.php 第 1805 行.
NOTIC: [8] Undefined variable: where /www/web/shtresearch/public_html/ThinkPHP/Library/Think/Model.class.php 第 1808 行.
NOTIC: [8] Undefined variable: where /www/web/shtresearch/public_html/ThinkPHP/Library/Think/Model.class.php 第 1816 行.
SQL: SELECT * FROM `help` ORDER BY id asc  [ RunTime:0.0001s ]
SQL: SHOW COLUMNS FROM `banner` [ RunTime:0.0003s ]
NOTIC: [2] Missing argument 1 for Think\Model::where(), called in /www/web/shtresearch/public_html/Application/Home/Controller/IndexController.class.php on line 42 and defined /www/web/shtresearch/public_html/ThinkPHP/Library/Think/Model.class.php 第 1797 行.
NOTIC: [8] Undefined variable: where /www/web/shtresearch/public_html/ThinkPHP/Library/Think/Model.class.php 第 1805 行.
NOTIC: [8] Undefined variable: where /www/web/shtresearch/public_html/ThinkPHP/Library/Think/Model.class.php 第 1808 行.
NOTIC: [8] Undefined variable: where /www/web/shtresearch/public_html/ThinkPHP/Library/Think/Model.class.php 第 1816 行.
SQL: SELECT * FROM `banner`  [ RunTime:0.0000s ]
SQL: SHOW COLUMNS FROM `news` [ RunTime:0.0004s ]
SQL: SELECT * FROM `news` WHERE ( top_id=1 ) ORDER BY time desc LIMIT 5   [ RunTime:0.0001s ]
SQL: SELECT * FROM `news` WHERE ( top_id=2 ) ORDER BY time desc LIMIT 5   [ RunTime:0.0001s ]
SQL: SHOW COLUMNS FROM `new_x` [ RunTime:0.0003s ]
NOTIC: [2] Missing argument 1 for Think\Model::where(), called in /www/web/shtresearch/public_html/Application/Home/Controller/IndexController.class.php on line 57 and defined /www/web/shtresearch/public_html/ThinkPHP/Library/Think/Model.class.php 第 1797 行.
NOTIC: [8] Undefined variable: where /www/web/shtresearch/public_html/ThinkPHP/Library/Think/Model.class.php 第 1805 行.
NOTIC: [8] Undefined variable: where /www/web/shtresearch/public_html/ThinkPHP/Library/Think/Model.class.php 第 1808 行.
NOTIC: [8] Undefined variable: where /www/web/shtresearch/public_html/ThinkPHP/Library/Think/Model.class.php 第 1816 行.
SQL: SELECT * FROM `new_x` ORDER BY time desc LIMIT 5   [ RunTime:0.0001s ]
SQL: SHOW COLUMNS FROM `od` [ RunTime:0.0003s ]
NOTIC: [2] Missing argument 1 for Think\Model::where(), called in /www/web/shtresearch/public_html/Application/Home/Controller/IndexController.class.php on line 62 and defined /www/web/shtresearch/public_html/ThinkPHP/Library/Think/Model.class.php 第 1797 行.
NOTIC: [8] Undefined variable: where /www/web/shtresearch/public_html/ThinkPHP/Library/Think/Model.class.php 第 1805 行.
NOTIC: [8] Undefined variable: where /www/web/shtresearch/public_html/ThinkPHP/Library/Think/Model.class.php 第 1808 行.
NOTIC: [8] Undefined variable: where /www/web/shtresearch/public_html/ThinkPHP/Library/Think/Model.class.php 第 1816 行.
SQL: SELECT * FROM `od` ORDER BY id desc LIMIT 4   [ RunTime:0.0000s ]
SQL: SHOW COLUMNS FROM `client` [ RunTime:0.0003s ]
NOTIC: [2] Missing argument 1 for Think\Model::where(), called in /www/web/shtresearch/public_html/Application/Home/Controller/IndexController.class.php on line 67 and defined /www/web/shtresearch/public_html/ThinkPHP/Library/Think/Model.class.php 第 1797 行.
NOTIC: [8] Undefined variable: where /www/web/shtresearch/public_html/ThinkPHP/Library/Think/Model.class.php 第 1805 行.
NOTIC: [8] Undefined variable: where /www/web/shtresearch/public_html/ThinkPHP/Library/Think/Model.class.php 第 1808 行.
NOTIC: [8] Undefined variable: where /www/web/shtresearch/public_html/ThinkPHP/Library/Think/Model.class.php 第 1816 行.
SQL: SELECT * FROM `client` ORDER BY id desc LIMIT 4   [ RunTime:0.0000s ]
SQL: SHOW COLUMNS FROM `whyus` [ RunTime:0.0003s ]
SQL: SELECT * FROM `whyus` WHERE `id` = 1 LIMIT 1   [ RunTime:0.0001s ]
INFO: [ view_parse ] --START--
INFO: [ template_filter ] --START--
INFO: Run Behavior\ContentReplaceBehavior [ RunTime:0.000081s ]
INFO: [ template_filter ] --END-- [ RunTime:0.000116s ]
NOTIC: [8] Undefined index: headprice /www/web/shtresearch/public_html/Application/Runtime/Cache/Home/2a94b8bda04ff446dcedd42276fc99ee.php 第 46 行.
NOTIC: [8] Undefined index: hid /www/web/shtresearch/public_html/Application/Runtime/Cache/Home/2a94b8bda04ff446dcedd42276fc99ee.php 第 47 行.
INFO: Run Behavior\ParseTemplateBehavior [ RunTime:0.014891s ]
INFO: [ view_parse ] --END-- [ RunTime:0.014925s ]
INFO: [ view_filter ] --START--
INFO: Run Behavior\WriteHtmlCacheBehavior [ RunTime:0.000162s ]
INFO: [ view_filter ] --END-- [ RunTime:0.000190s ]
INFO: [ app_end ] --START--
INFO: Run Behavior\ShowPageTraceBehavior [ RunTime:0.000396s ]
INFO: [ app_end ] --END-- [ RunTime:0.000434s ]

[ 2017-08-03T14:45:39+08:00 ] 123.126.85.131 /
INFO: [ app_init ] --START--
INFO: Run Behavior\BuildLiteBehavior [ RunTime:0.000014s ]
INFO: [ app_init ] --END-- [ RunTime:0.000334s ]
INFO: [ app_begin ] --START--
INFO: Run Behavior\ReadHtmlCacheBehavior [ RunTime:0.000471s ]
INFO: [ app_begin ] --END-- [ RunTime:0.000511s ]
SQL: SHOW COLUMNS FROM `report_categories` [ RunTime:0.0005s ]
SQL: SELECT * FROM `report_categories` WHERE ( type_id=0 ) ORDER BY id asc  [ RunTime:0.0001s ]
SQL: SELECT * FROM `report_categories` WHERE ( type_id!=0 ) ORDER BY id asc  [ RunTime:0.0001s ]
SQL: SELECT * FROM `report_categories` WHERE ( type_id!=0 ) ORDER BY id asc  [ RunTime:0.0001s ]
SQL: SELECT * FROM `report_categories` WHERE `Id` = 2 LIMIT 1   [ RunTime:0.0001s ]
SQL: SHOW COLUMNS FROM `emph` [ RunTime:0.0003s ]
SQL: SELECT * FROM `emph` WHERE `id` = 1 LIMIT 1   [ RunTime:0.0001s ]
SQL: SELECT * FROM `emph` WHERE `id` = 2 LIMIT 1   [ RunTime:0.0000s ]
SQL: SELECT * FROM `emph` WHERE `id` = 3 LIMIT 1   [ RunTime:0.0001s ]
SQL: SELECT * FROM `emph` WHERE `id` = 4 LIMIT 1   [ RunTime:0.0000s ]
SQL: SHOW COLUMNS FROM `help` [ RunTime:0.0003s ]
NOTIC: [2] Missing argument 1 for Think\Model::where(), called in /www/web/shtresearch/public_html/Application/Home/Controller/IndexController.class.php on line 32 and defined /www/web/shtresearch/public_html/ThinkPHP/Library/Think/Model.class.php 第 1797 行.
NOTIC: [8] Undefined variable: where /www/web/shtresearch/public_html/ThinkPHP/Library/Think/Model.class.php 第 1805 行.
NOTIC: [8] Undefined variable: where /www/web/shtresearch/public_html/ThinkPHP/Library/Think/Model.class.php 第 1808 行.
NOTIC: [8] Undefined variable: where /www/web/shtresearch/public_html/ThinkPHP/Library/Think/Model.class.php 第 1816 行.
SQL: SELECT * FROM `help` ORDER BY id asc  [ RunTime:0.0001s ]
SQL: SHOW COLUMNS FROM `banner` [ RunTime:0.0003s ]
NOTIC: [2] Missing argument 1 for Think\Model::where(), called in /www/web/shtresearch/public_html/Application/Home/Controller/IndexController.class.php on line 42 and defined /www/web/shtresearch/public_html/ThinkPHP/Library/Think/Model.class.php 第 1797 行.
NOTIC: [8] Undefined variable: where /www/web/shtresearch/public_html/ThinkPHP/Library/Think/Model.class.php 第 1805 行.
NOTIC: [8] Undefined variable: where /www/web/shtresearch/public_html/ThinkPHP/Library/Think/Model.class.php 第 1808 行.
NOTIC: [8] Undefined variable: where /www/web/shtresearch/public_html/ThinkPHP/Library/Think/Model.class.php 第 1816 行.
SQL: SELECT * FROM `banner`  [ RunTime:0.0001s ]
SQL: SHOW COLUMNS FROM `news` [ RunTime:0.0004s ]
SQL: SELECT * FROM `news` WHERE ( top_id=1 ) ORDER BY time desc LIMIT 5   [ RunTime:0.0001s ]
SQL: SELECT * FROM `news` WHERE ( top_id=2 ) ORDER BY time desc LIMIT 5   [ RunTime:0.0001s ]
SQL: SHOW COLUMNS FROM `new_x` [ RunTime:0.0003s ]
NOTIC: [2] Missing argument 1 for Think\Model::where(), called in /www/web/shtresearch/public_html/Application/Home/Controller/IndexController.class.php on line 57 and defined /www/web/shtresearch/public_html/ThinkPHP/Library/Think/Model.class.php 第 1797 行.
NOTIC: [8] Undefined variable: where /www/web/shtresearch/public_html/ThinkPHP/Library/Think/Model.class.php 第 1805 行.
NOTIC: [8] Undefined variable: where /www/web/shtresearch/public_html/ThinkPHP/Library/Think/Model.class.php 第 1808 行.
NOTIC: [8] Undefined variable: where /www/web/shtresearch/public_html/ThinkPHP/Library/Think/Model.class.php 第 1816 行.
SQL: SELECT * FROM `new_x` ORDER BY time desc LIMIT 5   [ RunTime:0.0001s ]
SQL: SHOW COLUMNS FROM `od` [ RunTime:0.0003s ]
NOTIC: [2] Missing argument 1 for Think\Model::where(), called in /www/web/shtresearch/public_html/Application/Home/Controller/IndexController.class.php on line 62 and defined /www/web/shtresearch/public_html/ThinkPHP/Library/Think/Model.class.php 第 1797 行.
NOTIC: [8] Undefined variable: where /www/web/shtresearch/public_html/ThinkPHP/Library/Think/Model.class.php 第 1805 行.
NOTIC: [8] Undefined variable: where /www/web/shtresearch/public_html/ThinkPHP/Library/Think/Model.class.php 第 1808 行.
NOTIC: [8] Undefined variable: where /www/web/shtresearch/public_html/ThinkPHP/Library/Think/Model.class.php 第 1816 行.
SQL: SELECT * FROM `od` ORDER BY id desc LIMIT 4   [ RunTime:0.0001s ]
SQL: SHOW COLUMNS FROM `client` [ RunTime:0.0003s ]
NOTIC: [2] Missing argument 1 for Think\Model::where(), called in /www/web/shtresearch/public_html/Application/Home/Controller/IndexController.class.php on line 67 and defined /www/web/shtresearch/public_html/ThinkPHP/Library/Think/Model.class.php 第 1797 行.
NOTIC: [8] Undefined variable: where /www/web/shtresearch/public_html/ThinkPHP/Library/Think/Model.class.php 第 1805 行.
NOTIC: [8] Undefined variable: where /www/web/shtresearch/public_html/ThinkPHP/Library/Think/Model.class.php 第 1808 行.
NOTIC: [8] Undefined variable: where /www/web/shtresearch/public_html/ThinkPHP/Library/Think/Model.class.php 第 1816 行.
SQL: SELECT * FROM `client` ORDER BY id desc LIMIT 4   [ RunTime:0.0001s ]
SQL: SHOW COLUMNS FROM `whyus` [ RunTime:0.0003s ]
SQL: SELECT * FROM `whyus` WHERE `id` = 1 LIMIT 1   [ RunTime:0.0001s ]
INFO: [ view_parse ] --START--
INFO: [ template_filter ] --START--
INFO: Run Behavior\ContentReplaceBehavior [ RunTime:0.000085s ]
INFO: [ template_filter ] --END-- [ RunTime:0.000124s ]
NOTIC: [8] Undefined index: headprice /www/web/shtresearch/public_html/Application/Runtime/Cache/Home/2a94b8bda04ff446dcedd42276fc99ee.php 第 46 行.
NOTIC: [8] Undefined index: hid /www/web/shtresearch/public_html/Application/Runtime/Cache/Home/2a94b8bda04ff446dcedd42276fc99ee.php 第 47 行.
INFO: Run Behavior\ParseTemplateBehavior [ RunTime:0.016208s ]
INFO: [ view_parse ] --END-- [ RunTime:0.016247s ]
INFO: [ view_filter ] --START--
INFO: Run Behavior\WriteHtmlCacheBehavior [ RunTime:0.000171s ]
INFO: [ view_filter ] --END-- [ RunTime:0.000200s ]
INFO: [ app_end ] --START--
INFO: Run Behavior\ShowPageTraceBehavior [ RunTime:0.000477s ]
INFO: [ app_end ] --END-- [ RunTime:0.000519s ]

[ 2017-08-03T14:45:51+08:00 ] 123.126.85.131 /Home/Index/samples
INFO: [ app_init ] --START--
INFO: Run Behavior\BuildLiteBehavior [ RunTime:0.000013s ]
INFO: [ app_init ] --END-- [ RunTime:0.000328s ]
INFO: [ app_begin ] --START--
INFO: Run Behavior\ReadHtmlCacheBehavior [ RunTime:0.000419s ]
INFO: [ app_begin ] --END-- [ RunTime:0.000459s ]
SQL: SHOW COLUMNS FROM `report_categories` [ RunTime:0.0005s ]
SQL: SELECT * FROM `report_categories` WHERE ( type_id=0 ) ORDER BY id asc  [ RunTime:0.0001s ]
SQL: SELECT * FROM `report_categories` WHERE ( type_id!=0 ) ORDER BY id asc  [ RunTime:0.0001s ]
SQL: SELECT * FROM `report_categories` WHERE ( type_id!=0 ) ORDER BY id asc  [ RunTime:0.0001s ]
SQL: SELECT * FROM `report_categories` WHERE `Id` = 2 LIMIT 1   [ RunTime:0.0001s ]
SQL: SHOW COLUMNS FROM `emph` [ RunTime:0.0003s ]
SQL: SELECT * FROM `emph` WHERE `id` = 1 LIMIT 1   [ RunTime:0.0001s ]
SQL: SELECT * FROM `emph` WHERE `id` = 2 LIMIT 1   [ RunTime:0.0001s ]
SQL: SELECT * FROM `emph` WHERE `id` = 3 LIMIT 1   [ RunTime:0.0001s ]
SQL: SELECT * FROM `emph` WHERE `id` = 4 LIMIT 1   [ RunTime:0.0000s ]
SQL: SHOW COLUMNS FROM `help` [ RunTime:0.0003s ]
NOTIC: [2] Missing argument 1 for Think\Model::where(), called in /www/web/shtresearch/public_html/Application/Home/Controller/IndexController.class.php on line 32 and defined /www/web/shtresearch/public_html/ThinkPHP/Library/Think/Model.class.php 第 1797 行.
NOTIC: [8] Undefined variable: where /www/web/shtresearch/public_html/ThinkPHP/Library/Think/Model.class.php 第 1805 行.
NOTIC: [8] Undefined variable: where /www/web/shtresearch/public_html/ThinkPHP/Library/Think/Model.class.php 第 1808 行.
NOTIC: [8] Undefined variable: where /www/web/shtresearch/public_html/ThinkPHP/Library/Think/Model.class.php 第 1816 行.
SQL: SELECT * FROM `help` ORDER BY id asc  [ RunTime:0.0001s ]
SQL: SHOW COLUMNS FROM `od` [ RunTime:0.0003s ]
NOTIC: [2] Missing argument 1 for Think\Model::where(), called in /www/web/shtresearch/public_html/Application/Home/Controller/IndexController.class.php on line 209 and defined /www/web/shtresearch/public_html/ThinkPHP/Library/Think/Model.class.php 第 1797 行.
NOTIC: [8] Undefined variable: where /www/web/shtresearch/public_html/ThinkPHP/Library/Think/Model.class.php 第 1805 行.
NOTIC: [8] Undefined variable: where /www/web/shtresearch/public_html/ThinkPHP/Library/Think/Model.class.php 第 1808 行.
NOTIC: [8] Undefined variable: where /www/web/shtresearch/public_html/ThinkPHP/Library/Think/Model.class.php 第 1816 行.
SQL: SELECT * FROM `od`  [ RunTime:0.0001s ]
INFO: [ view_parse ] --START--
INFO: [ template_filter ] --START--
INFO: Run Behavior\ContentReplaceBehavior [ RunTime:0.000056s ]
INFO: [ template_filter ] --END-- [ RunTime:0.000092s ]
NOTIC: [8] Undefined index: headprice /www/web/shtresearch/public_html/Application/Runtime/Cache/Home/55f391f10597fbce9ae13b5e36e96a34.php 第 45 行.
NOTIC: [8] Undefined index: hid /www/web/shtresearch/public_html/Application/Runtime/Cache/Home/55f391f10597fbce9ae13b5e36e96a34.php 第 46 行.
INFO: Run Behavior\ParseTemplateBehavior [ RunTime:0.017217s ]
INFO: [ view_parse ] --END-- [ RunTime:0.017263s ]
INFO: [ view_filter ] --START--
INFO: Run Behavior\WriteHtmlCacheBehavior [ RunTime:0.000184s ]
INFO: [ view_filter ] --END-- [ RunTime:0.000219s ]
INFO: [ app_end ] --START--
INFO: Run Behavior\ShowPageTraceBehavior [ RunTime:0.000432s ]
INFO: [ app_end ] --END-- [ RunTime:0.000472s ]

[ 2017-08-03T14:45:54+08:00 ] 123.126.85.131 /Home/Index/index
INFO: [ app_init ] --START--
INFO: Run Behavior\BuildLiteBehavior [ RunTime:0.000015s ]
INFO: [ app_init ] --END-- [ RunTime:0.000353s ]
INFO: [ app_begin ] --START--
INFO: Run Behavior\ReadHtmlCacheBehavior [ RunTime:0.000489s ]
INFO: [ app_begin ] --END-- [ RunTime:0.000538s ]
SQL: SHOW COLUMNS FROM `report_categories` [ RunTime:0.0005s ]
SQL: SELECT * FROM `report_categories` WHERE ( type_id=0 ) ORDER BY id asc  [ RunTime:0.0001s ]
SQL: SELECT * FROM `report_categories` WHERE ( type_id!=0 ) ORDER BY id asc  [ RunTime:0.0001s ]
SQL: SELECT * FROM `report_categories` WHERE ( type_id!=0 ) ORDER BY id asc  [ RunTime:0.0002s ]
SQL: SELECT * FROM `report_categories` WHERE `Id` = 2 LIMIT 1   [ RunTime:0.0001s ]
SQL: SHOW COLUMNS FROM `emph` [ RunTime:0.0004s ]
SQL: SELECT * FROM `emph` WHERE `id` = 1 LIMIT 1   [ RunTime:0.0001s ]
SQL: SELECT * FROM `emph` WHERE `id` = 2 LIMIT 1   [ RunTime:0.0001s ]
SQL: SELECT * FROM `emph` WHERE `id` = 3 LIMIT 1   [ RunTime:0.0001s ]
SQL: SELECT * FROM `emph` WHERE `id` = 4 LIMIT 1   [ RunTime:0.0001s ]
SQL: SHOW COLUMNS FROM `help` [ RunTime:0.0004s ]
NOTIC: [2] Missing argument 1 for Think\Model::where(), called in /www/web/shtresearch/public_html/Application/Home/Controller/IndexController.class.php on line 32 and defined /www/web/shtresearch/public_html/ThinkPHP/Library/Think/Model.class.php 第 1797 行.
NOTIC: [8] Undefined variable: where /www/web/shtresearch/public_html/ThinkPHP/Library/Think/Model.class.php 第 1805 行.
NOTIC: [8] Undefined variable: where /www/web/shtresearch/public_html/ThinkPHP/Library/Think/Model.class.php 第 1808 行.
NOTIC: [8] Undefined variable: where /www/web/shtresearch/public_html/ThinkPHP/Library/Think/Model.class.php 第 1816 行.
SQL: SELECT * FROM `help` ORDER BY id asc  [ RunTime:0.0001s ]
SQL: SHOW COLUMNS FROM `banner` [ RunTime:0.0004s ]
NOTIC: [2] Missing argument 1 for Think\Model::where(), called in /www/web/shtresearch/public_html/Application/Home/Controller/IndexController.class.php on line 42 and defined /www/web/shtresearch/public_html/ThinkPHP/Library/Think/Model.class.php 第 1797 行.
NOTIC: [8] Undefined variable: where /www/web/shtresearch/public_html/ThinkPHP/Library/Think/Model.class.php 第 1805 行.
NOTIC: [8] Undefined variable: where /www/web/shtresearch/public_html/ThinkPHP/Library/Think/Model.class.php 第 1808 行.
NOTIC: [8] Undefined variable: where /www/web/shtresearch/public_html/ThinkPHP/Library/Think/Model.class.php 第 1816 行.
SQL: SELECT * FROM `banner`  [ RunTime:0.0001s ]
SQL: SHOW COLUMNS FROM `news` [ RunTime:0.0006s ]
SQL: SELECT * FROM `news` WHERE ( top_id=1 ) ORDER BY time desc LIMIT 5   [ RunTime:0.0002s ]
SQL: SELECT * FROM `news` WHERE ( top_id=2 ) ORDER BY time desc LIMIT 5   [ RunTime:0.0001s ]
SQL: SHOW COLUMNS FROM `new_x` [ RunTime:0.0003s ]
NOTIC: [2] Missing argument 1 for Think\Model::where(), called in /www/web/shtresearch/public_html/Application/Home/Controller/IndexController.class.php on line 57 and defined /www/web/shtresearch/public_html/ThinkPHP/Library/Think/Model.class.php 第 1797 行.
NOTIC: [8] Undefined variable: where /www/web/shtresearch/public_html/ThinkPHP/Library/Think/Model.class.php 第 1805 行.
NOTIC: [8] Undefined variable: where /www/web/shtresearch/public_html/ThinkPHP/Library/Think/Model.class.php 第 1808 行.
NOTIC: [8] Undefined variable: where /www/web/shtresearch/public_html/ThinkPHP/Library/Think/Model.class.php 第 1816 行.
SQL: SELECT * FROM `new_x` ORDER BY time desc LIMIT 5   [ RunTime:0.0001s ]
SQL: SHOW COLUMNS FROM `od` [ RunTime:0.0003s ]
NOTIC: [2] Missing argument 1 for Think\Model::where(), called in /www/web/shtresearch/public_html/Application/Home/Controller/IndexController.class.php on line 62 and defined /www/web/shtresearch/public_html/ThinkPHP/Library/Think/Model.class.php 第 1797 行.
NOTIC: [8] Undefined variable: where /www/web/shtresearch/public_html/ThinkPHP/Library/Think/Model.class.php 第 1805 行.
NOTIC: [8] Undefined variable: where /www/web/shtresearch/public_html/ThinkPHP/Library/Think/Model.class.php 第 1808 行.
NOTIC: [8] Undefined variable: where /www/web/shtresearch/public_html/ThinkPHP/Library/Think/Model.class.php 第 1816 行.
SQL: SELECT * FROM `od` ORDER BY id desc LIMIT 4   [ RunTime:0.0001s ]
SQL: SHOW COLUMNS FROM `client` [ RunTime:0.0003s ]
NOTIC: [2] Missing argument 1 for Think\Model::where(), called in /www/web/shtresearch/public_html/Application/Home/Controller/IndexController.class.php on line 67 and defined /www/web/shtresearch/public_html/ThinkPHP/Library/Think/Model.class.php 第 1797 行.
NOTIC: [8] Undefined variable: where /www/web/shtresearch/public_html/ThinkPHP/Library/Think/Model.class.php 第 1805 行.
NOTIC: [8] Undefined variable: where /www/web/shtresearch/public_html/ThinkPHP/Library/Think/Model.class.php 第 1808 行.
NOTIC: [8] Undefined variable: where /www/web/shtresearch/public_html/ThinkPHP/Library/Think/Model.class.php 第 1816 行.
SQL: SELECT * FROM `client` ORDER BY id desc LIMIT 4   [ RunTime:0.0001s ]
SQL: SHOW COLUMNS FROM `whyus` [ RunTime:0.0003s ]
SQL: SELECT * FROM `whyus` WHERE `id` = 1 LIMIT 1   [ RunTime:0.0001s ]
INFO: [ view_parse ] --START--
INFO: [ template_filter ] --START--
INFO: Run Behavior\ContentReplaceBehavior [ RunTime:0.000091s ]
INFO: [ template_filter ] --END-- [ RunTime:0.000132s ]
NOTIC: [8] Undefined index: headprice /www/web/shtresearch/public_html/Application/Runtime/Cache/Home/2a94b8bda04ff446dcedd42276fc99ee.php 第 46 行.
NOTIC: [8] Undefined index: hid /www/web/shtresearch/public_html/Application/Runtime/Cache/Home/2a94b8bda04ff446dcedd42276fc99ee.php 第 47 行.
INFO: Run Behavior\ParseTemplateBehavior [ RunTime:0.019952s ]
INFO: [ view_parse ] --END-- [ RunTime:0.019992s ]
INFO: [ view_filter ] --START--
INFO: Run Behavior\WriteHtmlCacheBehavior [ RunTime:0.000182s ]
INFO: [ view_filter ] --END-- [ RunTime:0.000226s ]
INFO: [ app_end ] --START--
INFO: Run Behavior\ShowPageTraceBehavior [ RunTime:0.000464s ]
INFO: [ app_end ] --END-- [ RunTime:0.000505s ]

[ 2017-08-03T14:46:12+08:00 ] 123.126.85.131 /Home/About/index
INFO: [ app_init ] --START--
INFO: Run Behavior\BuildLiteBehavior [ RunTime:0.000012s ]
INFO: [ app_init ] --END-- [ RunTime:0.000330s ]
INFO: [ app_begin ] --START--
INFO: Run Behavior\ReadHtmlCacheBehavior [ RunTime:0.000445s ]
INFO: [ app_begin ] --END-- [ RunTime:0.000494s ]
SQL: SHOW COLUMNS FROM `report_categories` [ RunTime:0.0005s ]
SQL: SELECT * FROM `report_categories` WHERE ( type_id=0 ) ORDER BY id asc  [ RunTime:0.0001s ]
SQL: SELECT * FROM `report_categories` WHERE ( type_id!=0 ) ORDER BY id asc  [ RunTime:0.0001s ]
SQL: SELECT * FROM `report_categories` WHERE ( type_id!=0 ) ORDER BY id asc  [ RunTime:0.0001s ]
SQL: SELECT * FROM `report_categories` WHERE `Id` = 2 LIMIT 1   [ RunTime:0.0001s ]
SQL: SHOW COLUMNS FROM `emph` [ RunTime:0.0003s ]
SQL: SELECT * FROM `emph` WHERE `id` = 1 LIMIT 1   [ RunTime:0.0001s ]
SQL: SELECT * FROM `emph` WHERE `id` = 2 LIMIT 1   [ RunTime:0.0001s ]
SQL: SELECT * FROM `emph` WHERE `id` = 3 LIMIT 1   [ RunTime:0.0001s ]
SQL: SELECT * FROM `emph` WHERE `id` = 4 LIMIT 1   [ RunTime:0.0000s ]
SQL: SHOW COLUMNS FROM `help` [ RunTime:0.0003s ]
NOTIC: [2] Missing argument 1 for Think\Model::where(), called in /www/web/shtresearch/public_html/Application/Home/Controller/AboutController.class.php on line 33 and defined /www/web/shtresearch/public_html/ThinkPHP/Library/Think/Model.class.php 第 1797 行.
NOTIC: [8] Undefined variable: where /www/web/shtresearch/public_html/ThinkPHP/Library/Think/Model.class.php 第 1805 行.
NOTIC: [8] Undefined variable: where /www/web/shtresearch/public_html/ThinkPHP/Library/Think/Model.class.php 第 1808 行.
NOTIC: [8] Undefined variable: where /www/web/shtresearch/public_html/ThinkPHP/Library/Think/Model.class.php 第 1816 行.
SQL: SELECT * FROM `help` ORDER BY id asc  [ RunTime:0.0001s ]
SQL: SHOW COLUMNS FROM `about` [ RunTime:0.0003s ]
NOTIC: [2] Missing argument 1 for Think\Model::where(), called in /www/web/shtresearch/public_html/Application/Home/Controller/AboutController.class.php on line 39 and defined /www/web/shtresearch/public_html/ThinkPHP/Library/Think/Model.class.php 第 1797 行.
NOTIC: [8] Undefined variable: where /www/web/shtresearch/public_html/ThinkPHP/Library/Think/Model.class.php 第 1805 行.
NOTIC: [8] Undefined variable: where /www/web/shtresearch/public_html/ThinkPHP/Library/Think/Model.class.php 第 1808 行.
NOTIC: [8] Undefined variable: where /www/web/shtresearch/public_html/ThinkPHP/Library/Think/Model.class.php 第 1816 行.
SQL: SELECT * FROM `about` LIMIT 1   [ RunTime:0.0001s ]
INFO: [ view_parse ] --START--
INFO: [ template_filter ] --START--
INFO: Run Behavior\ContentReplaceBehavior [ RunTime:0.000057s ]
INFO: [ template_filter ] --END-- [ RunTime:0.000091s ]
NOTIC: [8] Undefined index: headprice /www/web/shtresearch/public_html/Application/Runtime/Cache/Home/3b9bb8f59aaa4d1691c827dd64ddfa9b.php 第 45 行.
NOTIC: [8] Undefined index: hid /www/web/shtresearch/public_html/Application/Runtime/Cache/Home/3b9bb8f59aaa4d1691c827dd64ddfa9b.php 第 46 行.
INFO: Run Behavior\ParseTemplateBehavior [ RunTime:0.010662s ]
INFO: [ view_parse ] --END-- [ RunTime:0.010697s ]
INFO: [ view_filter ] --START--
INFO: Run Behavior\WriteHtmlCacheBehavior [ RunTime:0.000171s ]
INFO: [ view_filter ] --END-- [ RunTime:0.000200s ]
INFO: [ app_end ] --START--
INFO: Run Behavior\ShowPageTraceBehavior [ RunTime:0.000401s ]
INFO: [ app_end ] --END-- [ RunTime:0.000440s ]

[ 2017-08-03T14:46:14+08:00 ] 123.126.85.131 /Home/Contact/index
INFO: [ app_init ] --START--
INFO: Run Behavior\BuildLiteBehavior [ RunTime:0.000028s ]
INFO: [ app_init ] --END-- [ RunTime:0.000282s ]
INFO: [ app_begin ] --START--
INFO: Run Behavior\ReadHtmlCacheBehavior [ RunTime:0.000371s ]
INFO: [ app_begin ] --END-- [ RunTime:0.000424s ]
SQL: SHOW COLUMNS FROM `report_categories` [ RunTime:0.0005s ]
SQL: SELECT * FROM `report_categories` WHERE ( type_id=0 ) ORDER BY id asc  [ RunTime:0.0001s ]
SQL: SELECT * FROM `report_categories` WHERE ( type_id!=0 ) ORDER BY id asc  [ RunTime:0.0001s ]
SQL: SELECT * FROM `report_categories` WHERE ( type_id!=0 ) ORDER BY id asc  [ RunTime:0.0001s ]
SQL: SELECT * FROM `report_categories` WHERE `Id` = 2 LIMIT 1   [ RunTime:0.0001s ]
SQL: SHOW COLUMNS FROM `emph` [ RunTime:0.0003s ]
SQL: SELECT * FROM `emph` WHERE `id` = 1 LIMIT 1   [ RunTime:0.0001s ]
SQL: SELECT * FROM `emph` WHERE `id` = 2 LIMIT 1   [ RunTime:0.0001s ]
SQL: SELECT * FROM `emph` WHERE `id` = 3 LIMIT 1   [ RunTime:0.0000s ]
SQL: SELECT * FROM `emph` WHERE `id` = 4 LIMIT 1   [ RunTime:0.0001s ]
SQL: SHOW COLUMNS FROM `help` [ RunTime:0.0003s ]
NOTIC: [2] Missing argument 1 for Think\Model::where(), called in /www/web/shtresearch/public_html/Application/Home/Controller/ContactController.class.php on line 46 and defined /www/web/shtresearch/public_html/ThinkPHP/Library/Think/Model.class.php 第 1797 行.
NOTIC: [8] Undefined variable: where /www/web/shtresearch/public_html/ThinkPHP/Library/Think/Model.class.php 第 1805 行.
NOTIC: [8] Undefined variable: where /www/web/shtresearch/public_html/ThinkPHP/Library/Think/Model.class.php 第 1808 行.
NOTIC: [8] Undefined variable: where /www/web/shtresearch/public_html/ThinkPHP/Library/Think/Model.class.php 第 1816 行.
SQL: SELECT * FROM `help` ORDER BY id asc  [ RunTime:0.0001s ]
SQL: SHOW COLUMNS FROM `co` [ RunTime:0.0003s ]
SQL: SELECT * FROM `co` WHERE `id` = 1 LIMIT 1   [ RunTime:0.0001s ]
SQL: SELECT * FROM `co` WHERE `id` = 2 LIMIT 1   [ RunTime:0.0000s ]
INFO: [ view_parse ] --START--
INFO: [ template_filter ] --START--
INFO: Run Behavior\ContentReplaceBehavior [ RunTime:0.000065s ]
INFO: [ template_filter ] --END-- [ RunTime:0.000111s ]
NOTIC: [8] Undefined index: headprice /www/web/shtresearch/public_html/Application/Runtime/Cache/Home/9d0babcb361c76b4b54c521c429b1099.php 第 45 行.
NOTIC: [8] Undefined index: hid /www/web/shtresearch/public_html/Application/Runtime/Cache/Home/9d0babcb361c76b4b54c521c429b1099.php 第 46 行.
INFO: Run Behavior\ParseTemplateBehavior [ RunTime:0.017952s ]
INFO: [ view_parse ] --END-- [ RunTime:0.017988s ]
INFO: [ view_filter ] --START--
INFO: Run Behavior\WriteHtmlCacheBehavior [ RunTime:0.000179s ]
INFO: [ view_filter ] --END-- [ RunTime:0.000207s ]
INFO: [ app_end ] --START--
INFO: Run Behavior\ShowPageTraceBehavior [ RunTime:0.000412s ]
INFO: [ app_end ] --END-- [ RunTime:0.000452s ]

[ 2017-08-03T14:46:43+08:00 ] 106.120.161.68 /Home/Index/samples
INFO: [ app_init ] --START--
INFO: Run Behavior\BuildLiteBehavior [ RunTime:0.000012s ]
INFO: [ app_init ] --END-- [ RunTime:0.000285s ]
INFO: [ app_begin ] --START--
INFO: Run Behavior\ReadHtmlCacheBehavior [ RunTime:0.000388s ]
INFO: [ app_begin ] --END-- [ RunTime:0.000427s ]
SQL: SHOW COLUMNS FROM `report_categories` [ RunTime:0.0005s ]
SQL: SELECT * FROM `report_categories` WHERE ( type_id=0 ) ORDER BY id asc  [ RunTime:0.0001s ]
SQL: SELECT * FROM `report_categories` WHERE ( type_id!=0 ) ORDER BY id asc  [ RunTime:0.0001s ]
SQL: SELECT * FROM `report_categories` WHERE ( type_id!=0 ) ORDER BY id asc  [ RunTime:0.0001s ]
SQL: SELECT * FROM `report_categories` WHERE `Id` = 2 LIMIT 1   [ RunTime:0.0001s ]
SQL: SHOW COLUMNS FROM `emph` [ RunTime:0.0003s ]
SQL: SELECT * FROM `emph` WHERE `id` = 1 LIMIT 1   [ RunTime:0.0001s ]
SQL: SELECT * FROM `emph` WHERE `id` = 2 LIMIT 1   [ RunTime:0.0000s ]
SQL: SELECT * FROM `emph` WHERE `id` = 3 LIMIT 1   [ RunTime:0.0001s ]
SQL: SELECT * FROM `emph` WHERE `id` = 4 LIMIT 1   [ RunTime:0.0000s ]
SQL: SHOW COLUMNS FROM `help` [ RunTime:0.0003s ]
NOTIC: [2] Missing argument 1 for Think\Model::where(), called in /www/web/shtresearch/public_html/Application/Home/Controller/IndexController.class.php on line 32 and defined /www/web/shtresearch/public_html/ThinkPHP/Library/Think/Model.class.php 第 1797 行.
NOTIC: [8] Undefined variable: where /www/web/shtresearch/public_html/ThinkPHP/Library/Think/Model.class.php 第 1805 行.
NOTIC: [8] Undefined variable: where /www/web/shtresearch/public_html/ThinkPHP/Library/Think/Model.class.php 第 1808 行.
NOTIC: [8] Undefined variable: where /www/web/shtresearch/public_html/ThinkPHP/Library/Think/Model.class.php 第 1816 行.
SQL: SELECT * FROM `help` ORDER BY id asc  [ RunTime:0.0001s ]
SQL: SHOW COLUMNS FROM `od` [ RunTime:0.0003s ]
NOTIC: [2] Missing argument 1 for Think\Model::where(), called in /www/web/shtresearch/public_html/Application/Home/Controller/IndexController.class.php on line 209 and defined /www/web/shtresearch/public_html/ThinkPHP/Library/Think/Model.class.php 第 1797 行.
NOTIC: [8] Undefined variable: where /www/web/shtresearch/public_html/ThinkPHP/Library/Think/Model.class.php 第 1805 行.
NOTIC: [8] Undefined variable: where /www/web/shtresearch/public_html/ThinkPHP/Library/Think/Model.class.php 第 1808 行.
NOTIC: [8] Undefined variable: where /www/web/shtresearch/public_html/ThinkPHP/Library/Think/Model.class.php 第 1816 行.
SQL: SELECT * FROM `od`  [ RunTime:0.0000s ]
INFO: [ view_parse ] --START--
INFO: [ template_filter ] --START--
INFO: Run Behavior\ContentReplaceBehavior [ RunTime:0.000068s ]
INFO: [ template_filter ] --END-- [ RunTime:0.000106s ]
NOTIC: [8] Undefined index: headprice /www/web/shtresearch/public_html/Application/Runtime/Cache/Home/55f391f10597fbce9ae13b5e36e96a34.php 第 45 行.
NOTIC: [8] Undefined index: hid /www/web/shtresearch/public_html/Application/Runtime/Cache/Home/55f391f10597fbce9ae13b5e36e96a34.php 第 46 行.
INFO: Run Behavior\ParseTemplateBehavior [ RunTime:0.009083s ]
INFO: [ view_parse ] --END-- [ RunTime:0.009116s ]
INFO: [ view_filter ] --START--
INFO: Run Behavior\WriteHtmlCacheBehavior [ RunTime:0.000159s ]
INFO: [ view_filter ] --END-- [ RunTime:0.000188s ]
INFO: [ app_end ] --START--
INFO: Run Behavior\ShowPageTraceBehavior [ RunTime:0.000371s ]
INFO: [ app_end ] --END-- [ RunTime:0.000409s ]

[ 2017-08-03T14:47:10+08:00 ] 101.199.108.57 /Home/Index/samples
INFO: [ app_init ] --START--
INFO: Run Behavior\BuildLiteBehavior [ RunTime:0.000013s ]
INFO: [ app_init ] --END-- [ RunTime:0.000353s ]
INFO: [ app_begin ] --START--
INFO: Run Behavior\ReadHtmlCacheBehavior [ RunTime:0.000493s ]
INFO: [ app_begin ] --END-- [ RunTime:0.000538s ]
SQL: SHOW COLUMNS FROM `report_categories` [ RunTime:0.0005s ]
SQL: SELECT * FROM `report_categories` WHERE ( type_id=0 ) ORDER BY id asc  [ RunTime:0.0001s ]
SQL: SELECT * FROM `report_categories` WHERE ( type_id!=0 ) ORDER BY id asc  [ RunTime:0.0001s ]
SQL: SELECT * FROM `report_categories` WHERE ( type_id!=0 ) ORDER BY id asc  [ RunTime:0.0001s ]
SQL: SELECT * FROM `report_categories` WHERE `Id` = 2 LIMIT 1   [ RunTime:0.0001s ]
SQL: SHOW COLUMNS FROM `emph` [ RunTime:0.0003s ]
SQL: SELECT * FROM `emph` WHERE `id` = 1 LIMIT 1   [ RunTime:0.0001s ]
SQL: SELECT * FROM `emph` WHERE `id` = 2 LIMIT 1   [ RunTime:0.0001s ]
SQL: SELECT * FROM `emph` WHERE `id` = 3 LIMIT 1   [ RunTime:0.0001s ]
SQL: SELECT * FROM `emph` WHERE `id` = 4 LIMIT 1   [ RunTime:0.0000s ]
SQL: SHOW COLUMNS FROM `help` [ RunTime:0.0003s ]
NOTIC: [2] Missing argument 1 for Think\Model::where(), called in /www/web/shtresearch/public_html/Application/Home/Controller/IndexController.class.php on line 32 and defined /www/web/shtresearch/public_html/ThinkPHP/Library/Think/Model.class.php 第 1797 行.
NOTIC: [8] Undefined variable: where /www/web/shtresearch/public_html/ThinkPHP/Library/Think/Model.class.php 第 1805 行.
NOTIC: [8] Undefined variable: where /www/web/shtresearch/public_html/ThinkPHP/Library/Think/Model.class.php 第 1808 行.
NOTIC: [8] Undefined variable: where /www/web/shtresearch/public_html/ThinkPHP/Library/Think/Model.class.php 第 1816 行.
SQL: SELECT * FROM `help` ORDER BY id asc  [ RunTime:0.0001s ]
SQL: SHOW COLUMNS FROM `od` [ RunTime:0.0003s ]
NOTIC: [2] Missing argument 1 for Think\Model::where(), called in /www/web/shtresearch/public_html/Application/Home/Controller/IndexController.class.php on line 209 and defined /www/web/shtresearch/public_html/ThinkPHP/Library/Think/Model.class.php 第 1797 行.
NOTIC: [8] Undefined variable: where /www/web/shtresearch/public_html/ThinkPHP/Library/Think/Model.class.php 第 1805 行.
NOTIC: [8] Undefined variable: where /www/web/shtresearch/public_html/ThinkPHP/Library/Think/Model.class.php 第 1808 行.
NOTIC: [8] Undefined variable: where /www/web/shtresearch/public_html/ThinkPHP/Library/Think/Model.class.php 第 1816 行.
SQL: SELECT * FROM `od`  [ RunTime:0.0001s ]
INFO: [ view_parse ] --START--
INFO: [ template_filter ] --START--
INFO: Run Behavior\ContentReplaceBehavior [ RunTime:0.000078s ]
INFO: [ template_filter ] --END-- [ RunTime:0.000121s ]
NOTIC: [8] Undefined index: headprice /www/web/shtresearch/public_html/Application/Runtime/Cache/Home/55f391f10597fbce9ae13b5e36e96a34.php 第 45 行.
NOTIC: [8] Undefined index: hid /www/web/shtresearch/public_html/Application/Runtime/Cache/Home/55f391f10597fbce9ae13b5e36e96a34.php 第 46 行.
INFO: Run Behavior\ParseTemplateBehavior [ RunTime:0.010318s ]
INFO: [ view_parse ] --END-- [ RunTime:0.010352s ]
INFO: [ view_filter ] --START--
INFO: Run Behavior\WriteHtmlCacheBehavior [ RunTime:0.000161s ]
INFO: [ view_filter ] --END-- [ RunTime:0.000193s ]
INFO: [ app_end ] --START--
INFO: Run Behavior\ShowPageTraceBehavior [ RunTime:0.000416s ]
INFO: [ app_end ] --END-- [ RunTime:0.000463s ]

[ 2017-08-03T16:28:13+08:00 ] 183.240.196.51 /
INFO: [ app_init ] --START--
INFO: Run Behavior\BuildLiteBehavior [ RunTime:0.000012s ]
INFO: [ app_init ] --END-- [ RunTime:0.000287s ]
INFO: [ app_begin ] --START--
INFO: Run Behavior\ReadHtmlCacheBehavior [ RunTime:0.000391s ]
INFO: [ app_begin ] --END-- [ RunTime:0.000431s ]
SQL: SHOW COLUMNS FROM `report_categories` [ RunTime:0.0005s ]
SQL: SELECT * FROM `report_categories` WHERE ( type_id=0 ) ORDER BY id asc  [ RunTime:0.0001s ]
SQL: SELECT * FROM `report_categories` WHERE ( type_id!=0 ) ORDER BY id asc  [ RunTime:0.0001s ]
SQL: SELECT * FROM `report_categories` WHERE ( type_id!=0 ) ORDER BY id asc  [ RunTime:0.0001s ]
SQL: SELECT * FROM `report_categories` WHERE `Id` = 2 LIMIT 1   [ RunTime:0.0001s ]
SQL: SHOW COLUMNS FROM `emph` [ RunTime:0.0003s ]
SQL: SELECT * FROM `emph` WHERE `id` = 1 LIMIT 1   [ RunTime:0.0001s ]
SQL: SELECT * FROM `emph` WHERE `id` = 2 LIMIT 1   [ RunTime:0.0000s ]
SQL: SELECT * FROM `emph` WHERE `id` = 3 LIMIT 1   [ RunTime:0.0000s ]
SQL: SELECT * FROM `emph` WHERE `id` = 4 LIMIT 1   [ RunTime:0.0000s ]
SQL: SHOW COLUMNS FROM `help` [ RunTime:0.0003s ]
NOTIC: [2] Missing argument 1 for Think\Model::where(), called in /www/web/shtresearch/public_html/Application/Home/Controller/IndexController.class.php on line 32 and defined /www/web/shtresearch/public_html/ThinkPHP/Library/Think/Model.class.php 第 1797 行.
NOTIC: [8] Undefined variable: where /www/web/shtresearch/public_html/ThinkPHP/Library/Think/Model.class.php 第 1805 行.
NOTIC: [8] Undefined variable: where /www/web/shtresearch/public_html/ThinkPHP/Library/Think/Model.class.php 第 1808 行.
NOTIC: [8] Undefined variable: where /www/web/shtresearch/public_html/ThinkPHP/Library/Think/Model.class.php 第 1816 行.
SQL: SELECT * FROM `help` ORDER BY id asc  [ RunTime:0.0001s ]
SQL: SHOW COLUMNS FROM `banner` [ RunTime:0.0003s ]
NOTIC: [2] Missing argument 1 for Think\Model::where(), called in /www/web/shtresearch/public_html/Application/Home/Controller/IndexController.class.php on line 42 and defined /www/web/shtresearch/public_html/ThinkPHP/Library/Think/Model.class.php 第 1797 行.
NOTIC: [8] Undefined variable: where /www/web/shtresearch/public_html/ThinkPHP/Library/Think/Model.class.php 第 1805 行.
NOTIC: [8] Undefined variable: where /www/web/shtresearch/public_html/ThinkPHP/Library/Think/Model.class.php 第 1808 行.
NOTIC: [8] Undefined variable: where /www/web/shtresearch/public_html/ThinkPHP/Library/Think/Model.class.php 第 1816 行.
SQL: SELECT * FROM `banner`  [ RunTime:0.0001s ]
SQL: SHOW COLUMNS FROM `news` [ RunTime:0.0004s ]
SQL: SELECT * FROM `news` WHERE ( top_id=1 ) ORDER BY time desc LIMIT 5   [ RunTime:0.0001s ]
SQL: SELECT * FROM `news` WHERE ( top_id=2 ) ORDER BY time desc LIMIT 5   [ RunTime:0.0001s ]
SQL: SHOW COLUMNS FROM `new_x` [ RunTime:0.0003s ]
NOTIC: [2] Missing argument 1 for Think\Model::where(), called in /www/web/shtresearch/public_html/Application/Home/Controller/IndexController.class.php on line 57 and defined /www/web/shtresearch/public_html/ThinkPHP/Library/Think/Model.class.php 第 1797 行.
NOTIC: [8] Undefined variable: where /www/web/shtresearch/public_html/ThinkPHP/Library/Think/Model.class.php 第 1805 行.
NOTIC: [8] Undefined variable: where /www/web/shtresearch/public_html/ThinkPHP/Library/Think/Model.class.php 第 1808 行.
NOTIC: [8] Undefined variable: where /www/web/shtresearch/public_html/ThinkPHP/Library/Think/Model.class.php 第 1816 行.
SQL: SELECT * FROM `new_x` ORDER BY time desc LIMIT 5   [ RunTime:0.0001s ]
SQL: SHOW COLUMNS FROM `od` [ RunTime:0.0003s ]
NOTIC: [2] Missing argument 1 for Think\Model::where(), called in /www/web/shtresearch/public_html/Application/Home/Controller/IndexController.class.php on line 62 and defined /www/web/shtresearch/public_html/ThinkPHP/Library/Think/Model.class.php 第 1797 行.
NOTIC: [8] Undefined variable: where /www/web/shtresearch/public_html/ThinkPHP/Library/Think/Model.class.php 第 1805 行.
NOTIC: [8] Undefined variable: where /www/web/shtresearch/public_html/ThinkPHP/Library/Think/Model.class.php 第 1808 行.
NOTIC: [8] Undefined variable: where /www/web/shtresearch/public_html/ThinkPHP/Library/Think/Model.class.php 第 1816 行.
SQL: SELECT * FROM `od` ORDER BY id desc LIMIT 4   [ RunTime:0.0001s ]
SQL: SHOW COLUMNS FROM `client` [ RunTime:0.0003s ]
NOTIC: [2] Missing argument 1 for Think\Model::where(), called in /www/web/shtresearch/public_html/Application/Home/Controller/IndexController.class.php on line 67 and defined /www/web/shtresearch/public_html/ThinkPHP/Library/Think/Model.class.php 第 1797 行.
NOTIC: [8] Undefined variable: where /www/web/shtresearch/public_html/ThinkPHP/Library/Think/Model.class.php 第 1805 行.
NOTIC: [8] Undefined variable: where /www/web/shtresearch/public_html/ThinkPHP/Library/Think/Model.class.php 第 1808 行.
NOTIC: [8] Undefined variable: where /www/web/shtresearch/public_html/ThinkPHP/Library/Think/Model.class.php 第 1816 行.
SQL: SELECT * FROM `client` ORDER BY id desc LIMIT 4   [ RunTime:0.0000s ]
SQL: SHOW COLUMNS FROM `whyus` [ RunTime:0.0003s ]
SQL: SELECT * FROM `whyus` WHERE `id` = 1 LIMIT 1   [ RunTime:0.0001s ]
INFO: [ view_parse ] --START--
INFO: [ template_filter ] --START--
INFO: Run Behavior\ContentReplaceBehavior [ RunTime:0.000082s ]
INFO: [ template_filter ] --END-- [ RunTime:0.000117s ]
NOTIC: [8] Undefined index: headprice /www/web/shtresearch/public_html/Application/Runtime/Cache/Home/2a94b8bda04ff446dcedd42276fc99ee.php 第 46 行.
NOTIC: [8] Undefined index: hid /www/web/shtresearch/public_html/Application/Runtime/Cache/Home/2a94b8bda04ff446dcedd42276fc99ee.php 第 47 行.
INFO: Run Behavior\ParseTemplateBehavior [ RunTime:0.015743s ]
INFO: [ view_parse ] --END-- [ RunTime:0.015779s ]
INFO: [ view_filter ] --START--
INFO: Run Behavior\WriteHtmlCacheBehavior [ RunTime:0.000171s ]
INFO: [ view_filter ] --END-- [ RunTime:0.000203s ]
INFO: [ app_end ] --START--
INFO: Run Behavior\ShowPageTraceBehavior [ RunTime:0.000410s ]
INFO: [ app_end ] --END-- [ RunTime:0.000450s ]

[ 2017-08-03T16:28:17+08:00 ] 183.240.196.51 /Home/Contact/index
INFO: [ app_init ] --START--
INFO: Run Behavior\BuildLiteBehavior [ RunTime:0.000017s ]
INFO: [ app_init ] --END-- [ RunTime:0.000330s ]
INFO: [ app_begin ] --START--
INFO: Run Behavior\ReadHtmlCacheBehavior [ RunTime:0.000444s ]
INFO: [ app_begin ] --END-- [ RunTime:0.000524s ]
SQL: SHOW COLUMNS FROM `report_categories` [ RunTime:0.0005s ]
SQL: SELECT * FROM `report_categories` WHERE ( type_id=0 ) ORDER BY id asc  [ RunTime:0.0001s ]
SQL: SELECT * FROM `report_categories` WHERE ( type_id!=0 ) ORDER BY id asc  [ RunTime:0.0001s ]
SQL: SELECT * FROM `report_categories` WHERE ( type_id!=0 ) ORDER BY id asc  [ RunTime:0.0001s ]
SQL: SELECT * FROM `report_categories` WHERE `Id` = 2 LIMIT 1   [ RunTime:0.0001s ]
SQL: SHOW COLUMNS FROM `emph` [ RunTime:0.0003s ]
SQL: SELECT * FROM `emph` WHERE `id` = 1 LIMIT 1   [ RunTime:0.0001s ]
SQL: SELECT * FROM `emph` WHERE `id` = 2 LIMIT 1   [ RunTime:0.0000s ]
SQL: SELECT * FROM `emph` WHERE `id` = 3 LIMIT 1   [ RunTime:0.0001s ]
SQL: SELECT * FROM `emph` WHERE `id` = 4 LIMIT 1   [ RunTime:0.0001s ]
SQL: SHOW COLUMNS FROM `help` [ RunTime:0.0003s ]
NOTIC: [2] Missing argument 1 for Think\Model::where(), called in /www/web/shtresearch/public_html/Application/Home/Controller/ContactController.class.php on line 46 and defined /www/web/shtresearch/public_html/ThinkPHP/Library/Think/Model.class.php 第 1797 行.
NOTIC: [8] Undefined variable: where /www/web/shtresearch/public_html/ThinkPHP/Library/Think/Model.class.php 第 1805 行.
NOTIC: [8] Undefined variable: where /www/web/shtresearch/public_html/ThinkPHP/Library/Think/Model.class.php 第 1808 行.
NOTIC: [8] Undefined variable: where /www/web/shtresearch/public_html/ThinkPHP/Library/Think/Model.class.php 第 1816 行.
SQL: SELECT * FROM `help` ORDER BY id asc  [ RunTime:0.0001s ]
SQL: SHOW COLUMNS FROM `co` [ RunTime:0.0004s ]
SQL: SELECT * FROM `co` WHERE `id` = 1 LIMIT 1   [ RunTime:0.0001s ]
SQL: SELECT * FROM `co` WHERE `id` = 2 LIMIT 1   [ RunTime:0.0000s ]
INFO: [ view_parse ] --START--
INFO: [ template_filter ] --START--
INFO: Run Behavior\ContentReplaceBehavior [ RunTime:0.000060s ]
INFO: [ template_filter ] --END-- [ RunTime:0.000101s ]
NOTIC: [8] Undefined index: headprice /www/web/shtresearch/public_html/Application/Runtime/Cache/Home/9d0babcb361c76b4b54c521c429b1099.php 第 45 行.
NOTIC: [8] Undefined index: hid /www/web/shtresearch/public_html/Application/Runtime/Cache/Home/9d0babcb361c76b4b54c521c429b1099.php 第 46 行.
INFO: Run Behavior\ParseTemplateBehavior [ RunTime:0.009725s ]
INFO: [ view_parse ] --END-- [ RunTime:0.009766s ]
INFO: [ view_filter ] --START--
INFO: Run Behavior\WriteHtmlCacheBehavior [ RunTime:0.000161s ]
INFO: [ view_filter ] --END-- [ RunTime:0.000187s ]
INFO: [ app_end ] --START--
INFO: Run Behavior\ShowPageTraceBehavior [ RunTime:0.000393s ]
INFO: [ app_end ] --END-- [ RunTime:0.000430s ]

[ 2017-08-03T16:28:20+08:00 ] 183.240.196.51 /Home/About/index
INFO: [ app_init ] --START--
INFO: Run Behavior\BuildLiteBehavior [ RunTime:0.000012s ]
INFO: [ app_init ] --END-- [ RunTime:0.000272s ]
INFO: [ app_begin ] --START--
INFO: Run Behavior\ReadHtmlCacheBehavior [ RunTime:0.000372s ]
INFO: [ app_begin ] --END-- [ RunTime:0.000411s ]
SQL: SHOW COLUMNS FROM `report_categories` [ RunTime:0.0005s ]
SQL: SELECT * FROM `report_categories` WHERE ( type_id=0 ) ORDER BY id asc  [ RunTime:0.0001s ]
SQL: SELECT * FROM `report_categories` WHERE ( type_id!=0 ) ORDER BY id asc  [ RunTime:0.0001s ]
SQL: SELECT * FROM `report_categories` WHERE ( type_id!=0 ) ORDER BY id asc  [ RunTime:0.0001s ]
SQL: SELECT * FROM `report_categories` WHERE `Id` = 2 LIMIT 1   [ RunTime:0.0001s ]
SQL: SHOW COLUMNS FROM `emph` [ RunTime:0.0003s ]
SQL: SELECT * FROM `emph` WHERE `id` = 1 LIMIT 1   [ RunTime:0.0001s ]
SQL: SELECT * FROM `emph` WHERE `id` = 2 LIMIT 1   [ RunTime:0.0000s ]
SQL: SELECT * FROM `emph` WHERE `id` = 3 LIMIT 1   [ RunTime:0.0001s ]
SQL: SELECT * FROM `emph` WHERE `id` = 4 LIMIT 1   [ RunTime:0.0000s ]
SQL: SHOW COLUMNS FROM `help` [ RunTime:0.0003s ]
NOTIC: [2] Missing argument 1 for Think\Model::where(), called in /www/web/shtresearch/public_html/Application/Home/Controller/AboutController.class.php on line 33 and defined /www/web/shtresearch/public_html/ThinkPHP/Library/Think/Model.class.php 第 1797 行.
NOTIC: [8] Undefined variable: where /www/web/shtresearch/public_html/ThinkPHP/Library/Think/Model.class.php 第 1805 行.
NOTIC: [8] Undefined variable: where /www/web/shtresearch/public_html/ThinkPHP/Library/Think/Model.class.php 第 1808 行.
NOTIC: [8] Undefined variable: where /www/web/shtresearch/public_html/ThinkPHP/Library/Think/Model.class.php 第 1816 行.
SQL: SELECT * FROM `help` ORDER BY id asc  [ RunTime:0.0001s ]
SQL: SHOW COLUMNS FROM `about` [ RunTime:0.0003s ]
NOTIC: [2] Missing argument 1 for Think\Model::where(), called in /www/web/shtresearch/public_html/Application/Home/Controller/AboutController.class.php on line 39 and defined /www/web/shtresearch/public_html/ThinkPHP/Library/Think/Model.class.php 第 1797 行.
NOTIC: [8] Undefined variable: where /www/web/shtresearch/public_html/ThinkPHP/Library/Think/Model.class.php 第 1805 行.
NOTIC: [8] Undefined variable: where /www/web/shtresearch/public_html/ThinkPHP/Library/Think/Model.class.php 第 1808 行.
NOTIC: [8] Undefined variable: where /www/web/shtresearch/public_html/ThinkPHP/Library/Think/Model.class.php 第 1816 行.
SQL: SELECT * FROM `about` LIMIT 1   [ RunTime:0.0000s ]
INFO: [ view_parse ] --START--
INFO: [ template_filter ] --START--
INFO: Run Behavior\ContentReplaceBehavior [ RunTime:0.000064s ]
INFO: [ template_filter ] --END-- [ RunTime:0.000108s ]
NOTIC: [8] Undefined index: headprice /www/web/shtresearch/public_html/Application/Runtime/Cache/Home/3b9bb8f59aaa4d1691c827dd64ddfa9b.php 第 45 行.
NOTIC: [8] Undefined index: hid /www/web/shtresearch/public_html/Application/Runtime/Cache/Home/3b9bb8f59aaa4d1691c827dd64ddfa9b.php 第 46 行.
INFO: Run Behavior\ParseTemplateBehavior [ RunTime:0.009318s ]
INFO: [ view_parse ] --END-- [ RunTime:0.009349s ]
INFO: [ view_filter ] --START--
INFO: Run Behavior\WriteHtmlCacheBehavior [ RunTime:0.000160s ]
INFO: [ view_filter ] --END-- [ RunTime:0.000186s ]
INFO: [ app_end ] --START--
INFO: Run Behavior\ShowPageTraceBehavior [ RunTime:0.000400s ]
INFO: [ app_end ] --END-- [ RunTime:0.000439s ]

[ 2017-08-03T16:28:43+08:00 ] 183.240.196.51 /Home/Index/index
INFO: [ app_init ] --START--
INFO: Run Behavior\BuildLiteBehavior [ RunTime:0.000012s ]
INFO: [ app_init ] --END-- [ RunTime:0.000326s ]
INFO: [ app_begin ] --START--
INFO: Run Behavior\ReadHtmlCacheBehavior [ RunTime:0.000457s ]
INFO: [ app_begin ] --END-- [ RunTime:0.000505s ]
SQL: SHOW COLUMNS FROM `report_categories` [ RunTime:0.0005s ]
SQL: SELECT * FROM `report_categories` WHERE ( type_id=0 ) ORDER BY id asc  [ RunTime:0.0001s ]
SQL: SELECT * FROM `report_categories` WHERE ( type_id!=0 ) ORDER BY id asc  [ RunTime:0.0001s ]
SQL: SELECT * FROM `report_categories` WHERE ( type_id!=0 ) ORDER BY id asc  [ RunTime:0.0001s ]
SQL: SELECT * FROM `report_categories` WHERE `Id` = 2 LIMIT 1   [ RunTime:0.0001s ]
SQL: SHOW COLUMNS FROM `emph` [ RunTime:0.0003s ]
SQL: SELECT * FROM `emph` WHERE `id` = 1 LIMIT 1   [ RunTime:0.0001s ]
SQL: SELECT * FROM `emph` WHERE `id` = 2 LIMIT 1   [ RunTime:0.0000s ]
SQL: SELECT * FROM `emph` WHERE `id` = 3 LIMIT 1   [ RunTime:0.0001s ]
SQL: SELECT * FROM `emph` WHERE `id` = 4 LIMIT 1   [ RunTime:0.0000s ]
SQL: SHOW COLUMNS FROM `help` [ RunTime:0.0003s ]
NOTIC: [2] Missing argument 1 for Think\Model::where(), called in /www/web/shtresearch/public_html/Application/Home/Controller/IndexController.class.php on line 32 and defined /www/web/shtresearch/public_html/ThinkPHP/Library/Think/Model.class.php 第 1797 行.
NOTIC: [8] Undefined variable: where /www/web/shtresearch/public_html/ThinkPHP/Library/Think/Model.class.php 第 1805 行.
NOTIC: [8] Undefined variable: where /www/web/shtresearch/public_html/ThinkPHP/Library/Think/Model.class.php 第 1808 行.
NOTIC: [8] Undefined variable: where /www/web/shtresearch/public_html/ThinkPHP/Library/Think/Model.class.php 第 1816 行.
SQL: SELECT * FROM `help` ORDER BY id asc  [ RunTime:0.0001s ]
SQL: SHOW COLUMNS FROM `banner` [ RunTime:0.0003s ]
NOTIC: [2] Missing argument 1 for Think\Model::where(), called in /www/web/shtresearch/public_html/Application/Home/Controller/IndexController.class.php on line 42 and defined /www/web/shtresearch/public_html/ThinkPHP/Library/Think/Model.class.php 第 1797 行.
NOTIC: [8] Undefined variable: where /www/web/shtresearch/public_html/ThinkPHP/Library/Think/Model.class.php 第 1805 行.
NOTIC: [8] Undefined variable: where /www/web/shtresearch/public_html/ThinkPHP/Library/Think/Model.class.php 第 1808 行.
NOTIC: [8] Undefined variable: where /www/web/shtresearch/public_html/ThinkPHP/Library/Think/Model.class.php 第 1816 行.
SQL: SELECT * FROM `banner`  [ RunTime:0.0001s ]
SQL: SHOW COLUMNS FROM `news` [ RunTime:0.0004s ]
SQL: SELECT * FROM `news` WHERE ( top_id=1 ) ORDER BY time desc LIMIT 5   [ RunTime:0.0001s ]
SQL: SELECT * FROM `news` WHERE ( top_id=2 ) ORDER BY time desc LIMIT 5   [ RunTime:0.0001s ]
SQL: SHOW COLUMNS FROM `new_x` [ RunTime:0.0003s ]
NOTIC: [2] Missing argument 1 for Think\Model::where(), called in /www/web/shtresearch/public_html/Application/Home/Controller/IndexController.class.php on line 57 and defined /www/web/shtresearch/public_html/ThinkPHP/Library/Think/Model.class.php 第 1797 行.
NOTIC: [8] Undefined variable: where /www/web/shtresearch/public_html/ThinkPHP/Library/Think/Model.class.php 第 1805 行.
NOTIC: [8] Undefined variable: where /www/web/shtresearch/public_html/ThinkPHP/Library/Think/Model.class.php 第 1808 行.
NOTIC: [8] Undefined variable: where /www/web/shtresearch/public_html/ThinkPHP/Library/Think/Model.class.php 第 1816 行.
SQL: SELECT * FROM `new_x` ORDER BY time desc LIMIT 5   [ RunTime:0.0001s ]
SQL: SHOW COLUMNS FROM `od` [ RunTime:0.0003s ]
NOTIC: [2] Missing argument 1 for Think\Model::where(), called in /www/web/shtresearch/public_html/Application/Home/Controller/IndexController.class.php on line 62 and defined /www/web/shtresearch/public_html/ThinkPHP/Library/Think/Model.class.php 第 1797 行.
NOTIC: [8] Undefined variable: where /www/web/shtresearch/public_html/ThinkPHP/Library/Think/Model.class.php 第 1805 行.
NOTIC: [8] Undefined variable: where /www/web/shtresearch/public_html/ThinkPHP/Library/Think/Model.class.php 第 1808 行.
NOTIC: [8] Undefined variable: where /www/web/shtresearch/public_html/ThinkPHP/Library/Think/Model.class.php 第 1816 行.
SQL: SELECT * FROM `od` ORDER BY id desc LIMIT 4   [ RunTime:0.0001s ]
SQL: SHOW COLUMNS FROM `client` [ RunTime:0.0003s ]
NOTIC: [2] Missing argument 1 for Think\Model::where(), called in /www/web/shtresearch/public_html/Application/Home/Controller/IndexController.class.php on line 67 and defined /www/web/shtresearch/public_html/ThinkPHP/Library/Think/Model.class.php 第 1797 行.
NOTIC: [8] Undefined variable: where /www/web/shtresearch/public_html/ThinkPHP/Library/Think/Model.class.php 第 1805 行.
NOTIC: [8] Undefined variable: where /www/web/shtresearch/public_html/ThinkPHP/Library/Think/Model.class.php 第 1808 行.
NOTIC: [8] Undefined variable: where /www/web/shtresearch/public_html/ThinkPHP/Library/Think/Model.class.php 第 1816 行.
SQL: SELECT * FROM `client` ORDER BY id desc LIMIT 4   [ RunTime:0.0001s ]
SQL: SHOW COLUMNS FROM `whyus` [ RunTime:0.0003s ]
SQL: SELECT * FROM `whyus` WHERE `id` = 1 LIMIT 1   [ RunTime:0.0001s ]
INFO: [ view_parse ] --START--
INFO: [ template_filter ] --START--
INFO: Run Behavior\ContentReplaceBehavior [ RunTime:0.000082s ]
INFO: [ template_filter ] --END-- [ RunTime:0.000118s ]
NOTIC: [8] Undefined index: headprice /www/web/shtresearch/public_html/Application/Runtime/Cache/Home/2a94b8bda04ff446dcedd42276fc99ee.php 第 46 行.
NOTIC: [8] Undefined index: hid /www/web/shtresearch/public_html/Application/Runtime/Cache/Home/2a94b8bda04ff446dcedd42276fc99ee.php 第 47 行.
INFO: Run Behavior\ParseTemplateBehavior [ RunTime:0.015803s ]
INFO: [ view_parse ] --END-- [ RunTime:0.015838s ]
INFO: [ view_filter ] --START--
INFO: Run Behavior\WriteHtmlCacheBehavior [ RunTime:0.000178s ]
INFO: [ view_filter ] --END-- [ RunTime:0.000208s ]
INFO: [ app_end ] --START--
INFO: Run Behavior\ShowPageTraceBehavior [ RunTime:0.000408s ]
INFO: [ app_end ] --END-- [ RunTime:0.000451s ]

[ 2017-08-03T16:29:11+08:00 ] 183.240.196.51 /Home/Report/index
INFO: [ app_init ] --START--
INFO: Run Behavior\BuildLiteBehavior [ RunTime:0.000016s ]
INFO: [ app_init ] --END-- [ RunTime:0.000303s ]
INFO: [ app_begin ] --START--
INFO: Run Behavior\ReadHtmlCacheBehavior [ RunTime:0.000430s ]
INFO: [ app_begin ] --END-- [ RunTime:0.000474s ]
SQL: SHOW COLUMNS FROM `report_categories` [ RunTime:0.0006s ]
SQL: SHOW COLUMNS FROM `news` [ RunTime:0.0004s ]
SQL: SELECT * FROM `report_categories` WHERE `Id` = 2 LIMIT 1   [ RunTime:0.0001s ]
SQL: SELECT * FROM `report_categories` WHERE ( type_id=0 ) ORDER BY id asc  [ RunTime:0.0001s ]
SQL: SELECT * FROM `report_categories` WHERE ( type_id!=0 ) ORDER BY id asc  [ RunTime:0.0001s ]
SQL: SELECT * FROM `report_categories` WHERE ( type_id!=0 and id!=17 and id!=18 ) ORDER BY id asc  [ RunTime:0.0001s ]
SQL: SELECT * FROM `report_categories` WHERE ( id in(17,18) ) ORDER BY id asc  [ RunTime:0.0001s ]
SQL: SELECT COUNT(*) AS tp_count FROM `news` WHERE ( n_id=17 ) LIMIT 1   [ RunTime:0.0001s ]
SQL: SELECT COUNT(*) AS tp_count FROM `news` WHERE ( n_id=18 ) LIMIT 1   [ RunTime:0.0000s ]
SQL: SELECT * FROM `report_categories` WHERE ( type_id!=0 ) ORDER BY id asc  [ RunTime:0.0001s ]
SQL: SELECT * FROM `report_categories` WHERE ( type_id!=0 ) ORDER BY id asc  [ RunTime:0.0001s ]
SQL: SELECT COUNT(*) AS tp_count FROM `news` WHERE ( n_id=7 ) LIMIT 1   [ RunTime:0.0000s ]
SQL: SELECT COUNT(*) AS tp_count FROM `news` WHERE ( n_id=8 ) LIMIT 1   [ RunTime:0.0000s ]
SQL: SELECT COUNT(*) AS tp_count FROM `news` WHERE ( n_id=9 ) LIMIT 1   [ RunTime:0.0000s ]
SQL: SELECT COUNT(*) AS tp_count FROM `news` WHERE ( n_id=10 ) LIMIT 1   [ RunTime:0.0000s ]
SQL: SELECT COUNT(*) AS tp_count FROM `news` WHERE ( n_id=11 ) LIMIT 1   [ RunTime:0.0000s ]
SQL: SELECT COUNT(*) AS tp_count FROM `news` WHERE ( n_id=12 ) LIMIT 1   [ RunTime:0.0000s ]
SQL: SELECT COUNT(*) AS tp_count FROM `news` WHERE ( n_id=13 ) LIMIT 1   [ RunTime:0.0000s ]
SQL: SELECT COUNT(*) AS tp_count FROM `news` WHERE ( n_id=14 ) LIMIT 1   [ RunTime:0.0001s ]
SQL: SELECT COUNT(*) AS tp_count FROM `news` WHERE ( n_id=15 ) LIMIT 1   [ RunTime:0.0001s ]
SQL: SELECT COUNT(*) AS tp_count FROM `news` WHERE ( n_id=16 ) LIMIT 1   [ RunTime:0.0000s ]
SQL: SELECT COUNT(*) AS tp_count FROM `news` WHERE ( n_id=17 ) LIMIT 1   [ RunTime:0.0000s ]
SQL: SELECT COUNT(*) AS tp_count FROM `news` WHERE ( n_id=18 ) LIMIT 1   [ RunTime:0.0000s ]
SQL: SELECT COUNT(*) AS tp_count FROM `news` WHERE ( n_id=19 ) LIMIT 1   [ RunTime:0.0001s ]
SQL: SELECT COUNT(*) AS tp_count FROM `news` WHERE ( n_id=20 ) LIMIT 1   [ RunTime:0.0000s ]
SQL: SELECT COUNT(*) AS tp_count FROM `news` WHERE ( n_id=21 ) LIMIT 1   [ RunTime:0.0001s ]
SQL: SELECT COUNT(*) AS tp_count FROM `news` WHERE ( n_id=22 ) LIMIT 1   [ RunTime:0.0000s ]
SQL: SELECT COUNT(*) AS tp_count FROM `news` WHERE ( n_id=23 ) LIMIT 1   [ RunTime:0.0000s ]
SQL: SELECT COUNT(*) AS tp_count FROM `news` WHERE ( n_id=24 ) LIMIT 1   [ RunTime:0.0000s ]
SQL: SELECT COUNT(*) AS tp_count FROM `news` WHERE ( n_id=25 ) LIMIT 1   [ RunTime:0.0000s ]
SQL: SELECT COUNT(*) AS tp_count FROM `news` WHERE ( n_id=26 ) LIMIT 1   [ RunTime:0.0001s ]
SQL: SELECT COUNT(*) AS tp_count FROM `news` WHERE ( n_id=27 ) LIMIT 1   [ RunTime:0.0000s ]
SQL: SELECT COUNT(*) AS tp_count FROM `news` WHERE ( n_id=28 ) LIMIT 1   [ RunTime:0.0001s ]
SQL: SELECT COUNT(*) AS tp_count FROM `news` WHERE ( n_id=29 ) LIMIT 1   [ RunTime:0.0000s ]
SQL: SELECT COUNT(*) AS tp_count FROM `news` WHERE ( n_id=30 ) LIMIT 1   [ RunTime:0.0000s ]
SQL: SELECT COUNT(*) AS tp_count FROM `news` WHERE ( n_id=31 ) LIMIT 1   [ RunTime:0.0000s ]
SQL: SELECT COUNT(*) AS tp_count FROM `news` WHERE ( n_id=32 ) LIMIT 1   [ RunTime:0.0000s ]
SQL: SELECT COUNT(*) AS tp_count FROM `news` WHERE ( n_id=33 ) LIMIT 1   [ RunTime:0.0001s ]
SQL: SELECT COUNT(*) AS tp_count FROM `news` WHERE ( n_id=34 ) LIMIT 1   [ RunTime:0.0001s ]
SQL: SELECT COUNT(*) AS tp_count FROM `news` WHERE ( n_id=35 ) LIMIT 1   [ RunTime:0.0001s ]
SQL: SELECT COUNT(*) AS tp_count FROM `news` WHERE ( n_id=36 ) LIMIT 1   [ RunTime:0.0000s ]
SQL: SELECT COUNT(*) AS tp_count FROM `news` WHERE ( n_id=37 ) LIMIT 1   [ RunTime:0.0000s ]
SQL: SELECT COUNT(*) AS tp_count FROM `news` WHERE ( n_id=38 ) LIMIT 1   [ RunTime:0.0000s ]
SQL: SELECT COUNT(*) AS tp_count FROM `news` WHERE ( n_id=39 ) LIMIT 1   [ RunTime:0.0001s ]
SQL: SELECT COUNT(*) AS tp_count FROM `news` WHERE ( n_id=40 ) LIMIT 1   [ RunTime:0.0000s ]
SQL: SELECT COUNT(*) AS tp_count FROM `news` WHERE ( n_id=41 ) LIMIT 1   [ RunTime:0.0001s ]
SQL: SELECT COUNT(*) AS tp_count FROM `news` WHERE ( n_id=42 ) LIMIT 1   [ RunTime:0.0000s ]
SQL: SELECT COUNT(*) AS tp_count FROM `news` WHERE ( n_id=43 ) LIMIT 1   [ RunTime:0.0000s ]
SQL: SELECT COUNT(*) AS tp_count FROM `news` WHERE ( n_id=44 ) LIMIT 1   [ RunTime:0.0000s ]
SQL: SELECT COUNT(*) AS tp_count FROM `news` WHERE ( n_id=45 ) LIMIT 1   [ RunTime:0.0000s ]
SQL: SELECT COUNT(*) AS tp_count FROM `news` WHERE ( n_id=46 ) LIMIT 1   [ RunTime:0.0000s ]
SQL: SELECT COUNT(*) AS tp_count FROM `news` WHERE ( n_id=47 ) LIMIT 1   [ RunTime:0.0000s ]
SQL: SELECT COUNT(*) AS tp_count FROM `news` WHERE ( n_id=48 ) LIMIT 1   [ RunTime:0.0001s ]
SQL: SELECT COUNT(*) AS tp_count FROM `news` WHERE ( n_id=49 ) LIMIT 1   [ RunTime:0.0000s ]
SQL: SELECT COUNT(*) AS tp_count FROM `news` WHERE ( n_id=50 ) LIMIT 1   [ RunTime:0.0001s ]
SQL: SELECT COUNT(*) AS tp_count FROM `news` WHERE ( n_id=51 ) LIMIT 1   [ RunTime:0.0000s ]
SQL: SELECT COUNT(*) AS tp_count FROM `news` WHERE ( n_id=52 ) LIMIT 1   [ RunTime:0.0000s ]
SQL: SELECT COUNT(*) AS tp_count FROM `news` WHERE ( n_id=53 ) LIMIT 1   [ RunTime:0.0000s ]
SQL: SELECT COUNT(*) AS tp_count FROM `news` WHERE ( n_id=54 ) LIMIT 1   [ RunTime:0.0001s ]
SQL: SELECT COUNT(*) AS tp_count FROM `news` WHERE ( n_id=55 ) LIMIT 1   [ RunTime:0.0000s ]
SQL: SELECT COUNT(*) AS tp_count FROM `news` WHERE ( n_id=56 ) LIMIT 1   [ RunTime:0.0000s ]
SQL: SELECT COUNT(*) AS tp_count FROM `news` WHERE ( n_id=57 ) LIMIT 1   [ RunTime:0.0000s ]
SQL: SELECT COUNT(*) AS tp_count FROM `news` WHERE ( n_id=58 ) LIMIT 1   [ RunTime:0.0000s ]
SQL: SELECT COUNT(*) AS tp_count FROM `news` WHERE ( n_id=59 ) LIMIT 1   [ RunTime:0.0000s ]
SQL: SELECT COUNT(*) AS tp_count FROM `news` WHERE ( n_id=60 ) LIMIT 1   [ RunTime:0.0000s ]
SQL: SELECT COUNT(*) AS tp_count FROM `news` WHERE ( n_id=61 ) LIMIT 1   [ RunTime:0.0001s ]
SQL: SHOW COLUMNS FROM `emph` [ RunTime:0.0003s ]
SQL: SELECT * FROM `emph` WHERE `id` = 1 LIMIT 1   [ RunTime:0.0001s ]
SQL: SELECT * FROM `emph` WHERE `id` = 2 LIMIT 1   [ RunTime:0.0000s ]
SQL: SELECT * FROM `emph` WHERE `id` = 4 LIMIT 1   [ RunTime:0.0000s ]
SQL: SHOW COLUMNS FROM `help` [ RunTime:0.0003s ]
NOTIC: [2] Missing argument 1 for Think\Model::where(), called in /www/web/shtresearch/public_html/Application/Home/Controller/ReportController.class.php on line 52 and defined /www/web/shtresearch/public_html/ThinkPHP/Library/Think/Model.class.php 第 1797 行.
NOTIC: [8] Undefined variable: where /www/web/shtresearch/public_html/ThinkPHP/Library/Think/Model.class.php 第 1805 行.
NOTIC: [8] Undefined variable: where /www/web/shtresearch/public_html/ThinkPHP/Library/Think/Model.class.php 第 1808 行.
NOTIC: [8] Undefined variable: where /www/web/shtresearch/public_html/ThinkPHP/Library/Think/Model.class.php 第 1816 行.
SQL: SELECT * FROM `help` ORDER BY id asc  [ RunTime:0.0001s ]
SQL: SELECT * FROM `emph` WHERE `id` = 3 LIMIT 1   [ RunTime:0.0000s ]
INFO: [ view_parse ] --START--
INFO: [ template_filter ] --START--
INFO: Run Behavior\ContentReplaceBehavior [ RunTime:0.000095s ]
INFO: [ template_filter ] --END-- [ RunTime:0.000149s ]
NOTIC: [8] Undefined index: headprice /www/web/shtresearch/public_html/Application/Runtime/Cache/Home/5d9ffd8bc988ac8d5fd55d1f886457f4.php 第 45 行.
NOTIC: [8] Undefined index: hid /www/web/shtresearch/public_html/Application/Runtime/Cache/Home/5d9ffd8bc988ac8d5fd55d1f886457f4.php 第 46 行.
INFO: Run Behavior\ParseTemplateBehavior [ RunTime:0.012624s ]
INFO: [ view_parse ] --END-- [ RunTime:0.012659s ]
INFO: [ view_filter ] --START--
INFO: Run Behavior\WriteHtmlCacheBehavior [ RunTime:0.000192s ]
INFO: [ view_filter ] --END-- [ RunTime:0.000222s ]
INFO: [ app_end ] --START--
INFO: Run Behavior\ShowPageTraceBehavior [ RunTime:0.000424s ]
INFO: [ app_end ] --END-- [ RunTime:0.000464s ]

[ 2017-08-03T16:29:20+08:00 ] 183.240.196.51 /Home/Latest/index
INFO: [ app_init ] --START--
INFO: Run Behavior\BuildLiteBehavior [ RunTime:0.000012s ]
INFO: [ app_init ] --END-- [ RunTime:0.000277s ]
INFO: [ app_begin ] --START--
INFO: Run Behavior\ReadHtmlCacheBehavior [ RunTime:0.000380s ]
INFO: [ app_begin ] --END-- [ RunTime:0.000419s ]
SQL: SHOW COLUMNS FROM `report_categories` [ RunTime:0.0005s ]
SQL: SELECT * FROM `report_categories` WHERE ( type_id=0 ) ORDER BY id asc  [ RunTime:0.0001s ]
SQL: SELECT * FROM `report_categories` WHERE ( type_id!=0 ) ORDER BY id asc  [ RunTime:0.0001s ]
SQL: SELECT * FROM `report_categories` WHERE ( type_id!=0 ) ORDER BY id asc  [ RunTime:0.0001s ]
SQL: SHOW COLUMNS FROM `emph` [ RunTime:0.0003s ]
SQL: SELECT * FROM `emph` WHERE `id` = 1 LIMIT 1   [ RunTime:0.0001s ]
SQL: SELECT * FROM `emph` WHERE `id` = 2 LIMIT 1   [ RunTime:0.0000s ]
SQL: SELECT * FROM `emph` WHERE `id` = 3 LIMIT 1   [ RunTime:0.0000s ]
SQL: SELECT * FROM `emph` WHERE `id` = 4 LIMIT 1   [ RunTime:0.0000s ]
SQL: SHOW COLUMNS FROM `help` [ RunTime:0.0003s ]
NOTIC: [2] Missing argument 1 for Think\Model::where(), called in /www/web/shtresearch/public_html/Application/Home/Controller/LatestController.class.php on line 31 and defined /www/web/shtresearch/public_html/ThinkPHP/Library/Think/Model.class.php 第 1797 行.
NOTIC: [8] Undefined variable: where /www/web/shtresearch/public_html/ThinkPHP/Library/Think/Model.class.php 第 1805 行.
NOTIC: [8] Undefined variable: where /www/web/shtresearch/public_html/ThinkPHP/Library/Think/Model.class.php 第 1808 行.
NOTIC: [8] Undefined variable: where /www/web/shtresearch/public_html/ThinkPHP/Library/Think/Model.class.php 第 1816 行.
SQL: SELECT * FROM `help` ORDER BY id asc  [ RunTime:0.0001s ]
SQL: SHOW COLUMNS FROM `news` [ RunTime:0.0004s ]
NOTIC: [8] Undefined index: id /www/web/shtresearch/public_html/Application/Home/Controller/LatestController.class.php 第 41 行.
NOTIC: [8] Undefined index: top_id /www/web/shtresearch/public_html/Application/Home/Controller/LatestController.class.php 第 42 行.
NOTIC: [8] Undefined variable: where /www/web/shtresearch/public_html/Application/Home/Controller/LatestController.class.php 第 50 行.
SQL: SELECT COUNT(*) AS tp_count FROM `news` LIMIT 1   [ RunTime:0.0001s ]
NOTIC: [8] Undefined variable: where /www/web/shtresearch/public_html/Application/Home/Controller/LatestController.class.php 第 59 行.
SQL: SELECT * FROM `news` ORDER BY time desc LIMIT 0,20   [ RunTime:0.0003s ]
INFO: [ view_parse ] --START--
INFO: [ template_filter ] --START--
INFO: Run Behavior\ContentReplaceBehavior [ RunTime:0.000060s ]
INFO: [ template_filter ] --END-- [ RunTime:0.000093s ]
NOTIC: [8] Undefined index: headprice /www/web/shtresearch/public_html/Application/Runtime/Cache/Home/f7814e10e2b23f5a98aeabb1cc85dcb3.php 第 45 行.
NOTIC: [8] Undefined index: hid /www/web/shtresearch/public_html/Application/Runtime/Cache/Home/f7814e10e2b23f5a98aeabb1cc85dcb3.php 第 46 行.
INFO: Run Behavior\ParseTemplateBehavior [ RunTime:0.009505s ]
INFO: [ view_parse ] --END-- [ RunTime:0.009550s ]
INFO: [ view_filter ] --START--
INFO: Run Behavior\WriteHtmlCacheBehavior [ RunTime:0.000159s ]
INFO: [ view_filter ] --END-- [ RunTime:0.000187s ]
INFO: [ app_end ] --START--
INFO: Run Behavior\ShowPageTraceBehavior [ RunTime:0.000380s ]
INFO: [ app_end ] --END-- [ RunTime:0.000418s ]

[ 2017-08-03T19:51:01+08:00 ] 66.249.71.12 /Home/Latest/gouwu?id=719
INFO: [ app_init ] --START--
INFO: Run Behavior\BuildLiteBehavior [ RunTime:0.000011s ]
INFO: [ app_init ] --END-- [ RunTime:0.000273s ]
INFO: [ app_begin ] --START--
INFO: Run Behavior\ReadHtmlCacheBehavior [ RunTime:0.000392s ]
INFO: [ app_begin ] --END-- [ RunTime:0.000431s ]
SQL: SHOW COLUMNS FROM `report_categories` [ RunTime:0.0005s ]
SQL: SELECT * FROM `report_categories` WHERE ( type_id=0 ) ORDER BY id asc  [ RunTime:0.0001s ]
SQL: SELECT * FROM `report_categories` WHERE ( type_id!=0 ) ORDER BY id asc  [ RunTime:0.0001s ]
SQL: SELECT * FROM `report_categories` WHERE ( type_id!=0 ) ORDER BY id asc  [ RunTime:0.0001s ]
SQL: SHOW COLUMNS FROM `emph` [ RunTime:0.0003s ]
SQL: SELECT * FROM `emph` WHERE `id` = 1 LIMIT 1   [ RunTime:0.0001s ]
SQL: SELECT * FROM `emph` WHERE `id` = 2 LIMIT 1   [ RunTime:0.0001s ]
SQL: SELECT * FROM `emph` WHERE `id` = 3 LIMIT 1   [ RunTime:0.0001s ]
SQL: SELECT * FROM `emph` WHERE `id` = 4 LIMIT 1   [ RunTime:0.0000s ]
SQL: SHOW COLUMNS FROM `help` [ RunTime:0.0003s ]
NOTIC: [2] Missing argument 1 for Think\Model::where(), called in /www/web/shtresearch/public_html/Application/Home/Controller/LatestController.class.php on line 31 and defined /www/web/shtresearch/public_html/ThinkPHP/Library/Think/Model.class.php 第 1797 行.
NOTIC: [8] Undefined variable: where /www/web/shtresearch/public_html/ThinkPHP/Library/Think/Model.class.php 第 1805 行.
NOTIC: [8] Undefined variable: where /www/web/shtresearch/public_html/ThinkPHP/Library/Think/Model.class.php 第 1808 行.
NOTIC: [8] Undefined variable: where /www/web/shtresearch/public_html/ThinkPHP/Library/Think/Model.class.php 第 1816 行.
SQL: SELECT * FROM `help` ORDER BY id asc  [ RunTime:0.0001s ]
SQL: SHOW COLUMNS FROM `news` [ RunTime:0.0004s ]
SQL: SELECT * FROM `news` INNER JOIN report_categories on report_categories.id=news.n_id  WHERE ( news.type_id=719 ) LIMIT 1   [ RunTime:0.0001s ]
SQL: SELECT * FROM `report_categories` WHERE ( id=7 ) LIMIT 1   [ RunTime:0.0001s ]
NOTIC: [2] Missing argument 1 for Think\Model::join(), called in /www/web/shtresearch/public_html/Application/Home/Controller/LatestController.class.php on line 101 and defined /www/web/shtresearch/public_html/ThinkPHP/Library/Think/Model.class.php 第 1664 行.
NOTIC: [8] Undefined variable: join /www/web/shtresearch/public_html/ThinkPHP/Library/Think/Model.class.php 第 1666 行.
SQL: SELECT * FROM `news` WHERE ( type_id=719 ) LIMIT 1   [ RunTime:0.0001s ]
NOTIC: [2] Missing argument 1 for Think\Model::where(), called in /www/web/shtresearch/public_html/Application/Home/Controller/LatestController.class.php on line 104 and defined /www/web/shtresearch/public_html/ThinkPHP/Library/Think/Model.class.php 第 1797 行.
NOTIC: [8] Undefined variable: where /www/web/shtresearch/public_html/ThinkPHP/Library/Think/Model.class.php 第 1805 行.
NOTIC: [8] Undefined variable: where /www/web/shtresearch/public_html/ThinkPHP/Library/Think/Model.class.php 第 1808 行.
NOTIC: [8] Undefined variable: where /www/web/shtresearch/public_html/ThinkPHP/Library/Think/Model.class.php 第 1816 行.
SQL: SELECT * FROM `news` INNER JOIN report_categories on report_categories.id=news.n_id  ORDER BY report_categories.type_id desc LIMIT 3   [ RunTime:0.0001s ]
NOTIC: [2] Missing argument 1 for Think\Model::where(), called in /www/web/shtresearch/public_html/Application/Home/Controller/LatestController.class.php on line 107 and defined /www/web/shtresearch/public_html/ThinkPHP/Library/Think/Model.class.php 第 1797 行.
NOTIC: [8] Undefined variable: where /www/web/shtresearch/public_html/ThinkPHP/Library/Think/Model.class.php 第 1805 行.
NOTIC: [8] Undefined variable: where /www/web/shtresearch/public_html/ThinkPHP/Library/Think/Model.class.php 第 1808 行.
NOTIC: [8] Undefined variable: where /www/web/shtresearch/public_html/ThinkPHP/Library/Think/Model.class.php 第 1816 行.
NOTIC: [8] Undefined offset: 0 /www/web/shtresearch/public_html/ThinkPHP/Library/Think/Model.class.php 第 222 行.
SQL: SELECT * FROM `news` INNER JOIN report_categories on report_categories.id=news.n_id  LIMIT 5   [ RunTime:0.0001s ]
INFO: [ view_parse ] --START--
INFO: [ template_filter ] --START--
INFO: Run Behavior\ContentReplaceBehavior [ RunTime:0.000075s ]
INFO: [ template_filter ] --END-- [ RunTime:0.000118s ]
NOTIC: [8] Undefined index: headprice /www/web/shtresearch/public_html/Application/Runtime/Cache/Home/b3e9417807852ed58b1e2b7cf08fb117.php 第 45 行.
NOTIC: [8] Undefined index: hid /www/web/shtresearch/public_html/Application/Runtime/Cache/Home/b3e9417807852ed58b1e2b7cf08fb117.php 第 46 行.
INFO: Run Behavior\ParseTemplateBehavior [ RunTime:0.011949s ]
INFO: [ view_parse ] --END-- [ RunTime:0.011993s ]
INFO: [ view_filter ] --START--
INFO: Run Behavior\WriteHtmlCacheBehavior [ RunTime:0.000161s ]
INFO: [ view_filter ] --END-- [ RunTime:0.000188s ]
INFO: [ app_end ] --START--
INFO: Run Behavior\ShowPageTraceBehavior [ RunTime:0.000381s ]
INFO: [ app_end ] --END-- [ RunTime:0.000420s ]

[ 2017-08-03T21:44:10+08:00 ] 66.249.79.70 /Home/News/newxq?id=5
INFO: [ app_init ] --START--
INFO: Run Behavior\BuildLiteBehavior [ RunTime:0.000014s ]
INFO: [ app_init ] --END-- [ RunTime:0.000286s ]
INFO: [ app_begin ] --START--
INFO: Run Behavior\ReadHtmlCacheBehavior [ RunTime:0.000387s ]
INFO: [ app_begin ] --END-- [ RunTime:0.000425s ]
SQL: SHOW COLUMNS FROM `report_categories` [ RunTime:0.0005s ]
SQL: SELECT * FROM `report_categories` WHERE ( type_id=0 ) ORDER BY id asc  [ RunTime:0.0001s ]
SQL: SELECT * FROM `report_categories` WHERE ( type_id!=0 ) ORDER BY id asc  [ RunTime:0.0001s ]
SQL: SELECT * FROM `report_categories` WHERE ( type_id!=0 ) ORDER BY id asc  [ RunTime:0.0001s ]
SQL: SELECT * FROM `report_categories` WHERE `Id` = 2 LIMIT 1   [ RunTime:0.0001s ]
SQL: SHOW COLUMNS FROM `emph` [ RunTime:0.0003s ]
SQL: SELECT * FROM `emph` WHERE `id` = 1 LIMIT 1   [ RunTime:0.0000s ]
SQL: SELECT * FROM `emph` WHERE `id` = 2 LIMIT 1   [ RunTime:0.0001s ]
SQL: SELECT * FROM `emph` WHERE `id` = 3 LIMIT 1   [ RunTime:0.0000s ]
SQL: SELECT * FROM `emph` WHERE `id` = 4 LIMIT 1   [ RunTime:0.0000s ]
SQL: SHOW COLUMNS FROM `help` [ RunTime:0.0003s ]
NOTIC: [2] Missing argument 1 for Think\Model::where(), called in /www/web/shtresearch/public_html/Application/Home/Controller/NewsController.class.php on line 33 and defined /www/web/shtresearch/public_html/ThinkPHP/Library/Think/Model.class.php 第 1797 行.
NOTIC: [8] Undefined variable: where /www/web/shtresearch/public_html/ThinkPHP/Library/Think/Model.class.php 第 1805 行.
NOTIC: [8] Undefined variable: where /www/web/shtresearch/public_html/ThinkPHP/Library/Think/Model.class.php 第 1808 行.
NOTIC: [8] Undefined variable: where /www/web/shtresearch/public_html/ThinkPHP/Library/Think/Model.class.php 第 1816 行.
SQL: SELECT * FROM `help` ORDER BY id asc  [ RunTime:0.0003s ]
SQL: SHOW COLUMNS FROM `new_x` [ RunTime:0.0003s ]
NOTIC: [8] Undefined offset: 0 /www/web/shtresearch/public_html/ThinkPHP/Library/Think/Model.class.php 第 222 行.
SQL: SELECT * FROM `new_x` WHERE ( id=5 ) LIMIT 1   [ RunTime:0.0001s ]
INFO: [ view_parse ] --START--
INFO: [ template_filter ] --START--
INFO: Run Behavior\ContentReplaceBehavior [ RunTime:0.000070s ]
INFO: [ template_filter ] --END-- [ RunTime:0.000120s ]
NOTIC: [8] Undefined index: headprice /www/web/shtresearch/public_html/Application/Runtime/Cache/Home/0ded4ad8c82c07c6886aa5ccb67e2418.php 第 45 行.
NOTIC: [8] Undefined index: hid /www/web/shtresearch/public_html/Application/Runtime/Cache/Home/0ded4ad8c82c07c6886aa5ccb67e2418.php 第 46 行.
INFO: Run Behavior\ParseTemplateBehavior [ RunTime:0.015344s ]
INFO: [ view_parse ] --END-- [ RunTime:0.015377s ]
INFO: [ view_filter ] --START--
INFO: Run Behavior\WriteHtmlCacheBehavior [ RunTime:0.000169s ]
INFO: [ view_filter ] --END-- [ RunTime:0.000200s ]
INFO: [ app_end ] --START--
INFO: Run Behavior\ShowPageTraceBehavior [ RunTime:0.000409s ]
INFO: [ app_end ] --END-- [ RunTime:0.000450s ]

[ 2017-08-03T22:34:59+08:00 ] 66.249.79.94 /Home/Latest/tj?id=670&r_price=3000,Single%20User%20License
INFO: [ app_init ] --START--
INFO: Run Behavior\BuildLiteBehavior [ RunTime:0.000012s ]
INFO: [ app_init ] --END-- [ RunTime:0.000262s ]
INFO: [ app_begin ] --START--
INFO: Run Behavior\ReadHtmlCacheBehavior [ RunTime:0.000375s ]
INFO: [ app_begin ] --END-- [ RunTime:0.000414s ]
SQL: SHOW COLUMNS FROM `report_categories` [ RunTime:0.0005s ]
SQL: SELECT * FROM `report_categories` WHERE ( type_id=0 ) ORDER BY id asc  [ RunTime:0.0001s ]
SQL: SELECT * FROM `report_categories` WHERE ( type_id!=0 ) ORDER BY id asc  [ RunTime:0.0002s ]
SQL: SELECT * FROM `report_categories` WHERE ( type_id!=0 ) ORDER BY id asc  [ RunTime:0.0001s ]
SQL: SHOW COLUMNS FROM `emph` [ RunTime:0.0003s ]
SQL: SELECT * FROM `emph` WHERE `id` = 1 LIMIT 1   [ RunTime:0.0001s ]
SQL: SELECT * FROM `emph` WHERE `id` = 2 LIMIT 1   [ RunTime:0.0001s ]
SQL: SELECT * FROM `emph` WHERE `id` = 3 LIMIT 1   [ RunTime:0.0000s ]
SQL: SELECT * FROM `emph` WHERE `id` = 4 LIMIT 1   [ RunTime:0.0000s ]
SQL: SHOW COLUMNS FROM `help` [ RunTime:0.0003s ]
NOTIC: [2] Missing argument 1 for Think\Model::where(), called in /www/web/shtresearch/public_html/Application/Home/Controller/LatestController.class.php on line 31 and defined /www/web/shtresearch/public_html/ThinkPHP/Library/Think/Model.class.php 第 1797 行.
NOTIC: [8] Undefined variable: where /www/web/shtresearch/public_html/ThinkPHP/Library/Think/Model.class.php 第 1805 行.
NOTIC: [8] Undefined variable: where /www/web/shtresearch/public_html/ThinkPHP/Library/Think/Model.class.php 第 1808 行.
NOTIC: [8] Undefined variable: where /www/web/shtresearch/public_html/ThinkPHP/Library/Think/Model.class.php 第 1816 行.
SQL: SELECT * FROM `help` ORDER BY id asc  [ RunTime:0.0001s ]
NOTIC: [8] Undefined index: hid /www/web/shtresearch/public_html/Application/Home/Controller/LatestController.class.php 第 354 行.
INFO: [ app_end ] --START--
INFO: Run Behavior\ShowPageTraceBehavior [ RunTime:0.000395s ]
INFO: [ app_end ] --END-- [ RunTime:0.000427s ]

[ 2017-08-03T22:35:01+08:00 ] 66.249.79.92 /home/Index/login
INFO: [ app_init ] --START--
INFO: Run Behavior\BuildLiteBehavior [ RunTime:0.000011s ]
INFO: [ app_init ] --END-- [ RunTime:0.000267s ]
INFO: [ app_begin ] --START--
INFO: Run Behavior\ReadHtmlCacheBehavior [ RunTime:0.000435s ]
INFO: [ app_begin ] --END-- [ RunTime:0.000473s ]
SQL: SHOW COLUMNS FROM `report_categories` [ RunTime:0.0005s ]
SQL: SELECT * FROM `report_categories` WHERE ( type_id=0 ) ORDER BY id asc  [ RunTime:0.0001s ]
SQL: SELECT * FROM `report_categories` WHERE ( type_id!=0 ) ORDER BY id asc  [ RunTime:0.0001s ]
SQL: SELECT * FROM `report_categories` WHERE ( type_id!=0 ) ORDER BY id asc  [ RunTime:0.0001s ]
SQL: SELECT * FROM `report_categories` WHERE `Id` = 2 LIMIT 1   [ RunTime:0.0001s ]
SQL: SHOW COLUMNS FROM `emph` [ RunTime:0.0003s ]
SQL: SELECT * FROM `emph` WHERE `id` = 1 LIMIT 1   [ RunTime:0.0001s ]
SQL: SELECT * FROM `emph` WHERE `id` = 2 LIMIT 1   [ RunTime:0.0001s ]
SQL: SELECT * FROM `emph` WHERE `id` = 3 LIMIT 1   [ RunTime:0.0000s ]
SQL: SELECT * FROM `emph` WHERE `id` = 4 LIMIT 1   [ RunTime:0.0000s ]
SQL: SHOW COLUMNS FROM `help` [ RunTime:0.0003s ]
NOTIC: [2] Missing argument 1 for Think\Model::where(), called in /www/web/shtresearch/public_html/Application/Home/Controller/IndexController.class.php on line 32 and defined /www/web/shtresearch/public_html/ThinkPHP/Library/Think/Model.class.php 第 1797 行.
NOTIC: [8] Undefined variable: where /www/web/shtresearch/public_html/ThinkPHP/Library/Think/Model.class.php 第 1805 行.
NOTIC: [8] Undefined variable: where /www/web/shtresearch/public_html/ThinkPHP/Library/Think/Model.class.php 第 1808 行.
NOTIC: [8] Undefined variable: where /www/web/shtresearch/public_html/ThinkPHP/Library/Think/Model.class.php 第 1816 行.
SQL: SELECT * FROM `help` ORDER BY id asc  [ RunTime:0.0001s ]
INFO: [ view_parse ] --START--
INFO: [ template_filter ] --START--
INFO: Run Behavior\ContentReplaceBehavior [ RunTime:0.000057s ]
INFO: [ template_filter ] --END-- [ RunTime:0.000091s ]
NOTIC: [8] Undefined index: headprice /www/web/shtresearch/public_html/Application/Runtime/Cache/Home/ccea6a400660ce54d68cab67b9f68781.php 第 45 行.
NOTIC: [8] Undefined index: hid /www/web/shtresearch/public_html/Application/Runtime/Cache/Home/ccea6a400660ce54d68cab67b9f68781.php 第 46 行.
INFO: Run Behavior\ParseTemplateBehavior [ RunTime:0.009004s ]
INFO: [ view_parse ] --END-- [ RunTime:0.009045s ]
INFO: [ view_filter ] --START--
INFO: Run Behavior\WriteHtmlCacheBehavior [ RunTime:0.000177s ]
INFO: [ view_filter ] --END-- [ RunTime:0.000204s ]
INFO: [ app_end ] --START--
INFO: Run Behavior\ShowPageTraceBehavior [ RunTime:0.000362s ]
INFO: [ app_end ] --END-- [ RunTime:0.000399s ]

[ 2017-08-03T23:07:49+08:00 ] 91.210.147.249 /
INFO: [ app_init ] --START--
INFO: Run Behavior\BuildLiteBehavior [ RunTime:0.000012s ]
INFO: [ app_init ] --END-- [ RunTime:0.000280s ]
INFO: [ app_begin ] --START--
INFO: Run Behavior\ReadHtmlCacheBehavior [ RunTime:0.000362s ]
INFO: [ app_begin ] --END-- [ RunTime:0.000418s ]
SQL: SHOW COLUMNS FROM `report_categories` [ RunTime:0.0005s ]
SQL: SELECT * FROM `report_categories` WHERE ( type_id=0 ) ORDER BY id asc  [ RunTime:0.0001s ]
SQL: SELECT * FROM `report_categories` WHERE ( type_id!=0 ) ORDER BY id asc  [ RunTime:0.0001s ]
SQL: SELECT * FROM `report_categories` WHERE ( type_id!=0 ) ORDER BY id asc  [ RunTime:0.0001s ]
SQL: SELECT * FROM `report_categories` WHERE `Id` = 2 LIMIT 1   [ RunTime:0.0001s ]
SQL: SHOW COLUMNS FROM `emph` [ RunTime:0.0003s ]
SQL: SELECT * FROM `emph` WHERE `id` = 1 LIMIT 1   [ RunTime:0.0001s ]
SQL: SELECT * FROM `emph` WHERE `id` = 2 LIMIT 1   [ RunTime:0.0001s ]
SQL: SELECT * FROM `emph` WHERE `id` = 3 LIMIT 1   [ RunTime:0.0000s ]
SQL: SELECT * FROM `emph` WHERE `id` = 4 LIMIT 1   [ RunTime:0.0000s ]
SQL: SHOW COLUMNS FROM `help` [ RunTime:0.0003s ]
NOTIC: [2] Missing argument 1 for Think\Model::where(), called in /www/web/shtresearch/public_html/Application/Home/Controller/IndexController.class.php on line 32 and defined /www/web/shtresearch/public_html/ThinkPHP/Library/Think/Model.class.php 第 1797 行.
NOTIC: [8] Undefined variable: where /www/web/shtresearch/public_html/ThinkPHP/Library/Think/Model.class.php 第 1805 行.
NOTIC: [8] Undefined variable: where /www/web/shtresearch/public_html/ThinkPHP/Library/Think/Model.class.php 第 1808 行.
NOTIC: [8] Undefined variable: where /www/web/shtresearch/public_html/ThinkPHP/Library/Think/Model.class.php 第 1816 行.
SQL: SELECT * FROM `help` ORDER BY id asc  [ RunTime:0.0001s ]
SQL: SHOW COLUMNS FROM `banner` [ RunTime:0.0003s ]
NOTIC: [2] Missing argument 1 for Think\Model::where(), called in /www/web/shtresearch/public_html/Application/Home/Controller/IndexController.class.php on line 42 and defined /www/web/shtresearch/public_html/ThinkPHP/Library/Think/Model.class.php 第 1797 行.
NOTIC: [8] Undefined variable: where /www/web/shtresearch/public_html/ThinkPHP/Library/Think/Model.class.php 第 1805 行.
NOTIC: [8] Undefined variable: where /www/web/shtresearch/public_html/ThinkPHP/Library/Think/Model.class.php 第 1808 行.
NOTIC: [8] Undefined variable: where /www/web/shtresearch/public_html/ThinkPHP/Library/Think/Model.class.php 第 1816 行.
SQL: SELECT * FROM `banner`  [ RunTime:0.0000s ]
SQL: SHOW COLUMNS FROM `news` [ RunTime:0.0004s ]
SQL: SELECT * FROM `news` WHERE ( top_id=1 ) ORDER BY time desc LIMIT 5   [ RunTime:0.0001s ]
SQL: SELECT * FROM `news` WHERE ( top_id=2 ) ORDER BY time desc LIMIT 5   [ RunTime:0.0001s ]
SQL: SHOW COLUMNS FROM `new_x` [ RunTime:0.0004s ]
NOTIC: [2] Missing argument 1 for Think\Model::where(), called in /www/web/shtresearch/public_html/Application/Home/Controller/IndexController.class.php on line 57 and defined /www/web/shtresearch/public_html/ThinkPHP/Library/Think/Model.class.php 第 1797 行.
NOTIC: [8] Undefined variable: where /www/web/shtresearch/public_html/ThinkPHP/Library/Think/Model.class.php 第 1805 行.
NOTIC: [8] Undefined variable: where /www/web/shtresearch/public_html/ThinkPHP/Library/Think/Model.class.php 第 1808 行.
NOTIC: [8] Undefined variable: where /www/web/shtresearch/public_html/ThinkPHP/Library/Think/Model.class.php 第 1816 行.
SQL: SELECT * FROM `new_x` ORDER BY time desc LIMIT 5   [ RunTime:0.0001s ]
SQL: SHOW COLUMNS FROM `od` [ RunTime:0.0003s ]
NOTIC: [2] Missing argument 1 for Think\Model::where(), called in /www/web/shtresearch/public_html/Application/Home/Controller/IndexController.class.php on line 62 and defined /www/web/shtresearch/public_html/ThinkPHP/Library/Think/Model.class.php 第 1797 行.
NOTIC: [8] Undefined variable: where /www/web/shtresearch/public_html/ThinkPHP/Library/Think/Model.class.php 第 1805 行.
NOTIC: [8] Undefined variable: where /www/web/shtresearch/public_html/ThinkPHP/Library/Think/Model.class.php 第 1808 行.
NOTIC: [8] Undefined variable: where /www/web/shtresearch/public_html/ThinkPHP/Library/Think/Model.class.php 第 1816 行.
SQL: SELECT * FROM `od` ORDER BY id desc LIMIT 4   [ RunTime:0.0001s ]
SQL: SHOW COLUMNS FROM `client` [ RunTime:0.0003s ]
NOTIC: [2] Missing argument 1 for Think\Model::where(), called in /www/web/shtresearch/public_html/Application/Home/Controller/IndexController.class.php on line 67 and defined /www/web/shtresearch/public_html/ThinkPHP/Library/Think/Model.class.php 第 1797 行.
NOTIC: [8] Undefined variable: where /www/web/shtresearch/public_html/ThinkPHP/Library/Think/Model.class.php 第 1805 行.
NOTIC: [8] Undefined variable: where /www/web/shtresearch/public_html/ThinkPHP/Library/Think/Model.class.php 第 1808 行.
NOTIC: [8] Undefined variable: where /www/web/shtresearch/public_html/ThinkPHP/Library/Think/Model.class.php 第 1816 行.
SQL: SELECT * FROM `client` ORDER BY id desc LIMIT 4   [ RunTime:0.0001s ]
SQL: SHOW COLUMNS FROM `whyus` [ RunTime:0.0003s ]
SQL: SELECT * FROM `whyus` WHERE `id` = 1 LIMIT 1   [ RunTime:0.0001s ]
INFO: [ view_parse ] --START--
INFO: [ template_filter ] --START--
INFO: Run Behavior\ContentReplaceBehavior [ RunTime:0.000085s ]
INFO: [ template_filter ] --END-- [ RunTime:0.000129s ]
NOTIC: [8] Undefined index: headprice /www/web/shtresearch/public_html/Application/Runtime/Cache/Home/2a94b8bda04ff446dcedd42276fc99ee.php 第 46 行.
NOTIC: [8] Undefined index: hid /www/web/shtresearch/public_html/Application/Runtime/Cache/Home/2a94b8bda04ff446dcedd42276fc99ee.php 第 47 行.
INFO: Run Behavior\ParseTemplateBehavior [ RunTime:0.015742s ]
INFO: [ view_parse ] --END-- [ RunTime:0.015778s ]
INFO: [ view_filter ] --START--
INFO: Run Behavior\WriteHtmlCacheBehavior [ RunTime:0.000213s ]
INFO: [ view_filter ] --END-- [ RunTime:0.000243s ]
INFO: [ app_end ] --START--
INFO: Run Behavior\ShowPageTraceBehavior [ RunTime:0.000450s ]
INFO: [ app_end ] --END-- [ RunTime:0.000489s ]

[ 2017-08-03T23:20:39+08:00 ] 66.249.71.11 /Home/Latest/index?id=17
INFO: [ app_init ] --START--
INFO: Run Behavior\BuildLiteBehavior [ RunTime:0.000012s ]
INFO: [ app_init ] --END-- [ RunTime:0.000265s ]
INFO: [ app_begin ] --START--
INFO: Run Behavior\ReadHtmlCacheBehavior [ RunTime:0.000386s ]
INFO: [ app_begin ] --END-- [ RunTime:0.000424s ]
SQL: SHOW COLUMNS FROM `report_categories` [ RunTime:0.0005s ]
SQL: SELECT * FROM `report_categories` WHERE ( type_id=0 ) ORDER BY id asc  [ RunTime:0.0001s ]
SQL: SELECT * FROM `report_categories` WHERE ( type_id!=0 ) ORDER BY id asc  [ RunTime:0.0001s ]
SQL: SELECT * FROM `report_categories` WHERE ( type_id!=0 ) ORDER BY id asc  [ RunTime:0.0001s ]
SQL: SHOW COLUMNS FROM `emph` [ RunTime:0.0003s ]
SQL: SELECT * FROM `emph` WHERE `id` = 1 LIMIT 1   [ RunTime:0.0001s ]
SQL: SELECT * FROM `emph` WHERE `id` = 2 LIMIT 1   [ RunTime:0.0000s ]
SQL: SELECT * FROM `emph` WHERE `id` = 3 LIMIT 1   [ RunTime:0.0000s ]
SQL: SELECT * FROM `emph` WHERE `id` = 4 LIMIT 1   [ RunTime:0.0000s ]
SQL: SHOW COLUMNS FROM `help` [ RunTime:0.0003s ]
NOTIC: [2] Missing argument 1 for Think\Model::where(), called in /www/web/shtresearch/public_html/Application/Home/Controller/LatestController.class.php on line 31 and defined /www/web/shtresearch/public_html/ThinkPHP/Library/Think/Model.class.php 第 1797 行.
NOTIC: [8] Undefined variable: where /www/web/shtresearch/public_html/ThinkPHP/Library/Think/Model.class.php 第 1805 行.
NOTIC: [8] Undefined variable: where /www/web/shtresearch/public_html/ThinkPHP/Library/Think/Model.class.php 第 1808 行.
NOTIC: [8] Undefined variable: where /www/web/shtresearch/public_html/ThinkPHP/Library/Think/Model.class.php 第 1816 行.
SQL: SELECT * FROM `help` ORDER BY id asc  [ RunTime:0.0001s ]
SQL: SHOW COLUMNS FROM `news` [ RunTime:0.0004s ]
NOTIC: [8] Undefined index: top_id /www/web/shtresearch/public_html/Application/Home/Controller/LatestController.class.php 第 42 行.
SQL: SELECT COUNT(*) AS tp_count FROM `news` WHERE ( n_id=17 ) LIMIT 1   [ RunTime:0.0001s ]
SQL: SELECT * FROM `news` WHERE ( n_id=17 ) ORDER BY time desc LIMIT 0,20   [ RunTime:0.0001s ]
INFO: [ view_parse ] --START--
INFO: [ template_filter ] --START--
INFO: Run Behavior\ContentReplaceBehavior [ RunTime:0.000060s ]
INFO: [ template_filter ] --END-- [ RunTime:0.000096s ]
NOTIC: [8] Undefined index: headprice /www/web/shtresearch/public_html/Application/Runtime/Cache/Home/f7814e10e2b23f5a98aeabb1cc85dcb3.php 第 45 行.
NOTIC: [8] Undefined index: hid /www/web/shtresearch/public_html/Application/Runtime/Cache/Home/f7814e10e2b23f5a98aeabb1cc85dcb3.php 第 46 行.
INFO: Run Behavior\ParseTemplateBehavior [ RunTime:0.009540s ]
INFO: [ view_parse ] --END-- [ RunTime:0.009574s ]
INFO: [ view_filter ] --START--
INFO: Run Behavior\WriteHtmlCacheBehavior [ RunTime:0.000161s ]
INFO: [ view_filter ] --END-- [ RunTime:0.000189s ]
INFO: [ app_end ] --START--
INFO: Run Behavior\ShowPageTraceBehavior [ RunTime:0.000387s ]
INFO: [ app_end ] --END-- [ RunTime:0.000426s ]

