[ 2017-11-06T09:11:40+08:00 ] ::1 /zjtr/
INFO: [ app_init ] --START--
INFO: Run Behavior\BuildLiteBehavior [ RunTime:0.000101s ]
INFO: [ app_init ] --END-- [ RunTime:0.006617s ]
INFO: [ app_begin ] --START--
INFO: Run Behavior\ReadHtmlCacheBehavior [ RunTime:0.003359s ]
INFO: [ app_begin ] --END-- [ RunTime:0.003734s ]
SQL: SHOW COLUMNS FROM `report_categories` [ RunTime:0.0676s ]
SQL: SELECT * FROM `report_categories` WHERE ( type_id=0 and web=1 ) ORDER BY id asc  [ RunTime:0.0295s ]
SQL: SELECT * FROM `report_categories` WHERE ( type_id!=0 and web=1 ) ORDER BY id asc  [ RunTime:0.0032s ]
SQL: SHOW COLUMNS FROM `banner` [ RunTime:0.0457s ]
SQL: SELECT * FROM `banner` WHERE ( web=1 )  [ RunTime:0.0015s ]
SQL: SHOW COLUMNS FROM `emph` [ RunTime:0.0327s ]
SQL: SELECT * FROM `emph` LIMIT 1   [ RunTime:0.0019s ]
SQL: SELECT * FROM `report_categories` WHERE ( ix=1 ) ORDER BY px asc  [ RunTime:0.0022s ]
INFO: [ view_parse ] --START--
INFO: [ template_filter ] --START--
INFO: Run Behavior\ContentReplaceBehavior [ RunTime:0.000737s ]
INFO: [ template_filter ] --END-- [ RunTime:0.001419s ]
NOTIC: [8] Undefined index: er D:\phpStudy\WWW\zjtr\Application\Runtime\Cache\Home\2a94b8bda04ff446dcedd42276fc99ee.php 第 31 行.
NOTIC: [8] Undefined index: er D:\phpStudy\WWW\zjtr\Application\Runtime\Cache\Home\2a94b8bda04ff446dcedd42276fc99ee.php 第 31 行.
INFO: Run Behavior\ParseTemplateBehavior [ RunTime:0.094433s ]
INFO: [ view_parse ] --END-- [ RunTime:0.094608s ]
INFO: [ view_filter ] --START--
INFO: Run Behavior\WriteHtmlCacheBehavior [ RunTime:0.001355s ]
INFO: [ view_filter ] --END-- [ RunTime:0.001508s ]
INFO: [ app_end ] --START--
INFO: Run Behavior\ShowPageTraceBehavior [ RunTime:0.041468s ]
INFO: [ app_end ] --END-- [ RunTime:0.041600s ]

[ 2017-11-06T09:12:37+08:00 ] ::1 /zjtr/Home/Mall/index?active=5
INFO: [ app_init ] --START--
INFO: Run Behavior\BuildLiteBehavior [ RunTime:0.000045s ]
INFO: [ app_init ] --END-- [ RunTime:0.001271s ]
INFO: [ app_begin ] --START--
INFO: Run Behavior\ReadHtmlCacheBehavior [ RunTime:0.003261s ]
INFO: [ app_begin ] --END-- [ RunTime:0.003478s ]
SQL: SHOW COLUMNS FROM `report_categories` [ RunTime:0.0150s ]
SQL: SELECT * FROM `report_categories` WHERE ( type_id=0 and web=2 ) ORDER BY id asc LIMIT 6   [ RunTime:0.0018s ]
SQL: SELECT * FROM `report_categories` WHERE ( type_id=0 and web=2 and ix=2 ) ORDER BY id asc LIMIT 6   [ RunTime:0.0015s ]
SQL: SELECT * FROM `report_categories` WHERE ( type_id!=0 and web=2 ) ORDER BY id asc  [ RunTime:0.0015s ]
SQL: SHOW COLUMNS FROM `emph` [ RunTime:0.0093s ]
SQL: SELECT * FROM `emph` LIMIT 1   [ RunTime:0.0012s ]
SQL: SHOW COLUMNS FROM `shopcart` [ RunTime:0.2031s ]
SQL: SELECT * FROM `shopcart` WHERE `cook` = 'pqnv4a441opo550ngsi730dcq2'  [ RunTime:0.1492s ]
SQL: SELECT COUNT(*) AS tp_count FROM `shopcart` WHERE `l_id` = 8 LIMIT 1   [ RunTime:0.6205s ]
SQL: SHOW COLUMNS FROM `new_x` [ RunTime:0.1094s ]
SQL: SELECT * FROM `new_x` WHERE ( n_type=35 ) LIMIT 3   [ RunTime:0.0652s ]
SQL: SELECT * FROM `new_x` WHERE ( n_type=41 ) ORDER BY time desc LIMIT 6   [ RunTime:0.0028s ]
SQL: SHOW COLUMNS FROM `banner` [ RunTime:0.0174s ]
SQL: SELECT * FROM `banner` WHERE ( web=3 )  [ RunTime:0.0017s ]
INFO: [ view_parse ] --START--
INFO: [ template_filter ] --START--
INFO: Run Behavior\ContentReplaceBehavior [ RunTime:0.000411s ]
INFO: [ template_filter ] --END-- [ RunTime:0.000548s ]
NOTIC: [8] Undefined index: data D:\phpStudy\WWW\zjtr\Application\Runtime\Cache\Home\859ac05ab42bf124173f06e7cce2b592.php 第 158 行.
NOTIC: [8] Undefined variable: wd D:\phpStudy\WWW\zjtr\Application\Runtime\Cache\Home\859ac05ab42bf124173f06e7cce2b592.php 第 164 行.
NOTIC: [8] Undefined variable: gwc D:\phpStudy\WWW\zjtr\Application\Runtime\Cache\Home\859ac05ab42bf124173f06e7cce2b592.php 第 169 行.
NOTIC: [8] Use of undefined constant utf8 - assumed 'utf8' D:\phpStudy\WWW\zjtr\Application\Runtime\Cache\Home\859ac05ab42bf124173f06e7cce2b592.php 第 551 行.
NOTIC: [8] Use of undefined constant utf8 - assumed 'utf8' D:\phpStudy\WWW\zjtr\Application\Runtime\Cache\Home\859ac05ab42bf124173f06e7cce2b592.php 第 551 行.
NOTIC: [8] Use of undefined constant utf8 - assumed 'utf8' D:\phpStudy\WWW\zjtr\Application\Runtime\Cache\Home\859ac05ab42bf124173f06e7cce2b592.php 第 551 行.
NOTIC: [8] Use of undefined constant utf8 - assumed 'utf8' D:\phpStudy\WWW\zjtr\Application\Runtime\Cache\Home\859ac05ab42bf124173f06e7cce2b592.php 第 551 行.
NOTIC: [8] Use of undefined constant utf8 - assumed 'utf8' D:\phpStudy\WWW\zjtr\Application\Runtime\Cache\Home\859ac05ab42bf124173f06e7cce2b592.php 第 551 行.
NOTIC: [8] Use of undefined constant utf8 - assumed 'utf8' D:\phpStudy\WWW\zjtr\Application\Runtime\Cache\Home\859ac05ab42bf124173f06e7cce2b592.php 第 551 行.
INFO: Run Behavior\ParseTemplateBehavior [ RunTime:0.427709s ]
INFO: [ view_parse ] --END-- [ RunTime:0.427864s ]
INFO: [ view_filter ] --START--
INFO: Run Behavior\WriteHtmlCacheBehavior [ RunTime:0.000643s ]
INFO: [ view_filter ] --END-- [ RunTime:0.000705s ]
INFO: [ app_end ] --START--
INFO: Run Behavior\ShowPageTraceBehavior [ RunTime:0.000862s ]
INFO: [ app_end ] --END-- [ RunTime:0.000978s ]

[ 2017-11-06T09:12:38+08:00 ] ::1 /zjtr/Home/images/qbfl.png
INFO: [ app_init ] --START--
INFO: Run Behavior\BuildLiteBehavior [ RunTime:0.000016s ]
INFO: [ app_init ] --END-- [ RunTime:0.000368s ]

[ 2017-11-06T09:12:41+08:00 ] ::1 /zjtr/Home/My/index
INFO: [ app_init ] --START--
INFO: Run Behavior\BuildLiteBehavior [ RunTime:0.000021s ]
INFO: [ app_init ] --END-- [ RunTime:0.000455s ]
INFO: [ app_begin ] --START--
INFO: Run Behavior\ReadHtmlCacheBehavior [ RunTime:0.000490s ]
INFO: [ app_begin ] --END-- [ RunTime:0.000556s ]

[ 2017-11-06T09:13:08+08:00 ] ::1 /zjtr/Home/My/index
INFO: [ app_init ] --START--
INFO: Run Behavior\BuildLiteBehavior [ RunTime:0.000024s ]
INFO: [ app_init ] --END-- [ RunTime:0.000599s ]
INFO: [ app_begin ] --START--
INFO: Run Behavior\ReadHtmlCacheBehavior [ RunTime:0.001303s ]
INFO: [ app_begin ] --END-- [ RunTime:0.001557s ]
SQL: SHOW COLUMNS FROM `report_categories` [ RunTime:0.0178s ]
SQL: SELECT * FROM `report_categories` WHERE ( type_id=0 and web=2 ) ORDER BY id asc LIMIT 6   [ RunTime:0.0029s ]
SQL: SELECT * FROM `report_categories` WHERE ( type_id=0 and web=2 and ix=2 ) ORDER BY id asc LIMIT 6   [ RunTime:0.0038s ]
SQL: SELECT * FROM `report_categories` WHERE ( type_id!=0 and web=2 ) ORDER BY id asc  [ RunTime:0.0038s ]
SQL: SHOW COLUMNS FROM `emph` [ RunTime:0.0595s ]
SQL: SELECT * FROM `emph` LIMIT 1   [ RunTime:0.0020s ]
SQL: SHOW COLUMNS FROM `new_x` [ RunTime:0.0109s ]
SQL: SELECT * FROM `new_x` LIMIT 4   [ RunTime:0.0009s ]
SQL: SHOW COLUMNS FROM `user` [ RunTime:0.0552s ]
SQL: SELECT * FROM `user` WHERE `Id` = 8 LIMIT 1   [ RunTime:0.0108s ]
SQL: SHOW COLUMNS FROM `address` [ RunTime:0.0369s ]
SQL: SELECT * FROM `address` WHERE ( a_user=8 )  [ RunTime:0.0014s ]
INFO: [ view_parse ] --START--
INFO: [ template_filter ] --START--
INFO: Run Behavior\ContentReplaceBehavior [ RunTime:0.000563s ]
INFO: [ template_filter ] --END-- [ RunTime:0.000773s ]
NOTIC: [8] Undefined index: data D:\phpStudy\WWW\zjtr\Application\Runtime\Cache\Home\3375be4febe9bbf400c079f5f448465c.php 第 159 行.
NOTIC: [8] Undefined variable: gwc D:\phpStudy\WWW\zjtr\Application\Runtime\Cache\Home\3375be4febe9bbf400c079f5f448465c.php 第 170 行.
NOTIC: [8] Undefined variable: tishi D:\phpStudy\WWW\zjtr\Application\Runtime\Cache\Home\3375be4febe9bbf400c079f5f448465c.php 第 173 行.
NOTIC: [8] Undefined variable: n D:\phpStudy\WWW\zjtr\Application\Runtime\Cache\Home\3375be4febe9bbf400c079f5f448465c.php 第 264 行.
NOTIC: [8] Undefined variable: n D:\phpStudy\WWW\zjtr\Application\Runtime\Cache\Home\3375be4febe9bbf400c079f5f448465c.php 第 264 行.
NOTIC: [8] Undefined variable: n D:\phpStudy\WWW\zjtr\Application\Runtime\Cache\Home\3375be4febe9bbf400c079f5f448465c.php 第 264 行.
NOTIC: [8] Undefined variable: n D:\phpStudy\WWW\zjtr\Application\Runtime\Cache\Home\3375be4febe9bbf400c079f5f448465c.php 第 264 行.
NOTIC: [8] Undefined variable: n D:\phpStudy\WWW\zjtr\Application\Runtime\Cache\Home\3375be4febe9bbf400c079f5f448465c.php 第 264 行.
NOTIC: [8] Undefined variable: n D:\phpStudy\WWW\zjtr\Application\Runtime\Cache\Home\3375be4febe9bbf400c079f5f448465c.php 第 264 行.
NOTIC: [8] Undefined variable: r D:\phpStudy\WWW\zjtr\Application\Runtime\Cache\Home\3375be4febe9bbf400c079f5f448465c.php 第 698 行.
NOTIC: [8] Undefined variable: r D:\phpStudy\WWW\zjtr\Application\Runtime\Cache\Home\3375be4febe9bbf400c079f5f448465c.php 第 698 行.
NOTIC: [8] Undefined variable: r D:\phpStudy\WWW\zjtr\Application\Runtime\Cache\Home\3375be4febe9bbf400c079f5f448465c.php 第 698 行.
NOTIC: [8] Undefined variable: r D:\phpStudy\WWW\zjtr\Application\Runtime\Cache\Home\3375be4febe9bbf400c079f5f448465c.php 第 698 行.
INFO: Run Behavior\ParseTemplateBehavior [ RunTime:0.345689s ]
INFO: [ view_parse ] --END-- [ RunTime:0.346007s ]
INFO: [ view_filter ] --START--
INFO: Run Behavior\WriteHtmlCacheBehavior [ RunTime:0.000929s ]
INFO: [ view_filter ] --END-- [ RunTime:0.001090s ]
INFO: [ app_end ] --START--
INFO: Run Behavior\ShowPageTraceBehavior [ RunTime:0.002562s ]
INFO: [ app_end ] --END-- [ RunTime:0.002883s ]

[ 2017-11-06T09:13:08+08:00 ] ::1 /zjtr/Home/images/qbfl.png
INFO: [ app_init ] --START--
INFO: Run Behavior\BuildLiteBehavior [ RunTime:0.000029s ]
INFO: [ app_init ] --END-- [ RunTime:0.000757s ]

[ 2017-11-06T09:13:11+08:00 ] ::1 /zjtr/Home/My/order
INFO: [ app_init ] --START--
INFO: Run Behavior\BuildLiteBehavior [ RunTime:0.000018s ]
INFO: [ app_init ] --END-- [ RunTime:0.000392s ]
INFO: [ app_begin ] --START--
INFO: Run Behavior\ReadHtmlCacheBehavior [ RunTime:0.001190s ]
INFO: [ app_begin ] --END-- [ RunTime:0.001362s ]
SQL: SHOW COLUMNS FROM `report_categories` [ RunTime:0.0908s ]
SQL: SELECT * FROM `report_categories` WHERE ( type_id=0 and web=2 ) ORDER BY id asc LIMIT 6   [ RunTime:0.0014s ]
SQL: SELECT * FROM `report_categories` WHERE ( type_id=0 and web=2 and ix=2 ) ORDER BY id asc LIMIT 6   [ RunTime:0.0011s ]
SQL: SELECT * FROM `report_categories` WHERE ( type_id!=0 and web=2 ) ORDER BY id asc  [ RunTime:0.0016s ]
SQL: SHOW COLUMNS FROM `emph` [ RunTime:0.0139s ]
SQL: SELECT * FROM `emph` LIMIT 1   [ RunTime:0.0009s ]
SQL: SHOW COLUMNS FROM `new_x` [ RunTime:0.0113s ]
SQL: SELECT * FROM `new_x` LIMIT 4   [ RunTime:0.0008s ]
SQL: SHOW COLUMNS FROM `transaction_information` [ RunTime:0.0757s ]
SQL: SELECT * FROM `transaction_information` WHERE ( name='sunqicai' )  [ RunTime:0.0119s ]
INFO: [ view_parse ] --START--
INFO: [ template_filter ] --START--
INFO: Run Behavior\ContentReplaceBehavior [ RunTime:0.000287s ]
INFO: [ template_filter ] --END-- [ RunTime:0.000636s ]
NOTIC: [8] Undefined index: data D:\phpStudy\WWW\zjtr\Application\Runtime\Cache\Home\ea3cb4e52aec07a4b905ed1b6daab2b0.php 第 159 行.
NOTIC: [8] Undefined variable: gwc D:\phpStudy\WWW\zjtr\Application\Runtime\Cache\Home\ea3cb4e52aec07a4b905ed1b6daab2b0.php 第 170 行.
NOTIC: [8] Undefined variable: tishi D:\phpStudy\WWW\zjtr\Application\Runtime\Cache\Home\ea3cb4e52aec07a4b905ed1b6daab2b0.php 第 173 行.
NOTIC: [8] Undefined variable: n D:\phpStudy\WWW\zjtr\Application\Runtime\Cache\Home\ea3cb4e52aec07a4b905ed1b6daab2b0.php 第 264 行.
NOTIC: [8] Undefined variable: n D:\phpStudy\WWW\zjtr\Application\Runtime\Cache\Home\ea3cb4e52aec07a4b905ed1b6daab2b0.php 第 264 行.
NOTIC: [8] Undefined variable: n D:\phpStudy\WWW\zjtr\Application\Runtime\Cache\Home\ea3cb4e52aec07a4b905ed1b6daab2b0.php 第 264 行.
NOTIC: [8] Undefined variable: n D:\phpStudy\WWW\zjtr\Application\Runtime\Cache\Home\ea3cb4e52aec07a4b905ed1b6daab2b0.php 第 264 行.
NOTIC: [8] Undefined variable: n D:\phpStudy\WWW\zjtr\Application\Runtime\Cache\Home\ea3cb4e52aec07a4b905ed1b6daab2b0.php 第 264 行.
NOTIC: [8] Undefined variable: n D:\phpStudy\WWW\zjtr\Application\Runtime\Cache\Home\ea3cb4e52aec07a4b905ed1b6daab2b0.php 第 264 行.
NOTIC: [8] Undefined variable: r D:\phpStudy\WWW\zjtr\Application\Runtime\Cache\Home\ea3cb4e52aec07a4b905ed1b6daab2b0.php 第 581 行.
NOTIC: [8] Undefined variable: r D:\phpStudy\WWW\zjtr\Application\Runtime\Cache\Home\ea3cb4e52aec07a4b905ed1b6daab2b0.php 第 581 行.
NOTIC: [8] Undefined variable: r D:\phpStudy\WWW\zjtr\Application\Runtime\Cache\Home\ea3cb4e52aec07a4b905ed1b6daab2b0.php 第 581 行.
NOTIC: [8] Undefined variable: r D:\phpStudy\WWW\zjtr\Application\Runtime\Cache\Home\ea3cb4e52aec07a4b905ed1b6daab2b0.php 第 581 行.
INFO: Run Behavior\ParseTemplateBehavior [ RunTime:0.050198s ]
INFO: [ view_parse ] --END-- [ RunTime:0.050376s ]
INFO: [ view_filter ] --START--
INFO: Run Behavior\WriteHtmlCacheBehavior [ RunTime:0.000800s ]
INFO: [ view_filter ] --END-- [ RunTime:0.001049s ]
INFO: [ app_end ] --START--
INFO: Run Behavior\ShowPageTraceBehavior [ RunTime:0.002742s ]
INFO: [ app_end ] --END-- [ RunTime:0.002997s ]

[ 2017-11-06T09:13:12+08:00 ] ::1 /zjtr/Home/images/qbfl.png
INFO: [ app_init ] --START--
INFO: Run Behavior\BuildLiteBehavior [ RunTime:0.000020s ]
INFO: [ app_init ] --END-- [ RunTime:0.000513s ]

[ 2017-11-06T09:13:14+08:00 ] ::1 /zjtr/Home/My/index
INFO: [ app_init ] --START--
INFO: Run Behavior\BuildLiteBehavior [ RunTime:0.000018s ]
INFO: [ app_init ] --END-- [ RunTime:0.000384s ]
INFO: [ app_begin ] --START--
INFO: Run Behavior\ReadHtmlCacheBehavior [ RunTime:0.000675s ]
INFO: [ app_begin ] --END-- [ RunTime:0.000949s ]
SQL: SHOW COLUMNS FROM `report_categories` [ RunTime:0.0073s ]
SQL: SELECT * FROM `report_categories` WHERE ( type_id=0 and web=2 ) ORDER BY id asc LIMIT 6   [ RunTime:0.0011s ]
SQL: SELECT * FROM `report_categories` WHERE ( type_id=0 and web=2 and ix=2 ) ORDER BY id asc LIMIT 6   [ RunTime:0.0027s ]
SQL: SELECT * FROM `report_categories` WHERE ( type_id!=0 and web=2 ) ORDER BY id asc  [ RunTime:0.0012s ]
SQL: SHOW COLUMNS FROM `emph` [ RunTime:0.0054s ]
SQL: SELECT * FROM `emph` LIMIT 1   [ RunTime:0.0007s ]
SQL: SHOW COLUMNS FROM `new_x` [ RunTime:0.0083s ]
SQL: SELECT * FROM `new_x` LIMIT 4   [ RunTime:0.0008s ]
SQL: SHOW COLUMNS FROM `user` [ RunTime:0.0059s ]
SQL: SELECT * FROM `user` WHERE `Id` = 8 LIMIT 1   [ RunTime:0.0007s ]
SQL: SHOW COLUMNS FROM `address` [ RunTime:0.0111s ]
SQL: SELECT * FROM `address` WHERE ( a_user=8 )  [ RunTime:0.0007s ]
INFO: [ view_parse ] --START--
INFO: [ template_filter ] --START--
INFO: Run Behavior\ContentReplaceBehavior [ RunTime:0.000183s ]
INFO: [ template_filter ] --END-- [ RunTime:0.000344s ]
NOTIC: [8] Undefined index: data D:\phpStudy\WWW\zjtr\Application\Runtime\Cache\Home\3375be4febe9bbf400c079f5f448465c.php 第 159 行.
NOTIC: [8] Undefined variable: gwc D:\phpStudy\WWW\zjtr\Application\Runtime\Cache\Home\3375be4febe9bbf400c079f5f448465c.php 第 170 行.
NOTIC: [8] Undefined variable: tishi D:\phpStudy\WWW\zjtr\Application\Runtime\Cache\Home\3375be4febe9bbf400c079f5f448465c.php 第 173 行.
NOTIC: [8] Undefined variable: n D:\phpStudy\WWW\zjtr\Application\Runtime\Cache\Home\3375be4febe9bbf400c079f5f448465c.php 第 264 行.
NOTIC: [8] Undefined variable: n D:\phpStudy\WWW\zjtr\Application\Runtime\Cache\Home\3375be4febe9bbf400c079f5f448465c.php 第 264 行.
NOTIC: [8] Undefined variable: n D:\phpStudy\WWW\zjtr\Application\Runtime\Cache\Home\3375be4febe9bbf400c079f5f448465c.php 第 264 行.
NOTIC: [8] Undefined variable: n D:\phpStudy\WWW\zjtr\Application\Runtime\Cache\Home\3375be4febe9bbf400c079f5f448465c.php 第 264 行.
NOTIC: [8] Undefined variable: n D:\phpStudy\WWW\zjtr\Application\Runtime\Cache\Home\3375be4febe9bbf400c079f5f448465c.php 第 264 行.
NOTIC: [8] Undefined variable: n D:\phpStudy\WWW\zjtr\Application\Runtime\Cache\Home\3375be4febe9bbf400c079f5f448465c.php 第 264 行.
NOTIC: [8] Undefined variable: r D:\phpStudy\WWW\zjtr\Application\Runtime\Cache\Home\3375be4febe9bbf400c079f5f448465c.php 第 698 行.
NOTIC: [8] Undefined variable: r D:\phpStudy\WWW\zjtr\Application\Runtime\Cache\Home\3375be4febe9bbf400c079f5f448465c.php 第 698 行.
NOTIC: [8] Undefined variable: r D:\phpStudy\WWW\zjtr\Application\Runtime\Cache\Home\3375be4febe9bbf400c079f5f448465c.php 第 698 行.
NOTIC: [8] Undefined variable: r D:\phpStudy\WWW\zjtr\Application\Runtime\Cache\Home\3375be4febe9bbf400c079f5f448465c.php 第 698 行.
INFO: Run Behavior\ParseTemplateBehavior [ RunTime:0.029606s ]
INFO: [ view_parse ] --END-- [ RunTime:0.029721s ]
INFO: [ view_filter ] --START--
INFO: Run Behavior\WriteHtmlCacheBehavior [ RunTime:0.000364s ]
INFO: [ view_filter ] --END-- [ RunTime:0.000437s ]
INFO: [ app_end ] --START--
INFO: Run Behavior\ShowPageTraceBehavior [ RunTime:0.000792s ]
INFO: [ app_end ] --END-- [ RunTime:0.000901s ]

[ 2017-11-06T09:13:14+08:00 ] ::1 /zjtr/Home/images/qbfl.png
INFO: [ app_init ] --START--
INFO: Run Behavior\BuildLiteBehavior [ RunTime:0.000027s ]
INFO: [ app_init ] --END-- [ RunTime:0.000557s ]

[ 2017-11-06T09:14:16+08:00 ] ::1 /zjtr/Home/My/index
INFO: [ app_init ] --START--
INFO: Run Behavior\BuildLiteBehavior [ RunTime:0.000026s ]
INFO: [ app_init ] --END-- [ RunTime:0.000723s ]
INFO: [ app_begin ] --START--
INFO: Run Behavior\ReadHtmlCacheBehavior [ RunTime:0.000814s ]
INFO: [ app_begin ] --END-- [ RunTime:0.000955s ]
SQL: SHOW COLUMNS FROM `report_categories` [ RunTime:0.0110s ]
SQL: SELECT * FROM `report_categories` WHERE ( type_id=0 and web=2 ) ORDER BY id asc LIMIT 6   [ RunTime:0.0017s ]
SQL: SELECT * FROM `report_categories` WHERE ( type_id=0 and web=2 and ix=2 ) ORDER BY id asc LIMIT 6   [ RunTime:0.0022s ]
SQL: SELECT * FROM `report_categories` WHERE ( type_id!=0 and web=2 ) ORDER BY id asc  [ RunTime:0.0019s ]
SQL: SHOW COLUMNS FROM `emph` [ RunTime:0.0097s ]
SQL: SELECT * FROM `emph` LIMIT 1   [ RunTime:0.0009s ]
SQL: SHOW COLUMNS FROM `new_x` [ RunTime:0.0109s ]
SQL: SELECT * FROM `new_x` LIMIT 4   [ RunTime:0.0007s ]
SQL: SHOW COLUMNS FROM `user` [ RunTime:0.0109s ]
SQL: SELECT * FROM `user` WHERE `Id` = 8 LIMIT 1   [ RunTime:0.0008s ]
SQL: SHOW COLUMNS FROM `address` [ RunTime:0.0086s ]
SQL: SELECT * FROM `address` WHERE ( a_user=8 )  [ RunTime:0.0007s ]
INFO: [ view_parse ] --START--
INFO: [ template_filter ] --START--
INFO: Run Behavior\ContentReplaceBehavior [ RunTime:0.000509s ]
INFO: [ template_filter ] --END-- [ RunTime:0.000837s ]
NOTIC: [8] Undefined index: data D:\phpStudy\WWW\zjtr\Application\Runtime\Cache\Home\3375be4febe9bbf400c079f5f448465c.php 第 159 行.
NOTIC: [8] Undefined variable: gwc D:\phpStudy\WWW\zjtr\Application\Runtime\Cache\Home\3375be4febe9bbf400c079f5f448465c.php 第 170 行.
NOTIC: [8] Undefined variable: tishi D:\phpStudy\WWW\zjtr\Application\Runtime\Cache\Home\3375be4febe9bbf400c079f5f448465c.php 第 173 行.
NOTIC: [8] Undefined variable: n D:\phpStudy\WWW\zjtr\Application\Runtime\Cache\Home\3375be4febe9bbf400c079f5f448465c.php 第 264 行.
NOTIC: [8] Undefined variable: n D:\phpStudy\WWW\zjtr\Application\Runtime\Cache\Home\3375be4febe9bbf400c079f5f448465c.php 第 264 行.
NOTIC: [8] Undefined variable: n D:\phpStudy\WWW\zjtr\Application\Runtime\Cache\Home\3375be4febe9bbf400c079f5f448465c.php 第 264 行.
NOTIC: [8] Undefined variable: n D:\phpStudy\WWW\zjtr\Application\Runtime\Cache\Home\3375be4febe9bbf400c079f5f448465c.php 第 264 行.
NOTIC: [8] Undefined variable: n D:\phpStudy\WWW\zjtr\Application\Runtime\Cache\Home\3375be4febe9bbf400c079f5f448465c.php 第 264 行.
NOTIC: [8] Undefined variable: n D:\phpStudy\WWW\zjtr\Application\Runtime\Cache\Home\3375be4febe9bbf400c079f5f448465c.php 第 264 行.
NOTIC: [8] Undefined variable: r D:\phpStudy\WWW\zjtr\Application\Runtime\Cache\Home\3375be4febe9bbf400c079f5f448465c.php 第 698 行.
NOTIC: [8] Undefined variable: r D:\phpStudy\WWW\zjtr\Application\Runtime\Cache\Home\3375be4febe9bbf400c079f5f448465c.php 第 698 行.
NOTIC: [8] Undefined variable: r D:\phpStudy\WWW\zjtr\Application\Runtime\Cache\Home\3375be4febe9bbf400c079f5f448465c.php 第 698 行.
NOTIC: [8] Undefined variable: r D:\phpStudy\WWW\zjtr\Application\Runtime\Cache\Home\3375be4febe9bbf400c079f5f448465c.php 第 698 行.
INFO: Run Behavior\ParseTemplateBehavior [ RunTime:0.046353s ]
INFO: [ view_parse ] --END-- [ RunTime:0.046476s ]
INFO: [ view_filter ] --START--
INFO: Run Behavior\WriteHtmlCacheBehavior [ RunTime:0.000508s ]
INFO: [ view_filter ] --END-- [ RunTime:0.000588s ]
INFO: [ app_end ] --START--
INFO: Run Behavior\ShowPageTraceBehavior [ RunTime:0.000817s ]
INFO: [ app_end ] --END-- [ RunTime:0.000933s ]

[ 2017-11-06T09:14:16+08:00 ] ::1 /zjtr/Home/images/qbfl.png
INFO: [ app_init ] --START--
INFO: Run Behavior\BuildLiteBehavior [ RunTime:0.000045s ]
INFO: [ app_init ] --END-- [ RunTime:0.000874s ]

[ 2017-11-06T09:24:28+08:00 ] ::1 /zjtr/Home/Mall/release?active=15
INFO: [ app_init ] --START--
INFO: Run Behavior\BuildLiteBehavior [ RunTime:0.000028s ]
INFO: [ app_init ] --END-- [ RunTime:0.000957s ]
INFO: [ app_begin ] --START--
INFO: Run Behavior\ReadHtmlCacheBehavior [ RunTime:0.000620s ]
INFO: [ app_begin ] --END-- [ RunTime:0.000682s ]
SQL: SHOW COLUMNS FROM `report_categories` [ RunTime:0.0212s ]
SQL: SELECT * FROM `report_categories` WHERE ( type_id=0 and web=2 ) ORDER BY id asc LIMIT 6   [ RunTime:0.0022s ]
SQL: SELECT * FROM `report_categories` WHERE ( type_id=0 and web=2 and ix=2 ) ORDER BY id asc LIMIT 6   [ RunTime:0.0017s ]
SQL: SELECT * FROM `report_categories` WHERE ( type_id!=0 and web=2 ) ORDER BY id asc  [ RunTime:0.0022s ]
SQL: SHOW COLUMNS FROM `emph` [ RunTime:0.0171s ]
SQL: SELECT * FROM `emph` LIMIT 1   [ RunTime:0.0015s ]
SQL: SHOW COLUMNS FROM `shopcart` [ RunTime:0.0194s ]
SQL: SELECT * FROM `shopcart` WHERE `cook` = 'pqnv4a441opo550ngsi730dcq2'  [ RunTime:0.0014s ]
SQL: SELECT COUNT(*) AS tp_count FROM `shopcart` WHERE `l_id` = 8 LIMIT 1   [ RunTime:0.0009s ]
SQL: SHOW COLUMNS FROM `new_x` [ RunTime:0.0092s ]
NOTIC: [8] Undefined index: id D:\phpStudy\WWW\zjtr\Application\Home\Controller\MallController.class.php 第 399 行.
SQL: SELECT * FROM `report_categories` WHERE ( Type_id=15 )  [ RunTime:0.0019s ]
SQL: SELECT COUNT(*) AS tp_count FROM `new_x` WHERE `n_type` IN ('43') LIMIT 1   [ RunTime:0.0347s ]
SQL: SELECT * FROM `new_x` WHERE `n_type` IN ('43') ORDER BY time desc LIMIT 0,12   [ RunTime:0.0009s ]
SQL: SELECT * FROM `report_categories` WHERE `Id` = 15 LIMIT 1   [ RunTime:0.0008s ]
NOTIC: [8] Undefined index: id D:\phpStudy\WWW\zjtr\Application\Home\Controller\MallController.class.php 第 430 行.
INFO: [ view_parse ] --START--
INFO: [ template_filter ] --START--
INFO: Run Behavior\ContentReplaceBehavior [ RunTime:0.000273s ]
INFO: [ template_filter ] --END-- [ RunTime:0.000394s ]
NOTIC: [8] Undefined index: data D:\phpStudy\WWW\zjtr\Application\Runtime\Cache\Home\e3117c840d18014a3e66d1d1620d3d4a.php 第 159 行.
NOTIC: [8] Undefined variable: wd D:\phpStudy\WWW\zjtr\Application\Runtime\Cache\Home\e3117c840d18014a3e66d1d1620d3d4a.php 第 165 行.
NOTIC: [8] Undefined variable: gwc D:\phpStudy\WWW\zjtr\Application\Runtime\Cache\Home\e3117c840d18014a3e66d1d1620d3d4a.php 第 170 行.
NOTIC: [8] Undefined variable: mbxs D:\phpStudy\WWW\zjtr\Application\Runtime\Cache\Home\e3117c840d18014a3e66d1d1620d3d4a.php 第 508 行.
NOTIC: [8] Undefined variable: id D:\phpStudy\WWW\zjtr\Application\Runtime\Cache\Home\e3117c840d18014a3e66d1d1620d3d4a.php 第 548 行.
NOTIC: [8] Undefined variable: id D:\phpStudy\WWW\zjtr\Application\Runtime\Cache\Home\e3117c840d18014a3e66d1d1620d3d4a.php 第 551 行.
INFO: Run Behavior\ParseTemplateBehavior [ RunTime:0.052411s ]
INFO: [ view_parse ] --END-- [ RunTime:0.052649s ]
INFO: [ view_filter ] --START--
INFO: Run Behavior\WriteHtmlCacheBehavior [ RunTime:0.000874s ]
INFO: [ view_filter ] --END-- [ RunTime:0.000982s ]
INFO: [ app_end ] --START--
INFO: Run Behavior\ShowPageTraceBehavior [ RunTime:0.001340s ]
INFO: [ app_end ] --END-- [ RunTime:0.001464s ]

[ 2017-11-06T09:24:29+08:00 ] ::1 /zjtr/Home/images/qbfl.png
INFO: [ app_init ] --START--
INFO: Run Behavior\BuildLiteBehavior [ RunTime:0.000017s ]
INFO: [ app_init ] --END-- [ RunTime:0.000378s ]

[ 2017-11-06T09:24:33+08:00 ] ::1 /zjtr/Home/Mall/how?active=18
INFO: [ app_init ] --START--
INFO: Run Behavior\BuildLiteBehavior [ RunTime:0.000034s ]
INFO: [ app_init ] --END-- [ RunTime:0.000738s ]
INFO: [ app_begin ] --START--
INFO: Run Behavior\ReadHtmlCacheBehavior [ RunTime:0.000652s ]
INFO: [ app_begin ] --END-- [ RunTime:0.000747s ]
SQL: SHOW COLUMNS FROM `report_categories` [ RunTime:0.0170s ]
SQL: SELECT * FROM `report_categories` WHERE ( type_id=0 and web=2 ) ORDER BY id asc LIMIT 6   [ RunTime:0.0023s ]
SQL: SELECT * FROM `report_categories` WHERE ( type_id=0 and web=2 and ix=2 ) ORDER BY id asc LIMIT 6   [ RunTime:0.0020s ]
SQL: SELECT * FROM `report_categories` WHERE ( type_id!=0 and web=2 ) ORDER BY id asc  [ RunTime:0.0025s ]
SQL: SHOW COLUMNS FROM `emph` [ RunTime:0.0144s ]
SQL: SELECT * FROM `emph` LIMIT 1   [ RunTime:0.0014s ]
SQL: SHOW COLUMNS FROM `shopcart` [ RunTime:0.0154s ]
SQL: SELECT * FROM `shopcart` WHERE `cook` = 'pqnv4a441opo550ngsi730dcq2'  [ RunTime:0.0013s ]
SQL: SELECT COUNT(*) AS tp_count FROM `shopcart` WHERE `l_id` = 8 LIMIT 1   [ RunTime:0.0012s ]
SQL: SHOW COLUMNS FROM `new_x` [ RunTime:0.0156s ]
NOTIC: [8] Undefined index: id D:\phpStudy\WWW\zjtr\Application\Home\Controller\MallController.class.php 第 535 行.
SQL: SELECT * FROM `report_categories` WHERE ( Type_id=18 )  [ RunTime:0.0014s ]
SQL: SELECT COUNT(*) AS tp_count FROM `new_x` WHERE `n_type` IN ('44') LIMIT 1   [ RunTime:0.0012s ]
SQL: SELECT * FROM `new_x` WHERE `n_type` IN ('44') ORDER BY time desc LIMIT 0,12   [ RunTime:0.0021s ]
SQL: SELECT * FROM `report_categories` WHERE `Id` = 18 LIMIT 1   [ RunTime:0.0014s ]
NOTIC: [8] Undefined index: id D:\phpStudy\WWW\zjtr\Application\Home\Controller\MallController.class.php 第 565 行.
INFO: [ view_parse ] --START--
INFO: [ template_filter ] --START--
INFO: Run Behavior\ContentReplaceBehavior [ RunTime:0.000477s ]
INFO: [ template_filter ] --END-- [ RunTime:0.000751s ]
NOTIC: [8] Undefined index: data D:\phpStudy\WWW\zjtr\Application\Runtime\Cache\Home\e3117c840d18014a3e66d1d1620d3d4a.php 第 159 行.
NOTIC: [8] Undefined variable: wd D:\phpStudy\WWW\zjtr\Application\Runtime\Cache\Home\e3117c840d18014a3e66d1d1620d3d4a.php 第 165 行.
NOTIC: [8] Undefined variable: gwc D:\phpStudy\WWW\zjtr\Application\Runtime\Cache\Home\e3117c840d18014a3e66d1d1620d3d4a.php 第 170 行.
NOTIC: [8] Undefined variable: mbxs D:\phpStudy\WWW\zjtr\Application\Runtime\Cache\Home\e3117c840d18014a3e66d1d1620d3d4a.php 第 508 行.
NOTIC: [8] Undefined variable: id D:\phpStudy\WWW\zjtr\Application\Runtime\Cache\Home\e3117c840d18014a3e66d1d1620d3d4a.php 第 548 行.
NOTIC: [8] Undefined variable: id D:\phpStudy\WWW\zjtr\Application\Runtime\Cache\Home\e3117c840d18014a3e66d1d1620d3d4a.php 第 551 行.
INFO: Run Behavior\ParseTemplateBehavior [ RunTime:0.058713s ]
INFO: [ view_parse ] --END-- [ RunTime:0.059142s ]
INFO: [ view_filter ] --START--
INFO: Run Behavior\WriteHtmlCacheBehavior [ RunTime:0.001516s ]
INFO: [ view_filter ] --END-- [ RunTime:0.001831s ]
INFO: [ app_end ] --START--
INFO: Run Behavior\ShowPageTraceBehavior [ RunTime:0.002808s ]
INFO: [ app_end ] --END-- [ RunTime:0.003146s ]

[ 2017-11-06T09:24:33+08:00 ] ::1 /zjtr/Home/images/qbfl.png
INFO: [ app_init ] --START--
INFO: Run Behavior\BuildLiteBehavior [ RunTime:0.000034s ]
INFO: [ app_init ] --END-- [ RunTime:0.000719s ]

[ 2017-11-06T09:24:36+08:00 ] ::1 /zjtr/Home/Mall/supplies?active=17
INFO: [ app_init ] --START--
INFO: Run Behavior\BuildLiteBehavior [ RunTime:0.000034s ]
INFO: [ app_init ] --END-- [ RunTime:0.000508s ]
INFO: [ app_begin ] --START--
INFO: Run Behavior\ReadHtmlCacheBehavior [ RunTime:0.000722s ]
INFO: [ app_begin ] --END-- [ RunTime:0.000830s ]
SQL: SHOW COLUMNS FROM `report_categories` [ RunTime:0.0168s ]
SQL: SELECT * FROM `report_categories` WHERE ( type_id=0 and web=2 ) ORDER BY id asc LIMIT 6   [ RunTime:0.0029s ]
SQL: SELECT * FROM `report_categories` WHERE ( type_id=0 and web=2 and ix=2 ) ORDER BY id asc LIMIT 6   [ RunTime:0.0020s ]
SQL: SELECT * FROM `report_categories` WHERE ( type_id!=0 and web=2 ) ORDER BY id asc  [ RunTime:0.0031s ]
SQL: SHOW COLUMNS FROM `emph` [ RunTime:0.0118s ]
SQL: SELECT * FROM `emph` LIMIT 1   [ RunTime:0.0010s ]
SQL: SHOW COLUMNS FROM `shopcart` [ RunTime:0.0093s ]
SQL: SELECT * FROM `shopcart` WHERE `cook` = 'pqnv4a441opo550ngsi730dcq2'  [ RunTime:0.0010s ]
SQL: SELECT COUNT(*) AS tp_count FROM `shopcart` WHERE `l_id` = 8 LIMIT 1   [ RunTime:0.0009s ]
SQL: SHOW COLUMNS FROM `new_x` [ RunTime:0.0097s ]
NOTIC: [8] Undefined index: id D:\phpStudy\WWW\zjtr\Application\Home\Controller\MallController.class.php 第 490 行.
SQL: SELECT * FROM `report_categories` WHERE ( Type_id=17 )  [ RunTime:0.0010s ]
SQL: SELECT COUNT(*) AS tp_count FROM `new_x` WHERE `n_type` IN ('39','40') LIMIT 1   [ RunTime:0.0311s ]
SQL: SELECT * FROM `new_x` WHERE `n_type` IN ('39','40') ORDER BY time desc LIMIT 0,12   [ RunTime:0.0014s ]
SQL: SELECT * FROM `report_categories` WHERE `Id` = 17 LIMIT 1   [ RunTime:0.0011s ]
NOTIC: [8] Undefined index: id D:\phpStudy\WWW\zjtr\Application\Home\Controller\MallController.class.php 第 520 行.
INFO: [ view_parse ] --START--
INFO: [ template_filter ] --START--
INFO: Run Behavior\ContentReplaceBehavior [ RunTime:0.000313s ]
INFO: [ template_filter ] --END-- [ RunTime:0.000448s ]
NOTIC: [8] Undefined index: data D:\phpStudy\WWW\zjtr\Application\Runtime\Cache\Home\e3117c840d18014a3e66d1d1620d3d4a.php 第 159 行.
NOTIC: [8] Undefined variable: wd D:\phpStudy\WWW\zjtr\Application\Runtime\Cache\Home\e3117c840d18014a3e66d1d1620d3d4a.php 第 165 行.
NOTIC: [8] Undefined variable: gwc D:\phpStudy\WWW\zjtr\Application\Runtime\Cache\Home\e3117c840d18014a3e66d1d1620d3d4a.php 第 170 行.
NOTIC: [8] Undefined variable: mbxs D:\phpStudy\WWW\zjtr\Application\Runtime\Cache\Home\e3117c840d18014a3e66d1d1620d3d4a.php 第 508 行.
NOTIC: [8] Undefined variable: id D:\phpStudy\WWW\zjtr\Application\Runtime\Cache\Home\e3117c840d18014a3e66d1d1620d3d4a.php 第 548 行.
NOTIC: [8] Undefined variable: id D:\phpStudy\WWW\zjtr\Application\Runtime\Cache\Home\e3117c840d18014a3e66d1d1620d3d4a.php 第 551 行.
INFO: Run Behavior\ParseTemplateBehavior [ RunTime:0.033950s ]
INFO: [ view_parse ] --END-- [ RunTime:0.034165s ]
INFO: [ view_filter ] --START--
INFO: Run Behavior\WriteHtmlCacheBehavior [ RunTime:0.000547s ]
INFO: [ view_filter ] --END-- [ RunTime:0.000654s ]
INFO: [ app_end ] --START--
INFO: Run Behavior\ShowPageTraceBehavior [ RunTime:0.001080s ]
INFO: [ app_end ] --END-- [ RunTime:0.001212s ]

[ 2017-11-06T09:24:36+08:00 ] ::1 /zjtr/Home/images/qbfl.png
INFO: [ app_init ] --START--
INFO: Run Behavior\BuildLiteBehavior [ RunTime:0.000046s ]
INFO: [ app_init ] --END-- [ RunTime:0.001101s ]

[ 2017-11-06T09:24:38+08:00 ] ::1 /zjtr/Home/Mall/details?active=17&id=23
INFO: [ app_init ] --START--
INFO: Run Behavior\BuildLiteBehavior [ RunTime:0.000014s ]
INFO: [ app_init ] --END-- [ RunTime:0.000311s ]
INFO: [ app_begin ] --START--
INFO: Run Behavior\ReadHtmlCacheBehavior [ RunTime:0.000452s ]
INFO: [ app_begin ] --END-- [ RunTime:0.000511s ]
SQL: SHOW COLUMNS FROM `report_categories` [ RunTime:0.0105s ]
SQL: SELECT * FROM `report_categories` WHERE ( type_id=0 and web=2 ) ORDER BY id asc LIMIT 6   [ RunTime:0.0015s ]
SQL: SELECT * FROM `report_categories` WHERE ( type_id=0 and web=2 and ix=2 ) ORDER BY id asc LIMIT 6   [ RunTime:0.0010s ]
SQL: SELECT * FROM `report_categories` WHERE ( type_id!=0 and web=2 ) ORDER BY id asc  [ RunTime:0.0010s ]
SQL: SHOW COLUMNS FROM `emph` [ RunTime:0.0128s ]
SQL: SELECT * FROM `emph` LIMIT 1   [ RunTime:0.0007s ]
SQL: SHOW COLUMNS FROM `shopcart` [ RunTime:0.0070s ]
SQL: SELECT * FROM `shopcart` WHERE `cook` = 'pqnv4a441opo550ngsi730dcq2'  [ RunTime:0.0009s ]
SQL: SELECT COUNT(*) AS tp_count FROM `shopcart` WHERE `l_id` = 8 LIMIT 1   [ RunTime:0.0006s ]
SQL: SHOW COLUMNS FROM `address` [ RunTime:0.0069s ]
SQL: SELECT * FROM `address` WHERE ( a_user=8 )  [ RunTime:0.0005s ]
SQL: SHOW COLUMNS FROM `colour` [ RunTime:0.0566s ]
SQL: SHOW COLUMNS FROM `new_x` [ RunTime:0.0070s ]
SQL: SELECT * FROM `new_x` WHERE `id` = 23 LIMIT 1   [ RunTime:0.0006s ]
SQL: SELECT * FROM `report_categories` WHERE `Id` = 39 LIMIT 1   [ RunTime:0.0007s ]
SQL: SELECT * FROM `colour` WHERE `col_id` IN ('2','3','4')  [ RunTime:0.0166s ]
SQL: SELECT * FROM `report_categories` WHERE ( id=39 ) LIMIT 1   [ RunTime:0.0008s ]
SQL: SELECT * FROM `report_categories` WHERE ( type_id=17 )  [ RunTime:0.0008s ]
SQL: SELECT * FROM `new_x` WHERE `id` NOT IN ('23') AND `n_type` IN ('39','40') LIMIT 4   [ RunTime:0.0038s ]
INFO: [ view_parse ] --START--
INFO: [ template_filter ] --START--
INFO: Run Behavior\ContentReplaceBehavior [ RunTime:0.000262s ]
INFO: [ template_filter ] --END-- [ RunTime:0.000358s ]
NOTIC: [8] Undefined index: data D:\phpStudy\WWW\zjtr\Application\Runtime\Cache\Home\4ebb6ba449e803cd6ea9294f722af8d9.php 第 159 行.
NOTIC: [8] Undefined variable: wd D:\phpStudy\WWW\zjtr\Application\Runtime\Cache\Home\4ebb6ba449e803cd6ea9294f722af8d9.php 第 165 行.
NOTIC: [8] Undefined variable: gwc D:\phpStudy\WWW\zjtr\Application\Runtime\Cache\Home\4ebb6ba449e803cd6ea9294f722af8d9.php 第 170 行.
INFO: Run Behavior\ParseTemplateBehavior [ RunTime:0.041943s ]
INFO: [ view_parse ] --END-- [ RunTime:0.042069s ]
INFO: [ view_filter ] --START--
INFO: Run Behavior\WriteHtmlCacheBehavior [ RunTime:0.000361s ]
INFO: [ view_filter ] --END-- [ RunTime:0.000430s ]
INFO: [ app_end ] --START--
INFO: Run Behavior\ShowPageTraceBehavior [ RunTime:0.000878s ]
INFO: [ app_end ] --END-- [ RunTime:0.001065s ]

[ 2017-11-06T09:24:38+08:00 ] ::1 /zjtr/Home/images/qbfl.png
INFO: [ app_init ] --START--
INFO: Run Behavior\BuildLiteBehavior [ RunTime:0.000037s ]
INFO: [ app_init ] --END-- [ RunTime:0.000923s ]

[ 2017-11-06T09:24:55+08:00 ] ::1 /zjtr/Home/Mall/clothes?active=16
INFO: [ app_init ] --START--
INFO: Run Behavior\BuildLiteBehavior [ RunTime:0.000016s ]
INFO: [ app_init ] --END-- [ RunTime:0.000363s ]
INFO: [ app_begin ] --START--
INFO: Run Behavior\ReadHtmlCacheBehavior [ RunTime:0.000556s ]
INFO: [ app_begin ] --END-- [ RunTime:0.000620s ]
SQL: SHOW COLUMNS FROM `report_categories` [ RunTime:0.0225s ]
SQL: SELECT * FROM `report_categories` WHERE ( type_id=0 and web=2 ) ORDER BY id asc LIMIT 6   [ RunTime:0.0021s ]
SQL: SELECT * FROM `report_categories` WHERE ( type_id=0 and web=2 and ix=2 ) ORDER BY id asc LIMIT 6   [ RunTime:0.0018s ]
SQL: SELECT * FROM `report_categories` WHERE ( type_id!=0 and web=2 ) ORDER BY id asc  [ RunTime:0.0029s ]
SQL: SHOW COLUMNS FROM `emph` [ RunTime:0.0209s ]
SQL: SELECT * FROM `emph` LIMIT 1   [ RunTime:0.0018s ]
SQL: SHOW COLUMNS FROM `shopcart` [ RunTime:0.0196s ]
SQL: SELECT * FROM `shopcart` WHERE `cook` = 'pqnv4a441opo550ngsi730dcq2'  [ RunTime:0.0016s ]
SQL: SELECT COUNT(*) AS tp_count FROM `shopcart` WHERE `l_id` = 8 LIMIT 1   [ RunTime:0.0020s ]
SQL: SHOW COLUMNS FROM `new_x` [ RunTime:0.0632s ]
NOTIC: [8] Undefined index: id D:\phpStudy\WWW\zjtr\Application\Home\Controller\MallController.class.php 第 445 行.
SQL: SELECT * FROM `report_categories` WHERE ( Type_id=16 )  [ RunTime:0.0015s ]
SQL: SELECT COUNT(*) AS tp_count FROM `new_x` WHERE `n_type` IN ('28','38','52','50','51','53') LIMIT 1   [ RunTime:0.0011s ]
SQL: SELECT * FROM `new_x` WHERE `n_type` IN ('28','38','52','50','51','53') ORDER BY time desc LIMIT 0,12   [ RunTime:0.0019s ]
SQL: SELECT * FROM `report_categories` WHERE `Id` = 16 LIMIT 1   [ RunTime:0.0013s ]
NOTIC: [8] Undefined index: id D:\phpStudy\WWW\zjtr\Application\Home\Controller\MallController.class.php 第 475 行.
INFO: [ view_parse ] --START--
INFO: [ template_filter ] --START--
INFO: Run Behavior\ContentReplaceBehavior [ RunTime:0.000314s ]
INFO: [ template_filter ] --END-- [ RunTime:0.000454s ]
NOTIC: [8] Undefined index: data D:\phpStudy\WWW\zjtr\Application\Runtime\Cache\Home\e3117c840d18014a3e66d1d1620d3d4a.php 第 159 行.
NOTIC: [8] Undefined variable: wd D:\phpStudy\WWW\zjtr\Application\Runtime\Cache\Home\e3117c840d18014a3e66d1d1620d3d4a.php 第 165 行.
NOTIC: [8] Undefined variable: gwc D:\phpStudy\WWW\zjtr\Application\Runtime\Cache\Home\e3117c840d18014a3e66d1d1620d3d4a.php 第 170 行.
NOTIC: [8] Undefined variable: mbxs D:\phpStudy\WWW\zjtr\Application\Runtime\Cache\Home\e3117c840d18014a3e66d1d1620d3d4a.php 第 508 行.
NOTIC: [8] Undefined variable: id D:\phpStudy\WWW\zjtr\Application\Runtime\Cache\Home\e3117c840d18014a3e66d1d1620d3d4a.php 第 548 行.
NOTIC: [8] Undefined variable: id D:\phpStudy\WWW\zjtr\Application\Runtime\Cache\Home\e3117c840d18014a3e66d1d1620d3d4a.php 第 551 行.
INFO: Run Behavior\ParseTemplateBehavior [ RunTime:0.054819s ]
INFO: [ view_parse ] --END-- [ RunTime:0.055109s ]
INFO: [ view_filter ] --START--
INFO: Run Behavior\WriteHtmlCacheBehavior [ RunTime:0.001017s ]
INFO: [ view_filter ] --END-- [ RunTime:0.001166s ]
INFO: [ app_end ] --START--
INFO: Run Behavior\ShowPageTraceBehavior [ RunTime:0.005868s ]
INFO: [ app_end ] --END-- [ RunTime:0.006242s ]

[ 2017-11-06T09:24:55+08:00 ] ::1 /zjtr/Home/images/qbfl.png
INFO: [ app_init ] --START--
INFO: Run Behavior\BuildLiteBehavior [ RunTime:0.000027s ]
INFO: [ app_init ] --END-- [ RunTime:0.000408s ]

[ 2017-11-06T09:24:57+08:00 ] ::1 /zjtr/Home/Mall/details?active=16&id=5
INFO: [ app_init ] --START--
INFO: Run Behavior\BuildLiteBehavior [ RunTime:0.000017s ]
INFO: [ app_init ] --END-- [ RunTime:0.000374s ]
INFO: [ app_begin ] --START--
INFO: Run Behavior\ReadHtmlCacheBehavior [ RunTime:0.000737s ]
INFO: [ app_begin ] --END-- [ RunTime:0.000845s ]
SQL: SHOW COLUMNS FROM `report_categories` [ RunTime:0.0149s ]
SQL: SELECT * FROM `report_categories` WHERE ( type_id=0 and web=2 ) ORDER BY id asc LIMIT 6   [ RunTime:0.0032s ]
SQL: SELECT * FROM `report_categories` WHERE ( type_id=0 and web=2 and ix=2 ) ORDER BY id asc LIMIT 6   [ RunTime:0.0019s ]
SQL: SELECT * FROM `report_categories` WHERE ( type_id!=0 and web=2 ) ORDER BY id asc  [ RunTime:0.0024s ]
SQL: SHOW COLUMNS FROM `emph` [ RunTime:0.0164s ]
SQL: SELECT * FROM `emph` LIMIT 1   [ RunTime:0.0020s ]
SQL: SHOW COLUMNS FROM `shopcart` [ RunTime:0.0174s ]
SQL: SELECT * FROM `shopcart` WHERE `cook` = 'pqnv4a441opo550ngsi730dcq2'  [ RunTime:0.0019s ]
SQL: SELECT COUNT(*) AS tp_count FROM `shopcart` WHERE `l_id` = 8 LIMIT 1   [ RunTime:0.0014s ]
SQL: SHOW COLUMNS FROM `address` [ RunTime:0.0145s ]
SQL: SELECT * FROM `address` WHERE ( a_user=8 )  [ RunTime:0.0009s ]
SQL: SHOW COLUMNS FROM `colour` [ RunTime:0.0102s ]
SQL: SHOW COLUMNS FROM `new_x` [ RunTime:0.0102s ]
SQL: SELECT * FROM `new_x` WHERE `id` = 5 LIMIT 1   [ RunTime:0.0012s ]
SQL: SELECT * FROM `report_categories` WHERE `Id` = 28 LIMIT 1   [ RunTime:0.0013s ]
SQL: SELECT * FROM `colour` WHERE `col_id` IN ('3')  [ RunTime:0.0007s ]
SQL: SELECT * FROM `report_categories` WHERE ( id=28 ) LIMIT 1   [ RunTime:0.0007s ]
SQL: SELECT * FROM `report_categories` WHERE ( type_id=16 )  [ RunTime:0.0008s ]
SQL: SELECT * FROM `new_x` WHERE `id` NOT IN ('5') AND `n_type` IN ('28','38','52','50','51','53') LIMIT 4   [ RunTime:0.0011s ]
INFO: [ view_parse ] --START--
INFO: [ template_filter ] --START--
INFO: Run Behavior\ContentReplaceBehavior [ RunTime:0.000312s ]
INFO: [ template_filter ] --END-- [ RunTime:0.000511s ]
NOTIC: [8] Undefined index: data D:\phpStudy\WWW\zjtr\Application\Runtime\Cache\Home\4ebb6ba449e803cd6ea9294f722af8d9.php 第 159 行.
NOTIC: [8] Undefined variable: wd D:\phpStudy\WWW\zjtr\Application\Runtime\Cache\Home\4ebb6ba449e803cd6ea9294f722af8d9.php 第 165 行.
NOTIC: [8] Undefined variable: gwc D:\phpStudy\WWW\zjtr\Application\Runtime\Cache\Home\4ebb6ba449e803cd6ea9294f722af8d9.php 第 170 行.
INFO: Run Behavior\ParseTemplateBehavior [ RunTime:0.036678s ]
INFO: [ view_parse ] --END-- [ RunTime:0.036788s ]
INFO: [ view_filter ] --START--
INFO: Run Behavior\WriteHtmlCacheBehavior [ RunTime:0.000289s ]
INFO: [ view_filter ] --END-- [ RunTime:0.000389s ]
INFO: [ app_end ] --START--
INFO: Run Behavior\ShowPageTraceBehavior [ RunTime:0.000781s ]
INFO: [ app_end ] --END-- [ RunTime:0.000891s ]

[ 2017-11-06T09:24:57+08:00 ] ::1 /zjtr/Home/images/qbfl.png
INFO: [ app_init ] --START--
INFO: Run Behavior\BuildLiteBehavior [ RunTime:0.000036s ]
INFO: [ app_init ] --END-- [ RunTime:0.000672s ]

[ 2017-11-06T09:25:00+08:00 ] ::1 /zjtr/Home/Mall/release?active=15
INFO: [ app_init ] --START--
INFO: Run Behavior\BuildLiteBehavior [ RunTime:0.000016s ]
INFO: [ app_init ] --END-- [ RunTime:0.000363s ]
INFO: [ app_begin ] --START--
INFO: Run Behavior\ReadHtmlCacheBehavior [ RunTime:0.000493s ]
INFO: [ app_begin ] --END-- [ RunTime:0.000578s ]
SQL: SHOW COLUMNS FROM `report_categories` [ RunTime:0.0163s ]
SQL: SELECT * FROM `report_categories` WHERE ( type_id=0 and web=2 ) ORDER BY id asc LIMIT 6   [ RunTime:0.0017s ]
SQL: SELECT * FROM `report_categories` WHERE ( type_id=0 and web=2 and ix=2 ) ORDER BY id asc LIMIT 6   [ RunTime:0.0016s ]
SQL: SELECT * FROM `report_categories` WHERE ( type_id!=0 and web=2 ) ORDER BY id asc  [ RunTime:0.0023s ]
SQL: SHOW COLUMNS FROM `emph` [ RunTime:0.0124s ]
SQL: SELECT * FROM `emph` LIMIT 1   [ RunTime:0.0011s ]
SQL: SHOW COLUMNS FROM `shopcart` [ RunTime:0.0121s ]
SQL: SELECT * FROM `shopcart` WHERE `cook` = 'pqnv4a441opo550ngsi730dcq2'  [ RunTime:0.0012s ]
SQL: SELECT COUNT(*) AS tp_count FROM `shopcart` WHERE `l_id` = 8 LIMIT 1   [ RunTime:0.0011s ]
SQL: SHOW COLUMNS FROM `new_x` [ RunTime:0.0142s ]
NOTIC: [8] Undefined index: id D:\phpStudy\WWW\zjtr\Application\Home\Controller\MallController.class.php 第 399 行.
SQL: SELECT * FROM `report_categories` WHERE ( Type_id=15 )  [ RunTime:0.0011s ]
SQL: SELECT COUNT(*) AS tp_count FROM `new_x` WHERE `n_type` IN ('43') LIMIT 1   [ RunTime:0.0009s ]
SQL: SELECT * FROM `new_x` WHERE `n_type` IN ('43') ORDER BY time desc LIMIT 0,12   [ RunTime:0.0011s ]
SQL: SELECT * FROM `report_categories` WHERE `Id` = 15 LIMIT 1   [ RunTime:0.0017s ]
NOTIC: [8] Undefined index: id D:\phpStudy\WWW\zjtr\Application\Home\Controller\MallController.class.php 第 430 行.
INFO: [ view_parse ] --START--
INFO: [ template_filter ] --START--
INFO: Run Behavior\ContentReplaceBehavior [ RunTime:0.000421s ]
INFO: [ template_filter ] --END-- [ RunTime:0.000579s ]
NOTIC: [8] Undefined index: data D:\phpStudy\WWW\zjtr\Application\Runtime\Cache\Home\e3117c840d18014a3e66d1d1620d3d4a.php 第 159 行.
NOTIC: [8] Undefined variable: wd D:\phpStudy\WWW\zjtr\Application\Runtime\Cache\Home\e3117c840d18014a3e66d1d1620d3d4a.php 第 165 行.
NOTIC: [8] Undefined variable: gwc D:\phpStudy\WWW\zjtr\Application\Runtime\Cache\Home\e3117c840d18014a3e66d1d1620d3d4a.php 第 170 行.
NOTIC: [8] Undefined variable: mbxs D:\phpStudy\WWW\zjtr\Application\Runtime\Cache\Home\e3117c840d18014a3e66d1d1620d3d4a.php 第 508 行.
NOTIC: [8] Undefined variable: id D:\phpStudy\WWW\zjtr\Application\Runtime\Cache\Home\e3117c840d18014a3e66d1d1620d3d4a.php 第 548 行.
NOTIC: [8] Undefined variable: id D:\phpStudy\WWW\zjtr\Application\Runtime\Cache\Home\e3117c840d18014a3e66d1d1620d3d4a.php 第 551 行.
INFO: Run Behavior\ParseTemplateBehavior [ RunTime:0.049283s ]
INFO: [ view_parse ] --END-- [ RunTime:0.049551s ]
INFO: [ view_filter ] --START--
INFO: Run Behavior\WriteHtmlCacheBehavior [ RunTime:0.000846s ]
INFO: [ view_filter ] --END-- [ RunTime:0.000983s ]
INFO: [ app_end ] --START--
INFO: Run Behavior\ShowPageTraceBehavior [ RunTime:0.003441s ]
INFO: [ app_end ] --END-- [ RunTime:0.003725s ]

[ 2017-11-06T09:25:00+08:00 ] ::1 /zjtr/Home/images/qbfl.png
INFO: [ app_init ] --START--
INFO: Run Behavior\BuildLiteBehavior [ RunTime:0.000017s ]
INFO: [ app_init ] --END-- [ RunTime:0.000400s ]

[ 2017-11-06T09:25:03+08:00 ] ::1 /zjtr/Home/Mall/product?active=14
INFO: [ app_init ] --START--
INFO: Run Behavior\BuildLiteBehavior [ RunTime:0.000017s ]
INFO: [ app_init ] --END-- [ RunTime:0.000387s ]
INFO: [ app_begin ] --START--
INFO: Run Behavior\ReadHtmlCacheBehavior [ RunTime:0.000664s ]
INFO: [ app_begin ] --END-- [ RunTime:0.000760s ]
SQL: SHOW COLUMNS FROM `report_categories` [ RunTime:0.0191s ]
SQL: SELECT * FROM `report_categories` WHERE ( type_id=0 and web=2 ) ORDER BY id asc LIMIT 6   [ RunTime:0.0020s ]
SQL: SELECT * FROM `report_categories` WHERE ( type_id=0 and web=2 and ix=2 ) ORDER BY id asc LIMIT 6   [ RunTime:0.0025s ]
SQL: SELECT * FROM `report_categories` WHERE ( type_id!=0 and web=2 ) ORDER BY id asc  [ RunTime:0.0022s ]
SQL: SHOW COLUMNS FROM `emph` [ RunTime:0.0143s ]
SQL: SELECT * FROM `emph` LIMIT 1   [ RunTime:0.0016s ]
SQL: SHOW COLUMNS FROM `shopcart` [ RunTime:0.0130s ]
SQL: SELECT * FROM `shopcart` WHERE `cook` = 'pqnv4a441opo550ngsi730dcq2'  [ RunTime:0.0013s ]
SQL: SELECT COUNT(*) AS tp_count FROM `shopcart` WHERE `l_id` = 8 LIMIT 1   [ RunTime:0.0013s ]
SQL: SHOW COLUMNS FROM `new_x` [ RunTime:0.0143s ]
NOTIC: [8] Undefined index: id D:\phpStudy\WWW\zjtr\Application\Home\Controller\MallController.class.php 第 354 行.
SQL: SELECT * FROM `report_categories` WHERE ( Type_id=14 )  [ RunTime:0.0014s ]
SQL: SELECT COUNT(*) AS tp_count FROM `new_x` WHERE `n_type` IN ('42') LIMIT 1   [ RunTime:0.0013s ]
SQL: SELECT * FROM `new_x` WHERE `n_type` IN ('42') ORDER BY time desc LIMIT 0,12   [ RunTime:0.0022s ]
SQL: SELECT * FROM `report_categories` WHERE `Id` = 14 LIMIT 1   [ RunTime:0.0019s ]
NOTIC: [8] Undefined index: id D:\phpStudy\WWW\zjtr\Application\Home\Controller\MallController.class.php 第 383 行.
INFO: [ view_parse ] --START--
INFO: [ template_filter ] --START--
INFO: Run Behavior\ContentReplaceBehavior [ RunTime:0.000778s ]
INFO: [ template_filter ] --END-- [ RunTime:0.001081s ]
NOTIC: [8] Undefined index: data D:\phpStudy\WWW\zjtr\Application\Runtime\Cache\Home\e3117c840d18014a3e66d1d1620d3d4a.php 第 159 行.
NOTIC: [8] Undefined variable: wd D:\phpStudy\WWW\zjtr\Application\Runtime\Cache\Home\e3117c840d18014a3e66d1d1620d3d4a.php 第 165 行.
NOTIC: [8] Undefined variable: gwc D:\phpStudy\WWW\zjtr\Application\Runtime\Cache\Home\e3117c840d18014a3e66d1d1620d3d4a.php 第 170 行.
NOTIC: [8] Undefined variable: mbxs D:\phpStudy\WWW\zjtr\Application\Runtime\Cache\Home\e3117c840d18014a3e66d1d1620d3d4a.php 第 508 行.
NOTIC: [8] Undefined variable: id D:\phpStudy\WWW\zjtr\Application\Runtime\Cache\Home\e3117c840d18014a3e66d1d1620d3d4a.php 第 548 行.
NOTIC: [8] Undefined variable: id D:\phpStudy\WWW\zjtr\Application\Runtime\Cache\Home\e3117c840d18014a3e66d1d1620d3d4a.php 第 551 行.
INFO: Run Behavior\ParseTemplateBehavior [ RunTime:0.067919s ]
INFO: [ view_parse ] --END-- [ RunTime:0.068242s ]
INFO: [ view_filter ] --START--
INFO: Run Behavior\WriteHtmlCacheBehavior [ RunTime:0.000862s ]
INFO: [ view_filter ] --END-- [ RunTime:0.001025s ]
INFO: [ app_end ] --START--
INFO: Run Behavior\ShowPageTraceBehavior [ RunTime:0.002054s ]
INFO: [ app_end ] --END-- [ RunTime:0.002273s ]

[ 2017-11-06T09:25:04+08:00 ] ::1 /zjtr/Home/images/qbfl.png
INFO: [ app_init ] --START--
INFO: Run Behavior\BuildLiteBehavior [ RunTime:0.000018s ]
INFO: [ app_init ] --END-- [ RunTime:0.000416s ]

[ 2017-11-06T09:25:07+08:00 ] ::1 /zjtr/Home/Mall/details?active=14&id=43
INFO: [ app_init ] --START--
INFO: Run Behavior\BuildLiteBehavior [ RunTime:0.000025s ]
INFO: [ app_init ] --END-- [ RunTime:0.000590s ]
INFO: [ app_begin ] --START--
INFO: Run Behavior\ReadHtmlCacheBehavior [ RunTime:0.000492s ]
INFO: [ app_begin ] --END-- [ RunTime:0.000565s ]
SQL: SHOW COLUMNS FROM `report_categories` [ RunTime:0.0667s ]
SQL: SELECT * FROM `report_categories` WHERE ( type_id=0 and web=2 ) ORDER BY id asc LIMIT 6   [ RunTime:0.0020s ]
SQL: SELECT * FROM `report_categories` WHERE ( type_id=0 and web=2 and ix=2 ) ORDER BY id asc LIMIT 6   [ RunTime:0.0020s ]
SQL: SELECT * FROM `report_categories` WHERE ( type_id!=0 and web=2 ) ORDER BY id asc  [ RunTime:0.0021s ]
SQL: SHOW COLUMNS FROM `emph` [ RunTime:0.0156s ]
SQL: SELECT * FROM `emph` LIMIT 1   [ RunTime:0.0017s ]
SQL: SHOW COLUMNS FROM `shopcart` [ RunTime:0.0135s ]
SQL: SELECT * FROM `shopcart` WHERE `cook` = 'pqnv4a441opo550ngsi730dcq2'  [ RunTime:0.0014s ]
SQL: SELECT COUNT(*) AS tp_count FROM `shopcart` WHERE `l_id` = 8 LIMIT 1   [ RunTime:0.0012s ]
SQL: SHOW COLUMNS FROM `address` [ RunTime:0.0139s ]
SQL: SELECT * FROM `address` WHERE ( a_user=8 )  [ RunTime:0.0016s ]
SQL: SHOW COLUMNS FROM `colour` [ RunTime:0.0124s ]
SQL: SHOW COLUMNS FROM `new_x` [ RunTime:0.0143s ]
SQL: SELECT * FROM `new_x` WHERE `id` = 43 LIMIT 1   [ RunTime:0.0015s ]
SQL: SELECT * FROM `report_categories` WHERE `Id` = 42 LIMIT 1   [ RunTime:0.0014s ]
SQL: SELECT * FROM `colour` WHERE `col_id` IN ('2','4')  [ RunTime:0.0016s ]
SQL: SELECT * FROM `report_categories` WHERE ( id=42 ) LIMIT 1   [ RunTime:0.0016s ]
SQL: SELECT * FROM `report_categories` WHERE ( type_id=14 )  [ RunTime:0.0013s ]
SQL: SELECT * FROM `new_x` WHERE `id` NOT IN ('43') AND `n_type` IN ('42') LIMIT 4   [ RunTime:0.0015s ]
INFO: [ view_parse ] --START--
INFO: [ template_filter ] --START--
INFO: Run Behavior\ContentReplaceBehavior [ RunTime:0.000717s ]
INFO: [ template_filter ] --END-- [ RunTime:0.000952s ]
NOTIC: [8] Undefined index: data D:\phpStudy\WWW\zjtr\Application\Runtime\Cache\Home\4ebb6ba449e803cd6ea9294f722af8d9.php 第 159 行.
NOTIC: [8] Undefined variable: wd D:\phpStudy\WWW\zjtr\Application\Runtime\Cache\Home\4ebb6ba449e803cd6ea9294f722af8d9.php 第 165 行.
NOTIC: [8] Undefined variable: gwc D:\phpStudy\WWW\zjtr\Application\Runtime\Cache\Home\4ebb6ba449e803cd6ea9294f722af8d9.php 第 170 行.
INFO: Run Behavior\ParseTemplateBehavior [ RunTime:0.083616s ]
INFO: [ view_parse ] --END-- [ RunTime:0.083817s ]
INFO: [ view_filter ] --START--
INFO: Run Behavior\WriteHtmlCacheBehavior [ RunTime:0.001062s ]
INFO: [ view_filter ] --END-- [ RunTime:0.001299s ]
INFO: [ app_end ] --START--
INFO: Run Behavior\ShowPageTraceBehavior [ RunTime:0.003206s ]
INFO: [ app_end ] --END-- [ RunTime:0.003546s ]

[ 2017-11-06T09:25:07+08:00 ] ::1 /zjtr/Home/images/qbfl.png
INFO: [ app_init ] --START--
INFO: Run Behavior\BuildLiteBehavior [ RunTime:0.000021s ]
INFO: [ app_init ] --END-- [ RunTime:0.000515s ]

[ 2017-11-06T09:25:13+08:00 ] ::1 /zjtr/Home/Mall/index?active=13
INFO: [ app_init ] --START--
INFO: Run Behavior\BuildLiteBehavior [ RunTime:0.000016s ]
INFO: [ app_init ] --END-- [ RunTime:0.000362s ]
INFO: [ app_begin ] --START--
INFO: Run Behavior\ReadHtmlCacheBehavior [ RunTime:0.000564s ]
INFO: [ app_begin ] --END-- [ RunTime:0.000628s ]
SQL: SHOW COLUMNS FROM `report_categories` [ RunTime:0.0173s ]
SQL: SELECT * FROM `report_categories` WHERE ( type_id=0 and web=2 ) ORDER BY id asc LIMIT 6   [ RunTime:0.0035s ]
SQL: SELECT * FROM `report_categories` WHERE ( type_id=0 and web=2 and ix=2 ) ORDER BY id asc LIMIT 6   [ RunTime:0.0017s ]
SQL: SELECT * FROM `report_categories` WHERE ( type_id!=0 and web=2 ) ORDER BY id asc  [ RunTime:0.0026s ]
SQL: SHOW COLUMNS FROM `emph` [ RunTime:0.0208s ]
SQL: SELECT * FROM `emph` LIMIT 1   [ RunTime:0.0026s ]
SQL: SHOW COLUMNS FROM `shopcart` [ RunTime:0.0202s ]
SQL: SELECT * FROM `shopcart` WHERE `cook` = 'pqnv4a441opo550ngsi730dcq2'  [ RunTime:0.0019s ]
SQL: SELECT COUNT(*) AS tp_count FROM `shopcart` WHERE `l_id` = 8 LIMIT 1   [ RunTime:0.0013s ]
SQL: SHOW COLUMNS FROM `new_x` [ RunTime:0.0199s ]
SQL: SELECT * FROM `new_x` WHERE ( n_type=35 ) LIMIT 3   [ RunTime:0.0040s ]
SQL: SELECT * FROM `new_x` WHERE ( n_type=41 ) ORDER BY time desc LIMIT 6   [ RunTime:0.0017s ]
SQL: SHOW COLUMNS FROM `banner` [ RunTime:0.0182s ]
SQL: SELECT * FROM `banner` WHERE ( web=3 )  [ RunTime:0.0017s ]
INFO: [ view_parse ] --START--
INFO: [ template_filter ] --START--
INFO: Run Behavior\ContentReplaceBehavior [ RunTime:0.000352s ]
INFO: [ template_filter ] --END-- [ RunTime:0.000504s ]
NOTIC: [8] Undefined index: data D:\phpStudy\WWW\zjtr\Application\Runtime\Cache\Home\859ac05ab42bf124173f06e7cce2b592.php 第 158 行.
NOTIC: [8] Undefined variable: wd D:\phpStudy\WWW\zjtr\Application\Runtime\Cache\Home\859ac05ab42bf124173f06e7cce2b592.php 第 164 行.
NOTIC: [8] Undefined variable: gwc D:\phpStudy\WWW\zjtr\Application\Runtime\Cache\Home\859ac05ab42bf124173f06e7cce2b592.php 第 169 行.
NOTIC: [8] Use of undefined constant utf8 - assumed 'utf8' D:\phpStudy\WWW\zjtr\Application\Runtime\Cache\Home\859ac05ab42bf124173f06e7cce2b592.php 第 551 行.
NOTIC: [8] Use of undefined constant utf8 - assumed 'utf8' D:\phpStudy\WWW\zjtr\Application\Runtime\Cache\Home\859ac05ab42bf124173f06e7cce2b592.php 第 551 行.
NOTIC: [8] Use of undefined constant utf8 - assumed 'utf8' D:\phpStudy\WWW\zjtr\Application\Runtime\Cache\Home\859ac05ab42bf124173f06e7cce2b592.php 第 551 行.
NOTIC: [8] Use of undefined constant utf8 - assumed 'utf8' D:\phpStudy\WWW\zjtr\Application\Runtime\Cache\Home\859ac05ab42bf124173f06e7cce2b592.php 第 551 行.
NOTIC: [8] Use of undefined constant utf8 - assumed 'utf8' D:\phpStudy\WWW\zjtr\Application\Runtime\Cache\Home\859ac05ab42bf124173f06e7cce2b592.php 第 551 行.
NOTIC: [8] Use of undefined constant utf8 - assumed 'utf8' D:\phpStudy\WWW\zjtr\Application\Runtime\Cache\Home\859ac05ab42bf124173f06e7cce2b592.php 第 551 行.
INFO: Run Behavior\ParseTemplateBehavior [ RunTime:0.081655s ]
INFO: [ view_parse ] --END-- [ RunTime:0.081937s ]
INFO: [ view_filter ] --START--
INFO: Run Behavior\WriteHtmlCacheBehavior [ RunTime:0.001279s ]
INFO: [ view_filter ] --END-- [ RunTime:0.001515s ]
INFO: [ app_end ] --START--
INFO: Run Behavior\ShowPageTraceBehavior [ RunTime:0.002900s ]
INFO: [ app_end ] --END-- [ RunTime:0.003192s ]

[ 2017-11-06T09:25:13+08:00 ] ::1 /zjtr/Home/images/qbfl.png
INFO: [ app_init ] --START--
INFO: Run Behavior\BuildLiteBehavior [ RunTime:0.000025s ]
INFO: [ app_init ] --END-- [ RunTime:0.000557s ]

[ 2017-11-06T09:25:25+08:00 ] ::1 /zjtr/Home/Index/index
INFO: [ app_init ] --START--
INFO: Run Behavior\BuildLiteBehavior [ RunTime:0.000024s ]
INFO: [ app_init ] --END-- [ RunTime:0.000354s ]
INFO: [ app_begin ] --START--
INFO: Run Behavior\ReadHtmlCacheBehavior [ RunTime:0.000493s ]
INFO: [ app_begin ] --END-- [ RunTime:0.000557s ]
SQL: SHOW COLUMNS FROM `report_categories` [ RunTime:0.0174s ]
SQL: SELECT * FROM `report_categories` WHERE ( type_id=0 and web=1 ) ORDER BY id asc  [ RunTime:0.0025s ]
SQL: SELECT * FROM `report_categories` WHERE ( type_id!=0 and web=1 ) ORDER BY id asc  [ RunTime:0.0023s ]
SQL: SHOW COLUMNS FROM `banner` [ RunTime:0.0140s ]
SQL: SELECT * FROM `banner` WHERE ( web=1 )  [ RunTime:0.0021s ]
SQL: SHOW COLUMNS FROM `emph` [ RunTime:0.0166s ]
SQL: SELECT * FROM `emph` LIMIT 1   [ RunTime:0.0016s ]
SQL: SELECT * FROM `report_categories` WHERE ( ix=1 ) ORDER BY px asc  [ RunTime:0.0018s ]
INFO: [ view_parse ] --START--
INFO: [ template_filter ] --START--
INFO: Run Behavior\ContentReplaceBehavior [ RunTime:0.000310s ]
INFO: [ template_filter ] --END-- [ RunTime:0.000525s ]
NOTIC: [8] Undefined index: er D:\phpStudy\WWW\zjtr\Application\Runtime\Cache\Home\2a94b8bda04ff446dcedd42276fc99ee.php 第 31 行.
NOTIC: [8] Undefined index: er D:\phpStudy\WWW\zjtr\Application\Runtime\Cache\Home\2a94b8bda04ff446dcedd42276fc99ee.php 第 31 行.
INFO: Run Behavior\ParseTemplateBehavior [ RunTime:0.070457s ]
INFO: [ view_parse ] --END-- [ RunTime:0.070768s ]
INFO: [ view_filter ] --START--
INFO: Run Behavior\WriteHtmlCacheBehavior [ RunTime:0.000872s ]
INFO: [ view_filter ] --END-- [ RunTime:0.001153s ]
INFO: [ app_end ] --START--
INFO: Run Behavior\ShowPageTraceBehavior [ RunTime:0.002065s ]
INFO: [ app_end ] --END-- [ RunTime:0.002276s ]

[ 2017-11-06T09:25:42+08:00 ] ::1 /zjtr/Home/Mall/release?active=15
INFO: [ app_init ] --START--
INFO: Run Behavior\BuildLiteBehavior [ RunTime:0.000021s ]
INFO: [ app_init ] --END-- [ RunTime:0.000462s ]
INFO: [ app_begin ] --START--
INFO: Run Behavior\ReadHtmlCacheBehavior [ RunTime:0.000970s ]
INFO: [ app_begin ] --END-- [ RunTime:0.001224s ]
SQL: SHOW COLUMNS FROM `report_categories` [ RunTime:0.0139s ]
SQL: SELECT * FROM `report_categories` WHERE ( type_id=0 and web=2 ) ORDER BY id asc LIMIT 6   [ RunTime:0.0020s ]
SQL: SELECT * FROM `report_categories` WHERE ( type_id=0 and web=2 and ix=2 ) ORDER BY id asc LIMIT 6   [ RunTime:0.0018s ]
SQL: SELECT * FROM `report_categories` WHERE ( type_id!=0 and web=2 ) ORDER BY id asc  [ RunTime:0.0022s ]
SQL: SHOW COLUMNS FROM `emph` [ RunTime:0.0146s ]
SQL: SELECT * FROM `emph` LIMIT 1   [ RunTime:0.0015s ]
SQL: SHOW COLUMNS FROM `shopcart` [ RunTime:0.0132s ]
SQL: SELECT * FROM `shopcart` WHERE `cook` = 'pqnv4a441opo550ngsi730dcq2'  [ RunTime:0.0013s ]
SQL: SELECT COUNT(*) AS tp_count FROM `shopcart` WHERE `l_id` = 8 LIMIT 1   [ RunTime:0.0019s ]
SQL: SHOW COLUMNS FROM `new_x` [ RunTime:0.0139s ]
NOTIC: [8] Undefined index: id D:\phpStudy\WWW\zjtr\Application\Home\Controller\MallController.class.php 第 399 行.
SQL: SELECT * FROM `report_categories` WHERE ( Type_id=15 )  [ RunTime:0.0020s ]
SQL: SELECT COUNT(*) AS tp_count FROM `new_x` WHERE `n_type` IN ('43') LIMIT 1   [ RunTime:0.0012s ]
SQL: SELECT * FROM `new_x` WHERE `n_type` IN ('43') ORDER BY time desc LIMIT 0,12   [ RunTime:0.0015s ]
SQL: SELECT * FROM `report_categories` WHERE `Id` = 15 LIMIT 1   [ RunTime:0.0013s ]
NOTIC: [8] Undefined index: id D:\phpStudy\WWW\zjtr\Application\Home\Controller\MallController.class.php 第 430 行.
INFO: [ view_parse ] --START--
INFO: [ template_filter ] --START--
INFO: Run Behavior\ContentReplaceBehavior [ RunTime:0.000642s ]
INFO: [ template_filter ] --END-- [ RunTime:0.000902s ]
NOTIC: [8] Undefined index: data D:\phpStudy\WWW\zjtr\Application\Runtime\Cache\Home\e3117c840d18014a3e66d1d1620d3d4a.php 第 159 行.
NOTIC: [8] Undefined variable: wd D:\phpStudy\WWW\zjtr\Application\Runtime\Cache\Home\e3117c840d18014a3e66d1d1620d3d4a.php 第 165 行.
NOTIC: [8] Undefined variable: gwc D:\phpStudy\WWW\zjtr\Application\Runtime\Cache\Home\e3117c840d18014a3e66d1d1620d3d4a.php 第 170 行.
NOTIC: [8] Undefined variable: mbxs D:\phpStudy\WWW\zjtr\Application\Runtime\Cache\Home\e3117c840d18014a3e66d1d1620d3d4a.php 第 508 行.
NOTIC: [8] Undefined variable: id D:\phpStudy\WWW\zjtr\Application\Runtime\Cache\Home\e3117c840d18014a3e66d1d1620d3d4a.php 第 548 行.
NOTIC: [8] Undefined variable: id D:\phpStudy\WWW\zjtr\Application\Runtime\Cache\Home\e3117c840d18014a3e66d1d1620d3d4a.php 第 551 行.
INFO: Run Behavior\ParseTemplateBehavior [ RunTime:0.056802s ]
INFO: [ view_parse ] --END-- [ RunTime:0.057166s ]
INFO: [ view_filter ] --START--
INFO: Run Behavior\WriteHtmlCacheBehavior [ RunTime:0.001310s ]
INFO: [ view_filter ] --END-- [ RunTime:0.001620s ]
INFO: [ app_end ] --START--
INFO: Run Behavior\ShowPageTraceBehavior [ RunTime:0.002253s ]
INFO: [ app_end ] --END-- [ RunTime:0.002478s ]

[ 2017-11-06T09:25:42+08:00 ] ::1 /zjtr/Home/images/qbfl.png
INFO: [ app_init ] --START--
INFO: Run Behavior\BuildLiteBehavior [ RunTime:0.000044s ]
INFO: [ app_init ] --END-- [ RunTime:0.000668s ]

[ 2017-11-06T09:25:46+08:00 ] ::1 /zjtr/Home/My/index
INFO: [ app_init ] --START--
INFO: Run Behavior\BuildLiteBehavior [ RunTime:0.000026s ]
INFO: [ app_init ] --END-- [ RunTime:0.000550s ]
INFO: [ app_begin ] --START--
INFO: Run Behavior\ReadHtmlCacheBehavior [ RunTime:0.000633s ]
INFO: [ app_begin ] --END-- [ RunTime:0.000724s ]
SQL: SHOW COLUMNS FROM `report_categories` [ RunTime:0.0157s ]
SQL: SELECT * FROM `report_categories` WHERE ( type_id=0 and web=2 ) ORDER BY id asc LIMIT 6   [ RunTime:0.0020s ]
SQL: SELECT * FROM `report_categories` WHERE ( type_id=0 and web=2 and ix=2 ) ORDER BY id asc LIMIT 6   [ RunTime:0.0018s ]
SQL: SELECT * FROM `report_categories` WHERE ( type_id!=0 and web=2 ) ORDER BY id asc  [ RunTime:0.0020s ]
SQL: SHOW COLUMNS FROM `emph` [ RunTime:0.0149s ]
SQL: SELECT * FROM `emph` LIMIT 1   [ RunTime:0.0014s ]
SQL: SHOW COLUMNS FROM `new_x` [ RunTime:0.0135s ]
SQL: SELECT * FROM `new_x` LIMIT 4   [ RunTime:0.0014s ]
SQL: SHOW COLUMNS FROM `user` [ RunTime:0.0142s ]
SQL: SELECT * FROM `user` WHERE `Id` = 8 LIMIT 1   [ RunTime:0.0015s ]
SQL: SHOW COLUMNS FROM `address` [ RunTime:0.0152s ]
SQL: SELECT * FROM `address` WHERE ( a_user=8 )  [ RunTime:0.0015s ]
INFO: [ view_parse ] --START--
INFO: [ template_filter ] --START--
INFO: Run Behavior\ContentReplaceBehavior [ RunTime:0.001356s ]
INFO: [ template_filter ] --END-- [ RunTime:0.001782s ]
NOTIC: [8] Undefined index: data D:\phpStudy\WWW\zjtr\Application\Runtime\Cache\Home\3375be4febe9bbf400c079f5f448465c.php 第 159 行.
NOTIC: [8] Undefined variable: gwc D:\phpStudy\WWW\zjtr\Application\Runtime\Cache\Home\3375be4febe9bbf400c079f5f448465c.php 第 170 行.
NOTIC: [8] Undefined variable: tishi D:\phpStudy\WWW\zjtr\Application\Runtime\Cache\Home\3375be4febe9bbf400c079f5f448465c.php 第 173 行.
NOTIC: [8] Undefined variable: n D:\phpStudy\WWW\zjtr\Application\Runtime\Cache\Home\3375be4febe9bbf400c079f5f448465c.php 第 264 行.
NOTIC: [8] Undefined variable: n D:\phpStudy\WWW\zjtr\Application\Runtime\Cache\Home\3375be4febe9bbf400c079f5f448465c.php 第 264 行.
NOTIC: [8] Undefined variable: n D:\phpStudy\WWW\zjtr\Application\Runtime\Cache\Home\3375be4febe9bbf400c079f5f448465c.php 第 264 行.
NOTIC: [8] Undefined variable: n D:\phpStudy\WWW\zjtr\Application\Runtime\Cache\Home\3375be4febe9bbf400c079f5f448465c.php 第 264 行.
NOTIC: [8] Undefined variable: n D:\phpStudy\WWW\zjtr\Application\Runtime\Cache\Home\3375be4febe9bbf400c079f5f448465c.php 第 264 行.
NOTIC: [8] Undefined variable: n D:\phpStudy\WWW\zjtr\Application\Runtime\Cache\Home\3375be4febe9bbf400c079f5f448465c.php 第 264 行.
NOTIC: [8] Undefined variable: r D:\phpStudy\WWW\zjtr\Application\Runtime\Cache\Home\3375be4febe9bbf400c079f5f448465c.php 第 698 行.
NOTIC: [8] Undefined variable: r D:\phpStudy\WWW\zjtr\Application\Runtime\Cache\Home\3375be4febe9bbf400c079f5f448465c.php 第 698 行.
NOTIC: [8] Undefined variable: r D:\phpStudy\WWW\zjtr\Application\Runtime\Cache\Home\3375be4febe9bbf400c079f5f448465c.php 第 698 行.
NOTIC: [8] Undefined variable: r D:\phpStudy\WWW\zjtr\Application\Runtime\Cache\Home\3375be4febe9bbf400c079f5f448465c.php 第 698 行.
INFO: Run Behavior\ParseTemplateBehavior [ RunTime:0.064221s ]
INFO: [ view_parse ] --END-- [ RunTime:0.064653s ]
INFO: [ view_filter ] --START--
INFO: Run Behavior\WriteHtmlCacheBehavior [ RunTime:0.002302s ]
INFO: [ view_filter ] --END-- [ RunTime:0.002571s ]
INFO: [ app_end ] --START--
INFO: Run Behavior\ShowPageTraceBehavior [ RunTime:0.001993s ]
INFO: [ app_end ] --END-- [ RunTime:0.002208s ]

[ 2017-11-06T09:25:46+08:00 ] ::1 /zjtr/Home/images/qbfl.png
INFO: [ app_init ] --START--
INFO: Run Behavior\BuildLiteBehavior [ RunTime:0.000025s ]
INFO: [ app_init ] --END-- [ RunTime:0.000548s ]

[ 2017-11-06T09:26:21+08:00 ] ::1 /zjtr/Home/Mall/cart
INFO: [ app_init ] --START--
INFO: Run Behavior\BuildLiteBehavior [ RunTime:0.000014s ]
INFO: [ app_init ] --END-- [ RunTime:0.000321s ]
INFO: [ app_begin ] --START--
INFO: Run Behavior\ReadHtmlCacheBehavior [ RunTime:0.000412s ]
INFO: [ app_begin ] --END-- [ RunTime:0.000471s ]
SQL: SHOW COLUMNS FROM `report_categories` [ RunTime:0.0200s ]
SQL: SELECT * FROM `report_categories` WHERE ( type_id=0 and web=2 ) ORDER BY id asc LIMIT 6   [ RunTime:0.0043s ]
SQL: SELECT * FROM `report_categories` WHERE ( type_id=0 and web=2 and ix=2 ) ORDER BY id asc LIMIT 6   [ RunTime:0.0018s ]
SQL: SELECT * FROM `report_categories` WHERE ( type_id!=0 and web=2 ) ORDER BY id asc  [ RunTime:0.0028s ]
SQL: SHOW COLUMNS FROM `emph` [ RunTime:0.0169s ]
SQL: SELECT * FROM `emph` LIMIT 1   [ RunTime:0.0013s ]
SQL: SHOW COLUMNS FROM `shopcart` [ RunTime:0.0154s ]
SQL: SELECT * FROM `shopcart` WHERE `cook` = 'pqnv4a441opo550ngsi730dcq2'  [ RunTime:0.0024s ]
SQL: SELECT COUNT(*) AS tp_count FROM `shopcart` WHERE `l_id` = 8 LIMIT 1   [ RunTime:0.0020s ]
SQL: SHOW COLUMNS FROM `address` [ RunTime:0.0147s ]
SQL: SELECT * FROM `address` WHERE ( a_user=8 )  [ RunTime:0.0015s ]
SQL: SHOW COLUMNS FROM `new_x` [ RunTime:0.0182s ]
SQL: SELECT * FROM `shopcart` WHERE `cook` = 'pqnv4a441opo550ngsi730dcq2'  [ RunTime:0.0011s ]
SQL: SELECT * FROM `shopcart` WHERE `l_id` = 8  [ RunTime:0.0015s ]
INFO: [ view_parse ] --START--
INFO: [ template_filter ] --START--
INFO: Run Behavior\ContentReplaceBehavior [ RunTime:0.001244s ]
INFO: [ template_filter ] --END-- [ RunTime:0.001723s ]
NOTIC: [8] Undefined index: data D:\phpStudy\WWW\zjtr\Application\Runtime\Cache\Home\3e0c3b6b225895a058de9b9c25e9ba52.php 第 159 行.
NOTIC: [8] Undefined variable: wd D:\phpStudy\WWW\zjtr\Application\Runtime\Cache\Home\3e0c3b6b225895a058de9b9c25e9ba52.php 第 165 行.
NOTIC: [8] Undefined variable: n D:\phpStudy\WWW\zjtr\Application\Runtime\Cache\Home\3e0c3b6b225895a058de9b9c25e9ba52.php 第 264 行.
NOTIC: [8] Undefined variable: n D:\phpStudy\WWW\zjtr\Application\Runtime\Cache\Home\3e0c3b6b225895a058de9b9c25e9ba52.php 第 264 行.
NOTIC: [8] Undefined variable: n D:\phpStudy\WWW\zjtr\Application\Runtime\Cache\Home\3e0c3b6b225895a058de9b9c25e9ba52.php 第 264 行.
NOTIC: [8] Undefined variable: n D:\phpStudy\WWW\zjtr\Application\Runtime\Cache\Home\3e0c3b6b225895a058de9b9c25e9ba52.php 第 264 行.
NOTIC: [8] Undefined variable: n D:\phpStudy\WWW\zjtr\Application\Runtime\Cache\Home\3e0c3b6b225895a058de9b9c25e9ba52.php 第 264 行.
NOTIC: [8] Undefined variable: n D:\phpStudy\WWW\zjtr\Application\Runtime\Cache\Home\3e0c3b6b225895a058de9b9c25e9ba52.php 第 264 行.
INFO: Run Behavior\ParseTemplateBehavior [ RunTime:0.095145s ]
INFO: [ view_parse ] --END-- [ RunTime:0.095393s ]
INFO: [ view_filter ] --START--
INFO: Run Behavior\WriteHtmlCacheBehavior [ RunTime:0.001280s ]
INFO: [ view_filter ] --END-- [ RunTime:0.001515s ]
INFO: [ app_end ] --START--
INFO: Run Behavior\ShowPageTraceBehavior [ RunTime:0.002980s ]
INFO: [ app_end ] --END-- [ RunTime:0.003717s ]

[ 2017-11-06T09:26:21+08:00 ] ::1 /zjtr/Home/images/qbfl.png
INFO: [ app_init ] --START--
INFO: Run Behavior\BuildLiteBehavior [ RunTime:0.000017s ]
INFO: [ app_init ] --END-- [ RunTime:0.000469s ]

[ 2017-11-06T09:26:31+08:00 ] ::1 /zjtr/Home/My/index
INFO: [ app_init ] --START--
INFO: Run Behavior\BuildLiteBehavior [ RunTime:0.000016s ]
INFO: [ app_init ] --END-- [ RunTime:0.000356s ]
INFO: [ app_begin ] --START--
INFO: Run Behavior\ReadHtmlCacheBehavior [ RunTime:0.000447s ]
INFO: [ app_begin ] --END-- [ RunTime:0.000515s ]
SQL: SHOW COLUMNS FROM `report_categories` [ RunTime:0.0147s ]
SQL: SELECT * FROM `report_categories` WHERE ( type_id=0 and web=2 ) ORDER BY id asc LIMIT 6   [ RunTime:0.0021s ]
SQL: SELECT * FROM `report_categories` WHERE ( type_id=0 and web=2 and ix=2 ) ORDER BY id asc LIMIT 6   [ RunTime:0.0023s ]
SQL: SELECT * FROM `report_categories` WHERE ( type_id!=0 and web=2 ) ORDER BY id asc  [ RunTime:0.0021s ]
SQL: SHOW COLUMNS FROM `emph` [ RunTime:0.0137s ]
SQL: SELECT * FROM `emph` LIMIT 1   [ RunTime:0.0015s ]
SQL: SHOW COLUMNS FROM `new_x` [ RunTime:0.0150s ]
SQL: SELECT * FROM `new_x` LIMIT 4   [ RunTime:0.0014s ]
SQL: SHOW COLUMNS FROM `user` [ RunTime:0.0137s ]
SQL: SELECT * FROM `user` WHERE `Id` = 8 LIMIT 1   [ RunTime:0.0018s ]
SQL: SHOW COLUMNS FROM `address` [ RunTime:0.0144s ]
SQL: SELECT * FROM `address` WHERE ( a_user=8 )  [ RunTime:0.0015s ]
INFO: [ view_parse ] --START--
INFO: [ template_filter ] --START--
INFO: Run Behavior\ContentReplaceBehavior [ RunTime:0.000590s ]
INFO: [ template_filter ] --END-- [ RunTime:0.000814s ]
NOTIC: [8] Undefined index: data D:\phpStudy\WWW\zjtr\Application\Runtime\Cache\Home\3375be4febe9bbf400c079f5f448465c.php 第 159 行.
NOTIC: [8] Undefined variable: gwc D:\phpStudy\WWW\zjtr\Application\Runtime\Cache\Home\3375be4febe9bbf400c079f5f448465c.php 第 170 行.
NOTIC: [8] Undefined variable: tishi D:\phpStudy\WWW\zjtr\Application\Runtime\Cache\Home\3375be4febe9bbf400c079f5f448465c.php 第 173 行.
NOTIC: [8] Undefined variable: n D:\phpStudy\WWW\zjtr\Application\Runtime\Cache\Home\3375be4febe9bbf400c079f5f448465c.php 第 264 行.
NOTIC: [8] Undefined variable: n D:\phpStudy\WWW\zjtr\Application\Runtime\Cache\Home\3375be4febe9bbf400c079f5f448465c.php 第 264 行.
NOTIC: [8] Undefined variable: n D:\phpStudy\WWW\zjtr\Application\Runtime\Cache\Home\3375be4febe9bbf400c079f5f448465c.php 第 264 行.
NOTIC: [8] Undefined variable: n D:\phpStudy\WWW\zjtr\Application\Runtime\Cache\Home\3375be4febe9bbf400c079f5f448465c.php 第 264 行.
NOTIC: [8] Undefined variable: n D:\phpStudy\WWW\zjtr\Application\Runtime\Cache\Home\3375be4febe9bbf400c079f5f448465c.php 第 264 行.
NOTIC: [8] Undefined variable: n D:\phpStudy\WWW\zjtr\Application\Runtime\Cache\Home\3375be4febe9bbf400c079f5f448465c.php 第 264 行.
NOTIC: [8] Undefined variable: r D:\phpStudy\WWW\zjtr\Application\Runtime\Cache\Home\3375be4febe9bbf400c079f5f448465c.php 第 698 行.
NOTIC: [8] Undefined variable: r D:\phpStudy\WWW\zjtr\Application\Runtime\Cache\Home\3375be4febe9bbf400c079f5f448465c.php 第 698 行.
NOTIC: [8] Undefined variable: r D:\phpStudy\WWW\zjtr\Application\Runtime\Cache\Home\3375be4febe9bbf400c079f5f448465c.php 第 698 行.
NOTIC: [8] Undefined variable: r D:\phpStudy\WWW\zjtr\Application\Runtime\Cache\Home\3375be4febe9bbf400c079f5f448465c.php 第 698 行.
INFO: Run Behavior\ParseTemplateBehavior [ RunTime:0.082848s ]
INFO: [ view_parse ] --END-- [ RunTime:0.083134s ]
INFO: [ view_filter ] --START--
INFO: Run Behavior\WriteHtmlCacheBehavior [ RunTime:0.000989s ]
INFO: [ view_filter ] --END-- [ RunTime:0.001151s ]
INFO: [ app_end ] --START--
INFO: Run Behavior\ShowPageTraceBehavior [ RunTime:0.004520s ]
INFO: [ app_end ] --END-- [ RunTime:0.005159s ]

[ 2017-11-06T09:26:31+08:00 ] ::1 /zjtr/Home/images/qbfl.png
INFO: [ app_init ] --START--
INFO: Run Behavior\BuildLiteBehavior [ RunTime:0.000030s ]
INFO: [ app_init ] --END-- [ RunTime:0.000569s ]

[ 2017-11-06T09:26:33+08:00 ] ::1 /zjtr/Home/My/order
INFO: [ app_init ] --START--
INFO: Run Behavior\BuildLiteBehavior [ RunTime:0.000024s ]
INFO: [ app_init ] --END-- [ RunTime:0.000341s ]
INFO: [ app_begin ] --START--
INFO: Run Behavior\ReadHtmlCacheBehavior [ RunTime:0.000416s ]
INFO: [ app_begin ] --END-- [ RunTime:0.000472s ]
SQL: SHOW COLUMNS FROM `report_categories` [ RunTime:0.0110s ]
SQL: SELECT * FROM `report_categories` WHERE ( type_id=0 and web=2 ) ORDER BY id asc LIMIT 6   [ RunTime:0.0015s ]
SQL: SELECT * FROM `report_categories` WHERE ( type_id=0 and web=2 and ix=2 ) ORDER BY id asc LIMIT 6   [ RunTime:0.0014s ]
SQL: SELECT * FROM `report_categories` WHERE ( type_id!=0 and web=2 ) ORDER BY id asc  [ RunTime:0.0018s ]
SQL: SHOW COLUMNS FROM `emph` [ RunTime:0.0123s ]
SQL: SELECT * FROM `emph` LIMIT 1   [ RunTime:0.0009s ]
SQL: SHOW COLUMNS FROM `new_x` [ RunTime:0.0119s ]
SQL: SELECT * FROM `new_x` LIMIT 4   [ RunTime:0.0009s ]
SQL: SHOW COLUMNS FROM `transaction_information` [ RunTime:0.0094s ]
SQL: SELECT * FROM `transaction_information` WHERE ( name='sunqicai' )  [ RunTime:0.0038s ]
INFO: [ view_parse ] --START--
INFO: [ template_filter ] --START--
INFO: Run Behavior\ContentReplaceBehavior [ RunTime:0.000375s ]
INFO: [ template_filter ] --END-- [ RunTime:0.000542s ]
NOTIC: [8] Undefined index: data D:\phpStudy\WWW\zjtr\Application\Runtime\Cache\Home\ea3cb4e52aec07a4b905ed1b6daab2b0.php 第 159 行.
NOTIC: [8] Undefined variable: gwc D:\phpStudy\WWW\zjtr\Application\Runtime\Cache\Home\ea3cb4e52aec07a4b905ed1b6daab2b0.php 第 170 行.
NOTIC: [8] Undefined variable: tishi D:\phpStudy\WWW\zjtr\Application\Runtime\Cache\Home\ea3cb4e52aec07a4b905ed1b6daab2b0.php 第 173 行.
NOTIC: [8] Undefined variable: n D:\phpStudy\WWW\zjtr\Application\Runtime\Cache\Home\ea3cb4e52aec07a4b905ed1b6daab2b0.php 第 264 行.
NOTIC: [8] Undefined variable: n D:\phpStudy\WWW\zjtr\Application\Runtime\Cache\Home\ea3cb4e52aec07a4b905ed1b6daab2b0.php 第 264 行.
NOTIC: [8] Undefined variable: n D:\phpStudy\WWW\zjtr\Application\Runtime\Cache\Home\ea3cb4e52aec07a4b905ed1b6daab2b0.php 第 264 行.
NOTIC: [8] Undefined variable: n D:\phpStudy\WWW\zjtr\Application\Runtime\Cache\Home\ea3cb4e52aec07a4b905ed1b6daab2b0.php 第 264 行.
NOTIC: [8] Undefined variable: n D:\phpStudy\WWW\zjtr\Application\Runtime\Cache\Home\ea3cb4e52aec07a4b905ed1b6daab2b0.php 第 264 行.
NOTIC: [8] Undefined variable: n D:\phpStudy\WWW\zjtr\Application\Runtime\Cache\Home\ea3cb4e52aec07a4b905ed1b6daab2b0.php 第 264 行.
NOTIC: [8] Undefined variable: r D:\phpStudy\WWW\zjtr\Application\Runtime\Cache\Home\ea3cb4e52aec07a4b905ed1b6daab2b0.php 第 581 行.
NOTIC: [8] Undefined variable: r D:\phpStudy\WWW\zjtr\Application\Runtime\Cache\Home\ea3cb4e52aec07a4b905ed1b6daab2b0.php 第 581 行.
NOTIC: [8] Undefined variable: r D:\phpStudy\WWW\zjtr\Application\Runtime\Cache\Home\ea3cb4e52aec07a4b905ed1b6daab2b0.php 第 581 行.
NOTIC: [8] Undefined variable: r D:\phpStudy\WWW\zjtr\Application\Runtime\Cache\Home\ea3cb4e52aec07a4b905ed1b6daab2b0.php 第 581 行.
INFO: Run Behavior\ParseTemplateBehavior [ RunTime:0.037529s ]
INFO: [ view_parse ] --END-- [ RunTime:0.037671s ]
INFO: [ view_filter ] --START--
INFO: Run Behavior\WriteHtmlCacheBehavior [ RunTime:0.000477s ]
INFO: [ view_filter ] --END-- [ RunTime:0.000631s ]
INFO: [ app_end ] --START--
INFO: Run Behavior\ShowPageTraceBehavior [ RunTime:0.001523s ]
INFO: [ app_end ] --END-- [ RunTime:0.001698s ]

[ 2017-11-06T09:26:34+08:00 ] ::1 /zjtr/Home/images/qbfl.png
INFO: [ app_init ] --START--
INFO: Run Behavior\BuildLiteBehavior [ RunTime:0.000038s ]
INFO: [ app_init ] --END-- [ RunTime:0.000817s ]

[ 2017-11-06T09:26:35+08:00 ] ::1 /zjtr/Home/My/address
INFO: [ app_init ] --START--
INFO: Run Behavior\BuildLiteBehavior [ RunTime:0.000024s ]
INFO: [ app_init ] --END-- [ RunTime:0.000357s ]
INFO: [ app_begin ] --START--
INFO: Run Behavior\ReadHtmlCacheBehavior [ RunTime:0.000415s ]
INFO: [ app_begin ] --END-- [ RunTime:0.000472s ]
SQL: SHOW COLUMNS FROM `report_categories` [ RunTime:0.0190s ]
SQL: SELECT * FROM `report_categories` WHERE ( type_id=0 and web=2 ) ORDER BY id asc LIMIT 6   [ RunTime:0.0035s ]
SQL: SELECT * FROM `report_categories` WHERE ( type_id=0 and web=2 and ix=2 ) ORDER BY id asc LIMIT 6   [ RunTime:0.0008s ]
SQL: SELECT * FROM `report_categories` WHERE ( type_id!=0 and web=2 ) ORDER BY id asc  [ RunTime:0.0008s ]
SQL: SHOW COLUMNS FROM `emph` [ RunTime:0.0053s ]
SQL: SELECT * FROM `emph` LIMIT 1   [ RunTime:0.0007s ]
SQL: SHOW COLUMNS FROM `new_x` [ RunTime:0.0089s ]
SQL: SELECT * FROM `new_x` LIMIT 4   [ RunTime:0.0006s ]
SQL: SHOW COLUMNS FROM `address` [ RunTime:0.0042s ]
SQL: SELECT * FROM `address` WHERE ( a_user=8 )  [ RunTime:0.0006s ]
INFO: [ view_parse ] --START--
INFO: [ template_filter ] --START--
INFO: Run Behavior\ContentReplaceBehavior [ RunTime:0.000167s ]
INFO: [ template_filter ] --END-- [ RunTime:0.000262s ]
NOTIC: [8] Undefined index: data D:\phpStudy\WWW\zjtr\Application\Runtime\Cache\Home\816cb7d1f23c0e218176fd50c887e443.php 第 159 行.
NOTIC: [8] Undefined variable: gwc D:\phpStudy\WWW\zjtr\Application\Runtime\Cache\Home\816cb7d1f23c0e218176fd50c887e443.php 第 170 行.
NOTIC: [8] Undefined variable: tishi D:\phpStudy\WWW\zjtr\Application\Runtime\Cache\Home\816cb7d1f23c0e218176fd50c887e443.php 第 173 行.
NOTIC: [8] Undefined variable: n D:\phpStudy\WWW\zjtr\Application\Runtime\Cache\Home\816cb7d1f23c0e218176fd50c887e443.php 第 264 行.
NOTIC: [8] Undefined variable: n D:\phpStudy\WWW\zjtr\Application\Runtime\Cache\Home\816cb7d1f23c0e218176fd50c887e443.php 第 264 行.
NOTIC: [8] Undefined variable: n D:\phpStudy\WWW\zjtr\Application\Runtime\Cache\Home\816cb7d1f23c0e218176fd50c887e443.php 第 264 行.
NOTIC: [8] Undefined variable: n D:\phpStudy\WWW\zjtr\Application\Runtime\Cache\Home\816cb7d1f23c0e218176fd50c887e443.php 第 264 行.
NOTIC: [8] Undefined variable: n D:\phpStudy\WWW\zjtr\Application\Runtime\Cache\Home\816cb7d1f23c0e218176fd50c887e443.php 第 264 行.
NOTIC: [8] Undefined variable: n D:\phpStudy\WWW\zjtr\Application\Runtime\Cache\Home\816cb7d1f23c0e218176fd50c887e443.php 第 264 行.
NOTIC: [8] Undefined variable: r D:\phpStudy\WWW\zjtr\Application\Runtime\Cache\Home\816cb7d1f23c0e218176fd50c887e443.php 第 674 行.
NOTIC: [8] Undefined variable: r D:\phpStudy\WWW\zjtr\Application\Runtime\Cache\Home\816cb7d1f23c0e218176fd50c887e443.php 第 674 行.
NOTIC: [8] Undefined variable: r D:\phpStudy\WWW\zjtr\Application\Runtime\Cache\Home\816cb7d1f23c0e218176fd50c887e443.php 第 674 行.
NOTIC: [8] Undefined variable: r D:\phpStudy\WWW\zjtr\Application\Runtime\Cache\Home\816cb7d1f23c0e218176fd50c887e443.php 第 674 行.
INFO: Run Behavior\ParseTemplateBehavior [ RunTime:0.084813s ]
INFO: [ view_parse ] --END-- [ RunTime:0.084901s ]
INFO: [ view_filter ] --START--
INFO: Run Behavior\WriteHtmlCacheBehavior [ RunTime:0.000284s ]
INFO: [ view_filter ] --END-- [ RunTime:0.000335s ]
INFO: [ app_end ] --START--
INFO: Run Behavior\ShowPageTraceBehavior [ RunTime:0.000693s ]
INFO: [ app_end ] --END-- [ RunTime:0.000794s ]

[ 2017-11-06T09:26:36+08:00 ] ::1 /zjtr/Home/images/qbfl.png
INFO: [ app_init ] --START--
INFO: Run Behavior\BuildLiteBehavior [ RunTime:0.000027s ]
INFO: [ app_init ] --END-- [ RunTime:0.000571s ]

