[ 2017-10-28T16:06:00+08:00 ] ::1 /zjtr/
INFO: [ app_init ] --START--
INFO: Run Behavior\BuildLiteBehavior [ RunTime:0.000052s ]
INFO: [ app_init ] --END-- [ RunTime:0.002076s ]
INFO: [ app_begin ] --START--
INFO: Run Behavior\ReadHtmlCacheBehavior [ RunTime:0.043953s ]
INFO: [ app_begin ] --END-- [ RunTime:0.044253s ]
SQL: SHOW COLUMNS FROM `report_categories` [ RunTime:0.0465s ]
SQL: SELECT * FROM `report_categories` WHERE ( type_id=0 and web=1 ) ORDER BY id asc  [ RunTime:0.0217s ]
SQL: SELECT * FROM `report_categories` WHERE ( type_id!=0 and web=1 ) ORDER BY id asc  [ RunTime:0.0076s ]
SQL: SHOW COLUMNS FROM `banner` [ RunTime:0.0191s ]
SQL: SELECT * FROM `banner` WHERE ( web=1 )  [ RunTime:0.0006s ]
SQL: SHOW COLUMNS FROM `emph` [ RunTime:0.0337s ]
SQL: SELECT * FROM `emph` LIMIT 1   [ RunTime:0.0071s ]
SQL: SELECT * FROM `report_categories` WHERE ( ix=1 ) ORDER BY px asc  [ RunTime:0.0010s ]
INFO: [ view_parse ] --START--
INFO: [ template_filter ] --START--
INFO: Run Behavior\ContentReplaceBehavior [ RunTime:0.000135s ]
INFO: [ template_filter ] --END-- [ RunTime:0.000229s ]
NOTIC: [8] Undefined index: er D:\phpStudy\WWW\zjtr\Application\Runtime\Cache\Home\2a94b8bda04ff446dcedd42276fc99ee.php 第 31 行.
NOTIC: [8] Undefined index: er D:\phpStudy\WWW\zjtr\Application\Runtime\Cache\Home\2a94b8bda04ff446dcedd42276fc99ee.php 第 31 行.
INFO: Run Behavior\ParseTemplateBehavior [ RunTime:0.055321s ]
INFO: [ view_parse ] --END-- [ RunTime:0.055447s ]
INFO: [ view_filter ] --START--
INFO: Run Behavior\WriteHtmlCacheBehavior [ RunTime:0.001281s ]
INFO: [ view_filter ] --END-- [ RunTime:0.001370s ]
INFO: [ app_end ] --START--
INFO: Run Behavior\ShowPageTraceBehavior [ RunTime:0.002022s ]
INFO: [ app_end ] --END-- [ RunTime:0.002137s ]

