[ 2018-03-10T16:25:14+08:00 ] ::1 /zjtr/
ERR: SQLSTATE[HY000] [1049] Unknown database 'shtresearch'

[ 2018-03-10T16:25:26+08:00 ] ::1 /zjtr/
ERR: SQLSTATE[HY000] [1049] Unknown database 'shtresearch'

[ 2018-03-10T16:25:54+08:00 ] ::1 /zjtr/
ERR: SQLSTATE[HY000] [1049] Unknown database 'shtresearch'

[ 2018-03-10T16:36:07+08:00 ] ::1 /zjtr/
ERR: SQLSTATE[HY000] [1049] Unknown database 'shtresearch'

[ 2018-03-10T16:36:49+08:00 ] ::1 /zjtr/
INFO: [ app_init ] --START--
INFO: Run Behavior\BuildLiteBehavior [ RunTime:0.000026s ]
INFO: [ app_init ] --END-- [ RunTime:0.000703s ]
INFO: [ app_begin ] --START--
INFO: Run Behavior\ReadHtmlCacheBehavior [ RunTime:0.003655s ]
INFO: [ app_begin ] --END-- [ RunTime:0.003809s ]
ERR: SQLSTATE[HY000] [1049] Unknown database 'shtresearch'

[ 2018-03-10T16:38:00+08:00 ] ::1 /zjtr/
INFO: [ app_init ] --START--
INFO: Run Behavior\BuildLiteBehavior [ RunTime:0.000028s ]
INFO: [ app_init ] --END-- [ RunTime:0.000932s ]
INFO: [ app_begin ] --START--
INFO: Run Behavior\ReadHtmlCacheBehavior [ RunTime:0.002153s ]
INFO: [ app_begin ] --END-- [ RunTime:0.002550s ]
SQL: SHOW COLUMNS FROM `report_categories` [ RunTime:0.0079s ]
SQL: SELECT * FROM `report_categories` WHERE ( type_id=0 and web=1 ) ORDER BY id asc  [ RunTime:0.0009s ]
SQL: SELECT * FROM `report_categories` WHERE ( type_id!=0 and web=1 ) ORDER BY id asc  [ RunTime:0.0009s ]
SQL: SHOW COLUMNS FROM `banner` [ RunTime:0.0061s ]
SQL: SELECT * FROM `banner` WHERE ( web=1 )  [ RunTime:0.0005s ]
SQL: SHOW COLUMNS FROM `emph` [ RunTime:0.0067s ]
SQL: SELECT * FROM `emph` LIMIT 1   [ RunTime:0.0005s ]
SQL: SELECT * FROM `report_categories` WHERE ( ix=1 ) ORDER BY px asc  [ RunTime:0.0006s ]
INFO: [ view_parse ] --START--
INFO: [ template_filter ] --START--
INFO: Run Behavior\ContentReplaceBehavior [ RunTime:0.011843s ]
INFO: [ template_filter ] --END-- [ RunTime:0.011955s ]
NOTIC: [8] Undefined index: zjtr_id D:\phpStudy\PHPTutorial\WWW\zjtr\Application\Runtime\Cache\Home\2a94b8bda04ff446dcedd42276fc99ee.php 第 86 行.
NOTIC: [8] Undefined index: er D:\phpStudy\PHPTutorial\WWW\zjtr\Application\Runtime\Cache\Home\2a94b8bda04ff446dcedd42276fc99ee.php 第 112 行.
NOTIC: [8] Undefined index: er D:\phpStudy\PHPTutorial\WWW\zjtr\Application\Runtime\Cache\Home\2a94b8bda04ff446dcedd42276fc99ee.php 第 112 行.
INFO: Run Behavior\ParseTemplateBehavior [ RunTime:0.105687s ]
INFO: [ view_parse ] --END-- [ RunTime:0.105752s ]
INFO: [ view_filter ] --START--
INFO: Run Behavior\WriteHtmlCacheBehavior [ RunTime:0.022228s ]
INFO: [ view_filter ] --END-- [ RunTime:0.022289s ]
INFO: [ app_end ] --START--
INFO: Run Behavior\ShowPageTraceBehavior [ RunTime:0.008679s ]
INFO: [ app_end ] --END-- [ RunTime:0.008781s ]

[ 2018-03-10T16:38:10+08:00 ] ::1 /zjtr/Home/Mall/index?active=5
INFO: [ app_init ] --START--
INFO: Run Behavior\BuildLiteBehavior [ RunTime:0.000029s ]
INFO: [ app_init ] --END-- [ RunTime:0.001086s ]
INFO: [ app_begin ] --START--
INFO: Run Behavior\ReadHtmlCacheBehavior [ RunTime:0.001329s ]
INFO: [ app_begin ] --END-- [ RunTime:0.001445s ]
SQL: SHOW COLUMNS FROM `report_categories` [ RunTime:0.0107s ]
SQL: SELECT * FROM `report_categories` WHERE ( type_id=0 and web=2 ) ORDER BY id asc LIMIT 6   [ RunTime:0.0014s ]
SQL: SELECT * FROM `report_categories` WHERE ( type_id=0 and web=2 and ix=2 ) ORDER BY id asc LIMIT 6   [ RunTime:0.0015s ]
SQL: SELECT * FROM `report_categories` WHERE ( type_id!=0 and web=2 ) ORDER BY id asc  [ RunTime:0.0012s ]
SQL: SHOW COLUMNS FROM `emph` [ RunTime:0.0083s ]
SQL: SELECT * FROM `emph` LIMIT 1   [ RunTime:0.0006s ]
SQL: SHOW COLUMNS FROM `shopcart` [ RunTime:0.0074s ]
NOTIC: [8] Undefined index: zjtr_id D:\phpStudy\PHPTutorial\WWW\zjtr\Application\Home\Controller\PublicController.class.php 第 72 行.
SQL: SELECT COUNT(*) AS tp_count FROM `shopcart` WHERE `l_id` = 0 AND `cook` = '18grjb7c7vpd86i3rdrh31qa43' LIMIT 1   [ RunTime:0.0009s ]
SQL: SHOW COLUMNS FROM `new_x` [ RunTime:0.0110s ]
SQL: SELECT * FROM `new_x` WHERE ( n_type=35 ) LIMIT 3   [ RunTime:0.0012s ]
SQL: SELECT * FROM `new_x` WHERE ( n_type=41 ) ORDER BY time desc LIMIT 6   [ RunTime:0.0009s ]
SQL: SHOW COLUMNS FROM `banner` [ RunTime:0.0082s ]
SQL: SELECT * FROM `banner` WHERE ( web=3 )  [ RunTime:0.0006s ]
INFO: [ view_parse ] --START--
INFO: [ template_filter ] --START--
INFO: Run Behavior\ContentReplaceBehavior [ RunTime:0.000227s ]
INFO: [ template_filter ] --END-- [ RunTime:0.000310s ]
NOTIC: [8] Undefined index: zjtr_id D:\phpStudy\PHPTutorial\WWW\zjtr\Application\Runtime\Cache\Home\859ac05ab42bf124173f06e7cce2b592.php 第 66 行.
NOTIC: [8] Undefined index: data D:\phpStudy\PHPTutorial\WWW\zjtr\Application\Runtime\Cache\Home\859ac05ab42bf124173f06e7cce2b592.php 第 158 行.
NOTIC: [8] Undefined variable: wd D:\phpStudy\PHPTutorial\WWW\zjtr\Application\Runtime\Cache\Home\859ac05ab42bf124173f06e7cce2b592.php 第 164 行.
NOTIC: [8] Undefined variable: gwc D:\phpStudy\PHPTutorial\WWW\zjtr\Application\Runtime\Cache\Home\859ac05ab42bf124173f06e7cce2b592.php 第 169 行.
INFO: Run Behavior\ParseTemplateBehavior [ RunTime:0.649872s ]
INFO: [ view_parse ] --END-- [ RunTime:0.650053s ]
INFO: [ view_filter ] --START--
INFO: Run Behavior\WriteHtmlCacheBehavior [ RunTime:0.000601s ]
INFO: [ view_filter ] --END-- [ RunTime:0.000649s ]
INFO: [ app_end ] --START--
INFO: Run Behavior\ShowPageTraceBehavior [ RunTime:0.000949s ]
INFO: [ app_end ] --END-- [ RunTime:0.001007s ]

[ 2018-03-10T16:38:10+08:00 ] ::1 /zjtr/Home/images/qbfl.png
INFO: [ app_init ] --START--
INFO: Run Behavior\BuildLiteBehavior [ RunTime:0.000023s ]
INFO: [ app_init ] --END-- [ RunTime:0.000781s ]

[ 2018-03-10T16:38:48+08:00 ] ::1 /zjtr/Home/Mall/index?active=5
INFO: [ app_init ] --START--
INFO: Run Behavior\BuildLiteBehavior [ RunTime:0.000024s ]
INFO: [ app_init ] --END-- [ RunTime:0.000818s ]
INFO: [ app_begin ] --START--
INFO: Run Behavior\ReadHtmlCacheBehavior [ RunTime:0.000770s ]
INFO: [ app_begin ] --END-- [ RunTime:0.000834s ]
SQL: SHOW COLUMNS FROM `report_categories` [ RunTime:0.0058s ]
SQL: SELECT * FROM `report_categories` WHERE ( type_id=0 and web=2 ) ORDER BY id asc LIMIT 6   [ RunTime:0.0007s ]
SQL: SELECT * FROM `report_categories` WHERE ( type_id=0 and web=2 and ix=2 ) ORDER BY id asc LIMIT 6   [ RunTime:0.0007s ]
SQL: SELECT * FROM `report_categories` WHERE ( type_id!=0 and web=2 ) ORDER BY id asc  [ RunTime:0.0011s ]
SQL: SHOW COLUMNS FROM `emph` [ RunTime:0.0073s ]
SQL: SELECT * FROM `emph` LIMIT 1   [ RunTime:0.0007s ]
SQL: SHOW COLUMNS FROM `shopcart` [ RunTime:0.0066s ]
NOTIC: [8] Undefined index: zjtr_id D:\phpStudy\PHPTutorial\WWW\zjtr\Application\Home\Controller\PublicController.class.php 第 72 行.
SQL: SELECT COUNT(*) AS tp_count FROM `shopcart` WHERE `l_id` = 0 AND `cook` = '18grjb7c7vpd86i3rdrh31qa43' LIMIT 1   [ RunTime:0.0005s ]
SQL: SHOW COLUMNS FROM `new_x` [ RunTime:0.0085s ]
SQL: SELECT * FROM `new_x` WHERE ( n_type=35 ) LIMIT 3   [ RunTime:0.0007s ]
SQL: SELECT * FROM `new_x` WHERE ( n_type=41 ) ORDER BY time desc LIMIT 6   [ RunTime:0.0009s ]
SQL: SHOW COLUMNS FROM `banner` [ RunTime:0.0080s ]
SQL: SELECT * FROM `banner` WHERE ( web=3 )  [ RunTime:0.0005s ]
INFO: [ view_parse ] --START--
INFO: [ template_filter ] --START--
INFO: Run Behavior\ContentReplaceBehavior [ RunTime:0.000232s ]
INFO: [ template_filter ] --END-- [ RunTime:0.000312s ]
NOTIC: [8] Undefined index: zjtr_id D:\phpStudy\PHPTutorial\WWW\zjtr\Application\Runtime\Cache\Home\859ac05ab42bf124173f06e7cce2b592.php 第 66 行.
NOTIC: [8] Undefined index: data D:\phpStudy\PHPTutorial\WWW\zjtr\Application\Runtime\Cache\Home\859ac05ab42bf124173f06e7cce2b592.php 第 158 行.
NOTIC: [8] Undefined variable: wd D:\phpStudy\PHPTutorial\WWW\zjtr\Application\Runtime\Cache\Home\859ac05ab42bf124173f06e7cce2b592.php 第 164 行.
NOTIC: [8] Undefined variable: gwc D:\phpStudy\PHPTutorial\WWW\zjtr\Application\Runtime\Cache\Home\859ac05ab42bf124173f06e7cce2b592.php 第 169 行.
INFO: Run Behavior\ParseTemplateBehavior [ RunTime:0.021321s ]
INFO: [ view_parse ] --END-- [ RunTime:0.021383s ]
INFO: [ view_filter ] --START--
INFO: Run Behavior\WriteHtmlCacheBehavior [ RunTime:0.000343s ]
INFO: [ view_filter ] --END-- [ RunTime:0.000381s ]
INFO: [ app_end ] --START--
INFO: Run Behavior\ShowPageTraceBehavior [ RunTime:0.000853s ]
INFO: [ app_end ] --END-- [ RunTime:0.000920s ]

[ 2018-03-10T16:38:49+08:00 ] ::1 /zjtr/Home/images/qbfl.png
INFO: [ app_init ] --START--
INFO: Run Behavior\BuildLiteBehavior [ RunTime:0.000033s ]
INFO: [ app_init ] --END-- [ RunTime:0.000702s ]

[ 2018-03-10T16:42:38+08:00 ] ::1 /zjtr/Home/Mall/index?active=5
INFO: [ app_init ] --START--
INFO: Run Behavior\BuildLiteBehavior [ RunTime:0.000016s ]
INFO: [ app_init ] --END-- [ RunTime:0.000577s ]
INFO: [ app_begin ] --START--
INFO: Run Behavior\ReadHtmlCacheBehavior [ RunTime:0.001017s ]
INFO: [ app_begin ] --END-- [ RunTime:0.001085s ]
SQL: SHOW COLUMNS FROM `report_categories` [ RunTime:0.0092s ]
SQL: SELECT * FROM `report_categories` WHERE ( type_id=0 and web=2 ) ORDER BY id asc LIMIT 6   [ RunTime:0.0006s ]
SQL: SELECT * FROM `report_categories` WHERE ( type_id=0 and web=2 and ix=2 ) ORDER BY id asc LIMIT 6   [ RunTime:0.0005s ]
SQL: SELECT * FROM `report_categories` WHERE ( type_id!=0 and web=2 ) ORDER BY id asc  [ RunTime:0.0007s ]
SQL: SHOW COLUMNS FROM `emph` [ RunTime:0.0145s ]
SQL: SELECT * FROM `emph` LIMIT 1   [ RunTime:0.0005s ]
SQL: SHOW COLUMNS FROM `shopcart` [ RunTime:0.0049s ]
NOTIC: [8] Undefined index: zjtr_id D:\phpStudy\PHPTutorial\WWW\zjtr\Application\Home\Controller\PublicController.class.php 第 72 行.
SQL: SELECT COUNT(*) AS tp_count FROM `shopcart` WHERE `l_id` = 0 AND `cook` = '18grjb7c7vpd86i3rdrh31qa43' LIMIT 1   [ RunTime:0.0005s ]
SQL: SHOW COLUMNS FROM `new_x` [ RunTime:0.0055s ]
SQL: SELECT * FROM `new_x` WHERE ( n_type=35 ) LIMIT 3   [ RunTime:0.0006s ]
SQL: SELECT * FROM `new_x` WHERE ( n_type=41 ) ORDER BY time desc LIMIT 6   [ RunTime:0.0009s ]
SQL: SHOW COLUMNS FROM `banner` [ RunTime:0.0063s ]
SQL: SELECT * FROM `banner` WHERE ( web=3 )  [ RunTime:0.0006s ]
INFO: [ view_parse ] --START--
INFO: [ template_filter ] --START--
INFO: Run Behavior\ContentReplaceBehavior [ RunTime:0.000151s ]
INFO: [ template_filter ] --END-- [ RunTime:0.000202s ]
NOTIC: [8] Undefined index: zjtr_id D:\phpStudy\PHPTutorial\WWW\zjtr\Application\Runtime\Cache\Home\859ac05ab42bf124173f06e7cce2b592.php 第 66 行.
NOTIC: [8] Undefined index: data D:\phpStudy\PHPTutorial\WWW\zjtr\Application\Runtime\Cache\Home\859ac05ab42bf124173f06e7cce2b592.php 第 158 行.
NOTIC: [8] Undefined variable: wd D:\phpStudy\PHPTutorial\WWW\zjtr\Application\Runtime\Cache\Home\859ac05ab42bf124173f06e7cce2b592.php 第 164 行.
NOTIC: [8] Undefined variable: gwc D:\phpStudy\PHPTutorial\WWW\zjtr\Application\Runtime\Cache\Home\859ac05ab42bf124173f06e7cce2b592.php 第 169 行.
INFO: Run Behavior\ParseTemplateBehavior [ RunTime:0.022971s ]
INFO: [ view_parse ] --END-- [ RunTime:0.023038s ]
INFO: [ view_filter ] --START--
INFO: Run Behavior\WriteHtmlCacheBehavior [ RunTime:0.000810s ]
INFO: [ view_filter ] --END-- [ RunTime:0.000863s ]
INFO: [ app_end ] --START--
INFO: Run Behavior\ShowPageTraceBehavior [ RunTime:0.001434s ]
INFO: [ app_end ] --END-- [ RunTime:0.001512s ]

[ 2018-03-10T16:42:39+08:00 ] ::1 /zjtr/Home/images/qbfl.png
INFO: [ app_init ] --START--
INFO: Run Behavior\BuildLiteBehavior [ RunTime:0.000022s ]
INFO: [ app_init ] --END-- [ RunTime:0.000680s ]

[ 2018-03-10T16:43:58+08:00 ] ::1 /zjtr/Home/Mall/release?active=15
INFO: [ app_init ] --START--
INFO: Run Behavior\BuildLiteBehavior [ RunTime:0.000016s ]
INFO: [ app_init ] --END-- [ RunTime:0.000494s ]
INFO: [ app_begin ] --START--
INFO: Run Behavior\ReadHtmlCacheBehavior [ RunTime:0.001249s ]
INFO: [ app_begin ] --END-- [ RunTime:0.001348s ]
SQL: SHOW COLUMNS FROM `report_categories` [ RunTime:0.0058s ]
SQL: SELECT * FROM `report_categories` WHERE ( type_id=0 and web=2 ) ORDER BY id asc LIMIT 6   [ RunTime:0.0007s ]
SQL: SELECT * FROM `report_categories` WHERE ( type_id=0 and web=2 and ix=2 ) ORDER BY id asc LIMIT 6   [ RunTime:0.0006s ]
SQL: SELECT * FROM `report_categories` WHERE ( type_id!=0 and web=2 ) ORDER BY id asc  [ RunTime:0.0006s ]
SQL: SHOW COLUMNS FROM `emph` [ RunTime:0.0057s ]
SQL: SELECT * FROM `emph` LIMIT 1   [ RunTime:0.0005s ]
SQL: SHOW COLUMNS FROM `shopcart` [ RunTime:0.0052s ]
NOTIC: [8] Undefined index: zjtr_id D:\phpStudy\PHPTutorial\WWW\zjtr\Application\Home\Controller\PublicController.class.php 第 72 行.
SQL: SELECT COUNT(*) AS tp_count FROM `shopcart` WHERE `l_id` = 0 AND `cook` = '18grjb7c7vpd86i3rdrh31qa43' LIMIT 1   [ RunTime:0.0006s ]
SQL: SHOW COLUMNS FROM `new_x` [ RunTime:0.0055s ]
NOTIC: [8] Undefined index: id D:\phpStudy\PHPTutorial\WWW\zjtr\Application\Home\Controller\MallController.class.php 第 400 行.
SQL: SELECT * FROM `report_categories` WHERE ( Type_id=15 )  [ RunTime:0.0005s ]
SQL: SELECT COUNT(*) AS tp_count FROM `new_x` WHERE `n_type` IN ('43') LIMIT 1   [ RunTime:0.0005s ]
SQL: SELECT * FROM `new_x` WHERE `n_type` IN ('43') ORDER BY time desc LIMIT 0,12   [ RunTime:0.0008s ]
SQL: SELECT * FROM `report_categories` WHERE `Id` = 15 LIMIT 1   [ RunTime:0.0007s ]
NOTIC: [8] Undefined index: id D:\phpStudy\PHPTutorial\WWW\zjtr\Application\Home\Controller\MallController.class.php 第 431 行.
INFO: [ view_parse ] --START--
INFO: [ template_filter ] --START--
INFO: Run Behavior\ContentReplaceBehavior [ RunTime:0.000149s ]
INFO: [ template_filter ] --END-- [ RunTime:0.000203s ]
NOTIC: [8] Undefined index: zjtr_id D:\phpStudy\PHPTutorial\WWW\zjtr\Application\Runtime\Cache\Home\e3117c840d18014a3e66d1d1620d3d4a.php 第 67 行.
NOTIC: [8] Undefined index: data D:\phpStudy\PHPTutorial\WWW\zjtr\Application\Runtime\Cache\Home\e3117c840d18014a3e66d1d1620d3d4a.php 第 159 行.
NOTIC: [8] Undefined variable: wd D:\phpStudy\PHPTutorial\WWW\zjtr\Application\Runtime\Cache\Home\e3117c840d18014a3e66d1d1620d3d4a.php 第 165 行.
NOTIC: [8] Undefined variable: gwc D:\phpStudy\PHPTutorial\WWW\zjtr\Application\Runtime\Cache\Home\e3117c840d18014a3e66d1d1620d3d4a.php 第 170 行.
NOTIC: [8] Undefined variable: mbxs D:\phpStudy\PHPTutorial\WWW\zjtr\Application\Runtime\Cache\Home\e3117c840d18014a3e66d1d1620d3d4a.php 第 508 行.
NOTIC: [8] Undefined variable: id D:\phpStudy\PHPTutorial\WWW\zjtr\Application\Runtime\Cache\Home\e3117c840d18014a3e66d1d1620d3d4a.php 第 548 行.
NOTIC: [8] Undefined variable: id D:\phpStudy\PHPTutorial\WWW\zjtr\Application\Runtime\Cache\Home\e3117c840d18014a3e66d1d1620d3d4a.php 第 551 行.
INFO: Run Behavior\ParseTemplateBehavior [ RunTime:0.035144s ]
INFO: [ view_parse ] --END-- [ RunTime:0.035228s ]
INFO: [ view_filter ] --START--
INFO: Run Behavior\WriteHtmlCacheBehavior [ RunTime:0.000853s ]
INFO: [ view_filter ] --END-- [ RunTime:0.000912s ]
INFO: [ app_end ] --START--
INFO: Run Behavior\ShowPageTraceBehavior [ RunTime:0.001339s ]
INFO: [ app_end ] --END-- [ RunTime:0.001417s ]

[ 2018-03-10T16:43:59+08:00 ] ::1 /zjtr/Home/images/qbfl.png
INFO: [ app_init ] --START--
INFO: Run Behavior\BuildLiteBehavior [ RunTime:0.000023s ]
INFO: [ app_init ] --END-- [ RunTime:0.000622s ]

[ 2018-03-10T16:51:14+08:00 ] ::1 /zjtr/Home/Mall/product?active=14
INFO: [ app_init ] --START--
INFO: Run Behavior\BuildLiteBehavior [ RunTime:0.000016s ]
INFO: [ app_init ] --END-- [ RunTime:0.000482s ]
INFO: [ app_begin ] --START--
INFO: Run Behavior\ReadHtmlCacheBehavior [ RunTime:0.001197s ]
INFO: [ app_begin ] --END-- [ RunTime:0.001277s ]
SQL: SHOW COLUMNS FROM `report_categories` [ RunTime:0.0067s ]
SQL: SELECT * FROM `report_categories` WHERE ( type_id=0 and web=2 ) ORDER BY id asc LIMIT 6   [ RunTime:0.0007s ]
SQL: SELECT * FROM `report_categories` WHERE ( type_id=0 and web=2 and ix=2 ) ORDER BY id asc LIMIT 6   [ RunTime:0.0006s ]
SQL: SELECT * FROM `report_categories` WHERE ( type_id!=0 and web=2 ) ORDER BY id asc  [ RunTime:0.0006s ]
SQL: SHOW COLUMNS FROM `emph` [ RunTime:0.0058s ]
SQL: SELECT * FROM `emph` LIMIT 1   [ RunTime:0.0006s ]
SQL: SHOW COLUMNS FROM `shopcart` [ RunTime:0.0063s ]
NOTIC: [8] Undefined index: zjtr_id D:\phpStudy\PHPTutorial\WWW\zjtr\Application\Home\Controller\PublicController.class.php 第 72 行.
SQL: SELECT COUNT(*) AS tp_count FROM `shopcart` WHERE `l_id` = 0 AND `cook` = '18grjb7c7vpd86i3rdrh31qa43' LIMIT 1   [ RunTime:0.0005s ]
SQL: SHOW COLUMNS FROM `new_x` [ RunTime:0.0057s ]
NOTIC: [8] Undefined index: id D:\phpStudy\PHPTutorial\WWW\zjtr\Application\Home\Controller\MallController.class.php 第 355 行.
SQL: SELECT * FROM `report_categories` WHERE ( Type_id=13  or Type_id=14 or Type_id=15 or Type_id=16 or Type_id=17 or Type_id=18  )  [ RunTime:0.0006s ]
SQL: SELECT COUNT(*) AS tp_count FROM `new_x` WHERE `n_type` IN ('28','35','38','39','40','41','42','43','44','50','52') LIMIT 1   [ RunTime:0.0005s ]
SQL: SELECT * FROM `new_x` WHERE `n_type` IN ('28','35','38','39','40','41','42','43','44','50','52') ORDER BY time desc LIMIT 0,12   [ RunTime:0.0008s ]
SQL: SELECT * FROM `report_categories` WHERE `Id` = 14 LIMIT 1   [ RunTime:0.0007s ]
NOTIC: [8] Undefined index: id D:\phpStudy\PHPTutorial\WWW\zjtr\Application\Home\Controller\MallController.class.php 第 384 行.
INFO: [ view_parse ] --START--
INFO: [ template_filter ] --START--
INFO: Run Behavior\ContentReplaceBehavior [ RunTime:0.000197s ]
INFO: [ template_filter ] --END-- [ RunTime:0.000271s ]
NOTIC: [8] Undefined index: zjtr_id D:\phpStudy\PHPTutorial\WWW\zjtr\Application\Runtime\Cache\Home\e3117c840d18014a3e66d1d1620d3d4a.php 第 67 行.
NOTIC: [8] Undefined index: data D:\phpStudy\PHPTutorial\WWW\zjtr\Application\Runtime\Cache\Home\e3117c840d18014a3e66d1d1620d3d4a.php 第 159 行.
NOTIC: [8] Undefined variable: wd D:\phpStudy\PHPTutorial\WWW\zjtr\Application\Runtime\Cache\Home\e3117c840d18014a3e66d1d1620d3d4a.php 第 165 行.
NOTIC: [8] Undefined variable: gwc D:\phpStudy\PHPTutorial\WWW\zjtr\Application\Runtime\Cache\Home\e3117c840d18014a3e66d1d1620d3d4a.php 第 170 行.
NOTIC: [8] Undefined variable: mbxs D:\phpStudy\PHPTutorial\WWW\zjtr\Application\Runtime\Cache\Home\e3117c840d18014a3e66d1d1620d3d4a.php 第 508 行.
NOTIC: [8] Undefined variable: id D:\phpStudy\PHPTutorial\WWW\zjtr\Application\Runtime\Cache\Home\e3117c840d18014a3e66d1d1620d3d4a.php 第 548 行.
NOTIC: [8] Undefined variable: id D:\phpStudy\PHPTutorial\WWW\zjtr\Application\Runtime\Cache\Home\e3117c840d18014a3e66d1d1620d3d4a.php 第 551 行.
INFO: Run Behavior\ParseTemplateBehavior [ RunTime:0.020911s ]
INFO: [ view_parse ] --END-- [ RunTime:0.020979s ]
INFO: [ view_filter ] --START--
INFO: Run Behavior\WriteHtmlCacheBehavior [ RunTime:0.000622s ]
INFO: [ view_filter ] --END-- [ RunTime:0.000658s ]
INFO: [ app_end ] --START--
INFO: Run Behavior\ShowPageTraceBehavior [ RunTime:0.001490s ]
INFO: [ app_end ] --END-- [ RunTime:0.001572s ]

[ 2018-03-10T16:51:14+08:00 ] ::1 /zjtr/Home/images/qbfl.png
INFO: [ app_init ] --START--
INFO: Run Behavior\BuildLiteBehavior [ RunTime:0.000026s ]
INFO: [ app_init ] --END-- [ RunTime:0.000910s ]

[ 2018-03-10T16:51:21+08:00 ] ::1 /zjtr/Home/Mall/details?active=14&id=24
INFO: [ app_init ] --START--
INFO: Run Behavior\BuildLiteBehavior [ RunTime:0.000020s ]
INFO: [ app_init ] --END-- [ RunTime:0.000621s ]
INFO: [ app_begin ] --START--
INFO: Run Behavior\ReadHtmlCacheBehavior [ RunTime:0.001616s ]
INFO: [ app_begin ] --END-- [ RunTime:0.001701s ]
SQL: SHOW COLUMNS FROM `report_categories` [ RunTime:0.0064s ]
SQL: SELECT * FROM `report_categories` WHERE ( type_id=0 and web=2 ) ORDER BY id asc LIMIT 6   [ RunTime:0.0008s ]
SQL: SELECT * FROM `report_categories` WHERE ( type_id=0 and web=2 and ix=2 ) ORDER BY id asc LIMIT 6   [ RunTime:0.0005s ]
SQL: SELECT * FROM `report_categories` WHERE ( type_id!=0 and web=2 ) ORDER BY id asc  [ RunTime:0.0006s ]
SQL: SHOW COLUMNS FROM `emph` [ RunTime:0.0074s ]
SQL: SELECT * FROM `emph` LIMIT 1   [ RunTime:0.0005s ]
SQL: SHOW COLUMNS FROM `shopcart` [ RunTime:0.0056s ]
NOTIC: [8] Undefined index: zjtr_id D:\phpStudy\PHPTutorial\WWW\zjtr\Application\Home\Controller\PublicController.class.php 第 72 行.
SQL: SELECT COUNT(*) AS tp_count FROM `shopcart` WHERE `l_id` = 0 AND `cook` = '18grjb7c7vpd86i3rdrh31qa43' LIMIT 1   [ RunTime:0.0006s ]
NOTIC: [8] Undefined index: zjtr_id D:\phpStudy\PHPTutorial\WWW\zjtr\Application\Home\Controller\MallController.class.php 第 579 行.
SQL: SHOW COLUMNS FROM `colour` [ RunTime:0.0066s ]
SQL: SHOW COLUMNS FROM `new_x` [ RunTime:0.0054s ]
SQL: SELECT * FROM `new_x` WHERE `id` = 24 LIMIT 1   [ RunTime:0.0007s ]
SQL: SELECT * FROM `report_categories` WHERE `Id` = 38 LIMIT 1   [ RunTime:0.0005s ]
SQL: SELECT * FROM `colour` WHERE `col_id` IN ('1','2')  [ RunTime:0.0005s ]
SQL: SELECT * FROM `report_categories` WHERE ( id=38 ) LIMIT 1   [ RunTime:0.0004s ]
SQL: SELECT * FROM `report_categories` WHERE ( type_id=16 )  [ RunTime:0.0004s ]
SQL: SELECT * FROM `new_x` WHERE `id` NOT IN ('24') AND `n_type` IN ('28','38','50','52') LIMIT 4   [ RunTime:0.0006s ]
INFO: [ view_parse ] --START--
INFO: [ template_filter ] --START--
INFO: Run Behavior\ContentReplaceBehavior [ RunTime:0.000198s ]
INFO: [ template_filter ] --END-- [ RunTime:0.000253s ]
NOTIC: [8] Undefined index: zjtr_id D:\phpStudy\PHPTutorial\WWW\zjtr\Application\Runtime\Cache\Home\4ebb6ba449e803cd6ea9294f722af8d9.php 第 67 行.
NOTIC: [8] Undefined index: data D:\phpStudy\PHPTutorial\WWW\zjtr\Application\Runtime\Cache\Home\4ebb6ba449e803cd6ea9294f722af8d9.php 第 159 行.
NOTIC: [8] Undefined variable: wd D:\phpStudy\PHPTutorial\WWW\zjtr\Application\Runtime\Cache\Home\4ebb6ba449e803cd6ea9294f722af8d9.php 第 165 行.
NOTIC: [8] Undefined variable: gwc D:\phpStudy\PHPTutorial\WWW\zjtr\Application\Runtime\Cache\Home\4ebb6ba449e803cd6ea9294f722af8d9.php 第 170 行.
NOTIC: [8] Undefined variable: address D:\phpStudy\PHPTutorial\WWW\zjtr\Application\Runtime\Cache\Home\4ebb6ba449e803cd6ea9294f722af8d9.php 第 669 行.
INFO: Run Behavior\ParseTemplateBehavior [ RunTime:0.037595s ]
INFO: [ view_parse ] --END-- [ RunTime:0.037679s ]
INFO: [ view_filter ] --START--
INFO: Run Behavior\WriteHtmlCacheBehavior [ RunTime:0.000942s ]
INFO: [ view_filter ] --END-- [ RunTime:0.000991s ]
INFO: [ app_end ] --START--
INFO: Run Behavior\ShowPageTraceBehavior [ RunTime:0.001917s ]
INFO: [ app_end ] --END-- [ RunTime:0.002027s ]

[ 2018-03-10T16:51:21+08:00 ] ::1 /zjtr/Home/images/qbfl.png
INFO: [ app_init ] --START--
INFO: Run Behavior\BuildLiteBehavior [ RunTime:0.000028s ]
INFO: [ app_init ] --END-- [ RunTime:0.000958s ]

[ 2018-03-10T16:51:25+08:00 ] ::1 /zjtr/Home/Mall/goumai
INFO: [ app_init ] --START--
INFO: Run Behavior\BuildLiteBehavior [ RunTime:0.000030s ]
INFO: [ app_init ] --END-- [ RunTime:0.000620s ]
INFO: [ app_begin ] --START--
INFO: Run Behavior\ReadHtmlCacheBehavior [ RunTime:0.001664s ]
INFO: [ app_begin ] --END-- [ RunTime:0.002040s ]
SQL: SHOW COLUMNS FROM `transaction_information` [ RunTime:0.0072s ]
SQL: SHOW COLUMNS FROM `shopcart` [ RunTime:0.0080s ]
NOTIC: [8] Undefined index: zjtr_id D:\phpStudy\PHPTutorial\WWW\zjtr\Application\Home\Controller\MallController.class.php 第 9 行.
NOTIC: [8] Undefined index: zjtr_user D:\phpStudy\PHPTutorial\WWW\zjtr\Application\Home\Controller\MallController.class.php 第 655 行.
NOTIC: [8] Undefined index: address D:\phpStudy\PHPTutorial\WWW\zjtr\Application\Home\Controller\MallController.class.php 第 658 行.
NOTIC: [8] Undefined index: zjtr_phone D:\phpStudy\PHPTutorial\WWW\zjtr\Application\Home\Controller\MallController.class.php 第 659 行.
ERR: 1048:Column 'name' cannot be null
 [ SQL语句 ] : INSERT INTO `transaction_information` (`num`,`state`,`cp_title`,`name`,`email`,`Order_number`,`companyaddress`,`companyphone`,`price`) VALUES ('1','24','对对对',NULL,'白色 数量1,黑色 数量0','zjtr_241520671885',NULL,NULL,'41')
ERR: 1048:Column 'name' cannot be null
 [ SQL语句 ] : INSERT INTO `transaction_information` (`num`,`state`,`cp_title`,`name`,`email`,`Order_number`,`companyaddress`,`companyphone`,`price`) VALUES ('1','24','对对对',NULL,'白色 数量1,黑色 数量0','zjtr_241520671885',NULL,NULL,'41')

[ 2018-03-10T16:51:27+08:00 ] ::1 /zjtr/Home/Mall/login
INFO: [ app_init ] --START--
INFO: Run Behavior\BuildLiteBehavior [ RunTime:0.000019s ]
INFO: [ app_init ] --END-- [ RunTime:0.000593s ]
INFO: [ app_begin ] --START--
INFO: Run Behavior\ReadHtmlCacheBehavior [ RunTime:0.000764s ]
INFO: [ app_begin ] --END-- [ RunTime:0.000857s ]
NOTIC: [8] Undefined index: zjtr_id D:\phpStudy\PHPTutorial\WWW\zjtr\Application\Home\Controller\MallController.class.php 第 18 行.
NOTIC: [8] Undefined index: sub D:\phpStudy\PHPTutorial\WWW\zjtr\Application\Home\Controller\MallController.class.php 第 244 行.
INFO: [ view_parse ] --START--
INFO: [ template_filter ] --START--
INFO: Run Behavior\ContentReplaceBehavior [ RunTime:0.000072s ]
INFO: [ template_filter ] --END-- [ RunTime:0.000123s ]
NOTIC: [8] Undefined index: zjtr_id D:\phpStudy\PHPTutorial\WWW\zjtr\Application\Runtime\Cache\Home\171dba524f89975ac472b6f67c741e70.php 第 66 行.
INFO: Run Behavior\ParseTemplateBehavior [ RunTime:0.024156s ]
INFO: [ view_parse ] --END-- [ RunTime:0.024238s ]
INFO: [ view_filter ] --START--
INFO: Run Behavior\WriteHtmlCacheBehavior [ RunTime:0.000984s ]
INFO: [ view_filter ] --END-- [ RunTime:0.001049s ]
INFO: [ app_end ] --START--
INFO: Run Behavior\ShowPageTraceBehavior [ RunTime:0.002400s ]
INFO: [ app_end ] --END-- [ RunTime:0.002490s ]

[ 2018-03-10T16:51:34+08:00 ] ::1 /zjtr/Home/Mall/login
INFO: [ app_init ] --START--
INFO: Run Behavior\BuildLiteBehavior [ RunTime:0.000017s ]
INFO: [ app_init ] --END-- [ RunTime:0.000503s ]
INFO: [ app_begin ] --START--
INFO: Run Behavior\ReadHtmlCacheBehavior [ RunTime:0.000671s ]
INFO: [ app_begin ] --END-- [ RunTime:0.000743s ]
NOTIC: [8] Undefined index: zjtr_id D:\phpStudy\PHPTutorial\WWW\zjtr\Application\Home\Controller\MallController.class.php 第 18 行.
SQL: SHOW COLUMNS FROM `user` [ RunTime:0.0063s ]
NOTIC: [8] Undefined index: validate D:\phpStudy\PHPTutorial\WWW\zjtr\ThinkPHP\Library\Think\Model.class.php 第 1185 行.
NOTIC: [8] Undefined index: auto D:\phpStudy\PHPTutorial\WWW\zjtr\ThinkPHP\Library\Think\Model.class.php 第 1128 行.
SQL: SELECT * FROM `user` WHERE `Name` = 'admin' AND `Pass` = 'e10adc3949ba59abbe56e057f20f883e' LIMIT 1   [ RunTime:0.0006s ]
INFO: [ app_end ] --START--
INFO: Run Behavior\ShowPageTraceBehavior [ RunTime:0.001145s ]
INFO: [ app_end ] --END-- [ RunTime:0.001208s ]

[ 2018-03-10T16:51:34+08:00 ] ::1 /zjtr/Home/Mall/login
INFO: [ app_init ] --START--
INFO: Run Behavior\BuildLiteBehavior [ RunTime:0.000015s ]
INFO: [ app_init ] --END-- [ RunTime:0.000473s ]
INFO: [ app_begin ] --START--
INFO: Run Behavior\ReadHtmlCacheBehavior [ RunTime:0.000738s ]
INFO: [ app_begin ] --END-- [ RunTime:0.000810s ]
NOTIC: [8] Undefined index: zjtr_id D:\phpStudy\PHPTutorial\WWW\zjtr\Application\Home\Controller\MallController.class.php 第 18 行.
NOTIC: [8] Undefined index: sub D:\phpStudy\PHPTutorial\WWW\zjtr\Application\Home\Controller\MallController.class.php 第 244 行.
INFO: [ view_parse ] --START--
INFO: [ template_filter ] --START--
INFO: Run Behavior\ContentReplaceBehavior [ RunTime:0.000072s ]
INFO: [ template_filter ] --END-- [ RunTime:0.000120s ]
NOTIC: [8] Undefined index: zjtr_id D:\phpStudy\PHPTutorial\WWW\zjtr\Application\Runtime\Cache\Home\171dba524f89975ac472b6f67c741e70.php 第 66 行.
INFO: Run Behavior\ParseTemplateBehavior [ RunTime:0.012464s ]
INFO: [ view_parse ] --END-- [ RunTime:0.012535s ]
INFO: [ view_filter ] --START--
INFO: Run Behavior\WriteHtmlCacheBehavior [ RunTime:0.000521s ]
INFO: [ view_filter ] --END-- [ RunTime:0.000567s ]
INFO: [ app_end ] --START--
INFO: Run Behavior\ShowPageTraceBehavior [ RunTime:0.001063s ]
INFO: [ app_end ] --END-- [ RunTime:0.001122s ]

[ 2018-03-10T16:51:40+08:00 ] ::1 /zjtr/Home/Mall/login
INFO: [ app_init ] --START--
INFO: Run Behavior\BuildLiteBehavior [ RunTime:0.000016s ]
INFO: [ app_init ] --END-- [ RunTime:0.000457s ]
INFO: [ app_begin ] --START--
INFO: Run Behavior\ReadHtmlCacheBehavior [ RunTime:0.000550s ]
INFO: [ app_begin ] --END-- [ RunTime:0.000601s ]
NOTIC: [8] Undefined index: zjtr_id D:\phpStudy\PHPTutorial\WWW\zjtr\Application\Home\Controller\MallController.class.php 第 18 行.
SQL: SHOW COLUMNS FROM `user` [ RunTime:0.0062s ]
NOTIC: [8] Undefined index: validate D:\phpStudy\PHPTutorial\WWW\zjtr\ThinkPHP\Library\Think\Model.class.php 第 1185 行.
NOTIC: [8] Undefined index: auto D:\phpStudy\PHPTutorial\WWW\zjtr\ThinkPHP\Library\Think\Model.class.php 第 1128 行.
SQL: SELECT * FROM `user` WHERE `Name` = 'admin' AND `Pass` = '21232f297a57a5a743894a0e4a801fc3' LIMIT 1   [ RunTime:0.0008s ]
INFO: [ app_end ] --START--
INFO: Run Behavior\ShowPageTraceBehavior [ RunTime:0.000989s ]
INFO: [ app_end ] --END-- [ RunTime:0.001040s ]

[ 2018-03-10T16:51:40+08:00 ] ::1 /zjtr/Home/Mall/login
INFO: [ app_init ] --START--
INFO: Run Behavior\BuildLiteBehavior [ RunTime:0.000016s ]
INFO: [ app_init ] --END-- [ RunTime:0.000576s ]
INFO: [ app_begin ] --START--
INFO: Run Behavior\ReadHtmlCacheBehavior [ RunTime:0.000564s ]
INFO: [ app_begin ] --END-- [ RunTime:0.000616s ]
NOTIC: [8] Undefined index: zjtr_id D:\phpStudy\PHPTutorial\WWW\zjtr\Application\Home\Controller\MallController.class.php 第 18 行.
NOTIC: [8] Undefined index: sub D:\phpStudy\PHPTutorial\WWW\zjtr\Application\Home\Controller\MallController.class.php 第 244 行.
INFO: [ view_parse ] --START--
INFO: [ template_filter ] --START--
INFO: Run Behavior\ContentReplaceBehavior [ RunTime:0.000073s ]
INFO: [ template_filter ] --END-- [ RunTime:0.000123s ]
NOTIC: [8] Undefined index: zjtr_id D:\phpStudy\PHPTutorial\WWW\zjtr\Application\Runtime\Cache\Home\171dba524f89975ac472b6f67c741e70.php 第 66 行.
INFO: Run Behavior\ParseTemplateBehavior [ RunTime:0.011801s ]
INFO: [ view_parse ] --END-- [ RunTime:0.011853s ]
INFO: [ view_filter ] --START--
INFO: Run Behavior\WriteHtmlCacheBehavior [ RunTime:0.000669s ]
INFO: [ view_filter ] --END-- [ RunTime:0.000727s ]
INFO: [ app_end ] --START--
INFO: Run Behavior\ShowPageTraceBehavior [ RunTime:0.001255s ]
INFO: [ app_end ] --END-- [ RunTime:0.001329s ]

[ 2018-03-10T16:51:47+08:00 ] ::1 /zjtr/Home/Mall/login
INFO: [ app_init ] --START--
INFO: Run Behavior\BuildLiteBehavior [ RunTime:0.000095s ]
INFO: [ app_init ] --END-- [ RunTime:0.001084s ]
INFO: [ app_begin ] --START--
INFO: Run Behavior\ReadHtmlCacheBehavior [ RunTime:0.000577s ]
INFO: [ app_begin ] --END-- [ RunTime:0.000632s ]
NOTIC: [8] Undefined index: zjtr_id D:\phpStudy\PHPTutorial\WWW\zjtr\Application\Home\Controller\MallController.class.php 第 18 行.
SQL: SHOW COLUMNS FROM `user` [ RunTime:0.0101s ]
NOTIC: [8] Undefined index: validate D:\phpStudy\PHPTutorial\WWW\zjtr\ThinkPHP\Library\Think\Model.class.php 第 1185 行.
NOTIC: [8] Undefined index: auto D:\phpStudy\PHPTutorial\WWW\zjtr\ThinkPHP\Library\Think\Model.class.php 第 1128 行.
SQL: SELECT * FROM `user` WHERE `Name` = 'admin' AND `Pass` = 'fcea920f7412b5da7be0cf42b8c93759' LIMIT 1   [ RunTime:0.0007s ]
INFO: [ app_end ] --START--
INFO: Run Behavior\ShowPageTraceBehavior [ RunTime:0.001123s ]
INFO: [ app_end ] --END-- [ RunTime:0.001174s ]

[ 2018-03-10T16:51:48+08:00 ] ::1 /zjtr/Home/Mall/login
INFO: [ app_init ] --START--
INFO: Run Behavior\BuildLiteBehavior [ RunTime:0.000026s ]
INFO: [ app_init ] --END-- [ RunTime:0.000792s ]
INFO: [ app_begin ] --START--
INFO: Run Behavior\ReadHtmlCacheBehavior [ RunTime:0.000860s ]
INFO: [ app_begin ] --END-- [ RunTime:0.000947s ]
NOTIC: [8] Undefined index: zjtr_id D:\phpStudy\PHPTutorial\WWW\zjtr\Application\Home\Controller\MallController.class.php 第 18 行.
NOTIC: [8] Undefined index: sub D:\phpStudy\PHPTutorial\WWW\zjtr\Application\Home\Controller\MallController.class.php 第 244 行.
INFO: [ view_parse ] --START--
INFO: [ template_filter ] --START--
INFO: Run Behavior\ContentReplaceBehavior [ RunTime:0.000111s ]
INFO: [ template_filter ] --END-- [ RunTime:0.000187s ]
NOTIC: [8] Undefined index: zjtr_id D:\phpStudy\PHPTutorial\WWW\zjtr\Application\Runtime\Cache\Home\171dba524f89975ac472b6f67c741e70.php 第 66 行.
INFO: Run Behavior\ParseTemplateBehavior [ RunTime:0.015528s ]
INFO: [ view_parse ] --END-- [ RunTime:0.015606s ]
INFO: [ view_filter ] --START--
INFO: Run Behavior\WriteHtmlCacheBehavior [ RunTime:0.000744s ]
INFO: [ view_filter ] --END-- [ RunTime:0.000804s ]
INFO: [ app_end ] --START--
INFO: Run Behavior\ShowPageTraceBehavior [ RunTime:0.001204s ]
INFO: [ app_end ] --END-- [ RunTime:0.001281s ]

[ 2018-03-10T16:51:49+08:00 ] ::1 /zjtr/Home/Mall/register
INFO: [ app_init ] --START--
INFO: Run Behavior\BuildLiteBehavior [ RunTime:0.000023s ]
INFO: [ app_init ] --END-- [ RunTime:0.000555s ]
INFO: [ app_begin ] --START--
INFO: Run Behavior\ReadHtmlCacheBehavior [ RunTime:0.000843s ]
INFO: [ app_begin ] --END-- [ RunTime:0.000924s ]
NOTIC: [8] Undefined index: zjtr_id D:\phpStudy\PHPTutorial\WWW\zjtr\Application\Home\Controller\MallController.class.php 第 18 行.
NOTIC: [8] Undefined index: sub D:\phpStudy\PHPTutorial\WWW\zjtr\Application\Home\Controller\MallController.class.php 第 269 行.
INFO: [ view_parse ] --START--
INFO: [ template_filter ] --START--
INFO: Run Behavior\ContentReplaceBehavior [ RunTime:0.000117s ]
INFO: [ template_filter ] --END-- [ RunTime:0.000198s ]
NOTIC: [8] Undefined index: zjtr_id D:\phpStudy\PHPTutorial\WWW\zjtr\Application\Runtime\Cache\Home\1098faa98378865b52042ace6c6549fd.php 第 66 行.
INFO: Run Behavior\ParseTemplateBehavior [ RunTime:0.063590s ]
INFO: [ view_parse ] --END-- [ RunTime:0.063706s ]
INFO: [ view_filter ] --START--
INFO: Run Behavior\WriteHtmlCacheBehavior [ RunTime:0.000679s ]
INFO: [ view_filter ] --END-- [ RunTime:0.000730s ]
INFO: [ app_end ] --START--
INFO: Run Behavior\ShowPageTraceBehavior [ RunTime:0.001727s ]
INFO: [ app_end ] --END-- [ RunTime:0.001831s ]

[ 2018-03-10T16:51:59+08:00 ] ::1 /zjtr/Home/Mall/register
INFO: [ app_init ] --START--
INFO: Run Behavior\BuildLiteBehavior [ RunTime:0.000015s ]
INFO: [ app_init ] --END-- [ RunTime:0.000455s ]
INFO: [ app_begin ] --START--
INFO: Run Behavior\ReadHtmlCacheBehavior [ RunTime:0.000565s ]
INFO: [ app_begin ] --END-- [ RunTime:0.000618s ]
NOTIC: [8] Undefined index: zjtr_id D:\phpStudy\PHPTutorial\WWW\zjtr\Application\Home\Controller\MallController.class.php 第 18 行.
INFO: [ app_end ] --START--
INFO: Run Behavior\ShowPageTraceBehavior [ RunTime:0.000908s ]
INFO: [ app_end ] --END-- [ RunTime:0.000984s ]

[ 2018-03-10T16:52:01+08:00 ] ::1 /zjtr/Home/Mall/register
INFO: [ app_init ] --START--
INFO: Run Behavior\BuildLiteBehavior [ RunTime:0.000021s ]
INFO: [ app_init ] --END-- [ RunTime:0.000610s ]
INFO: [ app_begin ] --START--
INFO: Run Behavior\ReadHtmlCacheBehavior [ RunTime:0.000581s ]
INFO: [ app_begin ] --END-- [ RunTime:0.000637s ]
NOTIC: [8] Undefined index: zjtr_id D:\phpStudy\PHPTutorial\WWW\zjtr\Application\Home\Controller\MallController.class.php 第 18 行.
NOTIC: [8] Undefined index: sub D:\phpStudy\PHPTutorial\WWW\zjtr\Application\Home\Controller\MallController.class.php 第 269 行.
INFO: [ view_parse ] --START--
INFO: [ template_filter ] --START--
INFO: Run Behavior\ContentReplaceBehavior [ RunTime:0.000078s ]
INFO: [ template_filter ] --END-- [ RunTime:0.000131s ]
NOTIC: [8] Undefined index: zjtr_id D:\phpStudy\PHPTutorial\WWW\zjtr\Application\Runtime\Cache\Home\1098faa98378865b52042ace6c6549fd.php 第 66 行.
INFO: Run Behavior\ParseTemplateBehavior [ RunTime:0.010754s ]
INFO: [ view_parse ] --END-- [ RunTime:0.010802s ]
INFO: [ view_filter ] --START--
INFO: Run Behavior\WriteHtmlCacheBehavior [ RunTime:0.000641s ]
INFO: [ view_filter ] --END-- [ RunTime:0.000687s ]
INFO: [ app_end ] --START--
INFO: Run Behavior\ShowPageTraceBehavior [ RunTime:0.001894s ]
INFO: [ app_end ] --END-- [ RunTime:0.001996s ]

[ 2018-03-10T16:52:20+08:00 ] ::1 /zjtr/Home/Mall/register
INFO: [ app_init ] --START--
INFO: Run Behavior\BuildLiteBehavior [ RunTime:0.000017s ]
INFO: [ app_init ] --END-- [ RunTime:0.000811s ]
INFO: [ app_begin ] --START--
INFO: Run Behavior\ReadHtmlCacheBehavior [ RunTime:0.000570s ]
INFO: [ app_begin ] --END-- [ RunTime:0.000625s ]
NOTIC: [8] Undefined index: zjtr_id D:\phpStudy\PHPTutorial\WWW\zjtr\Application\Home\Controller\MallController.class.php 第 18 行.
SQL: SHOW COLUMNS FROM `user` [ RunTime:0.0119s ]
NOTIC: [8] Undefined index: validate D:\phpStudy\PHPTutorial\WWW\zjtr\ThinkPHP\Library\Think\Model.class.php 第 1185 行.
NOTIC: [8] Undefined index: auto D:\phpStudy\PHPTutorial\WWW\zjtr\ThinkPHP\Library\Think\Model.class.php 第 1128 行.
SQL: SELECT * FROM `user` WHERE ( Name='q123456' ) LIMIT 1   [ RunTime:0.0005s ]
SQL: INSERT INTO `user` (`Name`,`Pass`,`Phone`) VALUES ('q123456','3ade3fd6e8eef84f2ea91f6474be10d9','15010625172') [ RunTime:0.0011s ]
SQL: SELECT * FROM `user` WHERE ( Name='q123456' and Pass='3ade3fd6e8eef84f2ea91f6474be10d9' ) LIMIT 1   [ RunTime:0.0007s ]
INFO: [ app_end ] --START--
INFO: Run Behavior\ShowPageTraceBehavior [ RunTime:0.000885s ]
INFO: [ app_end ] --END-- [ RunTime:0.000938s ]

[ 2018-03-10T16:52:21+08:00 ] ::1 /zjtr/Home/Mall/register
INFO: [ app_init ] --START--
INFO: Run Behavior\BuildLiteBehavior [ RunTime:0.000019s ]
INFO: [ app_init ] --END-- [ RunTime:0.000599s ]
INFO: [ app_begin ] --START--
INFO: Run Behavior\ReadHtmlCacheBehavior [ RunTime:0.000781s ]
INFO: [ app_begin ] --END-- [ RunTime:0.000833s ]
NOTIC: [8] Undefined index: zjtr_id D:\phpStudy\PHPTutorial\WWW\zjtr\Application\Home\Controller\MallController.class.php 第 18 行.
SQL: SHOW COLUMNS FROM `user` [ RunTime:0.0074s ]
NOTIC: [8] Undefined index: validate D:\phpStudy\PHPTutorial\WWW\zjtr\ThinkPHP\Library\Think\Model.class.php 第 1185 行.
NOTIC: [8] Undefined index: auto D:\phpStudy\PHPTutorial\WWW\zjtr\ThinkPHP\Library\Think\Model.class.php 第 1128 行.
SQL: SELECT * FROM `user` WHERE ( Name='q123456' ) LIMIT 1   [ RunTime:0.0007s ]
INFO: [ app_end ] --START--
INFO: Run Behavior\ShowPageTraceBehavior [ RunTime:0.000842s ]
INFO: [ app_end ] --END-- [ RunTime:0.000888s ]

[ 2018-03-10T16:52:24+08:00 ] ::1 /zjtr/Home/Mall/register
INFO: [ app_init ] --START--
INFO: Run Behavior\BuildLiteBehavior [ RunTime:0.000018s ]
INFO: [ app_init ] --END-- [ RunTime:0.000497s ]
INFO: [ app_begin ] --START--
INFO: Run Behavior\ReadHtmlCacheBehavior [ RunTime:0.000773s ]
INFO: [ app_begin ] --END-- [ RunTime:0.000835s ]
NOTIC: [8] Undefined index: zjtr_id D:\phpStudy\PHPTutorial\WWW\zjtr\Application\Home\Controller\MallController.class.php 第 18 行.
NOTIC: [8] Undefined index: sub D:\phpStudy\PHPTutorial\WWW\zjtr\Application\Home\Controller\MallController.class.php 第 269 行.
INFO: [ view_parse ] --START--
INFO: [ template_filter ] --START--
INFO: Run Behavior\ContentReplaceBehavior [ RunTime:0.000104s ]
INFO: [ template_filter ] --END-- [ RunTime:0.000167s ]
NOTIC: [8] Undefined index: zjtr_id D:\phpStudy\PHPTutorial\WWW\zjtr\Application\Runtime\Cache\Home\1098faa98378865b52042ace6c6549fd.php 第 66 行.
INFO: Run Behavior\ParseTemplateBehavior [ RunTime:0.012813s ]
INFO: [ view_parse ] --END-- [ RunTime:0.012861s ]
INFO: [ view_filter ] --START--
INFO: Run Behavior\WriteHtmlCacheBehavior [ RunTime:0.000588s ]
INFO: [ view_filter ] --END-- [ RunTime:0.000636s ]
INFO: [ app_end ] --START--
INFO: Run Behavior\ShowPageTraceBehavior [ RunTime:0.000893s ]
INFO: [ app_end ] --END-- [ RunTime:0.000962s ]

