[ 2017-09-26T14:24:37+08:00 ] ::1 /zjtr/Public/home/jquery-1.10.2.js
INFO: [ app_init ] --START--
INFO: Run Behavior\BuildLiteBehavior [ RunTime:0.000028s ]
INFO: [ app_init ] --END-- [ RunTime:0.000722s ]
ERR: 无法加载模块:Public

[ 2017-09-26T15:12:01+08:00 ] ::1 /zjtr/Public/2017-06-27/59521968813a9.jpg
INFO: [ app_init ] --START--
INFO: Run Behavior\BuildLiteBehavior [ RunTime:0.000106s ]
INFO: [ app_init ] --END-- [ RunTime:0.001684s ]
ERR: 无法加载模块:Public

[ 2017-09-26T15:12:29+08:00 ] ::1 /zjtr/Public/2017-06-26/5950a093955a3.jpg
INFO: [ app_init ] --START--
INFO: Run Behavior\BuildLiteBehavior [ RunTime:0.000026s ]
INFO: [ app_init ] --END-- [ RunTime:0.000558s ]
ERR: 无法加载模块:Public

[ 2017-09-26T15:12:29+08:00 ] ::1 /zjtr/Public/2017-06-26/5950a0876ff2d.jpg
INFO: [ app_init ] --START--
INFO: Run Behavior\BuildLiteBehavior [ RunTime:0.000027s ]
INFO: [ app_init ] --END-- [ RunTime:0.000649s ]
ERR: 无法加载模块:Public

[ 2017-09-26T15:12:29+08:00 ] ::1 /zjtr/Public/2017-07-27/59794efb6d4dd.png
INFO: [ app_init ] --START--
INFO: Run Behavior\BuildLiteBehavior [ RunTime:0.000028s ]
INFO: [ app_init ] --END-- [ RunTime:0.000644s ]
ERR: 无法加载模块:Public

[ 2017-09-26T15:12:29+08:00 ] ::1 /zjtr/Public/2017-07-30/597d9def4f8eb.png
INFO: [ app_init ] --START--
INFO: Run Behavior\BuildLiteBehavior [ RunTime:0.000016s ]
INFO: [ app_init ] --END-- [ RunTime:0.000411s ]
ERR: 无法加载模块:Public

[ 2017-09-26T15:13:44+08:00 ] ::1 /zjtr/Public/2017-06-26/5950a0876ff2d.jpg
INFO: [ app_init ] --START--
INFO: Run Behavior\BuildLiteBehavior [ RunTime:0.000030s ]
INFO: [ app_init ] --END-- [ RunTime:0.002396s ]
ERR: 无法加载模块:Public

[ 2017-09-26T15:13:44+08:00 ] ::1 /zjtr/Public/2017-07-30/597d9def4f8eb.png
INFO: [ app_init ] --START--
INFO: Run Behavior\BuildLiteBehavior [ RunTime:0.000028s ]
INFO: [ app_init ] --END-- [ RunTime:0.000714s ]
ERR: 无法加载模块:Public

[ 2017-09-26T15:13:44+08:00 ] ::1 /zjtr/Public/2017-06-26/5950a093955a3.jpg
INFO: [ app_init ] --START--
INFO: Run Behavior\BuildLiteBehavior [ RunTime:0.000032s ]
INFO: [ app_init ] --END-- [ RunTime:0.000748s ]
ERR: 无法加载模块:Public

[ 2017-09-26T15:13:44+08:00 ] ::1 /zjtr/Public/2017-07-27/59794efb6d4dd.png
INFO: [ app_init ] --START--
INFO: Run Behavior\BuildLiteBehavior [ RunTime:0.000031s ]
INFO: [ app_init ] --END-- [ RunTime:0.000417s ]
ERR: 无法加载模块:Public

[ 2017-09-26T15:40:40+08:00 ] ::1 /zjtr/Public/home/jquery-1.10.2.js
INFO: [ app_init ] --START--
INFO: Run Behavior\BuildLiteBehavior [ RunTime:0.000025s ]
INFO: [ app_init ] --END-- [ RunTime:0.000666s ]
ERR: 无法加载模块:Public

[ 2017-09-26T18:33:25+08:00 ] ::1 /zjtr/Public/2017-09-26/59ca258e96cad.jpg
INFO: [ app_init ] --START--
INFO: Run Behavior\BuildLiteBehavior [ RunTime:0.000046s ]
INFO: [ app_init ] --END-- [ RunTime:0.005069s ]
ERR: 无法加载模块:Public

[ 2017-09-26T18:33:25+08:00 ] ::1 /zjtr/Public/2017-09-26/59ca2622a9688.jpg
INFO: [ app_init ] --START--
INFO: Run Behavior\BuildLiteBehavior [ RunTime:0.000029s ]
INFO: [ app_init ] --END-- [ RunTime:0.000654s ]
ERR: 无法加载模块:Public

[ 2017-09-26T18:46:05+08:00 ] ::1 /zjtr/Public/2017-09-26/59ca258e96cad.jpg
INFO: [ app_init ] --START--
INFO: Run Behavior\BuildLiteBehavior [ RunTime:0.000024s ]
INFO: [ app_init ] --END-- [ RunTime:0.000612s ]
ERR: 无法加载模块:Public

[ 2017-09-26T18:46:05+08:00 ] ::1 /zjtr/Public/2017-09-26/59ca2622a9688.jpg
INFO: [ app_init ] --START--
INFO: Run Behavior\BuildLiteBehavior [ RunTime:0.000022s ]
INFO: [ app_init ] --END-- [ RunTime:0.000588s ]
ERR: 无法加载模块:Public

[ 2017-09-26T19:10:14+08:00 ] ::1 /zjtr/Public/2017-09-26/new_59ca2fea55e48.jpg
INFO: [ app_init ] --START--
INFO: Run Behavior\BuildLiteBehavior [ RunTime:0.000033s ]
INFO: [ app_init ] --END-- [ RunTime:0.001920s ]
ERR: 无法加载模块:Public

[ 2017-09-26T19:10:14+08:00 ] ::1 /zjtr/Public/2017-09-26/new_59ca2fea56eaa.jpg
INFO: [ app_init ] --START--
INFO: Run Behavior\BuildLiteBehavior [ RunTime:0.000027s ]
INFO: [ app_init ] --END-- [ RunTime:0.000682s ]
ERR: 无法加载模块:Public

[ 2017-09-26T19:10:14+08:00 ] ::1 /zjtr/Public/2017-09-26/new_59ca2fea57717.jpg
INFO: [ app_init ] --START--
INFO: Run Behavior\BuildLiteBehavior [ RunTime:0.000027s ]
INFO: [ app_init ] --END-- [ RunTime:0.000648s ]
ERR: 无法加载模块:Public

[ 2017-09-26T19:10:29+08:00 ] ::1 /zjtr/Public/2017-09-26/new_59ca2fea55e48.jpg
INFO: [ app_init ] --START--
INFO: Run Behavior\BuildLiteBehavior [ RunTime:0.000028s ]
INFO: [ app_init ] --END-- [ RunTime:0.000623s ]
ERR: 无法加载模块:Public

[ 2017-09-26T19:10:29+08:00 ] ::1 /zjtr/Public/2017-09-26/new_59ca2fea56eaa.jpg
INFO: [ app_init ] --START--
INFO: Run Behavior\BuildLiteBehavior [ RunTime:0.000025s ]
INFO: [ app_init ] --END-- [ RunTime:0.000579s ]
ERR: 无法加载模块:Public

[ 2017-09-26T19:10:29+08:00 ] ::1 /zjtr/Public/2017-09-26/new_59ca2fea57717.jpg
INFO: [ app_init ] --START--
INFO: Run Behavior\BuildLiteBehavior [ RunTime:0.000029s ]
INFO: [ app_init ] --END-- [ RunTime:0.000560s ]
ERR: 无法加载模块:Public

[ 2017-09-26T19:18:37+08:00 ] ::1 /zjtr/Public/2017-09-26/new_59ca2fea55e48.jpg
INFO: [ app_init ] --START--
INFO: Run Behavior\BuildLiteBehavior [ RunTime:0.000027s ]
INFO: [ app_init ] --END-- [ RunTime:0.000603s ]
ERR: 无法加载模块:Public

[ 2017-09-26T19:18:37+08:00 ] ::1 /zjtr/Public/2017-09-26/new_59ca2fea56eaa.jpg
INFO: [ app_init ] --START--
INFO: Run Behavior\BuildLiteBehavior [ RunTime:0.000034s ]
INFO: [ app_init ] --END-- [ RunTime:0.000759s ]
ERR: 无法加载模块:Public

[ 2017-09-26T19:18:37+08:00 ] ::1 /zjtr/Public/2017-09-26/new_59ca2fea57717.jpg
INFO: [ app_init ] --START--
INFO: Run Behavior\BuildLiteBehavior [ RunTime:0.000029s ]
INFO: [ app_init ] --END-- [ RunTime:0.001317s ]
ERR: 无法加载模块:Public

[ 2017-09-26T19:18:52+08:00 ] ::1 /zjtr/Public/2017-09-26/new_59ca2fea55e48.jpg
INFO: [ app_init ] --START--
INFO: Run Behavior\BuildLiteBehavior [ RunTime:0.000045s ]
INFO: [ app_init ] --END-- [ RunTime:0.000882s ]
ERR: 无法加载模块:Public

[ 2017-09-26T19:18:52+08:00 ] ::1 /zjtr/Public/2017-09-26/new_59ca2fea56eaa.jpg
INFO: [ app_init ] --START--
INFO: Run Behavior\BuildLiteBehavior [ RunTime:0.000028s ]
INFO: [ app_init ] --END-- [ RunTime:0.000671s ]
ERR: 无法加载模块:Public

[ 2017-09-26T19:18:52+08:00 ] ::1 /zjtr/Public/2017-09-26/new_59ca2fea57717.jpg
INFO: [ app_init ] --START--
INFO: Run Behavior\BuildLiteBehavior [ RunTime:0.000493s ]
INFO: [ app_init ] --END-- [ RunTime:0.001599s ]
ERR: 无法加载模块:Public

[ 2017-09-26T19:27:20+08:00 ] ::1 /zjtr/Public/2017-09-26/new_59ca2fea55e48.jpg
INFO: [ app_init ] --START--
INFO: Run Behavior\BuildLiteBehavior [ RunTime:0.000030s ]
INFO: [ app_init ] --END-- [ RunTime:0.004374s ]
ERR: 无法加载模块:Public

[ 2017-09-26T19:27:20+08:00 ] ::1 /zjtr/Public/2017-09-26/new_59ca2fea56eaa.jpg
INFO: [ app_init ] --START--
INFO: Run Behavior\BuildLiteBehavior [ RunTime:0.000030s ]
INFO: [ app_init ] --END-- [ RunTime:0.000686s ]
ERR: 无法加载模块:Public

[ 2017-09-26T19:27:20+08:00 ] ::1 /zjtr/Public/2017-09-26/new_59ca2fea57717.jpg
INFO: [ app_init ] --START--
INFO: Run Behavior\BuildLiteBehavior [ RunTime:0.000031s ]
INFO: [ app_init ] --END-- [ RunTime:0.000846s ]
ERR: 无法加载模块:Public

[ 2017-09-26T19:28:43+08:00 ] ::1 /zjtr/Public/2017-09-26/new_59ca2fea55e48.jpg
INFO: [ app_init ] --START--
INFO: Run Behavior\BuildLiteBehavior [ RunTime:0.000089s ]
INFO: [ app_init ] --END-- [ RunTime:0.001379s ]
ERR: 无法加载模块:Public

[ 2017-09-26T19:28:43+08:00 ] ::1 /zjtr/Public/2017-09-26/new_59ca2fea56eaa.jpg
INFO: [ app_init ] --START--
INFO: Run Behavior\BuildLiteBehavior [ RunTime:0.000026s ]
INFO: [ app_init ] --END-- [ RunTime:0.000625s ]
ERR: 无法加载模块:Public

[ 2017-09-26T19:28:43+08:00 ] ::1 /zjtr/Public/2017-09-26/new_59ca2fea57717.jpg
INFO: [ app_init ] --START--
INFO: Run Behavior\BuildLiteBehavior [ RunTime:0.000026s ]
INFO: [ app_init ] --END-- [ RunTime:0.000702s ]
ERR: 无法加载模块:Public

[ 2017-09-26T19:41:53+08:00 ] ::1 /zjtr/Public/2017-09-26/new_59ca34a820cb7.jpg
INFO: [ app_init ] --START--
INFO: Run Behavior\BuildLiteBehavior [ RunTime:0.000027s ]
INFO: [ app_init ] --END-- [ RunTime:0.000578s ]
ERR: 无法加载模块:Public

[ 2017-09-26T19:41:53+08:00 ] ::1 /zjtr/Public/2017-09-26/new_59ca34a8226ce.jpg
INFO: [ app_init ] --START--
INFO: Run Behavior\BuildLiteBehavior [ RunTime:0.000028s ]
INFO: [ app_init ] --END-- [ RunTime:0.000706s ]
ERR: 无法加载模块:Public

[ 2017-09-26T19:41:53+08:00 ] ::1 /zjtr/Public/2017-09-26/new_59ca34a823756.jpg
INFO: [ app_init ] --START--
INFO: Run Behavior\BuildLiteBehavior [ RunTime:0.000026s ]
INFO: [ app_init ] --END-- [ RunTime:0.000717s ]
ERR: 无法加载模块:Public

