[ 2018-03-05T10:42:46+08:00 ] ::1 /zjtr/Public/home/jquery-1.10.2.js
ERR: 无法加载模块:Public

[ 2018-03-05T10:43:12+08:00 ] ::1 /zjtr/Public/2017-09-27/new_59cb82c3a92da.jpg
ERR: 无法加载模块:Public

[ 2018-03-05T10:43:12+08:00 ] ::1 /zjtr/Public/2017-09-27/new_59cb82c3ac111.jpg
ERR: 无法加载模块:Public

[ 2018-03-05T10:47:24+08:00 ] ::1 /zjtr/Public/images/111.jpg
ERR: 无法加载模块:Public

[ 2018-03-05T11:16:16+08:00 ] ::1 /zjtr/Public/home/jquery-1.10.2.js
ERR: 无法加载模块:Public

[ 2018-03-05T11:25:43+08:00 ] ::1 /zjtr/Public/home/jquery-1.10.2.js
ERR: 无法加载模块:Public

[ 2018-03-05T11:28:28+08:00 ] ::1 /zjtr/Public/home/jquery-1.10.2.js
ERR: 无法加载模块:Public

[ 2018-03-05T11:44:30+08:00 ] ::1 /zjtr/Public/home/jquery-1.10.2.js
ERR: 无法加载模块:Public

[ 2018-03-05T11:44:43+08:00 ] ::1 /zjtr/Public/home/jquery-1.10.2.js
ERR: 无法加载模块:Public

[ 2018-03-05T11:45:22+08:00 ] ::1 /zjtr/Public/home/jquery-1.10.2.js
ERR: 无法加载模块:Public

[ 2018-03-05T11:45:23+08:00 ] ::1 /zjtr/Public/home/jquery-1.10.2.js
ERR: 无法加载模块:Public

[ 2018-03-05T11:45:33+08:00 ] ::1 /zjtr/Public/home/jquery-1.10.2.js
ERR: 无法加载模块:Public

[ 2018-03-05T11:45:34+08:00 ] ::1 /zjtr/Public/home/jquery-1.10.2.js
ERR: 无法加载模块:Public

[ 2018-03-05T11:45:34+08:00 ] ::1 /zjtr/Public/home/jquery-1.10.2.js
ERR: 无法加载模块:Public

[ 2018-03-05T11:51:39+08:00 ] ::1 /zjtr/Public/home/jquery-1.10.2.js
ERR: 无法加载模块:Public

[ 2018-03-05T12:02:14+08:00 ] ::1 /zjtr/Public/home/jquery-1.10.2.js
ERR: 无法加载模块:Public

[ 2018-03-05T12:02:14+08:00 ] ::1 /zjtr/images/qbfl.png
ERR: 无法加载模块:Images

[ 2018-03-05T12:12:18+08:00 ] ::1 /zjtr/Public/home/jquery-1.10.2.js
ERR: 无法加载模块:Public

[ 2018-03-05T12:12:18+08:00 ] ::1 /zjtr/Public/home/jquery-1.10.2.js
ERR: 无法加载模块:Public

[ 2018-03-05T12:12:33+08:00 ] ::1 /zjtr/Public/home/jquery-1.10.2.js
ERR: 无法加载模块:Public

[ 2018-03-05T12:12:33+08:00 ] ::1 /zjtr/Public/home/jquery-1.10.2.js
ERR: 无法加载模块:Public

[ 2018-03-05T12:12:54+08:00 ] ::1 /zjtr/Public/home/jquery-1.10.2.js
ERR: 无法加载模块:Public

[ 2018-03-05T12:12:55+08:00 ] ::1 /zjtr/Public/home/jquery-1.10.2.js
ERR: 无法加载模块:Public

[ 2018-03-05T12:12:59+08:00 ] ::1 /zjtr/Public/home/jquery-1.10.2.js
ERR: 无法加载模块:Public

[ 2018-03-05T12:12:59+08:00 ] ::1 /zjtr/Public/home/jquery-1.10.2.js
ERR: 无法加载模块:Public

[ 2018-03-05T12:15:05+08:00 ] ::1 /zjtr/Public/home/jquery-1.10.2.js
ERR: 无法加载模块:Public

[ 2018-03-05T12:15:05+08:00 ] ::1 /zjtr/Public/home/jquery-1.10.2.js
ERR: 无法加载模块:Public

[ 2018-03-05T12:17:57+08:00 ] ::1 /zjtr/Public/home/jquery-1.10.2.js
ERR: 无法加载模块:Public

[ 2018-03-05T12:17:57+08:00 ] ::1 /zjtr/Public/home/jquery-1.10.2.js
ERR: 无法加载模块:Public

[ 2018-03-05T12:20:31+08:00 ] ::1 /zjtr/Public/home/jquery-1.10.2.js
ERR: 无法加载模块:Public

[ 2018-03-05T12:20:31+08:00 ] ::1 /zjtr/Public/home/jquery-1.10.2.js
ERR: 无法加载模块:Public

[ 2018-03-05T12:21:51+08:00 ] ::1 /zjtr/Public/home/jquery-1.10.2.js
ERR: 无法加载模块:Public

[ 2018-03-05T12:21:51+08:00 ] ::1 /zjtr/Public/home/jquery-1.10.2.js
ERR: 无法加载模块:Public

[ 2018-03-05T12:22:59+08:00 ] ::1 /zjtr/Public/home/jquery-1.10.2.js
ERR: 无法加载模块:Public

[ 2018-03-05T12:22:59+08:00 ] ::1 /zjtr/Public/home/jquery-1.10.2.js
ERR: 无法加载模块:Public

[ 2018-03-05T12:23:30+08:00 ] ::1 /zjtr/Public/home/jquery-1.10.2.js
ERR: 无法加载模块:Public

[ 2018-03-05T12:23:31+08:00 ] ::1 /zjtr/Public/home/jquery-1.10.2.js
ERR: 无法加载模块:Public

[ 2018-03-05T12:24:42+08:00 ] ::1 /zjtr/Public/home/jquery-1.10.2.js
ERR: 无法加载模块:Public

[ 2018-03-05T12:24:42+08:00 ] ::1 /zjtr/Public/home/jquery-1.10.2.js
ERR: 无法加载模块:Public

[ 2018-03-05T12:24:55+08:00 ] ::1 /zjtr/Public/home/jquery-1.10.2.js
ERR: 无法加载模块:Public

[ 2018-03-05T12:24:55+08:00 ] ::1 /zjtr/Public/home/jquery-1.10.2.js
ERR: 无法加载模块:Public

[ 2018-03-05T12:24:57+08:00 ] ::1 /zjtr/Public/home/jquery-1.10.2.js
ERR: 无法加载模块:Public

[ 2018-03-05T12:24:57+08:00 ] ::1 /zjtr/Public/home/jquery-1.10.2.js
ERR: 无法加载模块:Public

[ 2018-03-05T12:25:11+08:00 ] ::1 /zjtr/Public/home/jquery-1.10.2.js
ERR: 无法加载模块:Public

[ 2018-03-05T12:25:11+08:00 ] ::1 /zjtr/Public/home/jquery-1.10.2.js
ERR: 无法加载模块:Public

[ 2018-03-05T12:25:51+08:00 ] ::1 /zjtr/Public/home/jquery-1.10.2.js
ERR: 无法加载模块:Public

[ 2018-03-05T12:25:51+08:00 ] ::1 /zjtr/Public/home/jquery-1.10.2.js
ERR: 无法加载模块:Public

[ 2018-03-05T12:26:15+08:00 ] ::1 /zjtr/Public/home/jquery-1.10.2.js
ERR: 无法加载模块:Public

[ 2018-03-05T12:26:15+08:00 ] ::1 /zjtr/Public/home/jquery-1.10.2.js
ERR: 无法加载模块:Public

[ 2018-03-05T12:26:34+08:00 ] ::1 /zjtr/Public/home/jquery-1.10.2.js
ERR: 无法加载模块:Public

[ 2018-03-05T12:26:34+08:00 ] ::1 /zjtr/Public/home/jquery-1.10.2.js
ERR: 无法加载模块:Public

[ 2018-03-05T12:26:48+08:00 ] ::1 /zjtr/Public/home/jquery-1.10.2.js
ERR: 无法加载模块:Public

[ 2018-03-05T12:26:48+08:00 ] ::1 /zjtr/Public/home/jquery-1.10.2.js
ERR: 无法加载模块:Public

[ 2018-03-05T12:26:58+08:00 ] ::1 /zjtr/Public/home/jquery-1.10.2.js
ERR: 无法加载模块:Public

[ 2018-03-05T12:26:58+08:00 ] ::1 /zjtr/Public/home/jquery-1.10.2.js
ERR: 无法加载模块:Public

[ 2018-03-05T12:27:10+08:00 ] ::1 /zjtr/Public/home/jquery-1.10.2.js
ERR: 无法加载模块:Public

[ 2018-03-05T12:27:11+08:00 ] ::1 /zjtr/Public/home/jquery-1.10.2.js
ERR: 无法加载模块:Public

[ 2018-03-05T12:28:30+08:00 ] ::1 /zjtr/Public/home/jquery-1.10.2.js
ERR: 无法加载模块:Public

[ 2018-03-05T12:28:30+08:00 ] ::1 /zjtr/Public/home/jquery-1.10.2.js
ERR: 无法加载模块:Public

[ 2018-03-05T12:34:50+08:00 ] ::1 /zjtr/Public/home/jquery-1.10.2.js
ERR: 无法加载模块:Public

[ 2018-03-05T12:34:50+08:00 ] ::1 /zjtr/Public/home/jquery-1.10.2.js
ERR: 无法加载模块:Public

[ 2018-03-05T19:00:31+08:00 ] ::1 /zjtr/Public/home/jquery-1.10.2.js
ERR: 无法加载模块:Public

[ 2018-03-05T19:00:32+08:00 ] ::1 /zjtr/Public/home/jquery-1.10.2.js
ERR: 无法加载模块:Public

[ 2018-03-05T19:00:35+08:00 ] ::1 /zjtr/Public/home/jquery-1.10.2.js
ERR: 无法加载模块:Public

[ 2018-03-05T19:00:38+08:00 ] ::1 /zjtr/Public/home/jquery-1.10.2.js
ERR: 无法加载模块:Public

