[ 2017-07-25T11:04:21+08:00 ] 183.240.196.50 /Admin
INFO: [ app_init ] --START--
INFO: Run Behavior\BuildLiteBehavior [ RunTime:0.000017s ]
INFO: [ app_init ] --END-- [ RunTime:0.000304s ]
INFO: [ app_begin ] --START--
INFO: Run Behavior\ReadHtmlCacheBehavior [ RunTime:0.000508s ]
INFO: [ app_begin ] --END-- [ RunTime:0.000568s ]
NOTIC: [8] Undefined index: id /www/web/shtresearch/public_html/Application/Admin/Controller/IndexController.class.php 第 7 行.
INFO: [ app_end ] --START--
INFO: Run Behavior\ShowPageTraceBehavior [ RunTime:0.000452s ]
INFO: [ app_end ] --END-- [ RunTime:0.000495s ]

[ 2017-07-25T11:04:22+08:00 ] 183.240.196.50 /Admin/Index/login
INFO: [ app_init ] --START--
INFO: Run Behavior\BuildLiteBehavior [ RunTime:0.000013s ]
INFO: [ app_init ] --END-- [ RunTime:0.000282s ]
INFO: [ app_begin ] --START--
INFO: Run Behavior\ReadHtmlCacheBehavior [ RunTime:0.000391s ]
INFO: [ app_begin ] --END-- [ RunTime:0.000430s ]
INFO: [ view_parse ] --START--
INFO: [ template_filter ] --START--
INFO: Run Behavior\ContentReplaceBehavior [ RunTime:0.000031s ]
INFO: [ template_filter ] --END-- [ RunTime:0.000070s ]
INFO: Run Behavior\ParseTemplateBehavior [ RunTime:0.005070s ]
INFO: [ view_parse ] --END-- [ RunTime:0.005108s ]
INFO: [ view_filter ] --START--
INFO: Run Behavior\WriteHtmlCacheBehavior [ RunTime:0.000171s ]
INFO: [ view_filter ] --END-- [ RunTime:0.000200s ]
INFO: [ app_end ] --START--
INFO: Run Behavior\ShowPageTraceBehavior [ RunTime:0.000377s ]
INFO: [ app_end ] --END-- [ RunTime:0.000409s ]

[ 2017-07-25T11:04:24+08:00 ] 183.240.196.50 /Admin/Index/login
INFO: [ app_init ] --START--
INFO: Run Behavior\BuildLiteBehavior [ RunTime:0.000017s ]
INFO: [ app_init ] --END-- [ RunTime:0.000280s ]
INFO: [ app_begin ] --START--
INFO: Run Behavior\ReadHtmlCacheBehavior [ RunTime:0.000402s ]
INFO: [ app_begin ] --END-- [ RunTime:0.000443s ]
SQL: SHOW COLUMNS FROM `admin_user` [ RunTime:0.0005s ]
SQL: SELECT COUNT(*) AS tp_count FROM `admin_user` WHERE `password` = '21232f297a57a5a743894a0e4a801fc3' LIMIT 1   [ RunTime:0.0001s ]
SQL: SELECT * FROM `admin_user` WHERE `password` = '21232f297a57a5a743894a0e4a801fc3' LIMIT 1   [ RunTime:0.0001s ]
NOTIC: [8] Undefined index: Name /www/web/shtresearch/public_html/Application/Admin/Controller/IndexController.class.php 第 45 行.
INFO: [ app_end ] --START--
INFO: Run Behavior\ShowPageTraceBehavior [ RunTime:0.000422s ]
INFO: [ app_end ] --END-- [ RunTime:0.000455s ]

[ 2017-07-25T11:04:25+08:00 ] 183.240.196.50 /Admin/Product/product
INFO: [ app_init ] --START--
INFO: Run Behavior\BuildLiteBehavior [ RunTime:0.000013s ]
INFO: [ app_init ] --END-- [ RunTime:0.003602s ]
INFO: [ app_begin ] --START--
INFO: Run Behavior\ReadHtmlCacheBehavior [ RunTime:0.000380s ]
INFO: [ app_begin ] --END-- [ RunTime:0.000419s ]
SQL: SHOW COLUMNS FROM `news` [ RunTime:0.0006s ]
SQL: SELECT COUNT(*) AS tp_count FROM `news` WHERE ( top_id=1 ) LIMIT 1   [ RunTime:0.0001s ]
SQL: SELECT news.title,news.abstract,news.table,news.figures,news.U_price,news.time,news.published,report_categories.type,news.type_id,news.pages,news.u_price2,news.top_id FROM `news` INNER JOIN report_categories on news.n_id=report_categories.id  WHERE `top_id` = 1 ORDER BY news.time desc LIMIT 0,10   [ RunTime:0.0002s ]
INFO: [ view_parse ] --START--
INFO: [ template_filter ] --START--
INFO: Run Behavior\ContentReplaceBehavior [ RunTime:0.000052s ]
INFO: [ template_filter ] --END-- [ RunTime:0.000094s ]
INFO: Run Behavior\ParseTemplateBehavior [ RunTime:0.008999s ]
INFO: [ view_parse ] --END-- [ RunTime:0.009046s ]
INFO: [ view_filter ] --START--
INFO: Run Behavior\WriteHtmlCacheBehavior [ RunTime:0.000159s ]
INFO: [ view_filter ] --END-- [ RunTime:0.000187s ]
INFO: [ app_end ] --START--
INFO: Run Behavior\ShowPageTraceBehavior [ RunTime:0.000456s ]
INFO: [ app_end ] --END-- [ RunTime:0.000498s ]

[ 2017-07-25T11:04:30+08:00 ] 183.240.196.50 /admin.php/Top/ab
INFO: [ app_init ] --START--
INFO: Run Behavior\BuildLiteBehavior [ RunTime:0.000013s ]
INFO: [ app_init ] --END-- [ RunTime:0.000325s ]
INFO: [ app_begin ] --START--
INFO: Run Behavior\ReadHtmlCacheBehavior [ RunTime:0.000457s ]
INFO: [ app_begin ] --END-- [ RunTime:0.000496s ]
SQL: SHOW COLUMNS FROM `about` [ RunTime:0.0005s ]
SQL: SELECT COUNT(*) AS tp_count FROM `about` LIMIT 1   [ RunTime:0.0001s ]
NOTIC: [2] Missing argument 1 for Think\Model::where(), called in /www/web/shtresearch/public_html/Application/Admin/Controller/TopController.class.php on line 431 and defined /www/web/shtresearch/public_html/ThinkPHP/Library/Think/Model.class.php 第 1797 行.
NOTIC: [8] Undefined variable: where /www/web/shtresearch/public_html/ThinkPHP/Library/Think/Model.class.php 第 1805 行.
NOTIC: [8] Undefined variable: where /www/web/shtresearch/public_html/ThinkPHP/Library/Think/Model.class.php 第 1808 行.
NOTIC: [8] Undefined variable: where /www/web/shtresearch/public_html/ThinkPHP/Library/Think/Model.class.php 第 1816 行.
SQL: SELECT * FROM `about` ORDER BY id desc LIMIT 0,10   [ RunTime:0.0001s ]
INFO: [ view_parse ] --START--
INFO: [ template_filter ] --START--
INFO: Run Behavior\ContentReplaceBehavior [ RunTime:0.000056s ]
INFO: [ template_filter ] --END-- [ RunTime:0.000111s ]
INFO: Run Behavior\ParseTemplateBehavior [ RunTime:0.019807s ]
INFO: [ view_parse ] --END-- [ RunTime:0.019847s ]
INFO: [ view_filter ] --START--
INFO: Run Behavior\WriteHtmlCacheBehavior [ RunTime:0.000162s ]
INFO: [ view_filter ] --END-- [ RunTime:0.000203s ]
INFO: [ app_end ] --START--
INFO: Run Behavior\ShowPageTraceBehavior [ RunTime:0.000421s ]
INFO: [ app_end ] --END-- [ RunTime:0.000454s ]

[ 2017-07-25T11:04:31+08:00 ] 183.240.196.50 /Admin/Top/ab_mod?id=1
INFO: [ app_init ] --START--
INFO: Run Behavior\BuildLiteBehavior [ RunTime:0.000016s ]
INFO: [ app_init ] --END-- [ RunTime:0.000292s ]
INFO: [ app_begin ] --START--
INFO: Run Behavior\ReadHtmlCacheBehavior [ RunTime:0.000401s ]
INFO: [ app_begin ] --END-- [ RunTime:0.000439s ]
SQL: SHOW COLUMNS FROM `about` [ RunTime:0.0004s ]
NOTIC: [2] Missing argument 1 for Think\Model::where(), called in /www/web/shtresearch/public_html/Application/Admin/Controller/TopController.class.php on line 457 and defined /www/web/shtresearch/public_html/ThinkPHP/Library/Think/Model.class.php 第 1797 行.
NOTIC: [8] Undefined variable: where /www/web/shtresearch/public_html/ThinkPHP/Library/Think/Model.class.php 第 1805 行.
NOTIC: [8] Undefined variable: where /www/web/shtresearch/public_html/ThinkPHP/Library/Think/Model.class.php 第 1808 行.
NOTIC: [8] Undefined variable: where /www/web/shtresearch/public_html/ThinkPHP/Library/Think/Model.class.php 第 1816 行.
NOTIC: [2] Missing argument 1 for Think\Model::join(), called in /www/web/shtresearch/public_html/Application/Admin/Controller/TopController.class.php on line 457 and defined /www/web/shtresearch/public_html/ThinkPHP/Library/Think/Model.class.php 第 1664 行.
NOTIC: [8] Undefined variable: join /www/web/shtresearch/public_html/ThinkPHP/Library/Think/Model.class.php 第 1666 行.
SQL: SELECT * FROM `about` WHERE `id` = 1 LIMIT 1   [ RunTime:0.0001s ]
INFO: [ view_parse ] --START--
INFO: [ template_filter ] --START--
INFO: Run Behavior\ContentReplaceBehavior [ RunTime:0.000042s ]
INFO: [ template_filter ] --END-- [ RunTime:0.000079s ]
INFO: Run Behavior\ParseTemplateBehavior [ RunTime:0.025073s ]
INFO: [ view_parse ] --END-- [ RunTime:0.025127s ]
INFO: [ view_filter ] --START--
INFO: Run Behavior\WriteHtmlCacheBehavior [ RunTime:0.000215s ]
INFO: [ view_filter ] --END-- [ RunTime:0.000255s ]
INFO: [ app_end ] --START--
INFO: Run Behavior\ShowPageTraceBehavior [ RunTime:0.000478s ]
INFO: [ app_end ] --END-- [ RunTime:0.000515s ]

[ 2017-07-25T11:04:43+08:00 ] 183.240.196.50 /Admin/Top/ab_mod?id=1
INFO: [ app_init ] --START--
INFO: Run Behavior\BuildLiteBehavior [ RunTime:0.000016s ]
INFO: [ app_init ] --END-- [ RunTime:0.000309s ]
INFO: [ app_begin ] --START--
INFO: Run Behavior\ReadHtmlCacheBehavior [ RunTime:0.000413s ]
INFO: [ app_begin ] --END-- [ RunTime:0.000454s ]
SQL: SHOW COLUMNS FROM `about` [ RunTime:0.0005s ]
NOTIC: [8] Undefined index: validate /www/web/shtresearch/public_html/ThinkPHP/Library/Think/Model.class.php 第 1185 行.
NOTIC: [8] Undefined index: auto /www/web/shtresearch/public_html/ThinkPHP/Library/Think/Model.class.php 第 1128 行.
SQL: UPDATE `about` SET `title`='About Us',`id`='1',`body`='&lt;p style=&quot;text-align:center&quot;&gt;&lt;span style=&quot;font-family: Leelawadee, sans-serif; font-size: 14px;&quot;&gt;About Us&lt;/span&gt;&lt;/p&gt;&lt;p&gt;&lt;span style=&quot;font-family: Leelawadee, sans-serif; font-size: 14px;&quot;&gt;&amp;nbsp;&lt;/span&gt;&lt;/p&gt;&lt;p style=&quot;text-indent:28px&quot;&gt;&lt;span style=&quot;font-family: Leelawadee, sans-serif; font-size: 14px;&quot;&gt;SHT Research is a consulting company who is dedicated to publishing high-quality market research reports on &lt;img class=&quot;anchorclass&quot;/&gt;&lt;img class=&quot;anchorclass&quot;/&gt;various different market micro-segments. &lt;img class=&quot;anchorclass&quot;/&gt;&lt;img class=&quot;anchorclass&quot;/&gt;Especially, the company &lt;img class=&quot;anchorclass&quot;/&gt;&lt;img class=&quot;anchorclass&quot;/&gt;has strong strength in fine chemicals, advanced materials, pharmaceuticals, medical &amp;amp; industrial devices, electronics and machinery. Our market research reports provide expert insights to help the clients understand business environment, realize the market competition and make critical business decisions.&lt;/span&gt;&lt;/p&gt;&lt;p style=&quot;text-indent:28px&quot;&gt;&lt;span style=&quot;font-family: Leelawadee, sans-serif; font-size: 14px;&quot;&gt;&amp;nbsp;&lt;/span&gt;&lt;/p&gt;&lt;p style=&quot;text-indent:28px&quot;&gt;&lt;span style=&quot;font-family: Leelawadee, sans-serif; font-size: 14px;&quot;&gt;Our core research team is comprised of experienced analysts holding Bachelor’s, Master’s and Ph.D. degrees in Chemistry, Material Science, Medicine, Electronic Engineering, Mechanical Manufacture and Automation, Economics, Marketing, and Information Technology etc.&lt;/span&gt;&lt;/p&gt;&lt;p style=&quot;text-indent:28px&quot;&gt;&lt;span style=&quot;font-family: Leelawadee, sans-serif; font-size: 14px;&quot;&gt;&amp;nbsp;&lt;/span&gt;&lt;/p&gt;&lt;p style=&quot;text-indent:28px&quot;&gt;&lt;span style=&quot;font-family: Leelawadee, sans-serif; font-size: 14px;&quot;&gt;SHT Research provides market research reports and consulting services to every global business practitioner such as investor, manufacturer, distributor, downstream consumer, consultant, and policymaker.&lt;/span&gt;&lt;/p&gt;&lt;p style=&quot;text-indent:28px&quot;&gt;&lt;span style=&quot;font-family: Leelawadee, sans-serif; font-size: 14px;&quot;&gt;&amp;nbsp;&lt;/span&gt;&lt;/p&gt;&lt;p style=&quot;text-indent:28px&quot;&gt;&lt;span style=&quot;font-family: Leelawadee, sans-serif; font-size: 14px;&quot;&gt;SHT Research aims to be a reliable market intelligence partner to its clients in their business success due to the advantage of market information asymmetry against competitors.&lt;/span&gt;&lt;/p&gt;&lt;p style=&quot;text-indent: 28px;&quot;&gt;&lt;br/&gt;&lt;/p&gt;' WHERE ( id=1 ) [ RunTime:0.0004s ]
INFO: [ app_end ] --START--
INFO: Run Behavior\ShowPageTraceBehavior [ RunTime:0.000425s ]
INFO: [ app_end ] --END-- [ RunTime:0.000461s ]

[ 2017-07-25T11:04:45+08:00 ] 183.240.196.50 /Admin/Top/ab
INFO: [ app_init ] --START--
INFO: Run Behavior\BuildLiteBehavior [ RunTime:0.000012s ]
INFO: [ app_init ] --END-- [ RunTime:0.000276s ]
INFO: [ app_begin ] --START--
INFO: Run Behavior\ReadHtmlCacheBehavior [ RunTime:0.000380s ]
INFO: [ app_begin ] --END-- [ RunTime:0.000462s ]
SQL: SHOW COLUMNS FROM `about` [ RunTime:0.0004s ]
SQL: SELECT COUNT(*) AS tp_count FROM `about` LIMIT 1   [ RunTime:0.0001s ]
NOTIC: [2] Missing argument 1 for Think\Model::where(), called in /www/web/shtresearch/public_html/Application/Admin/Controller/TopController.class.php on line 431 and defined /www/web/shtresearch/public_html/ThinkPHP/Library/Think/Model.class.php 第 1797 行.
NOTIC: [8] Undefined variable: where /www/web/shtresearch/public_html/ThinkPHP/Library/Think/Model.class.php 第 1805 行.
NOTIC: [8] Undefined variable: where /www/web/shtresearch/public_html/ThinkPHP/Library/Think/Model.class.php 第 1808 行.
NOTIC: [8] Undefined variable: where /www/web/shtresearch/public_html/ThinkPHP/Library/Think/Model.class.php 第 1816 行.
SQL: SELECT * FROM `about` ORDER BY id desc LIMIT 0,10   [ RunTime:0.0002s ]
INFO: [ view_parse ] --START--
INFO: [ template_filter ] --START--
INFO: Run Behavior\ContentReplaceBehavior [ RunTime:0.000039s ]
INFO: [ template_filter ] --END-- [ RunTime:0.000075s ]
INFO: Run Behavior\ParseTemplateBehavior [ RunTime:0.005630s ]
INFO: [ view_parse ] --END-- [ RunTime:0.005668s ]
INFO: [ view_filter ] --START--
INFO: Run Behavior\WriteHtmlCacheBehavior [ RunTime:0.000166s ]
INFO: [ view_filter ] --END-- [ RunTime:0.000194s ]
INFO: [ app_end ] --START--
INFO: Run Behavior\ShowPageTraceBehavior [ RunTime:0.000425s ]
INFO: [ app_end ] --END-- [ RunTime:0.000458s ]

