[ 2017-08-10T06:10:09+08:00 ] 112.9.109.211 /admin
INFO: [ app_init ] --START--
INFO: Run Behavior\BuildLiteBehavior [ RunTime:0.000013s ]
INFO: [ app_init ] --END-- [ RunTime:0.000275s ]
INFO: [ app_begin ] --START--
INFO: Run Behavior\ReadHtmlCacheBehavior [ RunTime:0.000623s ]
INFO: [ app_begin ] --END-- [ RunTime:0.000711s ]
NOTIC: [8] Undefined index: id /www/web/shtresearch/public_html/Application/Admin/Controller/IndexController.class.php 第 7 行.
INFO: [ app_end ] --START--
INFO: Run Behavior\ShowPageTraceBehavior [ RunTime:0.000523s ]
INFO: [ app_end ] --END-- [ RunTime:0.000570s ]

[ 2017-08-10T06:10:11+08:00 ] 112.9.109.211 /Admin/Index/login
INFO: [ app_init ] --START--
INFO: Run Behavior\BuildLiteBehavior [ RunTime:0.000013s ]
INFO: [ app_init ] --END-- [ RunTime:0.000378s ]
INFO: [ app_begin ] --START--
INFO: Run Behavior\ReadHtmlCacheBehavior [ RunTime:0.000414s ]
INFO: [ app_begin ] --END-- [ RunTime:0.000456s ]
INFO: [ view_parse ] --START--
INFO: [ template_filter ] --START--
INFO: Run Behavior\ContentReplaceBehavior [ RunTime:0.000032s ]
INFO: [ template_filter ] --END-- [ RunTime:0.000070s ]
INFO: Run Behavior\ParseTemplateBehavior [ RunTime:0.023160s ]
INFO: [ view_parse ] --END-- [ RunTime:0.023205s ]
INFO: [ view_filter ] --START--
INFO: Run Behavior\WriteHtmlCacheBehavior [ RunTime:0.000165s ]
INFO: [ view_filter ] --END-- [ RunTime:0.000196s ]
INFO: [ app_end ] --START--
INFO: Run Behavior\ShowPageTraceBehavior [ RunTime:0.000481s ]
INFO: [ app_end ] --END-- [ RunTime:0.000518s ]

[ 2017-08-10T06:10:18+08:00 ] 112.9.109.211 /Admin/Index/login
INFO: [ app_init ] --START--
INFO: Run Behavior\BuildLiteBehavior [ RunTime:0.000012s ]
INFO: [ app_init ] --END-- [ RunTime:0.000269s ]
INFO: [ app_begin ] --START--
INFO: Run Behavior\ReadHtmlCacheBehavior [ RunTime:0.000381s ]
INFO: [ app_begin ] --END-- [ RunTime:0.000421s ]
SQL: SHOW COLUMNS FROM `admin_user` [ RunTime:0.0005s ]
SQL: SELECT COUNT(*) AS tp_count FROM `admin_user` WHERE `password` = '21232f297a57a5a743894a0e4a801fc3' LIMIT 1   [ RunTime:0.0002s ]
SQL: SELECT * FROM `admin_user` WHERE `password` = '21232f297a57a5a743894a0e4a801fc3' LIMIT 1   [ RunTime:0.0001s ]
NOTIC: [8] Undefined index: Name /www/web/shtresearch/public_html/Application/Admin/Controller/IndexController.class.php 第 45 行.
INFO: [ app_end ] --START--
INFO: Run Behavior\ShowPageTraceBehavior [ RunTime:0.000394s ]
INFO: [ app_end ] --END-- [ RunTime:0.000445s ]

[ 2017-08-10T06:10:21+08:00 ] 112.9.109.211 /Admin/Product/product
INFO: [ app_init ] --START--
INFO: Run Behavior\BuildLiteBehavior [ RunTime:0.000016s ]
INFO: [ app_init ] --END-- [ RunTime:0.000301s ]
INFO: [ app_begin ] --START--
INFO: Run Behavior\ReadHtmlCacheBehavior [ RunTime:0.000418s ]
INFO: [ app_begin ] --END-- [ RunTime:0.000460s ]
SQL: SHOW COLUMNS FROM `news` [ RunTime:0.0006s ]
SQL: SELECT COUNT(*) AS tp_count FROM `news` WHERE ( top_id=1 ) LIMIT 1   [ RunTime:0.0001s ]
SQL: SELECT news.title,news.abstract,news.table,news.figures,news.U_price,news.time,news.published,report_categories.type,news.type_id,news.pages,news.u_price2,news.top_id FROM `news` INNER JOIN report_categories on news.n_id=report_categories.id  WHERE `top_id` = 1 ORDER BY news.time desc LIMIT 0,10   [ RunTime:0.0015s ]
INFO: [ view_parse ] --START--
INFO: [ template_filter ] --START--
INFO: Run Behavior\ContentReplaceBehavior [ RunTime:0.000051s ]
INFO: [ template_filter ] --END-- [ RunTime:0.000094s ]
INFO: Run Behavior\ParseTemplateBehavior [ RunTime:0.030463s ]
INFO: [ view_parse ] --END-- [ RunTime:0.030508s ]
INFO: [ view_filter ] --START--
INFO: Run Behavior\WriteHtmlCacheBehavior [ RunTime:0.000185s ]
INFO: [ view_filter ] --END-- [ RunTime:0.000217s ]
INFO: [ app_end ] --START--
INFO: Run Behavior\ShowPageTraceBehavior [ RunTime:0.000412s ]
INFO: [ app_end ] --END-- [ RunTime:0.000484s ]

[ 2017-08-10T06:10:43+08:00 ] 112.9.109.211 /Admin/Product/product_mod?id=651
INFO: [ app_init ] --START--
INFO: Run Behavior\BuildLiteBehavior [ RunTime:0.000013s ]
INFO: [ app_init ] --END-- [ RunTime:0.000322s ]
INFO: [ app_begin ] --START--
INFO: Run Behavior\ReadHtmlCacheBehavior [ RunTime:0.000434s ]
INFO: [ app_begin ] --END-- [ RunTime:0.000474s ]
SQL: SHOW COLUMNS FROM `news` [ RunTime:0.0006s ]
NOTIC: [2] Missing argument 1 for Think\Model::where(), called in /www/web/shtresearch/public_html/Application/Admin/Controller/ProductController.class.php on line 145 and defined /www/web/shtresearch/public_html/ThinkPHP/Library/Think/Model.class.php 第 1797 行.
NOTIC: [8] Undefined variable: where /www/web/shtresearch/public_html/ThinkPHP/Library/Think/Model.class.php 第 1805 行.
NOTIC: [8] Undefined variable: where /www/web/shtresearch/public_html/ThinkPHP/Library/Think/Model.class.php 第 1808 行.
NOTIC: [8] Undefined variable: where /www/web/shtresearch/public_html/ThinkPHP/Library/Think/Model.class.php 第 1816 行.
NOTIC: [2] Missing argument 1 for Think\Model::join(), called in /www/web/shtresearch/public_html/Application/Admin/Controller/ProductController.class.php on line 145 and defined /www/web/shtresearch/public_html/ThinkPHP/Library/Think/Model.class.php 第 1664 行.
NOTIC: [8] Undefined variable: join /www/web/shtresearch/public_html/ThinkPHP/Library/Think/Model.class.php 第 1666 行.
SQL: SELECT * FROM `news` WHERE `Type_Id` = 651 LIMIT 1   [ RunTime:0.0002s ]
SQL: SHOW COLUMNS FROM `report_categories` [ RunTime:0.0004s ]
NOTIC: [2] Missing argument 1 for Think\Model::where(), called in /www/web/shtresearch/public_html/Application/Admin/Controller/ProductController.class.php on line 149 and defined /www/web/shtresearch/public_html/ThinkPHP/Library/Think/Model.class.php 第 1797 行.
NOTIC: [8] Undefined variable: where /www/web/shtresearch/public_html/ThinkPHP/Library/Think/Model.class.php 第 1805 行.
NOTIC: [8] Undefined variable: where /www/web/shtresearch/public_html/ThinkPHP/Library/Think/Model.class.php 第 1808 行.
NOTIC: [8] Undefined variable: where /www/web/shtresearch/public_html/ThinkPHP/Library/Think/Model.class.php 第 1816 行.
SQL: SELECT * FROM `report_categories`  [ RunTime:0.0002s ]
INFO: [ view_parse ] --START--
INFO: [ template_filter ] --START--
INFO: Run Behavior\ContentReplaceBehavior [ RunTime:0.000053s ]
INFO: [ template_filter ] --END-- [ RunTime:0.000091s ]
INFO: Run Behavior\ParseTemplateBehavior [ RunTime:0.019582s ]
INFO: [ view_parse ] --END-- [ RunTime:0.019631s ]
INFO: [ view_filter ] --START--
INFO: Run Behavior\WriteHtmlCacheBehavior [ RunTime:0.000189s ]
INFO: [ view_filter ] --END-- [ RunTime:0.000248s ]
INFO: [ app_end ] --START--
INFO: Run Behavior\ShowPageTraceBehavior [ RunTime:0.000426s ]
INFO: [ app_end ] --END-- [ RunTime:0.000472s ]

[ 2017-08-10T06:11:02+08:00 ] 106.120.160.119 /admin
INFO: [ app_init ] --START--
INFO: Run Behavior\BuildLiteBehavior [ RunTime:0.000012s ]
INFO: [ app_init ] --END-- [ RunTime:0.000258s ]
INFO: [ app_begin ] --START--
INFO: Run Behavior\ReadHtmlCacheBehavior [ RunTime:0.000359s ]
INFO: [ app_begin ] --END-- [ RunTime:0.000398s ]
NOTIC: [8] Undefined index: id /www/web/shtresearch/public_html/Application/Admin/Controller/IndexController.class.php 第 7 行.
INFO: [ app_end ] --START--
INFO: Run Behavior\ShowPageTraceBehavior [ RunTime:0.000378s ]
INFO: [ app_end ] --END-- [ RunTime:0.000414s ]

[ 2017-08-10T06:11:07+08:00 ] 112.9.109.211 /admin.php/Order/order
INFO: [ app_init ] --START--
INFO: Run Behavior\BuildLiteBehavior [ RunTime:0.000013s ]
INFO: [ app_init ] --END-- [ RunTime:0.000308s ]
INFO: [ app_begin ] --START--
INFO: Run Behavior\ReadHtmlCacheBehavior [ RunTime:0.000430s ]
INFO: [ app_begin ] --END-- [ RunTime:0.000477s ]
SQL: SHOW COLUMNS FROM `transaction_information` [ RunTime:0.0006s ]
SQL: SELECT COUNT(*) AS tp_count FROM `transaction_information` LIMIT 1   [ RunTime:0.0002s ]
NOTIC: [8] Undefined variable: map /www/web/shtresearch/public_html/Application/Admin/Controller/OrderController.class.php 第 32 行.
SQL: SELECT * FROM `transaction_information` ORDER BY id desc LIMIT 0,10   [ RunTime:0.0002s ]
INFO: [ view_parse ] --START--
INFO: [ template_filter ] --START--
INFO: Run Behavior\ContentReplaceBehavior [ RunTime:0.000054s ]
INFO: [ template_filter ] --END-- [ RunTime:0.000114s ]
NOTIC: [8] Use of undefined constant leixing - assumed 'leixing' /www/web/shtresearch/public_html/Application/Runtime/Cache/Admin/a64e937f36419d4a7777cf289b4f6414.php 第 143 行.
NOTIC: [8] Undefined index: leixing /www/web/shtresearch/public_html/Application/Runtime/Cache/Admin/a64e937f36419d4a7777cf289b4f6414.php 第 143 行.
NOTIC: [8] Use of undefined constant leixing - assumed 'leixing' /www/web/shtresearch/public_html/Application/Runtime/Cache/Admin/a64e937f36419d4a7777cf289b4f6414.php 第 143 行.
NOTIC: [8] Undefined index: leixing /www/web/shtresearch/public_html/Application/Runtime/Cache/Admin/a64e937f36419d4a7777cf289b4f6414.php 第 143 行.
NOTIC: [8] Use of undefined constant leixing - assumed 'leixing' /www/web/shtresearch/public_html/Application/Runtime/Cache/Admin/a64e937f36419d4a7777cf289b4f6414.php 第 143 行.
NOTIC: [8] Undefined index: leixing /www/web/shtresearch/public_html/Application/Runtime/Cache/Admin/a64e937f36419d4a7777cf289b4f6414.php 第 143 行.
NOTIC: [8] Use of undefined constant leixing - assumed 'leixing' /www/web/shtresearch/public_html/Application/Runtime/Cache/Admin/a64e937f36419d4a7777cf289b4f6414.php 第 143 行.
NOTIC: [8] Undefined index: leixing /www/web/shtresearch/public_html/Application/Runtime/Cache/Admin/a64e937f36419d4a7777cf289b4f6414.php 第 143 行.
INFO: Run Behavior\ParseTemplateBehavior [ RunTime:0.060030s ]
INFO: [ view_parse ] --END-- [ RunTime:0.060085s ]
INFO: [ view_filter ] --START--
INFO: Run Behavior\WriteHtmlCacheBehavior [ RunTime:0.000215s ]
INFO: [ view_filter ] --END-- [ RunTime:0.000252s ]
INFO: [ app_end ] --START--
INFO: Run Behavior\ShowPageTraceBehavior [ RunTime:0.000472s ]
INFO: [ app_end ] --END-- [ RunTime:0.000507s ]

[ 2017-08-10T06:11:09+08:00 ] 101.199.112.55 /Admin/Index/login
INFO: [ app_init ] --START--
INFO: Run Behavior\BuildLiteBehavior [ RunTime:0.000022s ]
INFO: [ app_init ] --END-- [ RunTime:0.000275s ]
INFO: [ app_begin ] --START--
INFO: Run Behavior\ReadHtmlCacheBehavior [ RunTime:0.000368s ]
INFO: [ app_begin ] --END-- [ RunTime:0.000415s ]
INFO: [ view_parse ] --START--
INFO: [ template_filter ] --START--
INFO: Run Behavior\ContentReplaceBehavior [ RunTime:0.000032s ]
INFO: [ template_filter ] --END-- [ RunTime:0.000071s ]
INFO: Run Behavior\ParseTemplateBehavior [ RunTime:0.003852s ]
INFO: [ view_parse ] --END-- [ RunTime:0.003890s ]
INFO: [ view_filter ] --START--
INFO: Run Behavior\WriteHtmlCacheBehavior [ RunTime:0.000156s ]
INFO: [ view_filter ] --END-- [ RunTime:0.000183s ]
INFO: [ app_end ] --START--
INFO: Run Behavior\ShowPageTraceBehavior [ RunTime:0.000385s ]
INFO: [ app_end ] --END-- [ RunTime:0.000418s ]

[ 2017-08-10T06:11:36+08:00 ] 112.9.109.211 /admin.php/Member/member
INFO: [ app_init ] --START--
INFO: Run Behavior\BuildLiteBehavior [ RunTime:0.000014s ]
INFO: [ app_init ] --END-- [ RunTime:0.000278s ]
INFO: [ app_begin ] --START--
INFO: Run Behavior\ReadHtmlCacheBehavior [ RunTime:0.000365s ]
INFO: [ app_begin ] --END-- [ RunTime:0.000413s ]
SQL: SHOW COLUMNS FROM `user` [ RunTime:0.0006s ]
SQL: SELECT COUNT(*) AS tp_count FROM `user` LIMIT 1   [ RunTime:0.0001s ]
NOTIC: [8] Undefined variable: map /www/web/shtresearch/public_html/Application/Admin/Controller/MemberController.class.php 第 29 行.
SQL: SELECT * FROM `user` ORDER BY id desc LIMIT 0,10   [ RunTime:0.0002s ]
INFO: [ view_parse ] --START--
INFO: [ template_filter ] --START--
INFO: Run Behavior\ContentReplaceBehavior [ RunTime:0.000048s ]
INFO: [ template_filter ] --END-- [ RunTime:0.000089s ]
INFO: Run Behavior\ParseTemplateBehavior [ RunTime:0.046525s ]
INFO: [ view_parse ] --END-- [ RunTime:0.046591s ]
INFO: [ view_filter ] --START--
INFO: Run Behavior\WriteHtmlCacheBehavior [ RunTime:0.000204s ]
INFO: [ view_filter ] --END-- [ RunTime:0.000236s ]
INFO: [ app_end ] --START--
INFO: Run Behavior\ShowPageTraceBehavior [ RunTime:0.000429s ]
INFO: [ app_end ] --END-- [ RunTime:0.000464s ]

[ 2017-08-10T06:13:01+08:00 ] 106.120.160.119 /Admin/Index/login
INFO: [ app_init ] --START--
INFO: Run Behavior\BuildLiteBehavior [ RunTime:0.000013s ]
INFO: [ app_init ] --END-- [ RunTime:0.000279s ]
INFO: [ app_begin ] --START--
INFO: Run Behavior\ReadHtmlCacheBehavior [ RunTime:0.000398s ]
INFO: [ app_begin ] --END-- [ RunTime:0.000443s ]
INFO: [ view_parse ] --START--
INFO: [ template_filter ] --START--
INFO: Run Behavior\ContentReplaceBehavior [ RunTime:0.000043s ]
INFO: [ template_filter ] --END-- [ RunTime:0.000090s ]
INFO: Run Behavior\ParseTemplateBehavior [ RunTime:0.004009s ]
INFO: [ view_parse ] --END-- [ RunTime:0.004065s ]
INFO: [ view_filter ] --START--
INFO: Run Behavior\WriteHtmlCacheBehavior [ RunTime:0.000164s ]
INFO: [ view_filter ] --END-- [ RunTime:0.000193s ]
INFO: [ app_end ] --START--
INFO: Run Behavior\ShowPageTraceBehavior [ RunTime:0.000420s ]
INFO: [ app_end ] --END-- [ RunTime:0.000454s ]

[ 2017-08-10T06:13:19+08:00 ] 220.181.132.194 /Admin/Index/login
INFO: [ app_init ] --START--
INFO: Run Behavior\BuildLiteBehavior [ RunTime:0.000013s ]
INFO: [ app_init ] --END-- [ RunTime:0.000297s ]
INFO: [ app_begin ] --START--
INFO: Run Behavior\ReadHtmlCacheBehavior [ RunTime:0.000406s ]
INFO: [ app_begin ] --END-- [ RunTime:0.000449s ]
INFO: [ view_parse ] --START--
INFO: [ template_filter ] --START--
INFO: Run Behavior\ContentReplaceBehavior [ RunTime:0.000035s ]
INFO: [ template_filter ] --END-- [ RunTime:0.000075s ]
INFO: Run Behavior\ParseTemplateBehavior [ RunTime:0.004001s ]
INFO: [ view_parse ] --END-- [ RunTime:0.004042s ]
INFO: [ view_filter ] --START--
INFO: Run Behavior\WriteHtmlCacheBehavior [ RunTime:0.000177s ]
INFO: [ view_filter ] --END-- [ RunTime:0.000207s ]
INFO: [ app_end ] --START--
INFO: Run Behavior\ShowPageTraceBehavior [ RunTime:0.000399s ]
INFO: [ app_end ] --END-- [ RunTime:0.000435s ]

[ 2017-08-10T06:17:50+08:00 ] 112.9.109.211 /Admin/Member/member_mod?id=32
INFO: [ app_init ] --START--
INFO: Run Behavior\BuildLiteBehavior [ RunTime:0.000015s ]
INFO: [ app_init ] --END-- [ RunTime:0.000324s ]
INFO: [ app_begin ] --START--
INFO: Run Behavior\ReadHtmlCacheBehavior [ RunTime:0.000428s ]
INFO: [ app_begin ] --END-- [ RunTime:0.000469s ]
SQL: SHOW COLUMNS FROM `user` [ RunTime:0.0006s ]
NOTIC: [2] Missing argument 1 for Think\Model::where(), called in /www/web/shtresearch/public_html/Application/Admin/Controller/MemberController.class.php on line 90 and defined /www/web/shtresearch/public_html/ThinkPHP/Library/Think/Model.class.php 第 1797 行.
NOTIC: [8] Undefined variable: where /www/web/shtresearch/public_html/ThinkPHP/Library/Think/Model.class.php 第 1805 行.
NOTIC: [8] Undefined variable: where /www/web/shtresearch/public_html/ThinkPHP/Library/Think/Model.class.php 第 1808 行.
NOTIC: [8] Undefined variable: where /www/web/shtresearch/public_html/ThinkPHP/Library/Think/Model.class.php 第 1816 行.
NOTIC: [2] Missing argument 1 for Think\Model::join(), called in /www/web/shtresearch/public_html/Application/Admin/Controller/MemberController.class.php on line 90 and defined /www/web/shtresearch/public_html/ThinkPHP/Library/Think/Model.class.php 第 1664 行.
NOTIC: [8] Undefined variable: join /www/web/shtresearch/public_html/ThinkPHP/Library/Think/Model.class.php 第 1666 行.
SQL: SELECT * FROM `user` WHERE `Id` = 32 LIMIT 1   [ RunTime:0.0002s ]
INFO: [ view_parse ] --START--
INFO: [ template_filter ] --START--
INFO: Run Behavior\ContentReplaceBehavior [ RunTime:0.000051s ]
INFO: [ template_filter ] --END-- [ RunTime:0.000095s ]
INFO: Run Behavior\ParseTemplateBehavior [ RunTime:0.051705s ]
INFO: [ view_parse ] --END-- [ RunTime:0.051776s ]
INFO: [ view_filter ] --START--
INFO: Run Behavior\WriteHtmlCacheBehavior [ RunTime:0.000200s ]
INFO: [ view_filter ] --END-- [ RunTime:0.000231s ]
INFO: [ app_end ] --START--
INFO: Run Behavior\ShowPageTraceBehavior [ RunTime:0.000433s ]
INFO: [ app_end ] --END-- [ RunTime:0.000471s ]

[ 2017-08-10T06:18:14+08:00 ] 112.9.109.211 /admin.php/Member/member
INFO: [ app_init ] --START--
INFO: Run Behavior\BuildLiteBehavior [ RunTime:0.000012s ]
INFO: [ app_init ] --END-- [ RunTime:0.000275s ]
INFO: [ app_begin ] --START--
INFO: Run Behavior\ReadHtmlCacheBehavior [ RunTime:0.000382s ]
INFO: [ app_begin ] --END-- [ RunTime:0.000423s ]
SQL: SHOW COLUMNS FROM `user` [ RunTime:0.0006s ]
SQL: SELECT COUNT(*) AS tp_count FROM `user` LIMIT 1   [ RunTime:0.0001s ]
NOTIC: [8] Undefined variable: map /www/web/shtresearch/public_html/Application/Admin/Controller/MemberController.class.php 第 29 行.
SQL: SELECT * FROM `user` ORDER BY id desc LIMIT 0,10   [ RunTime:0.0001s ]
INFO: [ view_parse ] --START--
INFO: [ template_filter ] --START--
INFO: Run Behavior\ContentReplaceBehavior [ RunTime:0.000040s ]
INFO: [ template_filter ] --END-- [ RunTime:0.000082s ]
INFO: Run Behavior\ParseTemplateBehavior [ RunTime:0.006270s ]
INFO: [ view_parse ] --END-- [ RunTime:0.006310s ]
INFO: [ view_filter ] --START--
INFO: Run Behavior\WriteHtmlCacheBehavior [ RunTime:0.000155s ]
INFO: [ view_filter ] --END-- [ RunTime:0.000184s ]
INFO: [ app_end ] --START--
INFO: Run Behavior\ShowPageTraceBehavior [ RunTime:0.000436s ]
INFO: [ app_end ] --END-- [ RunTime:0.000471s ]

[ 2017-08-10T06:18:18+08:00 ] 112.9.109.211 /Admin/Member/member_mod?id=32
INFO: [ app_init ] --START--
INFO: Run Behavior\BuildLiteBehavior [ RunTime:0.000012s ]
INFO: [ app_init ] --END-- [ RunTime:0.000310s ]
INFO: [ app_begin ] --START--
INFO: Run Behavior\ReadHtmlCacheBehavior [ RunTime:0.000389s ]
INFO: [ app_begin ] --END-- [ RunTime:0.000431s ]
SQL: SHOW COLUMNS FROM `user` [ RunTime:0.0006s ]
NOTIC: [2] Missing argument 1 for Think\Model::where(), called in /www/web/shtresearch/public_html/Application/Admin/Controller/MemberController.class.php on line 90 and defined /www/web/shtresearch/public_html/ThinkPHP/Library/Think/Model.class.php 第 1797 行.
NOTIC: [8] Undefined variable: where /www/web/shtresearch/public_html/ThinkPHP/Library/Think/Model.class.php 第 1805 行.
NOTIC: [8] Undefined variable: where /www/web/shtresearch/public_html/ThinkPHP/Library/Think/Model.class.php 第 1808 行.
NOTIC: [8] Undefined variable: where /www/web/shtresearch/public_html/ThinkPHP/Library/Think/Model.class.php 第 1816 行.
NOTIC: [2] Missing argument 1 for Think\Model::join(), called in /www/web/shtresearch/public_html/Application/Admin/Controller/MemberController.class.php on line 90 and defined /www/web/shtresearch/public_html/ThinkPHP/Library/Think/Model.class.php 第 1664 行.
NOTIC: [8] Undefined variable: join /www/web/shtresearch/public_html/ThinkPHP/Library/Think/Model.class.php 第 1666 行.
SQL: SELECT * FROM `user` WHERE `Id` = 32 LIMIT 1   [ RunTime:0.0001s ]
INFO: [ view_parse ] --START--
INFO: [ template_filter ] --START--
INFO: Run Behavior\ContentReplaceBehavior [ RunTime:0.000039s ]
INFO: [ template_filter ] --END-- [ RunTime:0.000075s ]
INFO: Run Behavior\ParseTemplateBehavior [ RunTime:0.005714s ]
INFO: [ view_parse ] --END-- [ RunTime:0.005760s ]
INFO: [ view_filter ] --START--
INFO: Run Behavior\WriteHtmlCacheBehavior [ RunTime:0.000162s ]
INFO: [ view_filter ] --END-- [ RunTime:0.000192s ]
INFO: [ app_end ] --START--
INFO: Run Behavior\ShowPageTraceBehavior [ RunTime:0.000446s ]
INFO: [ app_end ] --END-- [ RunTime:0.000509s ]

[ 2017-08-10T06:18:20+08:00 ] 112.9.109.211 /admin.php/New/news
INFO: [ app_init ] --START--
INFO: Run Behavior\BuildLiteBehavior [ RunTime:0.000013s ]
INFO: [ app_init ] --END-- [ RunTime:0.000329s ]
INFO: [ app_begin ] --START--
INFO: Run Behavior\ReadHtmlCacheBehavior [ RunTime:0.000413s ]
INFO: [ app_begin ] --END-- [ RunTime:0.000454s ]
SQL: SHOW COLUMNS FROM `new_x` [ RunTime:0.0007s ]
SQL: SELECT COUNT(*) AS tp_count FROM `new_x` LIMIT 1   [ RunTime:0.0001s ]
NOTIC: [8] Undefined variable: map /www/web/shtresearch/public_html/Application/Admin/Controller/NewController.class.php 第 30 行.
SQL: SELECT * FROM `new_x` ORDER BY time desc LIMIT 0,10   [ RunTime:0.0002s ]
INFO: [ view_parse ] --START--
INFO: [ template_filter ] --START--
INFO: Run Behavior\ContentReplaceBehavior [ RunTime:0.000056s ]
INFO: [ template_filter ] --END-- [ RunTime:0.000097s ]
INFO: Run Behavior\ParseTemplateBehavior [ RunTime:0.020853s ]
INFO: [ view_parse ] --END-- [ RunTime:0.020903s ]
INFO: [ view_filter ] --START--
INFO: Run Behavior\WriteHtmlCacheBehavior [ RunTime:0.000169s ]
INFO: [ view_filter ] --END-- [ RunTime:0.000201s ]
INFO: [ app_end ] --START--
INFO: Run Behavior\ShowPageTraceBehavior [ RunTime:0.000470s ]
INFO: [ app_end ] --END-- [ RunTime:0.000504s ]

[ 2017-08-10T06:18:39+08:00 ] 112.9.109.211 /Admin/New/news_mod?id=6
INFO: [ app_init ] --START--
INFO: Run Behavior\BuildLiteBehavior [ RunTime:0.000013s ]
INFO: [ app_init ] --END-- [ RunTime:0.000269s ]
INFO: [ app_begin ] --START--
INFO: Run Behavior\ReadHtmlCacheBehavior [ RunTime:0.000389s ]
INFO: [ app_begin ] --END-- [ RunTime:0.000435s ]
SQL: SHOW COLUMNS FROM `new_x` [ RunTime:0.0006s ]
NOTIC: [2] Missing argument 1 for Think\Model::where(), called in /www/web/shtresearch/public_html/Application/Admin/Controller/NewController.class.php on line 91 and defined /www/web/shtresearch/public_html/ThinkPHP/Library/Think/Model.class.php 第 1797 行.
NOTIC: [8] Undefined variable: where /www/web/shtresearch/public_html/ThinkPHP/Library/Think/Model.class.php 第 1805 行.
NOTIC: [8] Undefined variable: where /www/web/shtresearch/public_html/ThinkPHP/Library/Think/Model.class.php 第 1808 行.
NOTIC: [8] Undefined variable: where /www/web/shtresearch/public_html/ThinkPHP/Library/Think/Model.class.php 第 1816 行.
NOTIC: [2] Missing argument 1 for Think\Model::join(), called in /www/web/shtresearch/public_html/Application/Admin/Controller/NewController.class.php on line 91 and defined /www/web/shtresearch/public_html/ThinkPHP/Library/Think/Model.class.php 第 1664 行.
NOTIC: [8] Undefined variable: join /www/web/shtresearch/public_html/ThinkPHP/Library/Think/Model.class.php 第 1666 行.
SQL: SELECT * FROM `new_x` WHERE `id` = 6 LIMIT 1   [ RunTime:0.0002s ]
INFO: [ view_parse ] --START--
INFO: [ template_filter ] --START--
INFO: Run Behavior\ContentReplaceBehavior [ RunTime:0.000046s ]
INFO: [ template_filter ] --END-- [ RunTime:0.000102s ]
INFO: Run Behavior\ParseTemplateBehavior [ RunTime:0.032162s ]
INFO: [ view_parse ] --END-- [ RunTime:0.032217s ]
INFO: [ view_filter ] --START--
INFO: Run Behavior\WriteHtmlCacheBehavior [ RunTime:0.000203s ]
INFO: [ view_filter ] --END-- [ RunTime:0.000237s ]
INFO: [ app_end ] --START--
INFO: Run Behavior\ShowPageTraceBehavior [ RunTime:0.000406s ]
INFO: [ app_end ] --END-- [ RunTime:0.000481s ]

[ 2017-08-10T06:19:29+08:00 ] 112.9.109.211 /admin.php/Topsell/report
INFO: [ app_init ] --START--
INFO: Run Behavior\BuildLiteBehavior [ RunTime:0.000027s ]
INFO: [ app_init ] --END-- [ RunTime:0.000300s ]
INFO: [ app_begin ] --START--
INFO: Run Behavior\ReadHtmlCacheBehavior [ RunTime:0.000419s ]
INFO: [ app_begin ] --END-- [ RunTime:0.000464s ]
SQL: SHOW COLUMNS FROM `news` [ RunTime:0.0005s ]
SQL: SELECT COUNT(*) AS tp_count FROM `news` WHERE ( top_id=2 ) LIMIT 1   [ RunTime:0.0001s ]
SQL: SELECT news.title,news.abstract,news.table,news.figures,news.U_price,news.time,news.published,report_categories.type,news.type_id,news.pages,news.u_price2,news.top_id FROM `news` INNER JOIN report_categories on news.n_id=report_categories.id  WHERE `top_id` = 2 ORDER BY news.time desc LIMIT 0,10   [ RunTime:0.0011s ]
INFO: [ view_parse ] --START--
INFO: [ template_filter ] --START--
INFO: Run Behavior\ContentReplaceBehavior [ RunTime:0.000049s ]
INFO: [ template_filter ] --END-- [ RunTime:0.000087s ]
INFO: Run Behavior\ParseTemplateBehavior [ RunTime:0.021047s ]
INFO: [ view_parse ] --END-- [ RunTime:0.021100s ]
INFO: [ view_filter ] --START--
INFO: Run Behavior\WriteHtmlCacheBehavior [ RunTime:0.000169s ]
INFO: [ view_filter ] --END-- [ RunTime:0.000199s ]
INFO: [ app_end ] --START--
INFO: Run Behavior\ShowPageTraceBehavior [ RunTime:0.000436s ]
INFO: [ app_end ] --END-- [ RunTime:0.000500s ]

[ 2017-08-10T06:19:31+08:00 ] 112.9.109.211 /admin.php/Product/product
INFO: [ app_init ] --START--
INFO: Run Behavior\BuildLiteBehavior [ RunTime:0.000013s ]
INFO: [ app_init ] --END-- [ RunTime:0.000319s ]
INFO: [ app_begin ] --START--
INFO: Run Behavior\ReadHtmlCacheBehavior [ RunTime:0.000396s ]
INFO: [ app_begin ] --END-- [ RunTime:0.000435s ]
SQL: SHOW COLUMNS FROM `news` [ RunTime:0.0006s ]
SQL: SELECT COUNT(*) AS tp_count FROM `news` WHERE ( top_id=1 ) LIMIT 1   [ RunTime:0.0001s ]
SQL: SELECT news.title,news.abstract,news.table,news.figures,news.U_price,news.time,news.published,report_categories.type,news.type_id,news.pages,news.u_price2,news.top_id FROM `news` INNER JOIN report_categories on news.n_id=report_categories.id  WHERE `top_id` = 1 ORDER BY news.time desc LIMIT 0,10   [ RunTime:0.0002s ]
INFO: [ view_parse ] --START--
INFO: [ template_filter ] --START--
INFO: Run Behavior\ContentReplaceBehavior [ RunTime:0.000046s ]
INFO: [ template_filter ] --END-- [ RunTime:0.000082s ]
INFO: Run Behavior\ParseTemplateBehavior [ RunTime:0.006769s ]
INFO: [ view_parse ] --END-- [ RunTime:0.006808s ]
INFO: [ view_filter ] --START--
INFO: Run Behavior\WriteHtmlCacheBehavior [ RunTime:0.000168s ]
INFO: [ view_filter ] --END-- [ RunTime:0.000201s ]
INFO: [ app_end ] --START--
INFO: Run Behavior\ShowPageTraceBehavior [ RunTime:0.000400s ]
INFO: [ app_end ] --END-- [ RunTime:0.000438s ]

[ 2017-08-10T06:19:40+08:00 ] 112.9.109.211 /Admin/Product/product_mod?id=651
INFO: [ app_init ] --START--
INFO: Run Behavior\BuildLiteBehavior [ RunTime:0.000012s ]
INFO: [ app_init ] --END-- [ RunTime:0.000320s ]
INFO: [ app_begin ] --START--
INFO: Run Behavior\ReadHtmlCacheBehavior [ RunTime:0.000423s ]
INFO: [ app_begin ] --END-- [ RunTime:0.000464s ]
SQL: SHOW COLUMNS FROM `news` [ RunTime:0.0006s ]
NOTIC: [2] Missing argument 1 for Think\Model::where(), called in /www/web/shtresearch/public_html/Application/Admin/Controller/ProductController.class.php on line 145 and defined /www/web/shtresearch/public_html/ThinkPHP/Library/Think/Model.class.php 第 1797 行.
NOTIC: [8] Undefined variable: where /www/web/shtresearch/public_html/ThinkPHP/Library/Think/Model.class.php 第 1805 行.
NOTIC: [8] Undefined variable: where /www/web/shtresearch/public_html/ThinkPHP/Library/Think/Model.class.php 第 1808 行.
NOTIC: [8] Undefined variable: where /www/web/shtresearch/public_html/ThinkPHP/Library/Think/Model.class.php 第 1816 行.
NOTIC: [2] Missing argument 1 for Think\Model::join(), called in /www/web/shtresearch/public_html/Application/Admin/Controller/ProductController.class.php on line 145 and defined /www/web/shtresearch/public_html/ThinkPHP/Library/Think/Model.class.php 第 1664 行.
NOTIC: [8] Undefined variable: join /www/web/shtresearch/public_html/ThinkPHP/Library/Think/Model.class.php 第 1666 行.
SQL: SELECT * FROM `news` WHERE `Type_Id` = 651 LIMIT 1   [ RunTime:0.0001s ]
SQL: SHOW COLUMNS FROM `report_categories` [ RunTime:0.0004s ]
NOTIC: [2] Missing argument 1 for Think\Model::where(), called in /www/web/shtresearch/public_html/Application/Admin/Controller/ProductController.class.php on line 149 and defined /www/web/shtresearch/public_html/ThinkPHP/Library/Think/Model.class.php 第 1797 行.
NOTIC: [8] Undefined variable: where /www/web/shtresearch/public_html/ThinkPHP/Library/Think/Model.class.php 第 1805 行.
NOTIC: [8] Undefined variable: where /www/web/shtresearch/public_html/ThinkPHP/Library/Think/Model.class.php 第 1808 行.
NOTIC: [8] Undefined variable: where /www/web/shtresearch/public_html/ThinkPHP/Library/Think/Model.class.php 第 1816 行.
SQL: SELECT * FROM `report_categories`  [ RunTime:0.0001s ]
INFO: [ view_parse ] --START--
INFO: [ template_filter ] --START--
INFO: Run Behavior\ContentReplaceBehavior [ RunTime:0.000053s ]
INFO: [ template_filter ] --END-- [ RunTime:0.000090s ]
INFO: Run Behavior\ParseTemplateBehavior [ RunTime:0.008261s ]
INFO: [ view_parse ] --END-- [ RunTime:0.008302s ]
INFO: [ view_filter ] --START--
INFO: Run Behavior\WriteHtmlCacheBehavior [ RunTime:0.000164s ]
INFO: [ view_filter ] --END-- [ RunTime:0.000192s ]
INFO: [ app_end ] --START--
INFO: Run Behavior\ShowPageTraceBehavior [ RunTime:0.000468s ]
INFO: [ app_end ] --END-- [ RunTime:0.000518s ]

[ 2017-08-10T06:19:59+08:00 ] 112.9.109.211 /admin.php/Topsell/report
INFO: [ app_init ] --START--
INFO: Run Behavior\BuildLiteBehavior [ RunTime:0.000013s ]
INFO: [ app_init ] --END-- [ RunTime:0.000269s ]
INFO: [ app_begin ] --START--
INFO: Run Behavior\ReadHtmlCacheBehavior [ RunTime:0.000399s ]
INFO: [ app_begin ] --END-- [ RunTime:0.000440s ]
SQL: SHOW COLUMNS FROM `news` [ RunTime:0.0006s ]
SQL: SELECT COUNT(*) AS tp_count FROM `news` WHERE ( top_id=2 ) LIMIT 1   [ RunTime:0.0001s ]
SQL: SELECT news.title,news.abstract,news.table,news.figures,news.U_price,news.time,news.published,report_categories.type,news.type_id,news.pages,news.u_price2,news.top_id FROM `news` INNER JOIN report_categories on news.n_id=report_categories.id  WHERE `top_id` = 2 ORDER BY news.time desc LIMIT 0,10   [ RunTime:0.0001s ]
INFO: [ view_parse ] --START--
INFO: [ template_filter ] --START--
INFO: Run Behavior\ContentReplaceBehavior [ RunTime:0.000044s ]
INFO: [ template_filter ] --END-- [ RunTime:0.000079s ]
INFO: Run Behavior\ParseTemplateBehavior [ RunTime:0.006288s ]
INFO: [ view_parse ] --END-- [ RunTime:0.006328s ]
INFO: [ view_filter ] --START--
INFO: Run Behavior\WriteHtmlCacheBehavior [ RunTime:0.000157s ]
INFO: [ view_filter ] --END-- [ RunTime:0.000186s ]
INFO: [ app_end ] --START--
INFO: Run Behavior\ShowPageTraceBehavior [ RunTime:0.000377s ]
INFO: [ app_end ] --END-- [ RunTime:0.000417s ]

[ 2017-08-10T06:20:04+08:00 ] 112.9.109.211 /admin.php/New/news
INFO: [ app_init ] --START--
INFO: Run Behavior\BuildLiteBehavior [ RunTime:0.000012s ]
INFO: [ app_init ] --END-- [ RunTime:0.000313s ]
INFO: [ app_begin ] --START--
INFO: Run Behavior\ReadHtmlCacheBehavior [ RunTime:0.000426s ]
INFO: [ app_begin ] --END-- [ RunTime:0.000466s ]
SQL: SHOW COLUMNS FROM `new_x` [ RunTime:0.0005s ]
SQL: SELECT COUNT(*) AS tp_count FROM `new_x` LIMIT 1   [ RunTime:0.0001s ]
NOTIC: [8] Undefined variable: map /www/web/shtresearch/public_html/Application/Admin/Controller/NewController.class.php 第 30 行.
SQL: SELECT * FROM `new_x` ORDER BY time desc LIMIT 0,10   [ RunTime:0.0001s ]
INFO: [ view_parse ] --START--
INFO: [ template_filter ] --START--
INFO: Run Behavior\ContentReplaceBehavior [ RunTime:0.000041s ]
INFO: [ template_filter ] --END-- [ RunTime:0.000075s ]
INFO: Run Behavior\ParseTemplateBehavior [ RunTime:0.005517s ]
INFO: [ view_parse ] --END-- [ RunTime:0.005556s ]
INFO: [ view_filter ] --START--
INFO: Run Behavior\WriteHtmlCacheBehavior [ RunTime:0.000171s ]
INFO: [ view_filter ] --END-- [ RunTime:0.000200s ]
INFO: [ app_end ] --START--
INFO: Run Behavior\ShowPageTraceBehavior [ RunTime:0.000395s ]
INFO: [ app_end ] --END-- [ RunTime:0.000434s ]

[ 2017-08-10T06:20:08+08:00 ] 112.9.109.211 /admin.php/Member/guest
INFO: [ app_init ] --START--
INFO: Run Behavior\BuildLiteBehavior [ RunTime:0.000012s ]
INFO: [ app_init ] --END-- [ RunTime:0.000277s ]
INFO: [ app_begin ] --START--
INFO: Run Behavior\ReadHtmlCacheBehavior [ RunTime:0.000374s ]
INFO: [ app_begin ] --END-- [ RunTime:0.000414s ]
SQL: SHOW COLUMNS FROM `guestbook` [ RunTime:0.0005s ]
SQL: SELECT COUNT(*) AS tp_count FROM `guestbook` LIMIT 1   [ RunTime:0.0002s ]
NOTIC: [8] Undefined variable: map /www/web/shtresearch/public_html/Application/Admin/Controller/MemberController.class.php 第 103 行.
SQL: SELECT * FROM `guestbook` ORDER BY id desc LIMIT 0,10   [ RunTime:0.0002s ]
INFO: [ view_parse ] --START--
INFO: [ template_filter ] --START--
INFO: Run Behavior\ContentReplaceBehavior [ RunTime:0.000038s ]
INFO: [ template_filter ] --END-- [ RunTime:0.000074s ]
INFO: Run Behavior\ParseTemplateBehavior [ RunTime:0.015831s ]
INFO: [ view_parse ] --END-- [ RunTime:0.015877s ]
INFO: [ view_filter ] --START--
INFO: Run Behavior\WriteHtmlCacheBehavior [ RunTime:0.000186s ]
INFO: [ view_filter ] --END-- [ RunTime:0.000217s ]
INFO: [ app_end ] --START--
INFO: Run Behavior\ShowPageTraceBehavior [ RunTime:0.000444s ]
INFO: [ app_end ] --END-- [ RunTime:0.000485s ]

[ 2017-08-10T06:41:33+08:00 ] 112.9.109.211 /admin.php/Lanmu/lanmu
INFO: [ app_init ] --START--
INFO: Run Behavior\BuildLiteBehavior [ RunTime:0.000015s ]
INFO: [ app_init ] --END-- [ RunTime:0.000293s ]
INFO: [ app_begin ] --START--
INFO: Run Behavior\ReadHtmlCacheBehavior [ RunTime:0.000409s ]
INFO: [ app_begin ] --END-- [ RunTime:0.000450s ]
SQL: SHOW COLUMNS FROM `report_categories` [ RunTime:0.0005s ]
SQL: SELECT COUNT(*) AS tp_count FROM `report_categories` LIMIT 1   [ RunTime:0.0001s ]
NOTIC: [2] Missing argument 1 for Think\Model::where(), called in /www/web/shtresearch/public_html/Application/Admin/Controller/LanmuController.class.php on line 26 and defined /www/web/shtresearch/public_html/ThinkPHP/Library/Think/Model.class.php 第 1797 行.
NOTIC: [8] Undefined variable: where /www/web/shtresearch/public_html/ThinkPHP/Library/Think/Model.class.php 第 1805 行.
NOTIC: [8] Undefined variable: where /www/web/shtresearch/public_html/ThinkPHP/Library/Think/Model.class.php 第 1808 行.
NOTIC: [8] Undefined variable: where /www/web/shtresearch/public_html/ThinkPHP/Library/Think/Model.class.php 第 1816 行.
SQL: SELECT * FROM `report_categories` ORDER BY id asc LIMIT 0,20   [ RunTime:0.0002s ]
INFO: [ view_parse ] --START--
INFO: [ template_filter ] --START--
INFO: Run Behavior\ContentReplaceBehavior [ RunTime:0.000056s ]
INFO: [ template_filter ] --END-- [ RunTime:0.000106s ]
INFO: Run Behavior\ParseTemplateBehavior [ RunTime:0.031733s ]
INFO: [ view_parse ] --END-- [ RunTime:0.031799s ]
INFO: [ view_filter ] --START--
INFO: Run Behavior\WriteHtmlCacheBehavior [ RunTime:0.000211s ]
INFO: [ view_filter ] --END-- [ RunTime:0.000241s ]
INFO: [ app_end ] --START--
INFO: Run Behavior\ShowPageTraceBehavior [ RunTime:0.000474s ]
INFO: [ app_end ] --END-- [ RunTime:0.000523s ]

[ 2017-08-10T06:41:41+08:00 ] 112.9.109.211 /Admin/Lanmu/lanmu_mod?id=2
INFO: [ app_init ] --START--
INFO: Run Behavior\BuildLiteBehavior [ RunTime:0.000013s ]
INFO: [ app_init ] --END-- [ RunTime:0.000276s ]
INFO: [ app_begin ] --START--
INFO: Run Behavior\ReadHtmlCacheBehavior [ RunTime:0.000384s ]
INFO: [ app_begin ] --END-- [ RunTime:0.000423s ]
SQL: SHOW COLUMNS FROM `report_categories` [ RunTime:0.0005s ]
NOTIC: [2] Missing argument 1 for Think\Model::where(), called in /www/web/shtresearch/public_html/Application/Admin/Controller/LanmuController.class.php on line 107 and defined /www/web/shtresearch/public_html/ThinkPHP/Library/Think/Model.class.php 第 1797 行.
NOTIC: [8] Undefined variable: where /www/web/shtresearch/public_html/ThinkPHP/Library/Think/Model.class.php 第 1805 行.
NOTIC: [8] Undefined variable: where /www/web/shtresearch/public_html/ThinkPHP/Library/Think/Model.class.php 第 1808 行.
NOTIC: [8] Undefined variable: where /www/web/shtresearch/public_html/ThinkPHP/Library/Think/Model.class.php 第 1816 行.
NOTIC: [2] Missing argument 1 for Think\Model::join(), called in /www/web/shtresearch/public_html/Application/Admin/Controller/LanmuController.class.php on line 107 and defined /www/web/shtresearch/public_html/ThinkPHP/Library/Think/Model.class.php 第 1664 行.
NOTIC: [8] Undefined variable: join /www/web/shtresearch/public_html/ThinkPHP/Library/Think/Model.class.php 第 1666 行.
SQL: SELECT * FROM `report_categories` WHERE `Id` = 2 LIMIT 1   [ RunTime:0.0001s ]
INFO: [ view_parse ] --START--
INFO: [ template_filter ] --START--
INFO: Run Behavior\ContentReplaceBehavior [ RunTime:0.000079s ]
INFO: [ template_filter ] --END-- [ RunTime:0.000121s ]
INFO: Run Behavior\ParseTemplateBehavior [ RunTime:0.030492s ]
INFO: [ view_parse ] --END-- [ RunTime:0.030530s ]
INFO: [ view_filter ] --START--
INFO: Run Behavior\WriteHtmlCacheBehavior [ RunTime:0.000178s ]
INFO: [ view_filter ] --END-- [ RunTime:0.000206s ]
INFO: [ app_end ] --START--
INFO: Run Behavior\ShowPageTraceBehavior [ RunTime:0.000384s ]
INFO: [ app_end ] --END-- [ RunTime:0.000418s ]

[ 2017-08-10T06:41:57+08:00 ] 112.9.109.211 /Admin/Lanmu/lanmu_mod?id=17
INFO: [ app_init ] --START--
INFO: Run Behavior\BuildLiteBehavior [ RunTime:0.000011s ]
INFO: [ app_init ] --END-- [ RunTime:0.000264s ]
INFO: [ app_begin ] --START--
INFO: Run Behavior\ReadHtmlCacheBehavior [ RunTime:0.000382s ]
INFO: [ app_begin ] --END-- [ RunTime:0.000423s ]
SQL: SHOW COLUMNS FROM `report_categories` [ RunTime:0.0005s ]
NOTIC: [2] Missing argument 1 for Think\Model::where(), called in /www/web/shtresearch/public_html/Application/Admin/Controller/LanmuController.class.php on line 107 and defined /www/web/shtresearch/public_html/ThinkPHP/Library/Think/Model.class.php 第 1797 行.
NOTIC: [8] Undefined variable: where /www/web/shtresearch/public_html/ThinkPHP/Library/Think/Model.class.php 第 1805 行.
NOTIC: [8] Undefined variable: where /www/web/shtresearch/public_html/ThinkPHP/Library/Think/Model.class.php 第 1808 行.
NOTIC: [8] Undefined variable: where /www/web/shtresearch/public_html/ThinkPHP/Library/Think/Model.class.php 第 1816 行.
NOTIC: [2] Missing argument 1 for Think\Model::join(), called in /www/web/shtresearch/public_html/Application/Admin/Controller/LanmuController.class.php on line 107 and defined /www/web/shtresearch/public_html/ThinkPHP/Library/Think/Model.class.php 第 1664 行.
NOTIC: [8] Undefined variable: join /www/web/shtresearch/public_html/ThinkPHP/Library/Think/Model.class.php 第 1666 行.
SQL: SELECT * FROM `report_categories` WHERE `Id` = 17 LIMIT 1   [ RunTime:0.0002s ]
INFO: [ view_parse ] --START--
INFO: [ template_filter ] --START--
INFO: Run Behavior\ContentReplaceBehavior [ RunTime:0.000039s ]
INFO: [ template_filter ] --END-- [ RunTime:0.000076s ]
INFO: Run Behavior\ParseTemplateBehavior [ RunTime:0.004977s ]
INFO: [ view_parse ] --END-- [ RunTime:0.005014s ]
INFO: [ view_filter ] --START--
INFO: Run Behavior\WriteHtmlCacheBehavior [ RunTime:0.000156s ]
INFO: [ view_filter ] --END-- [ RunTime:0.000184s ]
INFO: [ app_end ] --START--
INFO: Run Behavior\ShowPageTraceBehavior [ RunTime:0.000418s ]
INFO: [ app_end ] --END-- [ RunTime:0.000451s ]

[ 2017-08-10T06:42:07+08:00 ] 112.9.109.211 /admin.php/Lanmu/lanmu/p/3.html
INFO: [ app_init ] --START--
INFO: Run Behavior\BuildLiteBehavior [ RunTime:0.000011s ]
INFO: [ app_init ] --END-- [ RunTime:0.000262s ]
INFO: [ app_begin ] --START--
INFO: Run Behavior\ReadHtmlCacheBehavior [ RunTime:0.000360s ]
INFO: [ app_begin ] --END-- [ RunTime:0.000398s ]
SQL: SHOW COLUMNS FROM `report_categories` [ RunTime:0.0005s ]
SQL: SELECT COUNT(*) AS tp_count FROM `report_categories` LIMIT 1   [ RunTime:0.0001s ]
NOTIC: [2] Missing argument 1 for Think\Model::where(), called in /www/web/shtresearch/public_html/Application/Admin/Controller/LanmuController.class.php on line 26 and defined /www/web/shtresearch/public_html/ThinkPHP/Library/Think/Model.class.php 第 1797 行.
NOTIC: [8] Undefined variable: where /www/web/shtresearch/public_html/ThinkPHP/Library/Think/Model.class.php 第 1805 行.
NOTIC: [8] Undefined variable: where /www/web/shtresearch/public_html/ThinkPHP/Library/Think/Model.class.php 第 1808 行.
NOTIC: [8] Undefined variable: where /www/web/shtresearch/public_html/ThinkPHP/Library/Think/Model.class.php 第 1816 行.
SQL: SELECT * FROM `report_categories` ORDER BY id asc LIMIT 40,20   [ RunTime:0.0003s ]
INFO: [ view_parse ] --START--
INFO: [ template_filter ] --START--
INFO: Run Behavior\ContentReplaceBehavior [ RunTime:0.000040s ]
INFO: [ template_filter ] --END-- [ RunTime:0.000074s ]
INFO: Run Behavior\ParseTemplateBehavior [ RunTime:0.005496s ]
INFO: [ view_parse ] --END-- [ RunTime:0.005537s ]
INFO: [ view_filter ] --START--
INFO: Run Behavior\WriteHtmlCacheBehavior [ RunTime:0.000155s ]
INFO: [ view_filter ] --END-- [ RunTime:0.000184s ]
INFO: [ app_end ] --START--
INFO: Run Behavior\ShowPageTraceBehavior [ RunTime:0.000454s ]
INFO: [ app_end ] --END-- [ RunTime:0.000494s ]

[ 2017-08-10T17:29:37+08:00 ] 60.209.227.196 /admin
INFO: [ app_init ] --START--
INFO: Run Behavior\BuildLiteBehavior [ RunTime:0.000013s ]
INFO: [ app_init ] --END-- [ RunTime:0.000279s ]
INFO: [ app_begin ] --START--
INFO: Run Behavior\ReadHtmlCacheBehavior [ RunTime:0.000471s ]
INFO: [ app_begin ] --END-- [ RunTime:0.000512s ]
NOTIC: [8] Undefined index: id /www/web/shtresearch/public_html/Application/Admin/Controller/IndexController.class.php 第 7 行.
INFO: [ app_end ] --START--
INFO: Run Behavior\ShowPageTraceBehavior [ RunTime:0.000635s ]
INFO: [ app_end ] --END-- [ RunTime:0.000689s ]

[ 2017-08-10T17:29:38+08:00 ] 60.209.227.196 /Admin/Index/login
INFO: [ app_init ] --START--
INFO: Run Behavior\BuildLiteBehavior [ RunTime:0.000014s ]
INFO: [ app_init ] --END-- [ RunTime:0.000307s ]
INFO: [ app_begin ] --START--
INFO: Run Behavior\ReadHtmlCacheBehavior [ RunTime:0.000437s ]
INFO: [ app_begin ] --END-- [ RunTime:0.000488s ]
INFO: [ view_parse ] --START--
INFO: [ template_filter ] --START--
INFO: Run Behavior\ContentReplaceBehavior [ RunTime:0.000034s ]
INFO: [ template_filter ] --END-- [ RunTime:0.000073s ]
INFO: Run Behavior\ParseTemplateBehavior [ RunTime:0.004326s ]
INFO: [ view_parse ] --END-- [ RunTime:0.004364s ]
INFO: [ view_filter ] --START--
INFO: Run Behavior\WriteHtmlCacheBehavior [ RunTime:0.000176s ]
INFO: [ view_filter ] --END-- [ RunTime:0.000214s ]
INFO: [ app_end ] --START--
INFO: Run Behavior\ShowPageTraceBehavior [ RunTime:0.000425s ]
INFO: [ app_end ] --END-- [ RunTime:0.000465s ]

[ 2017-08-10T17:29:49+08:00 ] 60.209.227.196 /Admin/Index/login
INFO: [ app_init ] --START--
INFO: Run Behavior\BuildLiteBehavior [ RunTime:0.000013s ]
INFO: [ app_init ] --END-- [ RunTime:0.000304s ]
INFO: [ app_begin ] --START--
INFO: Run Behavior\ReadHtmlCacheBehavior [ RunTime:0.000358s ]
INFO: [ app_begin ] --END-- [ RunTime:0.000398s ]
SQL: SHOW COLUMNS FROM `admin_user` [ RunTime:0.0005s ]
SQL: SELECT COUNT(*) AS tp_count FROM `admin_user` WHERE `password` = '21232f297a57a5a743894a0e4a801fc3' LIMIT 1   [ RunTime:0.0001s ]
SQL: SELECT * FROM `admin_user` WHERE `password` = '21232f297a57a5a743894a0e4a801fc3' LIMIT 1   [ RunTime:0.0001s ]
NOTIC: [8] Undefined index: Name /www/web/shtresearch/public_html/Application/Admin/Controller/IndexController.class.php 第 45 行.
INFO: [ app_end ] --START--
INFO: Run Behavior\ShowPageTraceBehavior [ RunTime:0.000398s ]
INFO: [ app_end ] --END-- [ RunTime:0.000432s ]

[ 2017-08-10T17:29:50+08:00 ] 60.209.227.196 /Admin/Product/product
INFO: [ app_init ] --START--
INFO: Run Behavior\BuildLiteBehavior [ RunTime:0.000017s ]
INFO: [ app_init ] --END-- [ RunTime:0.000400s ]
INFO: [ app_begin ] --START--
INFO: Run Behavior\ReadHtmlCacheBehavior [ RunTime:0.000480s ]
INFO: [ app_begin ] --END-- [ RunTime:0.000521s ]
SQL: SHOW COLUMNS FROM `news` [ RunTime:0.0005s ]
SQL: SELECT COUNT(*) AS tp_count FROM `news` WHERE ( top_id=1 ) LIMIT 1   [ RunTime:0.0001s ]
SQL: SELECT news.title,news.abstract,news.table,news.figures,news.U_price,news.time,news.published,report_categories.type,news.type_id,news.pages,news.u_price2,news.top_id FROM `news` INNER JOIN report_categories on news.n_id=report_categories.id  WHERE `top_id` = 1 ORDER BY news.time desc LIMIT 0,10   [ RunTime:0.0002s ]
INFO: [ view_parse ] --START--
INFO: [ template_filter ] --START--
INFO: Run Behavior\ContentReplaceBehavior [ RunTime:0.000045s ]
INFO: [ template_filter ] --END-- [ RunTime:0.000082s ]
INFO: Run Behavior\ParseTemplateBehavior [ RunTime:0.006437s ]
INFO: [ view_parse ] --END-- [ RunTime:0.006479s ]
INFO: [ view_filter ] --START--
INFO: Run Behavior\WriteHtmlCacheBehavior [ RunTime:0.000155s ]
INFO: [ view_filter ] --END-- [ RunTime:0.000182s ]
INFO: [ app_end ] --START--
INFO: Run Behavior\ShowPageTraceBehavior [ RunTime:0.000425s ]
INFO: [ app_end ] --END-- [ RunTime:0.000466s ]

