[ 2017-12-06T16:47:47+08:00 ] ::1 /zjtr/admin
INFO: [ app_init ] --START--
INFO: Run Behavior\BuildLiteBehavior [ RunTime:0.000030s ]
INFO: [ app_init ] --END-- [ RunTime:0.000821s ]
INFO: [ app_begin ] --START--
INFO: Run Behavior\ReadHtmlCacheBehavior [ RunTime:0.001362s ]
INFO: [ app_begin ] --END-- [ RunTime:0.001526s ]
SQL: SHOW COLUMNS FROM `news` [ RunTime:0.0573s ]
SQL: SELECT COUNT(*) AS tp_count FROM `news` LIMIT 1   [ RunTime:0.0004s ]
NOTIC: [8] Undefined variable: map D:\phpStudy\WWW\zjtr\Application\Admin\Controller\IndexController.class.php 第 18 行.
SQL: SELECT news.title,news.abstract,news.U_price,news.time,news.published,report_categories.type,news.type_id,news.pages FROM `news` INNER JOIN report_categories on news.n_id=report_categories.id  ORDER BY news.type_id asc LIMIT 0,10   [ RunTime:0.0426s ]
INFO: [ view_parse ] --START--
INFO: [ template_filter ] --START--
INFO: Run Behavior\ContentReplaceBehavior [ RunTime:0.000170s ]
INFO: [ template_filter ] --END-- [ RunTime:0.000411s ]
INFO: Run Behavior\ParseTemplateBehavior [ RunTime:0.029176s ]
INFO: [ view_parse ] --END-- [ RunTime:0.029343s ]
INFO: [ view_filter ] --START--
INFO: Run Behavior\WriteHtmlCacheBehavior [ RunTime:0.002340s ]
INFO: [ view_filter ] --END-- [ RunTime:0.002727s ]
INFO: [ app_end ] --START--
INFO: Run Behavior\ShowPageTraceBehavior [ RunTime:0.001268s ]
INFO: [ app_end ] --END-- [ RunTime:0.001458s ]

[ 2017-12-06T16:47:52+08:00 ] ::1 /zjtr/admin.php/Lanmu/lanmu
INFO: [ app_init ] --START--
INFO: Run Behavior\BuildLiteBehavior [ RunTime:0.000078s ]
INFO: [ app_init ] --END-- [ RunTime:0.001310s ]
INFO: [ app_begin ] --START--
INFO: Run Behavior\ReadHtmlCacheBehavior [ RunTime:0.000813s ]
INFO: [ app_begin ] --END-- [ RunTime:0.000893s ]
SQL: SHOW COLUMNS FROM `report_categories` [ RunTime:0.0095s ]
SQL: SELECT COUNT(*) AS tp_count FROM `report_categories` LIMIT 1   [ RunTime:0.0008s ]
NOTIC: [2] Missing argument 1 for Think\Model::where(), called in D:\phpStudy\WWW\zjtr\Application\Admin\Controller\LanmuController.class.php on line 26 and defined D:\phpStudy\WWW\zjtr\ThinkPHP\Library\Think\Model.class.php 第 1797 行.
NOTIC: [8] Undefined variable: where D:\phpStudy\WWW\zjtr\ThinkPHP\Library\Think\Model.class.php 第 1805 行.
NOTIC: [8] Undefined variable: where D:\phpStudy\WWW\zjtr\ThinkPHP\Library\Think\Model.class.php 第 1808 行.
NOTIC: [8] Undefined variable: where D:\phpStudy\WWW\zjtr\ThinkPHP\Library\Think\Model.class.php 第 1816 行.
SQL: SELECT * FROM `report_categories` ORDER BY id asc LIMIT 0,20   [ RunTime:0.0015s ]
INFO: [ view_parse ] --START--
INFO: [ template_filter ] --START--
INFO: Run Behavior\ContentReplaceBehavior [ RunTime:0.000065s ]
INFO: [ template_filter ] --END-- [ RunTime:0.000129s ]
INFO: Run Behavior\ParseTemplateBehavior [ RunTime:0.014715s ]
INFO: [ view_parse ] --END-- [ RunTime:0.014829s ]
INFO: [ view_filter ] --START--
INFO: Run Behavior\WriteHtmlCacheBehavior [ RunTime:0.000517s ]
INFO: [ view_filter ] --END-- [ RunTime:0.000572s ]
INFO: [ app_end ] --START--
INFO: Run Behavior\ShowPageTraceBehavior [ RunTime:0.002737s ]
INFO: [ app_end ] --END-- [ RunTime:0.002888s ]

[ 2017-12-06T16:48:04+08:00 ] ::1 /zjtr/admin.php/Lanmu/lanmu/p/2.html
INFO: [ app_init ] --START--
INFO: Run Behavior\BuildLiteBehavior [ RunTime:0.000029s ]
INFO: [ app_init ] --END-- [ RunTime:0.000713s ]
INFO: [ app_begin ] --START--
INFO: Run Behavior\ReadHtmlCacheBehavior [ RunTime:0.003167s ]
INFO: [ app_begin ] --END-- [ RunTime:0.003445s ]
SQL: SHOW COLUMNS FROM `report_categories` [ RunTime:0.0090s ]
SQL: SELECT COUNT(*) AS tp_count FROM `report_categories` LIMIT 1   [ RunTime:0.0005s ]
NOTIC: [2] Missing argument 1 for Think\Model::where(), called in D:\phpStudy\WWW\zjtr\Application\Admin\Controller\LanmuController.class.php on line 26 and defined D:\phpStudy\WWW\zjtr\ThinkPHP\Library\Think\Model.class.php 第 1797 行.
NOTIC: [8] Undefined variable: where D:\phpStudy\WWW\zjtr\ThinkPHP\Library\Think\Model.class.php 第 1805 行.
NOTIC: [8] Undefined variable: where D:\phpStudy\WWW\zjtr\ThinkPHP\Library\Think\Model.class.php 第 1808 行.
NOTIC: [8] Undefined variable: where D:\phpStudy\WWW\zjtr\ThinkPHP\Library\Think\Model.class.php 第 1816 行.
SQL: SELECT * FROM `report_categories` ORDER BY id asc LIMIT 20,20   [ RunTime:0.0009s ]
INFO: [ view_parse ] --START--
INFO: [ template_filter ] --START--
INFO: Run Behavior\ContentReplaceBehavior [ RunTime:0.000144s ]
INFO: [ template_filter ] --END-- [ RunTime:0.000368s ]
INFO: Run Behavior\ParseTemplateBehavior [ RunTime:0.013893s ]
INFO: [ view_parse ] --END-- [ RunTime:0.014049s ]
INFO: [ view_filter ] --START--
INFO: Run Behavior\WriteHtmlCacheBehavior [ RunTime:0.000521s ]
INFO: [ view_filter ] --END-- [ RunTime:0.000586s ]
INFO: [ app_end ] --START--
INFO: Run Behavior\ShowPageTraceBehavior [ RunTime:0.001109s ]
INFO: [ app_end ] --END-- [ RunTime:0.001515s ]

[ 2017-12-06T16:48:09+08:00 ] ::1 /zjtr/Admin/Lanmu/lanmu_mod?id=23
INFO: [ app_init ] --START--
INFO: Run Behavior\BuildLiteBehavior [ RunTime:0.000038s ]
INFO: [ app_init ] --END-- [ RunTime:0.000793s ]
INFO: [ app_begin ] --START--
INFO: Run Behavior\ReadHtmlCacheBehavior [ RunTime:0.001177s ]
INFO: [ app_begin ] --END-- [ RunTime:0.001329s ]
SQL: SHOW COLUMNS FROM `report_categories` [ RunTime:0.0072s ]
NOTIC: [2] Missing argument 1 for Think\Model::where(), called in D:\phpStudy\WWW\zjtr\Application\Admin\Controller\LanmuController.class.php on line 121 and defined D:\phpStudy\WWW\zjtr\ThinkPHP\Library\Think\Model.class.php 第 1797 行.
NOTIC: [8] Undefined variable: where D:\phpStudy\WWW\zjtr\ThinkPHP\Library\Think\Model.class.php 第 1805 行.
NOTIC: [8] Undefined variable: where D:\phpStudy\WWW\zjtr\ThinkPHP\Library\Think\Model.class.php 第 1808 行.
NOTIC: [8] Undefined variable: where D:\phpStudy\WWW\zjtr\ThinkPHP\Library\Think\Model.class.php 第 1816 行.
NOTIC: [2] Missing argument 1 for Think\Model::join(), called in D:\phpStudy\WWW\zjtr\Application\Admin\Controller\LanmuController.class.php on line 121 and defined D:\phpStudy\WWW\zjtr\ThinkPHP\Library\Think\Model.class.php 第 1664 行.
NOTIC: [8] Undefined variable: join D:\phpStudy\WWW\zjtr\ThinkPHP\Library\Think\Model.class.php 第 1666 行.
SQL: SELECT * FROM `report_categories` WHERE `Id` = 23 LIMIT 1   [ RunTime:0.0005s ]
INFO: [ view_parse ] --START--
INFO: [ template_filter ] --START--
INFO: Run Behavior\ContentReplaceBehavior [ RunTime:0.000112s ]
INFO: [ template_filter ] --END-- [ RunTime:0.000223s ]
INFO: Run Behavior\ParseTemplateBehavior [ RunTime:0.030364s ]
INFO: [ view_parse ] --END-- [ RunTime:0.030535s ]
INFO: [ view_filter ] --START--
INFO: Run Behavior\WriteHtmlCacheBehavior [ RunTime:0.001440s ]
INFO: [ view_filter ] --END-- [ RunTime:0.001566s ]
INFO: [ app_end ] --START--
INFO: Run Behavior\ShowPageTraceBehavior [ RunTime:0.001391s ]
INFO: [ app_end ] --END-- [ RunTime:0.001520s ]

[ 2017-12-06T16:48:58+08:00 ] ::1 /zjtr/Admin/Lanmu/lanmu
INFO: [ app_init ] --START--
INFO: Run Behavior\BuildLiteBehavior [ RunTime:0.000032s ]
INFO: [ app_init ] --END-- [ RunTime:0.001028s ]
INFO: [ app_begin ] --START--
INFO: Run Behavior\ReadHtmlCacheBehavior [ RunTime:0.001165s ]
INFO: [ app_begin ] --END-- [ RunTime:0.001322s ]
SQL: SHOW COLUMNS FROM `report_categories` [ RunTime:0.0113s ]
SQL: SELECT COUNT(*) AS tp_count FROM `report_categories` LIMIT 1   [ RunTime:0.0005s ]
NOTIC: [2] Missing argument 1 for Think\Model::where(), called in D:\phpStudy\WWW\zjtr\Application\Admin\Controller\LanmuController.class.php on line 26 and defined D:\phpStudy\WWW\zjtr\ThinkPHP\Library\Think\Model.class.php 第 1797 行.
NOTIC: [8] Undefined variable: where D:\phpStudy\WWW\zjtr\ThinkPHP\Library\Think\Model.class.php 第 1805 行.
NOTIC: [8] Undefined variable: where D:\phpStudy\WWW\zjtr\ThinkPHP\Library\Think\Model.class.php 第 1808 行.
NOTIC: [8] Undefined variable: where D:\phpStudy\WWW\zjtr\ThinkPHP\Library\Think\Model.class.php 第 1816 行.
SQL: SELECT * FROM `report_categories` ORDER BY id asc LIMIT 0,20   [ RunTime:0.0010s ]
INFO: [ view_parse ] --START--
INFO: [ template_filter ] --START--
INFO: Run Behavior\ContentReplaceBehavior [ RunTime:0.000071s ]
INFO: [ template_filter ] --END-- [ RunTime:0.000138s ]
INFO: Run Behavior\ParseTemplateBehavior [ RunTime:0.015579s ]
INFO: [ view_parse ] --END-- [ RunTime:0.015673s ]
INFO: [ view_filter ] --START--
INFO: Run Behavior\WriteHtmlCacheBehavior [ RunTime:0.000448s ]
INFO: [ view_filter ] --END-- [ RunTime:0.000500s ]
INFO: [ app_end ] --START--
INFO: Run Behavior\ShowPageTraceBehavior [ RunTime:0.000789s ]
INFO: [ app_end ] --END-- [ RunTime:0.000875s ]

[ 2017-12-06T16:49:05+08:00 ] ::1 /zjtr/index.php/Admin/Lanmu/lanmu/p/2.html
INFO: [ app_init ] --START--
INFO: Run Behavior\BuildLiteBehavior [ RunTime:0.000032s ]
INFO: [ app_init ] --END-- [ RunTime:0.001039s ]
INFO: [ app_begin ] --START--
INFO: Run Behavior\ReadHtmlCacheBehavior [ RunTime:0.001244s ]
INFO: [ app_begin ] --END-- [ RunTime:0.001383s ]
SQL: SHOW COLUMNS FROM `report_categories` [ RunTime:0.0477s ]
SQL: SELECT COUNT(*) AS tp_count FROM `report_categories` LIMIT 1   [ RunTime:0.0003s ]
NOTIC: [2] Missing argument 1 for Think\Model::where(), called in D:\phpStudy\WWW\zjtr\Application\Admin\Controller\LanmuController.class.php on line 26 and defined D:\phpStudy\WWW\zjtr\ThinkPHP\Library\Think\Model.class.php 第 1797 行.
NOTIC: [8] Undefined variable: where D:\phpStudy\WWW\zjtr\ThinkPHP\Library\Think\Model.class.php 第 1805 行.
NOTIC: [8] Undefined variable: where D:\phpStudy\WWW\zjtr\ThinkPHP\Library\Think\Model.class.php 第 1808 行.
NOTIC: [8] Undefined variable: where D:\phpStudy\WWW\zjtr\ThinkPHP\Library\Think\Model.class.php 第 1816 行.
SQL: SELECT * FROM `report_categories` ORDER BY id asc LIMIT 20,20   [ RunTime:0.0009s ]
INFO: [ view_parse ] --START--
INFO: [ template_filter ] --START--
INFO: Run Behavior\ContentReplaceBehavior [ RunTime:0.000369s ]
INFO: [ template_filter ] --END-- [ RunTime:0.000798s ]
INFO: Run Behavior\ParseTemplateBehavior [ RunTime:0.014664s ]
INFO: [ view_parse ] --END-- [ RunTime:0.014758s ]
INFO: [ view_filter ] --START--
INFO: Run Behavior\WriteHtmlCacheBehavior [ RunTime:0.000469s ]
INFO: [ view_filter ] --END-- [ RunTime:0.000524s ]
INFO: [ app_end ] --START--
INFO: Run Behavior\ShowPageTraceBehavior [ RunTime:0.001913s ]
INFO: [ app_end ] --END-- [ RunTime:0.002179s ]

[ 2017-12-06T16:49:39+08:00 ] ::1 /zjtr/Admin/Lanmu/lanmu_mod?id=23
INFO: [ app_init ] --START--
INFO: Run Behavior\BuildLiteBehavior [ RunTime:0.000028s ]
INFO: [ app_init ] --END-- [ RunTime:0.000694s ]
INFO: [ app_begin ] --START--
INFO: Run Behavior\ReadHtmlCacheBehavior [ RunTime:0.000819s ]
INFO: [ app_begin ] --END-- [ RunTime:0.000897s ]
SQL: SHOW COLUMNS FROM `report_categories` [ RunTime:0.0061s ]
NOTIC: [2] Missing argument 1 for Think\Model::where(), called in D:\phpStudy\WWW\zjtr\Application\Admin\Controller\LanmuController.class.php on line 121 and defined D:\phpStudy\WWW\zjtr\ThinkPHP\Library\Think\Model.class.php 第 1797 行.
NOTIC: [8] Undefined variable: where D:\phpStudy\WWW\zjtr\ThinkPHP\Library\Think\Model.class.php 第 1805 行.
NOTIC: [8] Undefined variable: where D:\phpStudy\WWW\zjtr\ThinkPHP\Library\Think\Model.class.php 第 1808 行.
NOTIC: [8] Undefined variable: where D:\phpStudy\WWW\zjtr\ThinkPHP\Library\Think\Model.class.php 第 1816 行.
NOTIC: [2] Missing argument 1 for Think\Model::join(), called in D:\phpStudy\WWW\zjtr\Application\Admin\Controller\LanmuController.class.php on line 121 and defined D:\phpStudy\WWW\zjtr\ThinkPHP\Library\Think\Model.class.php 第 1664 行.
NOTIC: [8] Undefined variable: join D:\phpStudy\WWW\zjtr\ThinkPHP\Library\Think\Model.class.php 第 1666 行.
SQL: SELECT * FROM `report_categories` WHERE `Id` = 23 LIMIT 1   [ RunTime:0.0007s ]
INFO: [ view_parse ] --START--
INFO: [ template_filter ] --START--
INFO: Run Behavior\ContentReplaceBehavior [ RunTime:0.000082s ]
INFO: [ template_filter ] --END-- [ RunTime:0.000190s ]
INFO: Run Behavior\ParseTemplateBehavior [ RunTime:0.014811s ]
INFO: [ view_parse ] --END-- [ RunTime:0.014968s ]
INFO: [ view_filter ] --START--
INFO: Run Behavior\WriteHtmlCacheBehavior [ RunTime:0.001242s ]
INFO: [ view_filter ] --END-- [ RunTime:0.001410s ]
INFO: [ app_end ] --START--
INFO: Run Behavior\ShowPageTraceBehavior [ RunTime:0.001468s ]
INFO: [ app_end ] --END-- [ RunTime:0.001769s ]

[ 2017-12-06T16:50:26+08:00 ] ::1 /zjtr/Admin/Lanmu/lanmu_mod?id=23
INFO: [ app_init ] --START--
INFO: Run Behavior\BuildLiteBehavior [ RunTime:0.000045s ]
INFO: [ app_init ] --END-- [ RunTime:0.001124s ]
INFO: [ app_begin ] --START--
INFO: Run Behavior\ReadHtmlCacheBehavior [ RunTime:0.001220s ]
INFO: [ app_begin ] --END-- [ RunTime:0.001369s ]
SQL: SHOW COLUMNS FROM `report_categories` [ RunTime:0.0056s ]
NOTIC: [2] Missing argument 1 for Think\Model::where(), called in D:\phpStudy\WWW\zjtr\Application\Admin\Controller\LanmuController.class.php on line 122 and defined D:\phpStudy\WWW\zjtr\ThinkPHP\Library\Think\Model.class.php 第 1797 行.
NOTIC: [8] Undefined variable: where D:\phpStudy\WWW\zjtr\ThinkPHP\Library\Think\Model.class.php 第 1805 行.
NOTIC: [8] Undefined variable: where D:\phpStudy\WWW\zjtr\ThinkPHP\Library\Think\Model.class.php 第 1808 行.
NOTIC: [8] Undefined variable: where D:\phpStudy\WWW\zjtr\ThinkPHP\Library\Think\Model.class.php 第 1816 行.
NOTIC: [2] Missing argument 1 for Think\Model::join(), called in D:\phpStudy\WWW\zjtr\Application\Admin\Controller\LanmuController.class.php on line 122 and defined D:\phpStudy\WWW\zjtr\ThinkPHP\Library\Think\Model.class.php 第 1664 行.
NOTIC: [8] Undefined variable: join D:\phpStudy\WWW\zjtr\ThinkPHP\Library\Think\Model.class.php 第 1666 行.
SQL: SELECT * FROM `report_categories` WHERE `Id` = 23 LIMIT 1   [ RunTime:0.0005s ]
INFO: [ view_parse ] --START--
INFO: [ template_filter ] --START--
INFO: Run Behavior\ContentReplaceBehavior [ RunTime:0.000137s ]
INFO: [ template_filter ] --END-- [ RunTime:0.000273s ]
INFO: Run Behavior\ParseTemplateBehavior [ RunTime:0.014554s ]
INFO: [ view_parse ] --END-- [ RunTime:0.014711s ]
INFO: [ view_filter ] --START--
INFO: Run Behavior\WriteHtmlCacheBehavior [ RunTime:0.000702s ]
INFO: [ view_filter ] --END-- [ RunTime:0.000788s ]
INFO: [ app_end ] --START--
INFO: Run Behavior\ShowPageTraceBehavior [ RunTime:0.001342s ]
INFO: [ app_end ] --END-- [ RunTime:0.001497s ]

[ 2017-12-06T16:50:29+08:00 ] ::1 /zjtr/Admin/Lanmu/lanmu_mod?id=23
INFO: [ app_init ] --START--
INFO: Run Behavior\BuildLiteBehavior [ RunTime:0.000044s ]
INFO: [ app_init ] --END-- [ RunTime:0.000992s ]
INFO: [ app_begin ] --START--
INFO: Run Behavior\ReadHtmlCacheBehavior [ RunTime:0.007382s ]
INFO: [ app_begin ] --END-- [ RunTime:0.007569s ]
SQL: SHOW COLUMNS FROM `report_categories` [ RunTime:0.0872s ]
NOTIC: [8] Undefined index: ixm D:\phpStudy\WWW\zjtr\Application\Admin\Controller\LanmuController.class.php 第 81 行.
SQL: UPDATE `report_categories` SET `Type`='中建情缘',`ixm`=NULL,`phrase`='饮水思泉 不忘感恩12' WHERE ( Id=23 ) [ RunTime:0.1024s ]
INFO: [ app_end ] --START--
INFO: Run Behavior\ShowPageTraceBehavior [ RunTime:0.001093s ]
INFO: [ app_end ] --END-- [ RunTime:0.001172s ]

[ 2017-12-06T16:50:30+08:00 ] ::1 /zjtr/Admin/Lanmu/lanmu
INFO: [ app_init ] --START--
INFO: Run Behavior\BuildLiteBehavior [ RunTime:0.000017s ]
INFO: [ app_init ] --END-- [ RunTime:0.000434s ]
INFO: [ app_begin ] --START--
INFO: Run Behavior\ReadHtmlCacheBehavior [ RunTime:0.003897s ]
INFO: [ app_begin ] --END-- [ RunTime:0.004023s ]
SQL: SHOW COLUMNS FROM `report_categories` [ RunTime:0.0111s ]
SQL: SELECT COUNT(*) AS tp_count FROM `report_categories` LIMIT 1   [ RunTime:0.0004s ]
NOTIC: [2] Missing argument 1 for Think\Model::where(), called in D:\phpStudy\WWW\zjtr\Application\Admin\Controller\LanmuController.class.php on line 26 and defined D:\phpStudy\WWW\zjtr\ThinkPHP\Library\Think\Model.class.php 第 1797 行.
NOTIC: [8] Undefined variable: where D:\phpStudy\WWW\zjtr\ThinkPHP\Library\Think\Model.class.php 第 1805 行.
NOTIC: [8] Undefined variable: where D:\phpStudy\WWW\zjtr\ThinkPHP\Library\Think\Model.class.php 第 1808 行.
NOTIC: [8] Undefined variable: where D:\phpStudy\WWW\zjtr\ThinkPHP\Library\Think\Model.class.php 第 1816 行.
SQL: SELECT * FROM `report_categories` ORDER BY id asc LIMIT 0,20   [ RunTime:0.0007s ]
INFO: [ view_parse ] --START--
INFO: [ template_filter ] --START--
INFO: Run Behavior\ContentReplaceBehavior [ RunTime:0.000207s ]
INFO: [ template_filter ] --END-- [ RunTime:0.000430s ]
INFO: Run Behavior\ParseTemplateBehavior [ RunTime:0.020352s ]
INFO: [ view_parse ] --END-- [ RunTime:0.020546s ]
INFO: [ view_filter ] --START--
INFO: Run Behavior\WriteHtmlCacheBehavior [ RunTime:0.000990s ]
INFO: [ view_filter ] --END-- [ RunTime:0.001095s ]
INFO: [ app_end ] --START--
INFO: Run Behavior\ShowPageTraceBehavior [ RunTime:0.001065s ]
INFO: [ app_end ] --END-- [ RunTime:0.001168s ]

[ 2017-12-06T16:50:35+08:00 ] ::1 /zjtr/index.php/Admin/Lanmu/lanmu/p/2.html
INFO: [ app_init ] --START--
INFO: Run Behavior\BuildLiteBehavior [ RunTime:0.000034s ]
INFO: [ app_init ] --END-- [ RunTime:0.001591s ]
INFO: [ app_begin ] --START--
INFO: Run Behavior\ReadHtmlCacheBehavior [ RunTime:0.001099s ]
INFO: [ app_begin ] --END-- [ RunTime:0.001236s ]
SQL: SHOW COLUMNS FROM `report_categories` [ RunTime:0.0083s ]
SQL: SELECT COUNT(*) AS tp_count FROM `report_categories` LIMIT 1   [ RunTime:0.0006s ]
NOTIC: [2] Missing argument 1 for Think\Model::where(), called in D:\phpStudy\WWW\zjtr\Application\Admin\Controller\LanmuController.class.php on line 26 and defined D:\phpStudy\WWW\zjtr\ThinkPHP\Library\Think\Model.class.php 第 1797 行.
NOTIC: [8] Undefined variable: where D:\phpStudy\WWW\zjtr\ThinkPHP\Library\Think\Model.class.php 第 1805 行.
NOTIC: [8] Undefined variable: where D:\phpStudy\WWW\zjtr\ThinkPHP\Library\Think\Model.class.php 第 1808 行.
NOTIC: [8] Undefined variable: where D:\phpStudy\WWW\zjtr\ThinkPHP\Library\Think\Model.class.php 第 1816 行.
SQL: SELECT * FROM `report_categories` ORDER BY id asc LIMIT 20,20   [ RunTime:0.0009s ]
INFO: [ view_parse ] --START--
INFO: [ template_filter ] --START--
INFO: Run Behavior\ContentReplaceBehavior [ RunTime:0.000106s ]
INFO: [ template_filter ] --END-- [ RunTime:0.000217s ]
INFO: Run Behavior\ParseTemplateBehavior [ RunTime:0.018133s ]
INFO: [ view_parse ] --END-- [ RunTime:0.018277s ]
INFO: [ view_filter ] --START--
INFO: Run Behavior\WriteHtmlCacheBehavior [ RunTime:0.000647s ]
INFO: [ view_filter ] --END-- [ RunTime:0.000725s ]
INFO: [ app_end ] --START--
INFO: Run Behavior\ShowPageTraceBehavior [ RunTime:0.001082s ]
INFO: [ app_end ] --END-- [ RunTime:0.001186s ]

[ 2017-12-06T16:50:38+08:00 ] ::1 /zjtr/Admin/Lanmu/lanmu_mod?id=23
INFO: [ app_init ] --START--
INFO: Run Behavior\BuildLiteBehavior [ RunTime:0.000029s ]
INFO: [ app_init ] --END-- [ RunTime:0.000748s ]
INFO: [ app_begin ] --START--
INFO: Run Behavior\ReadHtmlCacheBehavior [ RunTime:0.001133s ]
INFO: [ app_begin ] --END-- [ RunTime:0.001275s ]
SQL: SHOW COLUMNS FROM `report_categories` [ RunTime:0.0455s ]
NOTIC: [2] Missing argument 1 for Think\Model::where(), called in D:\phpStudy\WWW\zjtr\Application\Admin\Controller\LanmuController.class.php on line 122 and defined D:\phpStudy\WWW\zjtr\ThinkPHP\Library\Think\Model.class.php 第 1797 行.
NOTIC: [8] Undefined variable: where D:\phpStudy\WWW\zjtr\ThinkPHP\Library\Think\Model.class.php 第 1805 行.
NOTIC: [8] Undefined variable: where D:\phpStudy\WWW\zjtr\ThinkPHP\Library\Think\Model.class.php 第 1808 行.
NOTIC: [8] Undefined variable: where D:\phpStudy\WWW\zjtr\ThinkPHP\Library\Think\Model.class.php 第 1816 行.
NOTIC: [2] Missing argument 1 for Think\Model::join(), called in D:\phpStudy\WWW\zjtr\Application\Admin\Controller\LanmuController.class.php on line 122 and defined D:\phpStudy\WWW\zjtr\ThinkPHP\Library\Think\Model.class.php 第 1664 行.
NOTIC: [8] Undefined variable: join D:\phpStudy\WWW\zjtr\ThinkPHP\Library\Think\Model.class.php 第 1666 行.
SQL: SELECT * FROM `report_categories` WHERE `Id` = 23 LIMIT 1   [ RunTime:0.0008s ]
INFO: [ view_parse ] --START--
INFO: [ template_filter ] --START--
INFO: Run Behavior\ContentReplaceBehavior [ RunTime:0.000141s ]
INFO: [ template_filter ] --END-- [ RunTime:0.000258s ]
INFO: Run Behavior\ParseTemplateBehavior [ RunTime:0.016239s ]
INFO: [ view_parse ] --END-- [ RunTime:0.016361s ]
INFO: [ view_filter ] --START--
INFO: Run Behavior\WriteHtmlCacheBehavior [ RunTime:0.000727s ]
INFO: [ view_filter ] --END-- [ RunTime:0.000825s ]
INFO: [ app_end ] --START--
INFO: Run Behavior\ShowPageTraceBehavior [ RunTime:0.001282s ]
INFO: [ app_end ] --END-- [ RunTime:0.001401s ]

[ 2017-12-06T16:50:42+08:00 ] ::1 /zjtr/Admin/Lanmu/lanmu_mod?id=23
INFO: [ app_init ] --START--
INFO: Run Behavior\BuildLiteBehavior [ RunTime:0.000027s ]
INFO: [ app_init ] --END-- [ RunTime:0.000710s ]
INFO: [ app_begin ] --START--
INFO: Run Behavior\ReadHtmlCacheBehavior [ RunTime:0.000984s ]
INFO: [ app_begin ] --END-- [ RunTime:0.001085s ]
SQL: SHOW COLUMNS FROM `report_categories` [ RunTime:0.0063s ]
NOTIC: [8] Undefined index: ixm D:\phpStudy\WWW\zjtr\Application\Admin\Controller\LanmuController.class.php 第 81 行.
SQL: UPDATE `report_categories` SET `Type`='中建情缘',`ixm`=NULL,`phrase`='饮水思泉 不忘感恩' WHERE ( Id=23 ) [ RunTime:0.0004s ]
INFO: [ app_end ] --START--
INFO: Run Behavior\ShowPageTraceBehavior [ RunTime:0.001103s ]
INFO: [ app_end ] --END-- [ RunTime:0.001238s ]

[ 2017-12-06T16:50:44+08:00 ] ::1 /zjtr/Admin/Lanmu/lanmu
INFO: [ app_init ] --START--
INFO: Run Behavior\BuildLiteBehavior [ RunTime:0.000043s ]
INFO: [ app_init ] --END-- [ RunTime:0.001005s ]
INFO: [ app_begin ] --START--
INFO: Run Behavior\ReadHtmlCacheBehavior [ RunTime:0.001714s ]
INFO: [ app_begin ] --END-- [ RunTime:0.001901s ]
SQL: SHOW COLUMNS FROM `report_categories` [ RunTime:0.0099s ]
SQL: SELECT COUNT(*) AS tp_count FROM `report_categories` LIMIT 1   [ RunTime:0.0005s ]
NOTIC: [2] Missing argument 1 for Think\Model::where(), called in D:\phpStudy\WWW\zjtr\Application\Admin\Controller\LanmuController.class.php on line 26 and defined D:\phpStudy\WWW\zjtr\ThinkPHP\Library\Think\Model.class.php 第 1797 行.
NOTIC: [8] Undefined variable: where D:\phpStudy\WWW\zjtr\ThinkPHP\Library\Think\Model.class.php 第 1805 行.
NOTIC: [8] Undefined variable: where D:\phpStudy\WWW\zjtr\ThinkPHP\Library\Think\Model.class.php 第 1808 行.
NOTIC: [8] Undefined variable: where D:\phpStudy\WWW\zjtr\ThinkPHP\Library\Think\Model.class.php 第 1816 行.
SQL: SELECT * FROM `report_categories` ORDER BY id asc LIMIT 0,20   [ RunTime:0.0011s ]
INFO: [ view_parse ] --START--
INFO: [ template_filter ] --START--
INFO: Run Behavior\ContentReplaceBehavior [ RunTime:0.000142s ]
INFO: [ template_filter ] --END-- [ RunTime:0.000318s ]
INFO: Run Behavior\ParseTemplateBehavior [ RunTime:0.019186s ]
INFO: [ view_parse ] --END-- [ RunTime:0.019360s ]
INFO: [ view_filter ] --START--
INFO: Run Behavior\WriteHtmlCacheBehavior [ RunTime:0.000706s ]
INFO: [ view_filter ] --END-- [ RunTime:0.000802s ]
INFO: [ app_end ] --START--
INFO: Run Behavior\ShowPageTraceBehavior [ RunTime:0.001081s ]
INFO: [ app_end ] --END-- [ RunTime:0.001200s ]

[ 2017-12-06T16:52:13+08:00 ] ::1 /zjtr/admin.php/Product/product
INFO: [ app_init ] --START--
INFO: Run Behavior\BuildLiteBehavior [ RunTime:0.000025s ]
INFO: [ app_init ] --END-- [ RunTime:0.000592s ]
INFO: [ app_begin ] --START--
INFO: Run Behavior\ReadHtmlCacheBehavior [ RunTime:0.001177s ]
INFO: [ app_begin ] --END-- [ RunTime:0.001296s ]
SQL: SHOW COLUMNS FROM `news` [ RunTime:0.0084s ]
SQL: SELECT COUNT(*) AS tp_count FROM `news` WHERE ( top_id=1 ) LIMIT 1   [ RunTime:0.0003s ]
SQL: SELECT news.title,news.abstract,news.U_price,news.time,news.published,report_categories.type,news.type_id,news.pages,news.top_id FROM `news` INNER JOIN report_categories on news.n_id=report_categories.id  WHERE `top_id` = 1 ORDER BY news.time desc LIMIT 0,10   [ RunTime:0.0008s ]
INFO: [ view_parse ] --START--
INFO: [ template_filter ] --START--
INFO: Run Behavior\ContentReplaceBehavior [ RunTime:0.000080s ]
INFO: [ template_filter ] --END-- [ RunTime:0.000157s ]
INFO: Run Behavior\ParseTemplateBehavior [ RunTime:0.016651s ]
INFO: [ view_parse ] --END-- [ RunTime:0.016787s ]
INFO: [ view_filter ] --START--
INFO: Run Behavior\WriteHtmlCacheBehavior [ RunTime:0.001077s ]
INFO: [ view_filter ] --END-- [ RunTime:0.001222s ]
INFO: [ app_end ] --START--
INFO: Run Behavior\ShowPageTraceBehavior [ RunTime:0.003131s ]
INFO: [ app_end ] --END-- [ RunTime:0.003244s ]

