[ 2018-03-30T10:32:32+08:00 ] ::1 /fyls/Admin/Index/login
INFO: [ app_init ] --START--
INFO: Run Behavior\BuildLiteBehavior [ RunTime:0.000021s ]
INFO: [ app_init ] --END-- [ RunTime:0.001083s ]
INFO: [ app_begin ] --START--
INFO: Run Behavior\ReadHtmlCacheBehavior [ RunTime:0.000451s ]
INFO: [ app_begin ] --END-- [ RunTime:0.000488s ]
INFO: [ view_parse ] --START--
INFO: [ template_filter ] --START--
INFO: Run Behavior\ContentReplaceBehavior [ RunTime:0.000035s ]
INFO: [ template_filter ] --END-- [ RunTime:0.000068s ]
INFO: Run Behavior\ParseTemplateBehavior [ RunTime:0.005477s ]
INFO: [ view_parse ] --END-- [ RunTime:0.005514s ]
INFO: [ view_filter ] --START--
INFO: Run Behavior\WriteHtmlCacheBehavior [ RunTime:0.000282s ]
INFO: [ view_filter ] --END-- [ RunTime:0.000306s ]
INFO: [ app_end ] --START--
INFO: Run Behavior\ShowPageTraceBehavior [ RunTime:0.000439s ]
INFO: [ app_end ] --END-- [ RunTime:0.000466s ]

[ 2018-03-30T10:32:40+08:00 ] ::1 /fyls/Admin/Index/login
INFO: [ app_init ] --START--
INFO: Run Behavior\BuildLiteBehavior [ RunTime:0.000066s ]
INFO: [ app_init ] --END-- [ RunTime:0.002846s ]
INFO: [ app_begin ] --START--
INFO: Run Behavior\ReadHtmlCacheBehavior [ RunTime:0.000632s ]
INFO: [ app_begin ] --END-- [ RunTime:0.000703s ]
SQL: SHOW COLUMNS FROM `admin_user` [ RunTime:0.0305s ]
SQL: SELECT COUNT(*) AS tp_count FROM `admin_user` WHERE `name` = 'admin' AND `password` = 'e10adc3949ba59abbe56e057f20f883e' LIMIT 1   [ RunTime:0.0005s ]
SQL: SELECT * FROM `admin_user` WHERE `name` = 'admin' AND `password` = 'e10adc3949ba59abbe56e057f20f883e' LIMIT 1   [ RunTime:0.0003s ]
SQL: SHOW COLUMNS FROM `stations` [ RunTime:0.0108s ]
SQL: SELECT * FROM `stations` WHERE ( id=0 AND station_name LIKE "%员工%" ) LIMIT 1   [ RunTime:0.0003s ]
SQL: SHOW COLUMNS FROM `departments` [ RunTime:0.0093s ]
SQL: SELECT * FROM `departments` WHERE ( id=0 AND department_name LIKE "%员工%" ) LIMIT 1   [ RunTime:0.0017s ]
SQL: SELECT * FROM `departments` WHERE ( id =0 AND department_name LIKE "%人事%" ) LIMIT 1   [ RunTime:0.0010s ]
SQL: SELECT * FROM `stations` WHERE ( id=0 AND station_name LIKE "%人事%"  ) LIMIT 1   [ RunTime:0.0004s ]
INFO: [ view_parse ] --START--
INFO: [ template_filter ] --START--
INFO: Run Behavior\ContentReplaceBehavior [ RunTime:0.000073s ]
INFO: [ template_filter ] --END-- [ RunTime:0.000135s ]
INFO: Run Behavior\ParseTemplateBehavior [ RunTime:0.031924s ]
INFO: [ view_parse ] --END-- [ RunTime:0.032070s ]
INFO: [ view_filter ] --START--
INFO: Run Behavior\WriteHtmlCacheBehavior [ RunTime:0.000449s ]
INFO: [ view_filter ] --END-- [ RunTime:0.000492s ]
INFO: [ app_end ] --START--
INFO: Run Behavior\ShowPageTraceBehavior [ RunTime:0.000578s ]
INFO: [ app_end ] --END-- [ RunTime:0.000617s ]

[ 2018-03-30T11:19:37+08:00 ] ::1 /fyls/Admin/Index/login
INFO: [ app_init ] --START--
INFO: Run Behavior\BuildLiteBehavior [ RunTime:0.000013s ]
INFO: [ app_init ] --END-- [ RunTime:0.022506s ]
INFO: [ app_begin ] --START--
INFO: Run Behavior\ReadHtmlCacheBehavior [ RunTime:0.000442s ]
INFO: [ app_begin ] --END-- [ RunTime:0.000476s ]
INFO: [ view_parse ] --START--
INFO: [ template_filter ] --START--
INFO: Run Behavior\ContentReplaceBehavior [ RunTime:0.009969s ]
INFO: [ template_filter ] --END-- [ RunTime:0.010107s ]
INFO: Run Behavior\ParseTemplateBehavior [ RunTime:0.016455s ]
INFO: [ view_parse ] --END-- [ RunTime:0.016504s ]
INFO: [ view_filter ] --START--
INFO: Run Behavior\WriteHtmlCacheBehavior [ RunTime:0.000519s ]
INFO: [ view_filter ] --END-- [ RunTime:0.000571s ]
INFO: [ app_end ] --START--
INFO: Run Behavior\ShowPageTraceBehavior [ RunTime:0.000486s ]
INFO: [ app_end ] --END-- [ RunTime:0.000527s ]

[ 2018-03-30T11:19:58+08:00 ] ::1 /fyls/Admin/Index/login
INFO: [ app_init ] --START--
INFO: Run Behavior\BuildLiteBehavior [ RunTime:0.000012s ]
INFO: [ app_init ] --END-- [ RunTime:0.000514s ]
INFO: [ app_begin ] --START--
INFO: Run Behavior\ReadHtmlCacheBehavior [ RunTime:0.001246s ]
INFO: [ app_begin ] --END-- [ RunTime:0.001347s ]
SQL: SHOW COLUMNS FROM `admin_user` [ RunTime:0.1686s ]
SQL: SELECT COUNT(*) AS tp_count FROM `admin_user` WHERE `name` = 'admin' AND `password` = 'e10adc3949ba59abbe56e057f20f883e' LIMIT 1   [ RunTime:0.0021s ]
SQL: SELECT * FROM `admin_user` WHERE `name` = 'admin' AND `password` = 'e10adc3949ba59abbe56e057f20f883e' LIMIT 1   [ RunTime:0.0003s ]
SQL: SHOW COLUMNS FROM `stations` [ RunTime:0.0516s ]
SQL: SELECT * FROM `stations` WHERE ( id=0 AND station_name LIKE "%员工%" ) LIMIT 1   [ RunTime:0.0022s ]
SQL: SHOW COLUMNS FROM `departments` [ RunTime:0.1574s ]
SQL: SELECT * FROM `departments` WHERE ( id=0 AND department_name LIKE "%员工%" ) LIMIT 1   [ RunTime:0.0003s ]
SQL: SELECT * FROM `departments` WHERE ( id =0 AND department_name LIKE "%人事%" ) LIMIT 1   [ RunTime:0.0002s ]
SQL: SELECT * FROM `stations` WHERE ( id=0 AND station_name LIKE "%人事%"  ) LIMIT 1   [ RunTime:0.0002s ]
INFO: [ view_parse ] --START--
INFO: [ template_filter ] --START--
INFO: Run Behavior\ContentReplaceBehavior [ RunTime:0.000182s ]
INFO: [ template_filter ] --END-- [ RunTime:0.000435s ]
INFO: Run Behavior\ParseTemplateBehavior [ RunTime:0.349307s ]
INFO: [ view_parse ] --END-- [ RunTime:0.349369s ]
INFO: [ view_filter ] --START--
INFO: Run Behavior\WriteHtmlCacheBehavior [ RunTime:0.000349s ]
INFO: [ view_filter ] --END-- [ RunTime:0.000393s ]
INFO: [ app_end ] --START--
INFO: Run Behavior\ShowPageTraceBehavior [ RunTime:0.000624s ]
INFO: [ app_end ] --END-- [ RunTime:0.000668s ]

[ 2018-03-30T11:20:19+08:00 ] ::1 /fyls/Admin/Department/del?id=23
INFO: [ app_init ] --START--
INFO: Run Behavior\BuildLiteBehavior [ RunTime:0.000007s ]
INFO: [ app_init ] --END-- [ RunTime:0.000409s ]
INFO: [ app_begin ] --START--
INFO: Run Behavior\ReadHtmlCacheBehavior [ RunTime:0.000386s ]
INFO: [ app_begin ] --END-- [ RunTime:0.000415s ]
SQL: SHOW COLUMNS FROM `departments` [ RunTime:0.0066s ]
SQL: UPDATE `departments` SET `flag`='1' WHERE ( flag = 0 and id = 23 ) [ RunTime:0.2149s ]
INFO: [ app_end ] --START--
INFO: Run Behavior\ShowPageTraceBehavior [ RunTime:0.000920s ]
INFO: [ app_end ] --END-- [ RunTime:0.000996s ]

[ 2018-03-30T11:20:21+08:00 ] ::1 /fyls/Admin/Department/department
INFO: [ app_init ] --START--
INFO: Run Behavior\BuildLiteBehavior [ RunTime:0.000015s ]
INFO: [ app_init ] --END-- [ RunTime:0.001106s ]
INFO: [ app_begin ] --START--
INFO: Run Behavior\ReadHtmlCacheBehavior [ RunTime:0.000461s ]
INFO: [ app_begin ] --END-- [ RunTime:0.000520s ]
SQL: SHOW COLUMNS FROM `departments` [ RunTime:0.0051s ]
SQL: SELECT COUNT(*) AS tp_count FROM `departments` WHERE ( flag = 0 ) LIMIT 1   [ RunTime:0.0004s ]
SQL: SELECT * FROM `departments` WHERE ( flag = 0 ) ORDER BY id asc LIMIT 0,10   [ RunTime:0.0282s ]
INFO: [ view_parse ] --START--
INFO: [ template_filter ] --START--
INFO: Run Behavior\ContentReplaceBehavior [ RunTime:0.000074s ]
INFO: [ template_filter ] --END-- [ RunTime:0.000122s ]
INFO: Run Behavior\ParseTemplateBehavior [ RunTime:0.011068s ]
INFO: [ view_parse ] --END-- [ RunTime:0.011121s ]
INFO: [ view_filter ] --START--
INFO: Run Behavior\WriteHtmlCacheBehavior [ RunTime:0.000352s ]
INFO: [ view_filter ] --END-- [ RunTime:0.000393s ]
INFO: [ app_end ] --START--
INFO: Run Behavior\ShowPageTraceBehavior [ RunTime:0.001329s ]
INFO: [ app_end ] --END-- [ RunTime:0.001395s ]

[ 2018-03-30T11:20:23+08:00 ] ::1 /fyls/Admin/Department/del?id=24
INFO: [ app_init ] --START--
INFO: Run Behavior\BuildLiteBehavior [ RunTime:0.000007s ]
INFO: [ app_init ] --END-- [ RunTime:0.000275s ]
INFO: [ app_begin ] --START--
INFO: Run Behavior\ReadHtmlCacheBehavior [ RunTime:0.000350s ]
INFO: [ app_begin ] --END-- [ RunTime:0.000381s ]
SQL: SHOW COLUMNS FROM `departments` [ RunTime:0.0057s ]
SQL: UPDATE `departments` SET `flag`='1' WHERE ( flag = 0 and id = 24 ) [ RunTime:0.0004s ]
INFO: [ app_end ] --START--
INFO: Run Behavior\ShowPageTraceBehavior [ RunTime:0.000787s ]
INFO: [ app_end ] --END-- [ RunTime:0.000843s ]

[ 2018-03-30T11:20:25+08:00 ] ::1 /fyls/Admin/Department/department
INFO: [ app_init ] --START--
INFO: Run Behavior\BuildLiteBehavior [ RunTime:0.000011s ]
INFO: [ app_init ] --END-- [ RunTime:0.000540s ]
INFO: [ app_begin ] --START--
INFO: Run Behavior\ReadHtmlCacheBehavior [ RunTime:0.000774s ]
INFO: [ app_begin ] --END-- [ RunTime:0.000962s ]
SQL: SHOW COLUMNS FROM `departments` [ RunTime:0.0703s ]
SQL: SELECT COUNT(*) AS tp_count FROM `departments` WHERE ( flag = 0 ) LIMIT 1   [ RunTime:0.0003s ]
SQL: SELECT * FROM `departments` WHERE ( flag = 0 ) ORDER BY id asc LIMIT 0,10   [ RunTime:0.0011s ]
INFO: [ view_parse ] --START--
INFO: [ template_filter ] --START--
INFO: Run Behavior\ContentReplaceBehavior [ RunTime:0.000056s ]
INFO: [ template_filter ] --END-- [ RunTime:0.000085s ]
INFO: Run Behavior\ParseTemplateBehavior [ RunTime:0.004864s ]
INFO: [ view_parse ] --END-- [ RunTime:0.004900s ]
INFO: [ view_filter ] --START--
INFO: Run Behavior\WriteHtmlCacheBehavior [ RunTime:0.000194s ]
INFO: [ view_filter ] --END-- [ RunTime:0.000215s ]
INFO: [ app_end ] --START--
INFO: Run Behavior\ShowPageTraceBehavior [ RunTime:0.000360s ]
INFO: [ app_end ] --END-- [ RunTime:0.000384s ]

[ 2018-03-30T11:20:27+08:00 ] ::1 /fyls/Admin/Department/del?id=25
INFO: [ app_init ] --START--
INFO: Run Behavior\BuildLiteBehavior [ RunTime:0.000017s ]
INFO: [ app_init ] --END-- [ RunTime:0.001072s ]
INFO: [ app_begin ] --START--
INFO: Run Behavior\ReadHtmlCacheBehavior [ RunTime:0.000645s ]
INFO: [ app_begin ] --END-- [ RunTime:0.000707s ]
SQL: SHOW COLUMNS FROM `departments` [ RunTime:0.0060s ]
SQL: UPDATE `departments` SET `flag`='1' WHERE ( flag = 0 and id = 25 ) [ RunTime:0.0004s ]
INFO: [ app_end ] --START--
INFO: Run Behavior\ShowPageTraceBehavior [ RunTime:0.000643s ]
INFO: [ app_end ] --END-- [ RunTime:0.000679s ]

[ 2018-03-30T11:20:28+08:00 ] ::1 /fyls/Admin/Department/department
INFO: [ app_init ] --START--
INFO: Run Behavior\BuildLiteBehavior [ RunTime:0.000008s ]
INFO: [ app_init ] --END-- [ RunTime:0.000265s ]
INFO: [ app_begin ] --START--
INFO: Run Behavior\ReadHtmlCacheBehavior [ RunTime:0.000374s ]
INFO: [ app_begin ] --END-- [ RunTime:0.000403s ]
SQL: SHOW COLUMNS FROM `departments` [ RunTime:0.0243s ]
SQL: SELECT COUNT(*) AS tp_count FROM `departments` WHERE ( flag = 0 ) LIMIT 1   [ RunTime:0.0009s ]
SQL: SELECT * FROM `departments` WHERE ( flag = 0 ) ORDER BY id asc LIMIT 0,10   [ RunTime:0.0014s ]
INFO: [ view_parse ] --START--
INFO: [ template_filter ] --START--
INFO: Run Behavior\ContentReplaceBehavior [ RunTime:0.000057s ]
INFO: [ template_filter ] --END-- [ RunTime:0.000103s ]
INFO: Run Behavior\ParseTemplateBehavior [ RunTime:0.007347s ]
INFO: [ view_parse ] --END-- [ RunTime:0.007391s ]
INFO: [ view_filter ] --START--
INFO: Run Behavior\WriteHtmlCacheBehavior [ RunTime:0.000232s ]
INFO: [ view_filter ] --END-- [ RunTime:0.000265s ]
INFO: [ app_end ] --START--
INFO: Run Behavior\ShowPageTraceBehavior [ RunTime:0.000410s ]
INFO: [ app_end ] --END-- [ RunTime:0.000447s ]

[ 2018-03-30T11:20:33+08:00 ] ::1 /fyls/Admin/Department/department_add
INFO: [ app_init ] --START--
INFO: Run Behavior\BuildLiteBehavior [ RunTime:0.000007s ]
INFO: [ app_init ] --END-- [ RunTime:0.000313s ]
INFO: [ app_begin ] --START--
INFO: Run Behavior\ReadHtmlCacheBehavior [ RunTime:0.000422s ]
INFO: [ app_begin ] --END-- [ RunTime:0.000463s ]
INFO: [ view_parse ] --START--
INFO: [ template_filter ] --START--
INFO: Run Behavior\ContentReplaceBehavior [ RunTime:0.000070s ]
INFO: [ template_filter ] --END-- [ RunTime:0.000128s ]
INFO: Run Behavior\ParseTemplateBehavior [ RunTime:0.140314s ]
INFO: [ view_parse ] --END-- [ RunTime:0.140466s ]
INFO: [ view_filter ] --START--
INFO: Run Behavior\WriteHtmlCacheBehavior [ RunTime:0.000262s ]
INFO: [ view_filter ] --END-- [ RunTime:0.000291s ]
INFO: [ app_end ] --START--
INFO: Run Behavior\ShowPageTraceBehavior [ RunTime:0.000420s ]
INFO: [ app_end ] --END-- [ RunTime:0.000446s ]

[ 2018-03-30T11:20:44+08:00 ] ::1 /fyls/Admin/Department/department_add
INFO: [ app_init ] --START--
INFO: Run Behavior\BuildLiteBehavior [ RunTime:0.000021s ]
INFO: [ app_init ] --END-- [ RunTime:0.001025s ]
INFO: [ app_begin ] --START--
INFO: Run Behavior\ReadHtmlCacheBehavior [ RunTime:0.000534s ]
INFO: [ app_begin ] --END-- [ RunTime:0.000579s ]
SQL: SHOW COLUMNS FROM `departments` [ RunTime:0.0249s ]
SQL: SELECT * FROM `departments` WHERE ( department_name='后勤2部' and flag = 0 )  [ RunTime:0.0003s ]
SQL: INSERT INTO `departments` (`department_name`,`updatetime`,`flag`) VALUES ('后勤2部','2018-03-30 11:20:44','0') [ RunTime:0.1072s ]
SQL: SHOW COLUMNS FROM `journal` [ RunTime:0.0593s ]
SQL: INSERT INTO `journal` (`journal`,`time`) VALUES ('admin增加了部门后勤2部','2018-03-30 11:20:44') [ RunTime:0.0337s ]
INFO: [ app_end ] --START--
INFO: Run Behavior\ShowPageTraceBehavior [ RunTime:0.002357s ]
INFO: [ app_end ] --END-- [ RunTime:0.002414s ]

[ 2018-03-30T11:20:46+08:00 ] ::1 /fyls/Admin/Department/department
INFO: [ app_init ] --START--
INFO: Run Behavior\BuildLiteBehavior [ RunTime:0.000008s ]
INFO: [ app_init ] --END-- [ RunTime:0.000301s ]
INFO: [ app_begin ] --START--
INFO: Run Behavior\ReadHtmlCacheBehavior [ RunTime:0.000467s ]
INFO: [ app_begin ] --END-- [ RunTime:0.000498s ]
SQL: SHOW COLUMNS FROM `departments` [ RunTime:0.0125s ]
SQL: SELECT COUNT(*) AS tp_count FROM `departments` WHERE ( flag = 0 ) LIMIT 1   [ RunTime:0.0004s ]
SQL: SELECT * FROM `departments` WHERE ( flag = 0 ) ORDER BY id asc LIMIT 0,10   [ RunTime:0.0008s ]
INFO: [ view_parse ] --START--
INFO: [ template_filter ] --START--
INFO: Run Behavior\ContentReplaceBehavior [ RunTime:0.000057s ]
INFO: [ template_filter ] --END-- [ RunTime:0.000089s ]
INFO: Run Behavior\ParseTemplateBehavior [ RunTime:0.005843s ]
INFO: [ view_parse ] --END-- [ RunTime:0.005875s ]
INFO: [ view_filter ] --START--
INFO: Run Behavior\WriteHtmlCacheBehavior [ RunTime:0.000214s ]
INFO: [ view_filter ] --END-- [ RunTime:0.000240s ]
INFO: [ app_end ] --START--
INFO: Run Behavior\ShowPageTraceBehavior [ RunTime:0.000359s ]
INFO: [ app_end ] --END-- [ RunTime:0.000382s ]

[ 2018-03-30T11:20:56+08:00 ] ::1 /fyls/Admin/People/add
INFO: [ app_init ] --START--
INFO: Run Behavior\BuildLiteBehavior [ RunTime:0.000008s ]
INFO: [ app_init ] --END-- [ RunTime:0.000378s ]
INFO: [ app_begin ] --START--
INFO: Run Behavior\ReadHtmlCacheBehavior [ RunTime:0.000415s ]
INFO: [ app_begin ] --END-- [ RunTime:0.000443s ]
SQL: SHOW COLUMNS FROM `departments` [ RunTime:0.0220s ]
SQL: SHOW COLUMNS FROM `stations` [ RunTime:0.0353s ]
SQL: SELECT * FROM `departments` WHERE ( flag = 0 )  [ RunTime:0.0004s ]
SQL: SELECT * FROM `stations` WHERE ( flag = 0 )  [ RunTime:0.0002s ]
INFO: [ view_parse ] --START--
INFO: [ template_filter ] --START--
INFO: Run Behavior\ContentReplaceBehavior [ RunTime:0.000108s ]
INFO: [ template_filter ] --END-- [ RunTime:0.000166s ]
NOTIC: [8] Undefined variable: sel D:\phpStudy\WWW\fyls\Application\Runtime\Cache\Admin\38350572118304c07189109bc6c3cd6a.php 第 172 行.
NOTIC: [8] Undefined variable: sel D:\phpStudy\WWW\fyls\Application\Runtime\Cache\Admin\38350572118304c07189109bc6c3cd6a.php 第 172 行.
NOTIC: [8] Undefined variable: sel D:\phpStudy\WWW\fyls\Application\Runtime\Cache\Admin\38350572118304c07189109bc6c3cd6a.php 第 172 行.
NOTIC: [8] Undefined variable: sel D:\phpStudy\WWW\fyls\Application\Runtime\Cache\Admin\38350572118304c07189109bc6c3cd6a.php 第 172 行.
NOTIC: [8] Undefined variable: sel D:\phpStudy\WWW\fyls\Application\Runtime\Cache\Admin\38350572118304c07189109bc6c3cd6a.php 第 172 行.
NOTIC: [8] Undefined variable: sel D:\phpStudy\WWW\fyls\Application\Runtime\Cache\Admin\38350572118304c07189109bc6c3cd6a.php 第 172 行.
NOTIC: [8] Undefined variable: sel D:\phpStudy\WWW\fyls\Application\Runtime\Cache\Admin\38350572118304c07189109bc6c3cd6a.php 第 172 行.
NOTIC: [8] Undefined variable: sel D:\phpStudy\WWW\fyls\Application\Runtime\Cache\Admin\38350572118304c07189109bc6c3cd6a.php 第 172 行.
NOTIC: [8] Undefined variable: sel D:\phpStudy\WWW\fyls\Application\Runtime\Cache\Admin\38350572118304c07189109bc6c3cd6a.php 第 172 行.
NOTIC: [8] Undefined variable: sel D:\phpStudy\WWW\fyls\Application\Runtime\Cache\Admin\38350572118304c07189109bc6c3cd6a.php 第 172 行.
NOTIC: [8] Undefined variable: sel D:\phpStudy\WWW\fyls\Application\Runtime\Cache\Admin\38350572118304c07189109bc6c3cd6a.php 第 172 行.
INFO: Run Behavior\ParseTemplateBehavior [ RunTime:0.031689s ]
INFO: [ view_parse ] --END-- [ RunTime:0.031715s ]
INFO: [ view_filter ] --START--
INFO: Run Behavior\WriteHtmlCacheBehavior [ RunTime:0.000296s ]
INFO: [ view_filter ] --END-- [ RunTime:0.000316s ]
INFO: [ app_end ] --START--
INFO: Run Behavior\ShowPageTraceBehavior [ RunTime:0.000583s ]
INFO: [ app_end ] --END-- [ RunTime:0.000611s ]

[ 2018-03-30T11:23:46+08:00 ] ::1 /fyls/Admin/Station/add
INFO: [ app_init ] --START--
INFO: Run Behavior\BuildLiteBehavior [ RunTime:0.000009s ]
INFO: [ app_init ] --END-- [ RunTime:0.000405s ]
INFO: [ app_begin ] --START--
INFO: Run Behavior\ReadHtmlCacheBehavior [ RunTime:0.000699s ]
INFO: [ app_begin ] --END-- [ RunTime:0.000741s ]
SQL: SHOW COLUMNS FROM `departments` [ RunTime:0.0102s ]
SQL: SELECT * FROM `departments` WHERE ( flag = 0 )  [ RunTime:0.0004s ]
INFO: [ view_parse ] --START--
INFO: [ template_filter ] --START--
INFO: Run Behavior\ContentReplaceBehavior [ RunTime:0.000060s ]
INFO: [ template_filter ] --END-- [ RunTime:0.000092s ]
INFO: Run Behavior\ParseTemplateBehavior [ RunTime:0.051195s ]
INFO: [ view_parse ] --END-- [ RunTime:0.051245s ]
INFO: [ view_filter ] --START--
INFO: Run Behavior\WriteHtmlCacheBehavior [ RunTime:0.000262s ]
INFO: [ view_filter ] --END-- [ RunTime:0.000284s ]
INFO: [ app_end ] --START--
INFO: Run Behavior\ShowPageTraceBehavior [ RunTime:0.000463s ]
INFO: [ app_end ] --END-- [ RunTime:0.000487s ]

[ 2018-03-30T11:23:54+08:00 ] ::1 /fyls/Admin/Station/add
INFO: [ app_init ] --START--
INFO: Run Behavior\BuildLiteBehavior [ RunTime:0.000008s ]
INFO: [ app_init ] --END-- [ RunTime:0.000305s ]
INFO: [ app_begin ] --START--
INFO: Run Behavior\ReadHtmlCacheBehavior [ RunTime:0.000350s ]
INFO: [ app_begin ] --END-- [ RunTime:0.000378s ]
SQL: SHOW COLUMNS FROM `departments` [ RunTime:0.0049s ]
SQL: SELECT * FROM `departments` WHERE ( flag = 0 )  [ RunTime:0.0003s ]
SQL: SHOW COLUMNS FROM `stations` [ RunTime:0.0105s ]
SQL: SELECT * FROM `stations` WHERE ( station_name='行政1' and flag = 0 and department_id = 26 )  [ RunTime:0.0004s ]
SQL: INSERT INTO `stations` (`station_name`,`department_id`,`updatetime`,`flag`) VALUES ('行政1','26','2018-03-30 11:23:54','0') [ RunTime:0.0004s ]
SQL: SELECT * FROM `stations` WHERE ( id=29 ) LIMIT 1   [ RunTime:0.0002s ]
SQL: SHOW COLUMNS FROM `journal` [ RunTime:0.0062s ]
SQL: INSERT INTO `journal` (`journal`,`time`) VALUES ('admin增加了岗位行政1','2018-03-30 11:23:54') [ RunTime:0.0026s ]
INFO: [ app_end ] --START--
INFO: Run Behavior\ShowPageTraceBehavior [ RunTime:0.001621s ]
INFO: [ app_end ] --END-- [ RunTime:0.001698s ]

[ 2018-03-30T11:23:56+08:00 ] ::1 /fyls/Admin/Station/station
INFO: [ app_init ] --START--
INFO: Run Behavior\BuildLiteBehavior [ RunTime:0.000012s ]
INFO: [ app_init ] --END-- [ RunTime:0.000494s ]
INFO: [ app_begin ] --START--
INFO: Run Behavior\ReadHtmlCacheBehavior [ RunTime:0.000924s ]
INFO: [ app_begin ] --END-- [ RunTime:0.001008s ]
SQL: SHOW COLUMNS FROM `stations` [ RunTime:0.0259s ]
SQL: SHOW COLUMNS FROM `departments` [ RunTime:0.0081s ]
SQL: SELECT COUNT(*) AS tp_count FROM `stations` WHERE ( flag = 0 ) LIMIT 1   [ RunTime:0.0003s ]
SQL: SELECT * FROM `stations` WHERE ( flag = 0 ) ORDER BY id asc LIMIT 0,10   [ RunTime:0.0003s ]
SQL: SELECT * FROM `departments` LEFT JOIN stations ON stations.department_id = departments.id  WHERE ( stations.flag = 0 )  [ RunTime:0.0004s ]
INFO: [ view_parse ] --START--
INFO: [ template_filter ] --START--
INFO: Run Behavior\ContentReplaceBehavior [ RunTime:0.000085s ]
INFO: [ template_filter ] --END-- [ RunTime:0.000188s ]
INFO: Run Behavior\ParseTemplateBehavior [ RunTime:0.011829s ]
INFO: [ view_parse ] --END-- [ RunTime:0.011875s ]
INFO: [ view_filter ] --START--
INFO: Run Behavior\WriteHtmlCacheBehavior [ RunTime:0.000230s ]
INFO: [ view_filter ] --END-- [ RunTime:0.000251s ]
INFO: [ app_end ] --START--
INFO: Run Behavior\ShowPageTraceBehavior [ RunTime:0.000522s ]
INFO: [ app_end ] --END-- [ RunTime:0.000563s ]

[ 2018-03-30T11:23:58+08:00 ] ::1 /fyls/Admin/Station/add
INFO: [ app_init ] --START--
INFO: Run Behavior\BuildLiteBehavior [ RunTime:0.000007s ]
INFO: [ app_init ] --END-- [ RunTime:0.000293s ]
INFO: [ app_begin ] --START--
INFO: Run Behavior\ReadHtmlCacheBehavior [ RunTime:0.000397s ]
INFO: [ app_begin ] --END-- [ RunTime:0.000424s ]
SQL: SHOW COLUMNS FROM `departments` [ RunTime:0.0096s ]
SQL: SELECT * FROM `departments` WHERE ( flag = 0 )  [ RunTime:0.0004s ]
INFO: [ view_parse ] --START--
INFO: [ template_filter ] --START--
INFO: Run Behavior\ContentReplaceBehavior [ RunTime:0.000064s ]
INFO: [ template_filter ] --END-- [ RunTime:0.000098s ]
INFO: Run Behavior\ParseTemplateBehavior [ RunTime:0.007060s ]
INFO: [ view_parse ] --END-- [ RunTime:0.007108s ]
INFO: [ view_filter ] --START--
INFO: Run Behavior\WriteHtmlCacheBehavior [ RunTime:0.000274s ]
INFO: [ view_filter ] --END-- [ RunTime:0.000307s ]
INFO: [ app_end ] --START--
INFO: Run Behavior\ShowPageTraceBehavior [ RunTime:0.000565s ]
INFO: [ app_end ] --END-- [ RunTime:0.000606s ]

[ 2018-03-30T11:24:04+08:00 ] ::1 /fyls/Admin/Station/add
INFO: [ app_init ] --START--
INFO: Run Behavior\BuildLiteBehavior [ RunTime:0.000007s ]
INFO: [ app_init ] --END-- [ RunTime:0.000278s ]
INFO: [ app_begin ] --START--
INFO: Run Behavior\ReadHtmlCacheBehavior [ RunTime:0.002025s ]
INFO: [ app_begin ] --END-- [ RunTime:0.002341s ]
SQL: SHOW COLUMNS FROM `departments` [ RunTime:0.0237s ]
SQL: SELECT * FROM `departments` WHERE ( flag = 0 )  [ RunTime:0.0004s ]
SQL: SHOW COLUMNS FROM `stations` [ RunTime:0.0100s ]
SQL: SELECT * FROM `stations` WHERE ( station_name='行政2' and flag = 0 and department_id = 26 )  [ RunTime:0.0003s ]
SQL: INSERT INTO `stations` (`station_name`,`department_id`,`updatetime`,`flag`) VALUES ('行政2','26','2018-03-30 11:24:04','0') [ RunTime:0.0005s ]
SQL: SELECT * FROM `stations` WHERE ( id=30 ) LIMIT 1   [ RunTime:0.0004s ]
SQL: SHOW COLUMNS FROM `journal` [ RunTime:0.0074s ]
SQL: INSERT INTO `journal` (`journal`,`time`) VALUES ('admin增加了岗位行政2','2018-03-30 11:24:04') [ RunTime:0.0015s ]
INFO: [ app_end ] --START--
INFO: Run Behavior\ShowPageTraceBehavior [ RunTime:0.000537s ]
INFO: [ app_end ] --END-- [ RunTime:0.000574s ]

[ 2018-03-30T11:24:06+08:00 ] ::1 /fyls/Admin/Station/station
INFO: [ app_init ] --START--
INFO: Run Behavior\BuildLiteBehavior [ RunTime:0.000014s ]
INFO: [ app_init ] --END-- [ RunTime:0.000582s ]
INFO: [ app_begin ] --START--
INFO: Run Behavior\ReadHtmlCacheBehavior [ RunTime:0.002599s ]
INFO: [ app_begin ] --END-- [ RunTime:0.002859s ]
SQL: SHOW COLUMNS FROM `stations` [ RunTime:0.0064s ]
SQL: SHOW COLUMNS FROM `departments` [ RunTime:0.0053s ]
SQL: SELECT COUNT(*) AS tp_count FROM `stations` WHERE ( flag = 0 ) LIMIT 1   [ RunTime:0.0003s ]
SQL: SELECT * FROM `stations` WHERE ( flag = 0 ) ORDER BY id asc LIMIT 0,10   [ RunTime:0.0015s ]
SQL: SELECT * FROM `departments` LEFT JOIN stations ON stations.department_id = departments.id  WHERE ( stations.flag = 0 )  [ RunTime:0.0008s ]
INFO: [ view_parse ] --START--
INFO: [ template_filter ] --START--
INFO: Run Behavior\ContentReplaceBehavior [ RunTime:0.000058s ]
INFO: [ template_filter ] --END-- [ RunTime:0.000093s ]
INFO: Run Behavior\ParseTemplateBehavior [ RunTime:0.007947s ]
INFO: [ view_parse ] --END-- [ RunTime:0.007997s ]
INFO: [ view_filter ] --START--
INFO: Run Behavior\WriteHtmlCacheBehavior [ RunTime:0.000310s ]
INFO: [ view_filter ] --END-- [ RunTime:0.000345s ]
INFO: [ app_end ] --START--
INFO: Run Behavior\ShowPageTraceBehavior [ RunTime:0.000761s ]
INFO: [ app_end ] --END-- [ RunTime:0.000843s ]

[ 2018-03-30T11:24:08+08:00 ] ::1 /fyls/Admin/Station/add
INFO: [ app_init ] --START--
INFO: Run Behavior\BuildLiteBehavior [ RunTime:0.000008s ]
INFO: [ app_init ] --END-- [ RunTime:0.000319s ]
INFO: [ app_begin ] --START--
INFO: Run Behavior\ReadHtmlCacheBehavior [ RunTime:0.000360s ]
INFO: [ app_begin ] --END-- [ RunTime:0.000388s ]
SQL: SHOW COLUMNS FROM `departments` [ RunTime:0.0100s ]
SQL: SELECT * FROM `departments` WHERE ( flag = 0 )  [ RunTime:0.0005s ]
INFO: [ view_parse ] --START--
INFO: [ template_filter ] --START--
INFO: Run Behavior\ContentReplaceBehavior [ RunTime:0.000067s ]
INFO: [ template_filter ] --END-- [ RunTime:0.000104s ]
INFO: Run Behavior\ParseTemplateBehavior [ RunTime:0.008302s ]
INFO: [ view_parse ] --END-- [ RunTime:0.008377s ]
INFO: [ view_filter ] --START--
INFO: Run Behavior\WriteHtmlCacheBehavior [ RunTime:0.000569s ]
INFO: [ view_filter ] --END-- [ RunTime:0.000631s ]
INFO: [ app_end ] --START--
INFO: Run Behavior\ShowPageTraceBehavior [ RunTime:0.002744s ]
INFO: [ app_end ] --END-- [ RunTime:0.002808s ]

[ 2018-03-30T11:24:13+08:00 ] ::1 /fyls/Admin/Station/add
INFO: [ app_init ] --START--
INFO: Run Behavior\BuildLiteBehavior [ RunTime:0.000013s ]
INFO: [ app_init ] --END-- [ RunTime:0.000920s ]
INFO: [ app_begin ] --START--
INFO: Run Behavior\ReadHtmlCacheBehavior [ RunTime:0.000683s ]
INFO: [ app_begin ] --END-- [ RunTime:0.000772s ]
SQL: SHOW COLUMNS FROM `departments` [ RunTime:0.0067s ]
SQL: SELECT * FROM `departments` WHERE ( flag = 0 )  [ RunTime:0.0003s ]
SQL: SHOW COLUMNS FROM `stations` [ RunTime:0.0099s ]
SQL: SELECT * FROM `stations` WHERE ( station_name='人事1' and flag = 0 and department_id = 26 )  [ RunTime:0.0004s ]
SQL: INSERT INTO `stations` (`station_name`,`department_id`,`updatetime`,`flag`) VALUES ('人事1','26','2018-03-30 11:24:13','0') [ RunTime:0.0004s ]
SQL: SELECT * FROM `stations` WHERE ( id=31 ) LIMIT 1   [ RunTime:0.0007s ]
SQL: SHOW COLUMNS FROM `journal` [ RunTime:0.0062s ]
SQL: INSERT INTO `journal` (`journal`,`time`) VALUES ('admin增加了岗位人事1','2018-03-30 11:24:13') [ RunTime:0.0003s ]
INFO: [ app_end ] --START--
INFO: Run Behavior\ShowPageTraceBehavior [ RunTime:0.000732s ]
INFO: [ app_end ] --END-- [ RunTime:0.000780s ]

[ 2018-03-30T11:24:15+08:00 ] ::1 /fyls/Admin/Station/station
INFO: [ app_init ] --START--
INFO: Run Behavior\BuildLiteBehavior [ RunTime:0.000036s ]
INFO: [ app_init ] --END-- [ RunTime:0.000636s ]
INFO: [ app_begin ] --START--
INFO: Run Behavior\ReadHtmlCacheBehavior [ RunTime:0.001120s ]
INFO: [ app_begin ] --END-- [ RunTime:0.001254s ]
SQL: SHOW COLUMNS FROM `stations` [ RunTime:0.0115s ]
SQL: SHOW COLUMNS FROM `departments` [ RunTime:0.0110s ]
SQL: SELECT COUNT(*) AS tp_count FROM `stations` WHERE ( flag = 0 ) LIMIT 1   [ RunTime:0.0003s ]
SQL: SELECT * FROM `stations` WHERE ( flag = 0 ) ORDER BY id asc LIMIT 0,10   [ RunTime:0.0003s ]
SQL: SELECT * FROM `departments` LEFT JOIN stations ON stations.department_id = departments.id  WHERE ( stations.flag = 0 )  [ RunTime:0.0005s ]
INFO: [ view_parse ] --START--
INFO: [ template_filter ] --START--
INFO: Run Behavior\ContentReplaceBehavior [ RunTime:0.000056s ]
INFO: [ template_filter ] --END-- [ RunTime:0.000087s ]
INFO: Run Behavior\ParseTemplateBehavior [ RunTime:0.005797s ]
INFO: [ view_parse ] --END-- [ RunTime:0.005844s ]
INFO: [ view_filter ] --START--
INFO: Run Behavior\WriteHtmlCacheBehavior [ RunTime:0.000311s ]
INFO: [ view_filter ] --END-- [ RunTime:0.000336s ]
INFO: [ app_end ] --START--
INFO: Run Behavior\ShowPageTraceBehavior [ RunTime:0.000506s ]
INFO: [ app_end ] --END-- [ RunTime:0.000540s ]

[ 2018-03-30T11:24:18+08:00 ] ::1 /fyls/Admin/Station/add
INFO: [ app_init ] --START--
INFO: Run Behavior\BuildLiteBehavior [ RunTime:0.000008s ]
INFO: [ app_init ] --END-- [ RunTime:0.000289s ]
INFO: [ app_begin ] --START--
INFO: Run Behavior\ReadHtmlCacheBehavior [ RunTime:0.000421s ]
INFO: [ app_begin ] --END-- [ RunTime:0.000454s ]
SQL: SHOW COLUMNS FROM `departments` [ RunTime:0.0100s ]
SQL: SELECT * FROM `departments` WHERE ( flag = 0 )  [ RunTime:0.0004s ]
INFO: [ view_parse ] --START--
INFO: [ template_filter ] --START--
INFO: Run Behavior\ContentReplaceBehavior [ RunTime:0.000163s ]
INFO: [ template_filter ] --END-- [ RunTime:0.000285s ]
INFO: Run Behavior\ParseTemplateBehavior [ RunTime:0.008627s ]
INFO: [ view_parse ] --END-- [ RunTime:0.008693s ]
INFO: [ view_filter ] --START--
INFO: Run Behavior\WriteHtmlCacheBehavior [ RunTime:0.000394s ]
INFO: [ view_filter ] --END-- [ RunTime:0.000443s ]
INFO: [ app_end ] --START--
INFO: Run Behavior\ShowPageTraceBehavior [ RunTime:0.000701s ]
INFO: [ app_end ] --END-- [ RunTime:0.000756s ]

[ 2018-03-30T11:24:24+08:00 ] ::1 /fyls/Admin/Station/add
INFO: [ app_init ] --START--
INFO: Run Behavior\BuildLiteBehavior [ RunTime:0.000012s ]
INFO: [ app_init ] --END-- [ RunTime:0.000363s ]
INFO: [ app_begin ] --START--
INFO: Run Behavior\ReadHtmlCacheBehavior [ RunTime:0.000449s ]
INFO: [ app_begin ] --END-- [ RunTime:0.000496s ]
SQL: SHOW COLUMNS FROM `departments` [ RunTime:0.0070s ]
SQL: SELECT * FROM `departments` WHERE ( flag = 0 )  [ RunTime:0.0003s ]
SQL: SHOW COLUMNS FROM `stations` [ RunTime:0.0086s ]
SQL: SELECT * FROM `stations` WHERE ( station_name='人事2' and flag = 0 and department_id = 26 )  [ RunTime:0.0007s ]
SQL: INSERT INTO `stations` (`station_name`,`department_id`,`updatetime`,`flag`) VALUES ('人事2','26','2018-03-30 11:24:24','0') [ RunTime:0.0004s ]
SQL: SELECT * FROM `stations` WHERE ( id=32 ) LIMIT 1   [ RunTime:0.0003s ]
SQL: SHOW COLUMNS FROM `journal` [ RunTime:0.0070s ]
SQL: INSERT INTO `journal` (`journal`,`time`) VALUES ('admin增加了岗位人事2','2018-03-30 11:24:24') [ RunTime:0.0003s ]
INFO: [ app_end ] --START--
INFO: Run Behavior\ShowPageTraceBehavior [ RunTime:0.000618s ]
INFO: [ app_end ] --END-- [ RunTime:0.000658s ]

[ 2018-03-30T11:24:26+08:00 ] ::1 /fyls/Admin/Station/station
INFO: [ app_init ] --START--
INFO: Run Behavior\BuildLiteBehavior [ RunTime:0.000008s ]
INFO: [ app_init ] --END-- [ RunTime:0.000284s ]
INFO: [ app_begin ] --START--
INFO: Run Behavior\ReadHtmlCacheBehavior [ RunTime:0.000343s ]
INFO: [ app_begin ] --END-- [ RunTime:0.000385s ]
SQL: SHOW COLUMNS FROM `stations` [ RunTime:0.0052s ]
SQL: SHOW COLUMNS FROM `departments` [ RunTime:0.0096s ]
SQL: SELECT COUNT(*) AS tp_count FROM `stations` WHERE ( flag = 0 ) LIMIT 1   [ RunTime:0.0003s ]
SQL: SELECT * FROM `stations` WHERE ( flag = 0 ) ORDER BY id asc LIMIT 0,10   [ RunTime:0.0004s ]
SQL: SELECT * FROM `departments` LEFT JOIN stations ON stations.department_id = departments.id  WHERE ( stations.flag = 0 )  [ RunTime:0.0005s ]
INFO: [ view_parse ] --START--
INFO: [ template_filter ] --START--
INFO: Run Behavior\ContentReplaceBehavior [ RunTime:0.000055s ]
INFO: [ template_filter ] --END-- [ RunTime:0.000100s ]
INFO: Run Behavior\ParseTemplateBehavior [ RunTime:0.005706s ]
INFO: [ view_parse ] --END-- [ RunTime:0.005816s ]
INFO: [ view_filter ] --START--
INFO: Run Behavior\WriteHtmlCacheBehavior [ RunTime:0.000436s ]
INFO: [ view_filter ] --END-- [ RunTime:0.000471s ]
INFO: [ app_end ] --START--
INFO: Run Behavior\ShowPageTraceBehavior [ RunTime:0.000668s ]
INFO: [ app_end ] --END-- [ RunTime:0.000714s ]

[ 2018-03-30T11:25:06+08:00 ] ::1 /fyls/Admin/Station/add
INFO: [ app_init ] --START--
INFO: Run Behavior\BuildLiteBehavior [ RunTime:0.000013s ]
INFO: [ app_init ] --END-- [ RunTime:0.000503s ]
INFO: [ app_begin ] --START--
INFO: Run Behavior\ReadHtmlCacheBehavior [ RunTime:0.002728s ]
INFO: [ app_begin ] --END-- [ RunTime:0.002800s ]
SQL: SHOW COLUMNS FROM `departments` [ RunTime:0.0101s ]
SQL: SELECT * FROM `departments` WHERE ( flag = 0 )  [ RunTime:0.0003s ]
INFO: [ view_parse ] --START--
INFO: [ template_filter ] --START--
INFO: Run Behavior\ContentReplaceBehavior [ RunTime:0.000059s ]
INFO: [ template_filter ] --END-- [ RunTime:0.000096s ]
INFO: Run Behavior\ParseTemplateBehavior [ RunTime:0.006149s ]
INFO: [ view_parse ] --END-- [ RunTime:0.006190s ]
INFO: [ view_filter ] --START--
INFO: Run Behavior\WriteHtmlCacheBehavior [ RunTime:0.000203s ]
INFO: [ view_filter ] --END-- [ RunTime:0.000224s ]
INFO: [ app_end ] --START--
INFO: Run Behavior\ShowPageTraceBehavior [ RunTime:0.000505s ]
INFO: [ app_end ] --END-- [ RunTime:0.000537s ]

[ 2018-03-30T11:25:19+08:00 ] ::1 /fyls/Admin/Station/add
INFO: [ app_init ] --START--
INFO: Run Behavior\BuildLiteBehavior [ RunTime:0.000018s ]
INFO: [ app_init ] --END-- [ RunTime:0.001082s ]
INFO: [ app_begin ] --START--
INFO: Run Behavior\ReadHtmlCacheBehavior [ RunTime:0.000612s ]
INFO: [ app_begin ] --END-- [ RunTime:0.000684s ]
SQL: SHOW COLUMNS FROM `departments` [ RunTime:0.0239s ]
SQL: SELECT * FROM `departments` WHERE ( flag = 0 )  [ RunTime:0.0004s ]
SQL: SHOW COLUMNS FROM `stations` [ RunTime:0.0061s ]
SQL: SELECT * FROM `stations` WHERE ( station_name='员工' and flag = 0 and department_id = 16 )  [ RunTime:0.0015s ]
INFO: [ app_end ] --START--
INFO: Run Behavior\ShowPageTraceBehavior [ RunTime:0.001054s ]
INFO: [ app_end ] --END-- [ RunTime:0.001119s ]

[ 2018-03-30T11:25:21+08:00 ] ::1 /fyls/Admin/Station/add
INFO: [ app_init ] --START--
INFO: Run Behavior\BuildLiteBehavior [ RunTime:0.000022s ]
INFO: [ app_init ] --END-- [ RunTime:0.000728s ]
INFO: [ app_begin ] --START--
INFO: Run Behavior\ReadHtmlCacheBehavior [ RunTime:0.000454s ]
INFO: [ app_begin ] --END-- [ RunTime:0.000503s ]
SQL: SHOW COLUMNS FROM `departments` [ RunTime:0.0289s ]
SQL: SELECT * FROM `departments` WHERE ( flag = 0 )  [ RunTime:0.0004s ]
INFO: [ view_parse ] --START--
INFO: [ template_filter ] --START--
INFO: Run Behavior\ContentReplaceBehavior [ RunTime:0.000072s ]
INFO: [ template_filter ] --END-- [ RunTime:0.000118s ]
INFO: Run Behavior\ParseTemplateBehavior [ RunTime:0.006590s ]
INFO: [ view_parse ] --END-- [ RunTime:0.006643s ]
INFO: [ view_filter ] --START--
INFO: Run Behavior\WriteHtmlCacheBehavior [ RunTime:0.000238s ]
INFO: [ view_filter ] --END-- [ RunTime:0.000264s ]
INFO: [ app_end ] --START--
INFO: Run Behavior\ShowPageTraceBehavior [ RunTime:0.000380s ]
INFO: [ app_end ] --END-- [ RunTime:0.000403s ]

[ 2018-03-30T11:25:27+08:00 ] ::1 /fyls/Admin/Station/add
INFO: [ app_init ] --START--
INFO: Run Behavior\BuildLiteBehavior [ RunTime:0.000016s ]
INFO: [ app_init ] --END-- [ RunTime:0.000639s ]
INFO: [ app_begin ] --START--
INFO: Run Behavior\ReadHtmlCacheBehavior [ RunTime:0.000854s ]
INFO: [ app_begin ] --END-- [ RunTime:0.000944s ]
SQL: SHOW COLUMNS FROM `departments` [ RunTime:0.0057s ]
SQL: SELECT * FROM `departments` WHERE ( flag = 0 )  [ RunTime:0.0025s ]
SQL: SHOW COLUMNS FROM `stations` [ RunTime:0.0096s ]
SQL: SELECT * FROM `stations` WHERE ( station_name='员工' and flag = 0 and department_id = 17 )  [ RunTime:0.0003s ]
SQL: INSERT INTO `stations` (`station_name`,`department_id`,`updatetime`,`flag`) VALUES ('员工','17','2018-03-30 11:25:27','0') [ RunTime:0.0003s ]
SQL: SELECT * FROM `stations` WHERE ( id=33 ) LIMIT 1   [ RunTime:0.0002s ]
SQL: SHOW COLUMNS FROM `journal` [ RunTime:0.0113s ]
SQL: INSERT INTO `journal` (`journal`,`time`) VALUES ('admin增加了岗位员工','2018-03-30 11:25:27') [ RunTime:0.0004s ]
INFO: [ app_end ] --START--
INFO: Run Behavior\ShowPageTraceBehavior [ RunTime:0.000760s ]
INFO: [ app_end ] --END-- [ RunTime:0.000808s ]

[ 2018-03-30T11:25:29+08:00 ] ::1 /fyls/Admin/Station/station
INFO: [ app_init ] --START--
INFO: Run Behavior\BuildLiteBehavior [ RunTime:0.000011s ]
INFO: [ app_init ] --END-- [ RunTime:0.000734s ]
INFO: [ app_begin ] --START--
INFO: Run Behavior\ReadHtmlCacheBehavior [ RunTime:0.000443s ]
INFO: [ app_begin ] --END-- [ RunTime:0.000491s ]
SQL: SHOW COLUMNS FROM `stations` [ RunTime:0.0244s ]
SQL: SHOW COLUMNS FROM `departments` [ RunTime:0.0067s ]
SQL: SELECT COUNT(*) AS tp_count FROM `stations` WHERE ( flag = 0 ) LIMIT 1   [ RunTime:0.0003s ]
SQL: SELECT * FROM `stations` WHERE ( flag = 0 ) ORDER BY id asc LIMIT 0,10   [ RunTime:0.0003s ]
SQL: SELECT * FROM `departments` LEFT JOIN stations ON stations.department_id = departments.id  WHERE ( stations.flag = 0 )  [ RunTime:0.0004s ]
INFO: [ view_parse ] --START--
INFO: [ template_filter ] --START--
INFO: Run Behavior\ContentReplaceBehavior [ RunTime:0.000068s ]
INFO: [ template_filter ] --END-- [ RunTime:0.000117s ]
INFO: Run Behavior\ParseTemplateBehavior [ RunTime:0.011310s ]
INFO: [ view_parse ] --END-- [ RunTime:0.011346s ]
INFO: [ view_filter ] --START--
INFO: Run Behavior\WriteHtmlCacheBehavior [ RunTime:0.000228s ]
INFO: [ view_filter ] --END-- [ RunTime:0.000252s ]
INFO: [ app_end ] --START--
INFO: Run Behavior\ShowPageTraceBehavior [ RunTime:0.000751s ]
INFO: [ app_end ] --END-- [ RunTime:0.000934s ]

[ 2018-03-30T11:25:37+08:00 ] ::1 /fyls/Admin/People/add
INFO: [ app_init ] --START--
INFO: Run Behavior\BuildLiteBehavior [ RunTime:0.000044s ]
INFO: [ app_init ] --END-- [ RunTime:0.002334s ]
INFO: [ app_begin ] --START--
INFO: Run Behavior\ReadHtmlCacheBehavior [ RunTime:0.000848s ]
INFO: [ app_begin ] --END-- [ RunTime:0.000942s ]
SQL: SHOW COLUMNS FROM `departments` [ RunTime:0.0068s ]
SQL: SHOW COLUMNS FROM `stations` [ RunTime:0.0093s ]
SQL: SELECT * FROM `departments` WHERE ( flag = 0 )  [ RunTime:0.0004s ]
SQL: SELECT * FROM `stations` WHERE ( flag = 0 )  [ RunTime:0.0006s ]
INFO: [ view_parse ] --START--
INFO: [ template_filter ] --START--
INFO: Run Behavior\ContentReplaceBehavior [ RunTime:0.000079s ]
INFO: [ template_filter ] --END-- [ RunTime:0.000128s ]
NOTIC: [8] Undefined variable: sel D:\phpStudy\WWW\fyls\Application\Runtime\Cache\Admin\38350572118304c07189109bc6c3cd6a.php 第 172 行.
NOTIC: [8] Undefined variable: sel D:\phpStudy\WWW\fyls\Application\Runtime\Cache\Admin\38350572118304c07189109bc6c3cd6a.php 第 172 行.
NOTIC: [8] Undefined variable: sel D:\phpStudy\WWW\fyls\Application\Runtime\Cache\Admin\38350572118304c07189109bc6c3cd6a.php 第 172 行.
NOTIC: [8] Undefined variable: sel D:\phpStudy\WWW\fyls\Application\Runtime\Cache\Admin\38350572118304c07189109bc6c3cd6a.php 第 172 行.
NOTIC: [8] Undefined variable: sel D:\phpStudy\WWW\fyls\Application\Runtime\Cache\Admin\38350572118304c07189109bc6c3cd6a.php 第 172 行.
NOTIC: [8] Undefined variable: sel D:\phpStudy\WWW\fyls\Application\Runtime\Cache\Admin\38350572118304c07189109bc6c3cd6a.php 第 172 行.
NOTIC: [8] Undefined variable: sel D:\phpStudy\WWW\fyls\Application\Runtime\Cache\Admin\38350572118304c07189109bc6c3cd6a.php 第 172 行.
NOTIC: [8] Undefined variable: sel D:\phpStudy\WWW\fyls\Application\Runtime\Cache\Admin\38350572118304c07189109bc6c3cd6a.php 第 172 行.
NOTIC: [8] Undefined variable: sel D:\phpStudy\WWW\fyls\Application\Runtime\Cache\Admin\38350572118304c07189109bc6c3cd6a.php 第 172 行.
NOTIC: [8] Undefined variable: sel D:\phpStudy\WWW\fyls\Application\Runtime\Cache\Admin\38350572118304c07189109bc6c3cd6a.php 第 172 行.
NOTIC: [8] Undefined variable: sel D:\phpStudy\WWW\fyls\Application\Runtime\Cache\Admin\38350572118304c07189109bc6c3cd6a.php 第 172 行.
NOTIC: [8] Undefined variable: sel D:\phpStudy\WWW\fyls\Application\Runtime\Cache\Admin\38350572118304c07189109bc6c3cd6a.php 第 172 行.
NOTIC: [8] Undefined variable: sel D:\phpStudy\WWW\fyls\Application\Runtime\Cache\Admin\38350572118304c07189109bc6c3cd6a.php 第 172 行.
NOTIC: [8] Undefined variable: sel D:\phpStudy\WWW\fyls\Application\Runtime\Cache\Admin\38350572118304c07189109bc6c3cd6a.php 第 172 行.
NOTIC: [8] Undefined variable: sel D:\phpStudy\WWW\fyls\Application\Runtime\Cache\Admin\38350572118304c07189109bc6c3cd6a.php 第 172 行.
NOTIC: [8] Undefined variable: sel D:\phpStudy\WWW\fyls\Application\Runtime\Cache\Admin\38350572118304c07189109bc6c3cd6a.php 第 172 行.
INFO: Run Behavior\ParseTemplateBehavior [ RunTime:0.009348s ]
INFO: [ view_parse ] --END-- [ RunTime:0.009394s ]
INFO: [ view_filter ] --START--
INFO: Run Behavior\WriteHtmlCacheBehavior [ RunTime:0.000580s ]
INFO: [ view_filter ] --END-- [ RunTime:0.000690s ]
INFO: [ app_end ] --START--
INFO: Run Behavior\ShowPageTraceBehavior [ RunTime:0.002988s ]
INFO: [ app_end ] --END-- [ RunTime:0.003078s ]

