[ 2018-03-23T08:50:26+08:00 ] ::1 /fyls/Admin/Index/login
INFO: [ app_init ] --START--
INFO: Run Behavior\BuildLiteBehavior [ RunTime:0.000010s ]
INFO: [ app_init ] --END-- [ RunTime:0.000443s ]
INFO: [ app_begin ] --START--
INFO: Run Behavior\ReadHtmlCacheBehavior [ RunTime:0.000648s ]
INFO: [ app_begin ] --END-- [ RunTime:0.000687s ]
INFO: [ view_parse ] --START--
INFO: [ template_filter ] --START--
INFO: Run Behavior\ContentReplaceBehavior [ RunTime:0.012354s ]
INFO: [ template_filter ] --END-- [ RunTime:0.012423s ]
INFO: Run Behavior\ParseTemplateBehavior [ RunTime:0.048878s ]
INFO: [ view_parse ] --END-- [ RunTime:0.048927s ]
INFO: [ view_filter ] --START--
INFO: Run Behavior\WriteHtmlCacheBehavior [ RunTime:0.006749s ]
INFO: [ view_filter ] --END-- [ RunTime:0.006797s ]
INFO: [ app_end ] --START--
INFO: Run Behavior\ShowPageTraceBehavior [ RunTime:0.000837s ]
INFO: [ app_end ] --END-- [ RunTime:0.000878s ]

[ 2018-03-23T08:50:34+08:00 ] ::1 /fyls/Admin/Index/login
INFO: [ app_init ] --START--
INFO: Run Behavior\BuildLiteBehavior [ RunTime:0.000025s ]
INFO: [ app_init ] --END-- [ RunTime:0.001070s ]
INFO: [ app_begin ] --START--
INFO: Run Behavior\ReadHtmlCacheBehavior [ RunTime:0.000542s ]
INFO: [ app_begin ] --END-- [ RunTime:0.000603s ]
SQL: SHOW COLUMNS FROM `admin_user` [ RunTime:0.0106s ]
SQL: SELECT COUNT(*) AS tp_count FROM `admin_user` WHERE `name` = 'admins' AND `password` = 'e10adc3949ba59abbe56e057f20f883e' LIMIT 1   [ RunTime:0.0003s ]
SQL: SELECT * FROM `admin_user` WHERE `name` = 'admins' AND `password` = 'e10adc3949ba59abbe56e057f20f883e' LIMIT 1   [ RunTime:0.0016s ]
INFO: [ app_end ] --START--
INFO: Run Behavior\ShowPageTraceBehavior [ RunTime:0.001482s ]
INFO: [ app_end ] --END-- [ RunTime:0.001590s ]

[ 2018-03-23T08:50:36+08:00 ] ::1 /fyls/Admin/Department/department
INFO: [ app_init ] --START--
INFO: Run Behavior\BuildLiteBehavior [ RunTime:0.000010s ]
INFO: [ app_init ] --END-- [ RunTime:0.000355s ]
INFO: [ app_begin ] --START--
INFO: Run Behavior\ReadHtmlCacheBehavior [ RunTime:0.000496s ]
INFO: [ app_begin ] --END-- [ RunTime:0.000536s ]
SQL: SHOW COLUMNS FROM `departments` [ RunTime:0.0429s ]
SQL: SELECT COUNT(*) AS tp_count FROM `departments` WHERE ( flag = 0 ) LIMIT 1   [ RunTime:0.0008s ]
SQL: SELECT * FROM `departments` WHERE ( flag = 0 ) ORDER BY id asc LIMIT 0,10   [ RunTime:0.0008s ]
INFO: [ view_parse ] --START--
INFO: [ template_filter ] --START--
INFO: Run Behavior\ContentReplaceBehavior [ RunTime:0.000197s ]
INFO: [ template_filter ] --END-- [ RunTime:0.000340s ]
INFO: Run Behavior\ParseTemplateBehavior [ RunTime:0.145619s ]
INFO: [ view_parse ] --END-- [ RunTime:0.145742s ]
INFO: [ view_filter ] --START--
INFO: Run Behavior\WriteHtmlCacheBehavior [ RunTime:0.000812s ]
INFO: [ view_filter ] --END-- [ RunTime:0.000901s ]
INFO: [ app_end ] --START--
INFO: Run Behavior\ShowPageTraceBehavior [ RunTime:0.001483s ]
INFO: [ app_end ] --END-- [ RunTime:0.001591s ]

[ 2018-03-23T08:54:56+08:00 ] ::1 /fyls/admin.php/Admin/index
ERR: 模板不存在:./Application/Admin/View/Admin/index.html

[ 2018-03-23T08:55:23+08:00 ] ::1 /fyls/admin.php/Admin/login
ERR: 非法操作:login

[ 2018-03-23T08:55:27+08:00 ] ::1 /fyls/admin.php/Admin/login
ERR: 非法操作:login

[ 2018-03-23T08:55:50+08:00 ] ::1 /fyls/Admin.php/Admin/login
ERR: 非法操作:login

[ 2018-03-23T08:57:26+08:00 ] ::1 /fyls/admin.php/Admin/index
ERR: 模板不存在:./Application/Admin/View/Admin/index.html

[ 2018-03-23T08:59:34+08:00 ] ::1 /fyls/Admin/Department/department
INFO: [ app_init ] --START--
INFO: Run Behavior\BuildLiteBehavior [ RunTime:0.000009s ]
INFO: [ app_init ] --END-- [ RunTime:0.000415s ]
INFO: [ app_begin ] --START--
INFO: Run Behavior\ReadHtmlCacheBehavior [ RunTime:0.000411s ]
INFO: [ app_begin ] --END-- [ RunTime:0.000448s ]
SQL: SHOW COLUMNS FROM `departments` [ RunTime:0.0175s ]
SQL: SELECT COUNT(*) AS tp_count FROM `departments` WHERE ( flag = 0 ) LIMIT 1   [ RunTime:0.0006s ]
SQL: SELECT * FROM `departments` WHERE ( flag = 0 ) ORDER BY id asc LIMIT 0,10   [ RunTime:0.0008s ]
INFO: [ view_parse ] --START--
INFO: [ template_filter ] --START--
INFO: Run Behavior\ContentReplaceBehavior [ RunTime:0.000179s ]
INFO: [ template_filter ] --END-- [ RunTime:0.000286s ]
INFO: Run Behavior\ParseTemplateBehavior [ RunTime:0.017651s ]
INFO: [ view_parse ] --END-- [ RunTime:0.017783s ]
INFO: [ view_filter ] --START--
INFO: Run Behavior\WriteHtmlCacheBehavior [ RunTime:0.001261s ]
INFO: [ view_filter ] --END-- [ RunTime:0.001410s ]
INFO: [ app_end ] --START--
INFO: Run Behavior\ShowPageTraceBehavior [ RunTime:0.002061s ]
INFO: [ app_end ] --END-- [ RunTime:0.002175s ]

[ 2018-03-23T09:01:55+08:00 ] ::1 /fyls/Admin/Travel/doadd_travel
INFO: [ app_init ] --START--
INFO: Run Behavior\BuildLiteBehavior [ RunTime:0.000008s ]
INFO: [ app_init ] --END-- [ RunTime:0.000398s ]
INFO: [ app_begin ] --START--
INFO: Run Behavior\ReadHtmlCacheBehavior [ RunTime:0.000425s ]
INFO: [ app_begin ] --END-- [ RunTime:0.000454s ]
SQL: SHOW COLUMNS FROM `form_business_travel` [ RunTime:0.0086s ]
NOTIC: [8] Undefined index: auto D:\phpStudy\WWW\fyls\ThinkPHP\Library\Think\Model.class.php 第 1128 行.
SQL: SHOW COLUMNS FROM `form_business_travel` [ RunTime:0.0078s ]
NOTIC: [8] Undefined index: validate D:\phpStudy\WWW\fyls\ThinkPHP\Library\Think\Model.class.php 第 1185 行.
NOTIC: [8] Undefined index: auto D:\phpStudy\WWW\fyls\ThinkPHP\Library\Think\Model.class.php 第 1128 行.
SQL: INSERT INTO `form_business_travel` (`applicant`,`out_addr`,`out_reason`,`out_time`,`back_time`,`aid`,`uid`,`department_id`) VALUES ('admins','阿斯顿','爱仕达','2018-03-23 00:00:00','2018-03-23 09:01:24','1','4','1') [ RunTime:0.0478s ]
INFO: [ app_end ] --START--
INFO: Run Behavior\ShowPageTraceBehavior [ RunTime:0.001643s ]
INFO: [ app_end ] --END-- [ RunTime:0.001755s ]

[ 2018-03-23T09:01:57+08:00 ] ::1 /fyls/Admin/Travel/travel_list
INFO: [ app_init ] --START--
INFO: Run Behavior\BuildLiteBehavior [ RunTime:0.000008s ]
INFO: [ app_init ] --END-- [ RunTime:0.000329s ]
INFO: [ app_begin ] --START--
INFO: Run Behavior\ReadHtmlCacheBehavior [ RunTime:0.000371s ]
INFO: [ app_begin ] --END-- [ RunTime:0.000399s ]
SQL: SHOW COLUMNS FROM `form_business_travel` [ RunTime:0.0315s ]
SQL: SELECT COUNT(*) AS tp_count FROM `form_business_travel` LIMIT 1   [ RunTime:0.0005s ]
SQL: SELECT * FROM `form_business_travel` WHERE ( 4 ) ORDER BY id desc LIMIT 0,10   [ RunTime:0.0010s ]
INFO: [ view_parse ] --START--
INFO: [ template_filter ] --START--
INFO: Run Behavior\ContentReplaceBehavior [ RunTime:0.000212s ]
INFO: [ template_filter ] --END-- [ RunTime:0.000318s ]
NOTIC: [8] Undefined variable: page D:\phpStudy\WWW\fyls\Application\Runtime\Cache\Admin\37c0d9edfcb91ce626c9f0a7d90f8cef.php 第 175 行.
INFO: Run Behavior\ParseTemplateBehavior [ RunTime:0.022787s ]
INFO: [ view_parse ] --END-- [ RunTime:0.022872s ]
INFO: [ view_filter ] --START--
INFO: Run Behavior\WriteHtmlCacheBehavior [ RunTime:0.000608s ]
INFO: [ view_filter ] --END-- [ RunTime:0.000659s ]
INFO: [ app_end ] --START--
INFO: Run Behavior\ShowPageTraceBehavior [ RunTime:0.000808s ]
INFO: [ app_end ] --END-- [ RunTime:0.000861s ]

[ 2018-03-23T09:08:15+08:00 ] ::1 /fyls/Admin/Travel/travel_list
INFO: [ app_init ] --START--
INFO: Run Behavior\BuildLiteBehavior [ RunTime:0.000012s ]
INFO: [ app_init ] --END-- [ RunTime:0.000583s ]
INFO: [ app_begin ] --START--
INFO: Run Behavior\ReadHtmlCacheBehavior [ RunTime:0.000650s ]
INFO: [ app_begin ] --END-- [ RunTime:0.000698s ]

[ 2018-03-23T09:08:33+08:00 ] ::1 /fyls/Admin/Index/login
INFO: [ app_init ] --START--
INFO: Run Behavior\BuildLiteBehavior [ RunTime:0.000011s ]
INFO: [ app_init ] --END-- [ RunTime:0.000450s ]
INFO: [ app_begin ] --START--
INFO: Run Behavior\ReadHtmlCacheBehavior [ RunTime:0.000680s ]
INFO: [ app_begin ] --END-- [ RunTime:0.000756s ]
INFO: [ view_parse ] --START--
INFO: [ template_filter ] --START--
INFO: Run Behavior\ContentReplaceBehavior [ RunTime:0.000037s ]
INFO: [ template_filter ] --END-- [ RunTime:0.000071s ]
INFO: Run Behavior\ParseTemplateBehavior [ RunTime:0.005346s ]
INFO: [ view_parse ] --END-- [ RunTime:0.005387s ]
INFO: [ view_filter ] --START--
INFO: Run Behavior\WriteHtmlCacheBehavior [ RunTime:0.000256s ]
INFO: [ view_filter ] --END-- [ RunTime:0.000291s ]
INFO: [ app_end ] --START--
INFO: Run Behavior\ShowPageTraceBehavior [ RunTime:0.000405s ]
INFO: [ app_end ] --END-- [ RunTime:0.000429s ]

[ 2018-03-23T09:08:44+08:00 ] ::1 /fyls/Admin/Index/login
INFO: [ app_init ] --START--
INFO: Run Behavior\BuildLiteBehavior [ RunTime:0.000052s ]
INFO: [ app_init ] --END-- [ RunTime:0.002223s ]
INFO: [ app_begin ] --START--
INFO: Run Behavior\ReadHtmlCacheBehavior [ RunTime:0.000846s ]
INFO: [ app_begin ] --END-- [ RunTime:0.000933s ]
SQL: SHOW COLUMNS FROM `admin_user` [ RunTime:0.0095s ]
SQL: SELECT COUNT(*) AS tp_count FROM `admin_user` WHERE `name` = 'admins' AND `password` = 'e10adc3949ba59abbe56e057f20f883e' LIMIT 1   [ RunTime:0.0003s ]
SQL: SELECT * FROM `admin_user` WHERE `name` = 'admins' AND `password` = 'e10adc3949ba59abbe56e057f20f883e' LIMIT 1   [ RunTime:0.0003s ]
INFO: [ app_end ] --START--
INFO: Run Behavior\ShowPageTraceBehavior [ RunTime:0.000498s ]
INFO: [ app_end ] --END-- [ RunTime:0.000530s ]

[ 2018-03-23T09:08:46+08:00 ] ::1 /fyls/Admin/Department/department
INFO: [ app_init ] --START--
INFO: Run Behavior\BuildLiteBehavior [ RunTime:0.000006s ]
INFO: [ app_init ] --END-- [ RunTime:0.000280s ]
INFO: [ app_begin ] --START--
INFO: Run Behavior\ReadHtmlCacheBehavior [ RunTime:0.000316s ]
INFO: [ app_begin ] --END-- [ RunTime:0.000430s ]
SQL: SHOW COLUMNS FROM `departments` [ RunTime:0.0289s ]
SQL: SELECT COUNT(*) AS tp_count FROM `departments` WHERE ( flag = 0 ) LIMIT 1   [ RunTime:0.0006s ]
SQL: SELECT * FROM `departments` WHERE ( flag = 0 ) ORDER BY id asc LIMIT 0,10   [ RunTime:0.0011s ]
INFO: [ view_parse ] --START--
INFO: [ template_filter ] --START--
INFO: Run Behavior\ContentReplaceBehavior [ RunTime:0.000150s ]
INFO: [ template_filter ] --END-- [ RunTime:0.000256s ]
INFO: Run Behavior\ParseTemplateBehavior [ RunTime:0.015526s ]
INFO: [ view_parse ] --END-- [ RunTime:0.015632s ]
INFO: [ view_filter ] --START--
INFO: Run Behavior\WriteHtmlCacheBehavior [ RunTime:0.000660s ]
INFO: [ view_filter ] --END-- [ RunTime:0.000737s ]
INFO: [ app_end ] --START--
INFO: Run Behavior\ShowPageTraceBehavior [ RunTime:0.001221s ]
INFO: [ app_end ] --END-- [ RunTime:0.001303s ]

[ 2018-03-23T09:10:55+08:00 ] ::1 /fyls/Admin/Department/department
INFO: [ app_init ] --START--
INFO: Run Behavior\BuildLiteBehavior [ RunTime:0.000012s ]
INFO: [ app_init ] --END-- [ RunTime:0.000615s ]
INFO: [ app_begin ] --START--
INFO: Run Behavior\ReadHtmlCacheBehavior [ RunTime:0.000712s ]
INFO: [ app_begin ] --END-- [ RunTime:0.000765s ]
SQL: SHOW COLUMNS FROM `departments` [ RunTime:0.0558s ]
SQL: SELECT COUNT(*) AS tp_count FROM `departments` WHERE ( flag = 0 ) LIMIT 1   [ RunTime:0.0007s ]
SQL: SELECT * FROM `departments` WHERE ( flag = 0 ) ORDER BY id asc LIMIT 0,10   [ RunTime:0.0007s ]
INFO: [ view_parse ] --START--
INFO: [ template_filter ] --START--
INFO: Run Behavior\ContentReplaceBehavior [ RunTime:0.000156s ]
INFO: [ template_filter ] --END-- [ RunTime:0.000256s ]
INFO: Run Behavior\ParseTemplateBehavior [ RunTime:0.019130s ]
INFO: [ view_parse ] --END-- [ RunTime:0.019243s ]
INFO: [ view_filter ] --START--
INFO: Run Behavior\WriteHtmlCacheBehavior [ RunTime:0.000947s ]
INFO: [ view_filter ] --END-- [ RunTime:0.001029s ]
INFO: [ app_end ] --START--
INFO: Run Behavior\ShowPageTraceBehavior [ RunTime:0.001733s ]
INFO: [ app_end ] --END-- [ RunTime:0.001843s ]

[ 2018-03-23T09:13:29+08:00 ] ::1 /fyls/admin.php/index/index
ERR: 模板不存在:./Application/Admin/View/Product/product.html

[ 2018-03-23T09:14:10+08:00 ] ::1 /fyls/Admin/Department/department
INFO: [ app_init ] --START--
INFO: Run Behavior\BuildLiteBehavior [ RunTime:0.000007s ]
INFO: [ app_init ] --END-- [ RunTime:0.000321s ]
INFO: [ app_begin ] --START--
INFO: Run Behavior\ReadHtmlCacheBehavior [ RunTime:0.000400s ]
INFO: [ app_begin ] --END-- [ RunTime:0.000430s ]
SQL: SHOW COLUMNS FROM `departments` [ RunTime:0.0643s ]
SQL: SELECT COUNT(*) AS tp_count FROM `departments` WHERE ( flag = 0 ) LIMIT 1   [ RunTime:0.0006s ]
SQL: SELECT * FROM `departments` WHERE ( flag = 0 ) ORDER BY id asc LIMIT 0,10   [ RunTime:0.0008s ]
INFO: [ view_parse ] --START--
INFO: [ template_filter ] --START--
INFO: Run Behavior\ContentReplaceBehavior [ RunTime:0.000089s ]
INFO: [ template_filter ] --END-- [ RunTime:0.000147s ]
INFO: Run Behavior\ParseTemplateBehavior [ RunTime:0.017758s ]
INFO: [ view_parse ] --END-- [ RunTime:0.017838s ]
INFO: [ view_filter ] --START--
INFO: Run Behavior\WriteHtmlCacheBehavior [ RunTime:0.000539s ]
INFO: [ view_filter ] --END-- [ RunTime:0.000591s ]
INFO: [ app_end ] --START--
INFO: Run Behavior\ShowPageTraceBehavior [ RunTime:0.000821s ]
INFO: [ app_end ] --END-- [ RunTime:0.000868s ]

[ 2018-03-23T09:16:45+08:00 ] ::1 /fyls/Admin/Department/department
INFO: [ app_init ] --START--
INFO: Run Behavior\BuildLiteBehavior [ RunTime:0.000014s ]
INFO: [ app_init ] --END-- [ RunTime:0.000736s ]
INFO: [ app_begin ] --START--
INFO: Run Behavior\ReadHtmlCacheBehavior [ RunTime:0.000751s ]
INFO: [ app_begin ] --END-- [ RunTime:0.000818s ]
SQL: SHOW COLUMNS FROM `departments` [ RunTime:0.0142s ]
SQL: SELECT COUNT(*) AS tp_count FROM `departments` WHERE ( flag = 0 ) LIMIT 1   [ RunTime:0.0004s ]
SQL: SELECT * FROM `departments` WHERE ( flag = 0 ) ORDER BY id asc LIMIT 0,10   [ RunTime:0.0006s ]
INFO: [ view_parse ] --START--
INFO: [ template_filter ] --START--
INFO: Run Behavior\ContentReplaceBehavior [ RunTime:0.000087s ]
INFO: [ template_filter ] --END-- [ RunTime:0.000141s ]
INFO: Run Behavior\ParseTemplateBehavior [ RunTime:0.010160s ]
INFO: [ view_parse ] --END-- [ RunTime:0.010245s ]
INFO: [ view_filter ] --START--
INFO: Run Behavior\WriteHtmlCacheBehavior [ RunTime:0.000676s ]
INFO: [ view_filter ] --END-- [ RunTime:0.000742s ]
INFO: [ app_end ] --START--
INFO: Run Behavior\ShowPageTraceBehavior [ RunTime:0.001145s ]
INFO: [ app_end ] --END-- [ RunTime:0.001215s ]

[ 2018-03-23T09:16:59+08:00 ] ::1 /fyls/Admin/Index/login
INFO: [ app_init ] --START--
INFO: Run Behavior\BuildLiteBehavior [ RunTime:0.000008s ]
INFO: [ app_init ] --END-- [ RunTime:0.000324s ]
INFO: [ app_begin ] --START--
INFO: Run Behavior\ReadHtmlCacheBehavior [ RunTime:0.000377s ]
INFO: [ app_begin ] --END-- [ RunTime:0.000404s ]
INFO: [ view_parse ] --START--
INFO: [ template_filter ] --START--
INFO: Run Behavior\ContentReplaceBehavior [ RunTime:0.000031s ]
INFO: [ template_filter ] --END-- [ RunTime:0.000074s ]
INFO: Run Behavior\ParseTemplateBehavior [ RunTime:0.004911s ]
INFO: [ view_parse ] --END-- [ RunTime:0.004952s ]
INFO: [ view_filter ] --START--
INFO: Run Behavior\WriteHtmlCacheBehavior [ RunTime:0.000357s ]
INFO: [ view_filter ] --END-- [ RunTime:0.000389s ]
INFO: [ app_end ] --START--
INFO: Run Behavior\ShowPageTraceBehavior [ RunTime:0.000590s ]
INFO: [ app_end ] --END-- [ RunTime:0.000614s ]

[ 2018-03-23T09:17:04+08:00 ] ::1 /fyls/Admin/Index/login
INFO: [ app_init ] --START--
INFO: Run Behavior\BuildLiteBehavior [ RunTime:0.000011s ]
INFO: [ app_init ] --END-- [ RunTime:0.000498s ]
INFO: [ app_begin ] --START--
INFO: Run Behavior\ReadHtmlCacheBehavior [ RunTime:0.000836s ]
INFO: [ app_begin ] --END-- [ RunTime:0.000945s ]
SQL: SHOW COLUMNS FROM `admin_user` [ RunTime:0.0066s ]
SQL: SELECT COUNT(*) AS tp_count FROM `admin_user` WHERE `name` = 'admins' AND `password` = 'e10adc3949ba59abbe56e057f20f883e' LIMIT 1   [ RunTime:0.0003s ]
SQL: SELECT * FROM `admin_user` WHERE `name` = 'admins' AND `password` = 'e10adc3949ba59abbe56e057f20f883e' LIMIT 1   [ RunTime:0.0002s ]
INFO: [ app_end ] --START--
INFO: Run Behavior\ShowPageTraceBehavior [ RunTime:0.000624s ]
INFO: [ app_end ] --END-- [ RunTime:0.000659s ]

[ 2018-03-23T09:17:06+08:00 ] ::1 /fyls/Admin/Department/department
INFO: [ app_init ] --START--
INFO: Run Behavior\BuildLiteBehavior [ RunTime:0.000007s ]
INFO: [ app_init ] --END-- [ RunTime:0.000270s ]
INFO: [ app_begin ] --START--
INFO: Run Behavior\ReadHtmlCacheBehavior [ RunTime:0.000325s ]
INFO: [ app_begin ] --END-- [ RunTime:0.000351s ]
SQL: SHOW COLUMNS FROM `departments` [ RunTime:0.0316s ]
SQL: SELECT COUNT(*) AS tp_count FROM `departments` WHERE ( flag = 0 ) LIMIT 1   [ RunTime:0.0008s ]
SQL: SELECT * FROM `departments` WHERE ( flag = 0 ) ORDER BY id asc LIMIT 0,10   [ RunTime:0.0008s ]
INFO: [ view_parse ] --START--
INFO: [ template_filter ] --START--
INFO: Run Behavior\ContentReplaceBehavior [ RunTime:0.000126s ]
INFO: [ template_filter ] --END-- [ RunTime:0.000215s ]
INFO: Run Behavior\ParseTemplateBehavior [ RunTime:0.010370s ]
INFO: [ view_parse ] --END-- [ RunTime:0.010451s ]
INFO: [ view_filter ] --START--
INFO: Run Behavior\WriteHtmlCacheBehavior [ RunTime:0.000466s ]
INFO: [ view_filter ] --END-- [ RunTime:0.000517s ]
INFO: [ app_end ] --START--
INFO: Run Behavior\ShowPageTraceBehavior [ RunTime:0.000874s ]
INFO: [ app_end ] --END-- [ RunTime:0.000947s ]

[ 2018-03-23T09:18:48+08:00 ] ::1 /fyls/Admin/Travel/travel_del?id=35
INFO: [ app_init ] --START--
INFO: Run Behavior\BuildLiteBehavior [ RunTime:0.000010s ]
INFO: [ app_init ] --END-- [ RunTime:0.000520s ]
INFO: [ app_begin ] --START--
INFO: Run Behavior\ReadHtmlCacheBehavior [ RunTime:0.000431s ]
INFO: [ app_begin ] --END-- [ RunTime:0.000469s ]
SQL: SHOW COLUMNS FROM `form_business_travel` [ RunTime:0.0535s ]
SQL: DELETE FROM `form_business_travel` WHERE `id` = 35 [ RunTime:0.0125s ]
INFO: [ app_end ] --START--
INFO: Run Behavior\ShowPageTraceBehavior [ RunTime:0.002220s ]
INFO: [ app_end ] --END-- [ RunTime:0.002340s ]

[ 2018-03-23T09:18:50+08:00 ] ::1 /fyls/Admin/Travel/travel_list
INFO: [ app_init ] --START--
INFO: Run Behavior\BuildLiteBehavior [ RunTime:0.000007s ]
INFO: [ app_init ] --END-- [ RunTime:0.000262s ]
INFO: [ app_begin ] --START--
INFO: Run Behavior\ReadHtmlCacheBehavior [ RunTime:0.000471s ]
INFO: [ app_begin ] --END-- [ RunTime:0.000514s ]
SQL: SHOW COLUMNS FROM `form_business_travel` [ RunTime:0.0556s ]
SQL: SELECT COUNT(*) AS tp_count FROM `form_business_travel` LIMIT 1   [ RunTime:0.0006s ]
SQL: SELECT * FROM `form_business_travel` WHERE ( 4 ) ORDER BY id desc LIMIT 0,10   [ RunTime:0.0008s ]
INFO: [ view_parse ] --START--
INFO: [ template_filter ] --START--
INFO: Run Behavior\ContentReplaceBehavior [ RunTime:0.000593s ]
INFO: [ template_filter ] --END-- [ RunTime:0.000810s ]
NOTIC: [8] Undefined variable: page D:\phpStudy\WWW\fyls\Application\Runtime\Cache\Admin\37c0d9edfcb91ce626c9f0a7d90f8cef.php 第 175 行.
INFO: Run Behavior\ParseTemplateBehavior [ RunTime:0.023980s ]
INFO: [ view_parse ] --END-- [ RunTime:0.024071s ]
INFO: [ view_filter ] --START--
INFO: Run Behavior\WriteHtmlCacheBehavior [ RunTime:0.000901s ]
INFO: [ view_filter ] --END-- [ RunTime:0.000977s ]
INFO: [ app_end ] --START--
INFO: Run Behavior\ShowPageTraceBehavior [ RunTime:0.001236s ]
INFO: [ app_end ] --END-- [ RunTime:0.001319s ]

[ 2018-03-23T09:19:38+08:00 ] ::1 /fyls/admin.php/Travel/travel_list
ERR: 1054:Unknown column 'uid1' in 'where clause'
 [ SQL语句 ] : SELECT * FROM `form_business_travel` WHERE ( uid1 ) ORDER BY id desc LIMIT 0,10  
ERR: 1054:Unknown column 'uid1' in 'where clause'
 [ SQL语句 ] : SELECT * FROM `form_business_travel` WHERE ( uid1 ) ORDER BY id desc LIMIT 0,10  

[ 2018-03-23T09:20:17+08:00 ] ::1 /fyls/Admin/Travel/doadd_travel
INFO: [ app_init ] --START--
INFO: Run Behavior\BuildLiteBehavior [ RunTime:0.000008s ]
INFO: [ app_init ] --END-- [ RunTime:0.000376s ]
INFO: [ app_begin ] --START--
INFO: Run Behavior\ReadHtmlCacheBehavior [ RunTime:0.000423s ]
INFO: [ app_begin ] --END-- [ RunTime:0.000457s ]
SQL: SHOW COLUMNS FROM `form_business_travel` [ RunTime:0.0166s ]
NOTIC: [8] Undefined index: auto D:\phpStudy\WWW\fyls\ThinkPHP\Library\Think\Model.class.php 第 1128 行.
SQL: SHOW COLUMNS FROM `form_business_travel` [ RunTime:0.0157s ]
NOTIC: [8] Undefined index: validate D:\phpStudy\WWW\fyls\ThinkPHP\Library\Think\Model.class.php 第 1185 行.
NOTIC: [8] Undefined index: auto D:\phpStudy\WWW\fyls\ThinkPHP\Library\Think\Model.class.php 第 1128 行.
SQL: INSERT INTO `form_business_travel` (`applicant`,`out_addr`,`out_reason`,`out_time`,`back_time`,`aid`,`uid`,`department_id`) VALUES ('谷歌','123','123','2018-03-23 00:00:00','2018-03-23 09:20:12','1','1','1') [ RunTime:0.0010s ]
INFO: [ app_end ] --START--
INFO: Run Behavior\ShowPageTraceBehavior [ RunTime:0.001626s ]
INFO: [ app_end ] --END-- [ RunTime:0.001735s ]

[ 2018-03-23T09:20:19+08:00 ] ::1 /fyls/Admin/Travel/travel_list
INFO: [ app_init ] --START--
INFO: Run Behavior\BuildLiteBehavior [ RunTime:0.000007s ]
INFO: [ app_init ] --END-- [ RunTime:0.000264s ]
INFO: [ app_begin ] --START--
INFO: Run Behavior\ReadHtmlCacheBehavior [ RunTime:0.000321s ]
INFO: [ app_begin ] --END-- [ RunTime:0.000348s ]
SQL: SHOW COLUMNS FROM `form_business_travel` [ RunTime:0.0160s ]
SQL: SELECT COUNT(*) AS tp_count FROM `form_business_travel` LIMIT 1   [ RunTime:0.0005s ]
SQL: SELECT * FROM `form_business_travel` WHERE ( uid=1 ) ORDER BY id desc LIMIT 0,10   [ RunTime:0.0008s ]
INFO: [ view_parse ] --START--
INFO: [ template_filter ] --START--
INFO: Run Behavior\ContentReplaceBehavior [ RunTime:0.000198s ]
INFO: [ template_filter ] --END-- [ RunTime:0.000301s ]
NOTIC: [8] Undefined variable: page D:\phpStudy\WWW\fyls\Application\Runtime\Cache\Admin\37c0d9edfcb91ce626c9f0a7d90f8cef.php 第 175 行.
INFO: Run Behavior\ParseTemplateBehavior [ RunTime:0.021579s ]
INFO: [ view_parse ] --END-- [ RunTime:0.021666s ]
INFO: [ view_filter ] --START--
INFO: Run Behavior\WriteHtmlCacheBehavior [ RunTime:0.000923s ]
INFO: [ view_filter ] --END-- [ RunTime:0.000998s ]
INFO: [ app_end ] --START--
INFO: Run Behavior\ShowPageTraceBehavior [ RunTime:0.001469s ]
INFO: [ app_end ] --END-- [ RunTime:0.001586s ]

[ 2018-03-23T09:20:23+08:00 ] ::1 /fyls/Admin/Travel/travel_list
INFO: [ app_init ] --START--
INFO: Run Behavior\BuildLiteBehavior [ RunTime:0.000013s ]
INFO: [ app_init ] --END-- [ RunTime:0.000518s ]
INFO: [ app_begin ] --START--
INFO: Run Behavior\ReadHtmlCacheBehavior [ RunTime:0.000634s ]
INFO: [ app_begin ] --END-- [ RunTime:0.000687s ]
SQL: SHOW COLUMNS FROM `form_business_travel` [ RunTime:0.0159s ]
SQL: SELECT COUNT(*) AS tp_count FROM `form_business_travel` LIMIT 1   [ RunTime:0.0003s ]
SQL: SELECT * FROM `form_business_travel` WHERE ( uid=4 ) ORDER BY id desc LIMIT 0,10   [ RunTime:0.0004s ]
INFO: [ view_parse ] --START--
INFO: [ template_filter ] --START--
INFO: Run Behavior\ContentReplaceBehavior [ RunTime:0.000122s ]
INFO: [ template_filter ] --END-- [ RunTime:0.000189s ]
NOTIC: [8] Undefined variable: page D:\phpStudy\WWW\fyls\Application\Runtime\Cache\Admin\37c0d9edfcb91ce626c9f0a7d90f8cef.php 第 175 行.
INFO: Run Behavior\ParseTemplateBehavior [ RunTime:0.010275s ]
INFO: [ view_parse ] --END-- [ RunTime:0.010346s ]
INFO: [ view_filter ] --START--
INFO: Run Behavior\WriteHtmlCacheBehavior [ RunTime:0.000512s ]
INFO: [ view_filter ] --END-- [ RunTime:0.000561s ]
INFO: [ app_end ] --START--
INFO: Run Behavior\ShowPageTraceBehavior [ RunTime:0.000780s ]
INFO: [ app_end ] --END-- [ RunTime:0.000831s ]

[ 2018-03-23T09:21:41+08:00 ] ::1 /fyls/Admin/Permission/travelinfo?id=36
INFO: [ app_init ] --START--
INFO: Run Behavior\BuildLiteBehavior [ RunTime:0.000010s ]
INFO: [ app_init ] --END-- [ RunTime:0.000463s ]
INFO: [ app_begin ] --START--
INFO: Run Behavior\ReadHtmlCacheBehavior [ RunTime:0.000550s ]
INFO: [ app_begin ] --END-- [ RunTime:0.000592s ]
SQL: SHOW COLUMNS FROM `form_business_travel` [ RunTime:0.0319s ]
SQL: SELECT * FROM `form_business_travel` WHERE `id` = 36 LIMIT 1   [ RunTime:0.0008s ]
SQL: SHOW COLUMNS FROM `departments` [ RunTime:0.0183s ]
SQL: SELECT `department_name` FROM `departments` WHERE ( 1 ) LIMIT 1   [ RunTime:0.0006s ]
INFO: [ view_parse ] --START--
INFO: [ template_filter ] --START--
INFO: Run Behavior\ContentReplaceBehavior [ RunTime:0.000125s ]
INFO: [ template_filter ] --END-- [ RunTime:0.000193s ]
NOTIC: [8] Undefined variable: page D:\phpStudy\WWW\fyls\Application\Runtime\Cache\Admin\36b21d1a41ee4d47b28f6f0437aa557a.php 第 151 行.
INFO: Run Behavior\ParseTemplateBehavior [ RunTime:0.042357s ]
INFO: [ view_parse ] --END-- [ RunTime:0.042439s ]
INFO: [ view_filter ] --START--
INFO: Run Behavior\WriteHtmlCacheBehavior [ RunTime:0.000786s ]
INFO: [ view_filter ] --END-- [ RunTime:0.000864s ]
INFO: [ app_end ] --START--
INFO: Run Behavior\ShowPageTraceBehavior [ RunTime:0.001614s ]
INFO: [ app_end ] --END-- [ RunTime:0.001747s ]

[ 2018-03-23T09:21:46+08:00 ] ::1 /fyls/Admin/Permission/adopt
INFO: [ app_init ] --START--
INFO: Run Behavior\BuildLiteBehavior [ RunTime:0.000007s ]
INFO: [ app_init ] --END-- [ RunTime:0.000274s ]
INFO: [ app_begin ] --START--
INFO: Run Behavior\ReadHtmlCacheBehavior [ RunTime:0.000329s ]
INFO: [ app_begin ] --END-- [ RunTime:0.000357s ]
SQL: SHOW COLUMNS FROM `form_business_travel` [ RunTime:0.0171s ]
SQL: UPDATE `form_business_travel` SET `bm_sp`='1',`id`='36',`flag`='1' WHERE ( id=36 ) [ RunTime:0.0008s ]
INFO: [ app_end ] --START--
INFO: Run Behavior\ShowPageTraceBehavior [ RunTime:0.001378s ]
INFO: [ app_end ] --END-- [ RunTime:0.001470s ]

[ 2018-03-23T09:21:48+08:00 ] ::1 /fyls/Admin/Permission/travel
INFO: [ app_init ] --START--
INFO: Run Behavior\BuildLiteBehavior [ RunTime:0.000006s ]
INFO: [ app_init ] --END-- [ RunTime:0.000262s ]
INFO: [ app_begin ] --START--
INFO: Run Behavior\ReadHtmlCacheBehavior [ RunTime:0.000356s ]
INFO: [ app_begin ] --END-- [ RunTime:0.000387s ]
SQL: SHOW COLUMNS FROM `admin_user` [ RunTime:0.0159s ]
SQL: SELECT * FROM `admin_user` WHERE ( id=1 ) LIMIT 1   [ RunTime:0.0008s ]
SQL: SHOW COLUMNS FROM `stations` [ RunTime:0.0170s ]
SQL: SELECT * FROM `stations` WHERE ( id =1 AND station_name LIKE "%主管%" ) LIMIT 1   [ RunTime:0.0007s ]
SQL: SELECT * FROM `stations` WHERE ( id =1 AND station_name LIKE "%经理%" ) LIMIT 1   [ RunTime:0.0006s ]
SQL: SHOW COLUMNS FROM `form_business_travel` [ RunTime:0.0098s ]
SQL: SELECT * FROM `form_business_travel` WHERE ( department_id=1 AND aid=1 AND bm_sp=0 AND flag <> 3 )  [ RunTime:0.0004s ]
INFO: [ view_parse ] --START--
INFO: [ template_filter ] --START--
INFO: Run Behavior\ContentReplaceBehavior [ RunTime:0.000086s ]
INFO: [ template_filter ] --END-- [ RunTime:0.000135s ]
NOTIC: [8] Undefined variable: page D:\phpStudy\WWW\fyls\Application\Runtime\Cache\Admin\65ffb8a17a523a698d6d523769f90e19.php 第 149 行.
INFO: Run Behavior\ParseTemplateBehavior [ RunTime:0.007491s ]
INFO: [ view_parse ] --END-- [ RunTime:0.007536s ]
INFO: [ view_filter ] --START--
INFO: Run Behavior\WriteHtmlCacheBehavior [ RunTime:0.000378s ]
INFO: [ view_filter ] --END-- [ RunTime:0.000417s ]
INFO: [ app_end ] --START--
INFO: Run Behavior\ShowPageTraceBehavior [ RunTime:0.000674s ]
INFO: [ app_end ] --END-- [ RunTime:0.000719s ]

[ 2018-03-23T09:22:27+08:00 ] ::1 /fyls/Admin/Permission/travelinfo?id=36
INFO: [ app_init ] --START--
INFO: Run Behavior\BuildLiteBehavior [ RunTime:0.000012s ]
INFO: [ app_init ] --END-- [ RunTime:0.000693s ]
INFO: [ app_begin ] --START--
INFO: Run Behavior\ReadHtmlCacheBehavior [ RunTime:0.000631s ]
INFO: [ app_begin ] --END-- [ RunTime:0.000686s ]
SQL: SHOW COLUMNS FROM `form_business_travel` [ RunTime:0.0328s ]
SQL: SELECT * FROM `form_business_travel` WHERE `id` = 36 LIMIT 1   [ RunTime:0.0007s ]
SQL: SHOW COLUMNS FROM `departments` [ RunTime:0.0164s ]
SQL: SELECT `department_name` FROM `departments` WHERE ( 1 ) LIMIT 1   [ RunTime:0.0006s ]
INFO: [ view_parse ] --START--
INFO: [ template_filter ] --START--
INFO: Run Behavior\ContentReplaceBehavior [ RunTime:0.000097s ]
INFO: [ template_filter ] --END-- [ RunTime:0.000154s ]
NOTIC: [8] Undefined variable: page D:\phpStudy\WWW\fyls\Application\Runtime\Cache\Admin\36b21d1a41ee4d47b28f6f0437aa557a.php 第 151 行.
INFO: Run Behavior\ParseTemplateBehavior [ RunTime:0.012844s ]
INFO: [ view_parse ] --END-- [ RunTime:0.012935s ]
INFO: [ view_filter ] --START--
INFO: Run Behavior\WriteHtmlCacheBehavior [ RunTime:0.000760s ]
INFO: [ view_filter ] --END-- [ RunTime:0.000825s ]
INFO: [ app_end ] --START--
INFO: Run Behavior\ShowPageTraceBehavior [ RunTime:0.001086s ]
INFO: [ app_end ] --END-- [ RunTime:0.001154s ]

[ 2018-03-23T09:22:31+08:00 ] ::1 /fyls/Admin/Permission/adopt
INFO: [ app_init ] --START--
INFO: Run Behavior\BuildLiteBehavior [ RunTime:0.000009s ]
INFO: [ app_init ] --END-- [ RunTime:0.000407s ]
INFO: [ app_begin ] --START--
INFO: Run Behavior\ReadHtmlCacheBehavior [ RunTime:0.000432s ]
INFO: [ app_begin ] --END-- [ RunTime:0.000467s ]
SQL: SHOW COLUMNS FROM `form_business_travel` [ RunTime:0.0163s ]
SQL: UPDATE `form_business_travel` SET `bm_sp`='1',`id`='36',`flag`='2',`manager_sp`='1' WHERE ( id=36 ) [ RunTime:0.0008s ]
INFO: [ app_end ] --START--
INFO: Run Behavior\ShowPageTraceBehavior [ RunTime:0.001391s ]
INFO: [ app_end ] --END-- [ RunTime:0.001482s ]

[ 2018-03-23T09:22:33+08:00 ] ::1 /fyls/Admin/Permission/travel
INFO: [ app_init ] --START--
INFO: Run Behavior\BuildLiteBehavior [ RunTime:0.000007s ]
INFO: [ app_init ] --END-- [ RunTime:0.000263s ]
INFO: [ app_begin ] --START--
INFO: Run Behavior\ReadHtmlCacheBehavior [ RunTime:0.000323s ]
INFO: [ app_begin ] --END-- [ RunTime:0.000350s ]
SQL: SHOW COLUMNS FROM `admin_user` [ RunTime:0.0251s ]
SQL: SELECT * FROM `admin_user` WHERE ( id=4 ) LIMIT 1   [ RunTime:0.0003s ]
SQL: SHOW COLUMNS FROM `stations` [ RunTime:0.0057s ]
SQL: SELECT * FROM `stations` WHERE ( id =4 AND station_name LIKE "%主管%" ) LIMIT 1   [ RunTime:0.0004s ]
SQL: SELECT * FROM `stations` WHERE ( id =4 AND station_name LIKE "%经理%" ) LIMIT 1   [ RunTime:0.0003s ]
SQL: SHOW COLUMNS FROM `form_business_travel` [ RunTime:0.0053s ]
SQL: SELECT * FROM `form_business_travel` WHERE ( department_id=1 AND manager_sp=0 AND bm_sp=1 AND flag <> 3 )  [ RunTime:0.0003s ]
INFO: [ view_parse ] --START--
INFO: [ template_filter ] --START--
INFO: Run Behavior\ContentReplaceBehavior [ RunTime:0.000049s ]
INFO: [ template_filter ] --END-- [ RunTime:0.000077s ]
NOTIC: [8] Undefined variable: page D:\phpStudy\WWW\fyls\Application\Runtime\Cache\Admin\65ffb8a17a523a698d6d523769f90e19.php 第 149 行.
INFO: Run Behavior\ParseTemplateBehavior [ RunTime:0.004732s ]
INFO: [ view_parse ] --END-- [ RunTime:0.004761s ]
INFO: [ view_filter ] --START--
INFO: Run Behavior\WriteHtmlCacheBehavior [ RunTime:0.000197s ]
INFO: [ view_filter ] --END-- [ RunTime:0.000218s ]
INFO: [ app_end ] --START--
INFO: Run Behavior\ShowPageTraceBehavior [ RunTime:0.000459s ]
INFO: [ app_end ] --END-- [ RunTime:0.000491s ]

[ 2018-03-23T09:22:51+08:00 ] ::1 /fyls/Admin/Permission/goout?id=36
INFO: [ app_init ] --START--
INFO: Run Behavior\BuildLiteBehavior [ RunTime:0.000018s ]
INFO: [ app_init ] --END-- [ RunTime:0.001599s ]
INFO: [ app_begin ] --START--
INFO: Run Behavior\ReadHtmlCacheBehavior [ RunTime:0.001305s ]
INFO: [ app_begin ] --END-- [ RunTime:0.001377s ]
SQL: SHOW COLUMNS FROM `form_business_travel` [ RunTime:0.0189s ]
SQL: SELECT * FROM `form_business_travel` WHERE ( id=36 ) LIMIT 1   [ RunTime:0.0008s ]
SQL: UPDATE `form_business_travel` SET `id`='36',`applicant`='谷歌',`out_addr`='123',`out_time`='2018-03-23 00:00:00',`back_time`='2018-03-23 09:20:12',`out_reason`='123',`flag`='4',`uid`='1',`bm_sp`='1',`manager_sp`='1',`aid`='1',`department_id`='1' WHERE ( id=36 ) [ RunTime:0.0008s ]
NOTIC: [2] Missing argument 2 for Admin\Controller\PermissionController::jump(), called in D:\phpStudy\WWW\fyls\Application\Admin\Controller\PermissionController.class.php on line 87 and defined D:\phpStudy\WWW\fyls\Application\Admin\Controller\PermissionController.class.php 第 120 行.
NOTIC: [8] Undefined variable: url D:\phpStudy\WWW\fyls\Application\Admin\Controller\PermissionController.class.php 第 121 行.
INFO: [ app_end ] --START--
INFO: Run Behavior\ShowPageTraceBehavior [ RunTime:0.001991s ]
INFO: [ app_end ] --END-- [ RunTime:0.002115s ]

[ 2018-03-23T09:22:55+08:00 ] ::1 /fyls/Admin/
INFO: [ app_init ] --START--
INFO: Run Behavior\BuildLiteBehavior [ RunTime:0.000007s ]
INFO: [ app_init ] --END-- [ RunTime:0.000264s ]
INFO: [ app_begin ] --START--
INFO: Run Behavior\ReadHtmlCacheBehavior [ RunTime:0.000348s ]
INFO: [ app_begin ] --END-- [ RunTime:0.000376s ]
ERR: 模板不存在:./Application/Admin/View/Product/product.html

[ 2018-03-23T09:24:07+08:00 ] ::1 /fyls/Admin/Permission/goout?id=36
INFO: [ app_init ] --START--
INFO: Run Behavior\BuildLiteBehavior [ RunTime:0.000008s ]
INFO: [ app_init ] --END-- [ RunTime:0.000335s ]
INFO: [ app_begin ] --START--
INFO: Run Behavior\ReadHtmlCacheBehavior [ RunTime:0.000749s ]
INFO: [ app_begin ] --END-- [ RunTime:0.000799s ]
SQL: SHOW COLUMNS FROM `form_business_travel` [ RunTime:0.0205s ]
SQL: SELECT * FROM `form_business_travel` WHERE ( id=36 ) LIMIT 1   [ RunTime:0.0008s ]
SQL: UPDATE `form_business_travel` SET `id`='36',`applicant`='谷歌',`out_addr`='123',`out_time`='2018-03-23 00:00:00',`back_time`='2018-03-23 09:20:12',`out_reason`='123',`flag`='4',`uid`='1',`bm_sp`='1',`manager_sp`='1',`aid`='1',`department_id`='1' WHERE ( id=36 ) [ RunTime:0.0006s ]
INFO: [ app_end ] --START--
INFO: Run Behavior\ShowPageTraceBehavior [ RunTime:0.001580s ]
INFO: [ app_end ] --END-- [ RunTime:0.001678s ]

[ 2018-03-23T09:24:10+08:00 ] ::1 /fyls/Admin/Travel/travel_list
INFO: [ app_init ] --START--
INFO: Run Behavior\BuildLiteBehavior [ RunTime:0.000007s ]
INFO: [ app_init ] --END-- [ RunTime:0.000274s ]
INFO: [ app_begin ] --START--
INFO: Run Behavior\ReadHtmlCacheBehavior [ RunTime:0.000323s ]
INFO: [ app_begin ] --END-- [ RunTime:0.000349s ]
SQL: SHOW COLUMNS FROM `form_business_travel` [ RunTime:0.0173s ]
SQL: SELECT COUNT(*) AS tp_count FROM `form_business_travel` LIMIT 1   [ RunTime:0.0005s ]
SQL: SELECT * FROM `form_business_travel` WHERE ( uid=1 ) ORDER BY id desc LIMIT 0,10   [ RunTime:0.0008s ]
INFO: [ view_parse ] --START--
INFO: [ template_filter ] --START--
INFO: Run Behavior\ContentReplaceBehavior [ RunTime:0.000239s ]
INFO: [ template_filter ] --END-- [ RunTime:0.000358s ]
NOTIC: [8] Undefined variable: page D:\phpStudy\WWW\fyls\Application\Runtime\Cache\Admin\37c0d9edfcb91ce626c9f0a7d90f8cef.php 第 175 行.
INFO: Run Behavior\ParseTemplateBehavior [ RunTime:0.026685s ]
INFO: [ view_parse ] --END-- [ RunTime:0.026775s ]
INFO: [ view_filter ] --START--
INFO: Run Behavior\WriteHtmlCacheBehavior [ RunTime:0.000947s ]
INFO: [ view_filter ] --END-- [ RunTime:0.001025s ]
INFO: [ app_end ] --START--
INFO: Run Behavior\ShowPageTraceBehavior [ RunTime:0.001260s ]
INFO: [ app_end ] --END-- [ RunTime:0.001344s ]

[ 2018-03-23T09:24:53+08:00 ] ::1 /fyls/Admin/Travel/travel_list
INFO: [ app_init ] --START--
INFO: Run Behavior\BuildLiteBehavior [ RunTime:0.000010s ]
INFO: [ app_init ] --END-- [ RunTime:0.000442s ]
INFO: [ app_begin ] --START--
INFO: Run Behavior\ReadHtmlCacheBehavior [ RunTime:0.000558s ]
INFO: [ app_begin ] --END-- [ RunTime:0.000603s ]
SQL: SHOW COLUMNS FROM `form_business_travel` [ RunTime:0.0204s ]
SQL: SELECT COUNT(*) AS tp_count FROM `form_business_travel` LIMIT 1   [ RunTime:0.0005s ]
SQL: SELECT * FROM `form_business_travel` WHERE ( uid=1 ) ORDER BY id desc LIMIT 0,10   [ RunTime:0.0009s ]
INFO: [ view_parse ] --START--
INFO: [ template_filter ] --START--
INFO: Run Behavior\ContentReplaceBehavior [ RunTime:0.000123s ]
INFO: [ template_filter ] --END-- [ RunTime:0.000185s ]
NOTIC: [8] Undefined variable: page D:\phpStudy\WWW\fyls\Application\Runtime\Cache\Admin\37c0d9edfcb91ce626c9f0a7d90f8cef.php 第 175 行.
INFO: Run Behavior\ParseTemplateBehavior [ RunTime:0.013286s ]
INFO: [ view_parse ] --END-- [ RunTime:0.013392s ]
INFO: [ view_filter ] --START--
INFO: Run Behavior\WriteHtmlCacheBehavior [ RunTime:0.000591s ]
INFO: [ view_filter ] --END-- [ RunTime:0.000651s ]
INFO: [ app_end ] --START--
INFO: Run Behavior\ShowPageTraceBehavior [ RunTime:0.000812s ]
INFO: [ app_end ] --END-- [ RunTime:0.000865s ]

[ 2018-03-23T09:24:59+08:00 ] ::1 /fyls/Admin/Travel/travel_list
INFO: [ app_init ] --START--
INFO: Run Behavior\BuildLiteBehavior [ RunTime:0.000112s ]
INFO: [ app_init ] --END-- [ RunTime:0.001643s ]
INFO: [ app_begin ] --START--
INFO: Run Behavior\ReadHtmlCacheBehavior [ RunTime:0.000687s ]
INFO: [ app_begin ] --END-- [ RunTime:0.000744s ]
SQL: SHOW COLUMNS FROM `form_business_travel` [ RunTime:0.0341s ]
SQL: SELECT COUNT(*) AS tp_count FROM `form_business_travel` LIMIT 1   [ RunTime:0.0005s ]
SQL: SELECT * FROM `form_business_travel` WHERE ( uid=1 ) ORDER BY id desc LIMIT 0,10   [ RunTime:0.0010s ]
INFO: [ view_parse ] --START--
INFO: [ template_filter ] --START--
INFO: Run Behavior\ContentReplaceBehavior [ RunTime:0.000112s ]
INFO: [ template_filter ] --END-- [ RunTime:0.000171s ]
NOTIC: [8] Undefined variable: page D:\phpStudy\WWW\fyls\Application\Runtime\Cache\Admin\37c0d9edfcb91ce626c9f0a7d90f8cef.php 第 175 行.
INFO: Run Behavior\ParseTemplateBehavior [ RunTime:0.016415s ]
INFO: [ view_parse ] --END-- [ RunTime:0.016504s ]
INFO: [ view_filter ] --START--
INFO: Run Behavior\WriteHtmlCacheBehavior [ RunTime:0.000699s ]
INFO: [ view_filter ] --END-- [ RunTime:0.000760s ]
INFO: [ app_end ] --START--
INFO: Run Behavior\ShowPageTraceBehavior [ RunTime:0.000818s ]
INFO: [ app_end ] --END-- [ RunTime:0.000869s ]

[ 2018-03-23T09:25:04+08:00 ] ::1 /fyls/Admin/Travel/travel_list
INFO: [ app_init ] --START--
INFO: Run Behavior\BuildLiteBehavior [ RunTime:0.000015s ]
INFO: [ app_init ] --END-- [ RunTime:0.001512s ]
INFO: [ app_begin ] --START--
INFO: Run Behavior\ReadHtmlCacheBehavior [ RunTime:0.000844s ]
INFO: [ app_begin ] --END-- [ RunTime:0.000927s ]
SQL: SHOW COLUMNS FROM `form_business_travel` [ RunTime:0.0174s ]
SQL: SELECT COUNT(*) AS tp_count FROM `form_business_travel` LIMIT 1   [ RunTime:0.0005s ]
SQL: SELECT * FROM `form_business_travel` WHERE ( uid=1 ) ORDER BY id desc LIMIT 0,10   [ RunTime:0.0008s ]
INFO: [ view_parse ] --START--
INFO: [ template_filter ] --START--
INFO: Run Behavior\ContentReplaceBehavior [ RunTime:0.000199s ]
INFO: [ template_filter ] --END-- [ RunTime:0.000302s ]
NOTIC: [8] Undefined variable: page D:\phpStudy\WWW\fyls\Application\Runtime\Cache\Admin\37c0d9edfcb91ce626c9f0a7d90f8cef.php 第 175 行.
INFO: Run Behavior\ParseTemplateBehavior [ RunTime:0.017089s ]
INFO: [ view_parse ] --END-- [ RunTime:0.017175s ]
INFO: [ view_filter ] --START--
INFO: Run Behavior\WriteHtmlCacheBehavior [ RunTime:0.000691s ]
INFO: [ view_filter ] --END-- [ RunTime:0.000766s ]
INFO: [ app_end ] --START--
INFO: Run Behavior\ShowPageTraceBehavior [ RunTime:0.001254s ]
INFO: [ app_end ] --END-- [ RunTime:0.001336s ]

[ 2018-03-23T09:25:09+08:00 ] ::1 /fyls/Admin/Permission/goout?id=36
INFO: [ app_init ] --START--
INFO: Run Behavior\BuildLiteBehavior [ RunTime:0.000006s ]
INFO: [ app_init ] --END-- [ RunTime:0.000261s ]
INFO: [ app_begin ] --START--
INFO: Run Behavior\ReadHtmlCacheBehavior [ RunTime:0.000370s ]
INFO: [ app_begin ] --END-- [ RunTime:0.000398s ]
SQL: SHOW COLUMNS FROM `form_business_travel` [ RunTime:0.0305s ]
SQL: SELECT * FROM `form_business_travel` WHERE ( id=36 ) LIMIT 1   [ RunTime:0.0007s ]
SQL: UPDATE `form_business_travel` SET `id`='36',`applicant`='谷歌',`out_addr`='123',`out_time`='2018-03-23 00:00:00',`back_time`='2018-03-23 09:20:12',`out_reason`='123',`flag`='4',`uid`='1',`bm_sp`='1',`manager_sp`='1',`aid`='1',`department_id`='1' WHERE ( id=36 ) [ RunTime:0.0008s ]
NOTIC: [2] Missing argument 2 for Admin\Controller\PermissionController::jump(), called in D:\phpStudy\WWW\fyls\Application\Admin\Controller\PermissionController.class.php on line 87 and defined D:\phpStudy\WWW\fyls\Application\Admin\Controller\PermissionController.class.php 第 120 行.
NOTIC: [8] Undefined variable: url D:\phpStudy\WWW\fyls\Application\Admin\Controller\PermissionController.class.php 第 121 行.
INFO: [ app_end ] --START--
INFO: Run Behavior\ShowPageTraceBehavior [ RunTime:0.001459s ]
INFO: [ app_end ] --END-- [ RunTime:0.001565s ]

[ 2018-03-23T09:25:13+08:00 ] ::1 /fyls/Admin/
INFO: [ app_init ] --START--
INFO: Run Behavior\BuildLiteBehavior [ RunTime:0.000007s ]
INFO: [ app_init ] --END-- [ RunTime:0.000290s ]
INFO: [ app_begin ] --START--
INFO: Run Behavior\ReadHtmlCacheBehavior [ RunTime:0.000330s ]
INFO: [ app_begin ] --END-- [ RunTime:0.000368s ]
ERR: 模板不存在:./Application/Admin/View/Product/product.html

[ 2018-03-23T09:26:20+08:00 ] ::1 /fyls/Admin/Travel/travel_list
INFO: [ app_init ] --START--
INFO: Run Behavior\BuildLiteBehavior [ RunTime:0.000012s ]
INFO: [ app_init ] --END-- [ RunTime:0.000608s ]
INFO: [ app_begin ] --START--
INFO: Run Behavior\ReadHtmlCacheBehavior [ RunTime:0.000894s ]
INFO: [ app_begin ] --END-- [ RunTime:0.000953s ]
SQL: SHOW COLUMNS FROM `form_business_travel` [ RunTime:0.0194s ]
SQL: SELECT COUNT(*) AS tp_count FROM `form_business_travel` LIMIT 1   [ RunTime:0.0006s ]
SQL: SELECT * FROM `form_business_travel` WHERE ( uid=1 ) ORDER BY id desc LIMIT 0,10   [ RunTime:0.0007s ]
INFO: [ view_parse ] --START--
INFO: [ template_filter ] --START--
INFO: Run Behavior\ContentReplaceBehavior [ RunTime:0.000136s ]
INFO: [ template_filter ] --END-- [ RunTime:0.000210s ]
NOTIC: [8] Undefined variable: page D:\phpStudy\WWW\fyls\Application\Runtime\Cache\Admin\37c0d9edfcb91ce626c9f0a7d90f8cef.php 第 175 行.
INFO: Run Behavior\ParseTemplateBehavior [ RunTime:0.015538s ]
INFO: [ view_parse ] --END-- [ RunTime:0.015603s ]
INFO: [ view_filter ] --START--
INFO: Run Behavior\WriteHtmlCacheBehavior [ RunTime:0.000695s ]
INFO: [ view_filter ] --END-- [ RunTime:0.000766s ]
INFO: [ app_end ] --START--
INFO: Run Behavior\ShowPageTraceBehavior [ RunTime:0.001382s ]
INFO: [ app_end ] --END-- [ RunTime:0.001459s ]

[ 2018-03-23T09:26:29+08:00 ] ::1 /fyls/Admin/Travel/travel_list
INFO: [ app_init ] --START--
INFO: Run Behavior\BuildLiteBehavior [ RunTime:0.000011s ]
INFO: [ app_init ] --END-- [ RunTime:0.000477s ]
INFO: [ app_begin ] --START--
INFO: Run Behavior\ReadHtmlCacheBehavior [ RunTime:0.000636s ]
INFO: [ app_begin ] --END-- [ RunTime:0.000714s ]
SQL: SHOW COLUMNS FROM `form_business_travel` [ RunTime:0.0352s ]
SQL: SELECT COUNT(*) AS tp_count FROM `form_business_travel` LIMIT 1   [ RunTime:0.0006s ]
SQL: SELECT * FROM `form_business_travel` WHERE ( uid=1 ) ORDER BY id desc LIMIT 0,10   [ RunTime:0.0008s ]
INFO: [ view_parse ] --START--
INFO: [ template_filter ] --START--
INFO: Run Behavior\ContentReplaceBehavior [ RunTime:0.000198s ]
INFO: [ template_filter ] --END-- [ RunTime:0.000296s ]
NOTIC: [8] Undefined variable: page D:\phpStudy\WWW\fyls\Application\Runtime\Cache\Admin\37c0d9edfcb91ce626c9f0a7d90f8cef.php 第 175 行.
INFO: Run Behavior\ParseTemplateBehavior [ RunTime:0.017715s ]
INFO: [ view_parse ] --END-- [ RunTime:0.017800s ]
INFO: [ view_filter ] --START--
INFO: Run Behavior\WriteHtmlCacheBehavior [ RunTime:0.000677s ]
INFO: [ view_filter ] --END-- [ RunTime:0.000751s ]
INFO: [ app_end ] --START--
INFO: Run Behavior\ShowPageTraceBehavior [ RunTime:0.001237s ]
INFO: [ app_end ] --END-- [ RunTime:0.001320s ]

[ 2018-03-23T09:26:31+08:00 ] ::1 /fyls/Admin/Permission/goout?id=36
INFO: [ app_init ] --START--
INFO: Run Behavior\BuildLiteBehavior [ RunTime:0.000010s ]
INFO: [ app_init ] --END-- [ RunTime:0.000378s ]
INFO: [ app_begin ] --START--
INFO: Run Behavior\ReadHtmlCacheBehavior [ RunTime:0.000466s ]
INFO: [ app_begin ] --END-- [ RunTime:0.000505s ]
SQL: SHOW COLUMNS FROM `form_business_travel` [ RunTime:0.0487s ]
SQL: SELECT * FROM `form_business_travel` WHERE ( id=36 ) LIMIT 1   [ RunTime:0.0008s ]
SQL: UPDATE `form_business_travel` SET `id`='36',`applicant`='谷歌',`out_addr`='123',`out_time`='2018-03-23 00:00:00',`back_time`='2018-03-23 09:20:12',`out_reason`='123',`flag`='4',`uid`='1',`bm_sp`='1',`manager_sp`='1',`aid`='1',`department_id`='1' WHERE ( id=36 ) [ RunTime:0.0010s ]
INFO: [ app_end ] --START--
INFO: Run Behavior\ShowPageTraceBehavior [ RunTime:0.001768s ]
INFO: [ app_end ] --END-- [ RunTime:0.001884s ]

[ 2018-03-23T09:26:33+08:00 ] ::1 /fyls/Admin/Travel/travel_list
INFO: [ app_init ] --START--
INFO: Run Behavior\BuildLiteBehavior [ RunTime:0.000010s ]
INFO: [ app_init ] --END-- [ RunTime:0.000467s ]
INFO: [ app_begin ] --START--
INFO: Run Behavior\ReadHtmlCacheBehavior [ RunTime:0.000417s ]
INFO: [ app_begin ] --END-- [ RunTime:0.000466s ]
SQL: SHOW COLUMNS FROM `form_business_travel` [ RunTime:0.0219s ]
SQL: SELECT COUNT(*) AS tp_count FROM `form_business_travel` LIMIT 1   [ RunTime:0.0005s ]
SQL: SELECT * FROM `form_business_travel` WHERE ( uid=1 ) ORDER BY id desc LIMIT 0,10   [ RunTime:0.0008s ]
INFO: [ view_parse ] --START--
INFO: [ template_filter ] --START--
INFO: Run Behavior\ContentReplaceBehavior [ RunTime:0.000123s ]
INFO: [ template_filter ] --END-- [ RunTime:0.000183s ]
NOTIC: [8] Undefined variable: page D:\phpStudy\WWW\fyls\Application\Runtime\Cache\Admin\37c0d9edfcb91ce626c9f0a7d90f8cef.php 第 175 行.
INFO: Run Behavior\ParseTemplateBehavior [ RunTime:0.015098s ]
INFO: [ view_parse ] --END-- [ RunTime:0.015164s ]
INFO: [ view_filter ] --START--
INFO: Run Behavior\WriteHtmlCacheBehavior [ RunTime:0.000420s ]
INFO: [ view_filter ] --END-- [ RunTime:0.000468s ]
INFO: [ app_end ] --START--
INFO: Run Behavior\ShowPageTraceBehavior [ RunTime:0.000767s ]
INFO: [ app_end ] --END-- [ RunTime:0.000818s ]

[ 2018-03-23T09:55:33+08:00 ] ::1 /fyls/admin.php/Authority/authority
ERR: 1054:Unknown column 'have_auth.flag' in 'where clause'
 [ SQL语句 ] : SELECT stations.station_name,authority.authority FROM `have_auth` left join authority on authority.id = have_auth.auth_id left join stations on stations.id = have_auth.station_id  WHERE ( authority.flag = 0 and stations.flag = 0 and have_auth.flag = 0 ) 
ERR: 1054:Unknown column 'have_auth.flag' in 'where clause'
 [ SQL语句 ] : SELECT stations.station_name,authority.authority FROM `have_auth` left join authority on authority.id = have_auth.auth_id left join stations on stations.id = have_auth.station_id  WHERE ( authority.flag = 0 and stations.flag = 0 and have_auth.flag = 0 ) 

[ 2018-03-23T10:28:37+08:00 ] ::1 /fyls/Admin/Travel/travel_edit?id=36
INFO: [ app_init ] --START--
INFO: Run Behavior\BuildLiteBehavior [ RunTime:0.000011s ]
INFO: [ app_init ] --END-- [ RunTime:0.001135s ]
INFO: [ app_begin ] --START--
INFO: Run Behavior\ReadHtmlCacheBehavior [ RunTime:0.000588s ]
INFO: [ app_begin ] --END-- [ RunTime:0.000641s ]
SQL: SHOW COLUMNS FROM `form_business_travel` [ RunTime:0.0191s ]
NOTIC: [2] Missing argument 1 for Think\Model::where(), called in D:\phpStudy\WWW\fyls\Application\Admin\Controller\TravelController.class.php on line 114 and defined D:\phpStudy\WWW\fyls\ThinkPHP\Library\Think\Model.class.php 第 1797 行.
NOTIC: [8] Undefined variable: where D:\phpStudy\WWW\fyls\ThinkPHP\Library\Think\Model.class.php 第 1805 行.
NOTIC: [8] Undefined variable: where D:\phpStudy\WWW\fyls\ThinkPHP\Library\Think\Model.class.php 第 1808 行.
NOTIC: [8] Undefined variable: where D:\phpStudy\WWW\fyls\ThinkPHP\Library\Think\Model.class.php 第 1816 行.
NOTIC: [2] Missing argument 1 for Think\Model::join(), called in D:\phpStudy\WWW\fyls\Application\Admin\Controller\TravelController.class.php on line 114 and defined D:\phpStudy\WWW\fyls\ThinkPHP\Library\Think\Model.class.php 第 1664 行.
NOTIC: [8] Undefined variable: join D:\phpStudy\WWW\fyls\ThinkPHP\Library\Think\Model.class.php 第 1666 行.
SQL: SELECT * FROM `form_business_travel` WHERE `id` = 36 LIMIT 1   [ RunTime:0.0010s ]
INFO: [ view_parse ] --START--
INFO: [ template_filter ] --START--
INFO: Run Behavior\ContentReplaceBehavior [ RunTime:0.000177s ]
INFO: [ template_filter ] --END-- [ RunTime:0.000280s ]
INFO: Run Behavior\ParseTemplateBehavior [ RunTime:0.040921s ]
INFO: [ view_parse ] --END-- [ RunTime:0.041061s ]
INFO: [ view_filter ] --START--
INFO: Run Behavior\WriteHtmlCacheBehavior [ RunTime:0.001007s ]
INFO: [ view_filter ] --END-- [ RunTime:0.001086s ]
INFO: [ app_end ] --START--
INFO: Run Behavior\ShowPageTraceBehavior [ RunTime:0.002640s ]
INFO: [ app_end ] --END-- [ RunTime:0.002761s ]

[ 2018-03-23T10:39:14+08:00 ] ::1 /fyls/Admin/Leave/leave_list
INFO: [ app_init ] --START--
INFO: Run Behavior\BuildLiteBehavior [ RunTime:0.000014s ]
INFO: [ app_init ] --END-- [ RunTime:0.000568s ]
INFO: [ app_begin ] --START--
INFO: Run Behavior\ReadHtmlCacheBehavior [ RunTime:0.000759s ]
INFO: [ app_begin ] --END-- [ RunTime:0.000821s ]
SQL: SHOW COLUMNS FROM `form_leave` [ RunTime:0.0176s ]
SQL: SELECT COUNT(*) AS tp_count FROM `form_leave` LIMIT 1   [ RunTime:0.0006s ]
SQL: SELECT * FROM `form_leave` WHERE ( uid=1 ) ORDER BY id desc LIMIT 0,10   [ RunTime:0.0009s ]
INFO: [ view_parse ] --START--
INFO: [ template_filter ] --START--
INFO: Run Behavior\ContentReplaceBehavior [ RunTime:0.000217s ]
INFO: [ template_filter ] --END-- [ RunTime:0.000314s ]
NOTIC: [8] Undefined variable: page D:\phpStudy\WWW\fyls\Application\Runtime\Cache\Admin\dc1ee43855aba10e53d97e0971b01a9b.php 第 169 行.
INFO: Run Behavior\ParseTemplateBehavior [ RunTime:0.024769s ]
INFO: [ view_parse ] --END-- [ RunTime:0.024853s ]
INFO: [ view_filter ] --START--
INFO: Run Behavior\WriteHtmlCacheBehavior [ RunTime:0.000895s ]
INFO: [ view_filter ] --END-- [ RunTime:0.000972s ]
INFO: [ app_end ] --START--
INFO: Run Behavior\ShowPageTraceBehavior [ RunTime:0.001163s ]
INFO: [ app_end ] --END-- [ RunTime:0.001217s ]

[ 2018-03-23T10:51:29+08:00 ] ::1 /fyls/Admin/Permission/Determine?id=36
INFO: [ app_init ] --START--
INFO: Run Behavior\BuildLiteBehavior [ RunTime:0.000007s ]
INFO: [ app_init ] --END-- [ RunTime:0.000320s ]
INFO: [ app_begin ] --START--
INFO: Run Behavior\ReadHtmlCacheBehavior [ RunTime:0.000375s ]
INFO: [ app_begin ] --END-- [ RunTime:0.000404s ]

[ 2018-03-23T11:02:09+08:00 ] ::1 /fyls/admin.php/Permission/travel
ERR: syntax error, unexpected '->' (T_OBJECT_OPERATOR), expecting ',' or ';'

[ 2018-03-23T11:02:15+08:00 ] ::1 /fyls/Admin/Leave/leave_list
INFO: [ app_init ] --START--
INFO: Run Behavior\BuildLiteBehavior [ RunTime:0.000008s ]
INFO: [ app_init ] --END-- [ RunTime:0.000354s ]
INFO: [ app_begin ] --START--
INFO: Run Behavior\ReadHtmlCacheBehavior [ RunTime:0.000412s ]
INFO: [ app_begin ] --END-- [ RunTime:0.000440s ]
SQL: SHOW COLUMNS FROM `form_leave` [ RunTime:0.0208s ]
SQL: SELECT COUNT(*) AS tp_count FROM `form_leave` LIMIT 1   [ RunTime:0.0005s ]
SQL: SELECT * FROM `form_leave` WHERE ( uid=1 ) ORDER BY id desc LIMIT 0,10   [ RunTime:0.0009s ]
INFO: [ view_parse ] --START--
INFO: [ template_filter ] --START--
INFO: Run Behavior\ContentReplaceBehavior [ RunTime:0.000151s ]
INFO: [ template_filter ] --END-- [ RunTime:0.000206s ]
NOTIC: [8] Undefined variable: page D:\phpStudy\WWW\fyls\Application\Runtime\Cache\Admin\dc1ee43855aba10e53d97e0971b01a9b.php 第 169 行.
INFO: Run Behavior\ParseTemplateBehavior [ RunTime:0.021116s ]
INFO: [ view_parse ] --END-- [ RunTime:0.021193s ]
INFO: [ view_filter ] --START--
INFO: Run Behavior\WriteHtmlCacheBehavior [ RunTime:0.000689s ]
INFO: [ view_filter ] --END-- [ RunTime:0.000753s ]
INFO: [ app_end ] --START--
INFO: Run Behavior\ShowPageTraceBehavior [ RunTime:0.001017s ]
INFO: [ app_end ] --END-- [ RunTime:0.001078s ]

[ 2018-03-23T11:02:21+08:00 ] ::1 /fyls/admin.php/Permission/travel
ERR: syntax error, unexpected '->' (T_OBJECT_OPERATOR), expecting ',' or ';'

[ 2018-03-23T11:02:26+08:00 ] ::1 /fyls/admin.php/Permission/travel
ERR: syntax error, unexpected '->' (T_OBJECT_OPERATOR), expecting ',' or ';'

[ 2018-03-23T11:04:38+08:00 ] ::1 /fyls/Admin/Leave/leave_list
INFO: [ app_init ] --START--
INFO: Run Behavior\BuildLiteBehavior [ RunTime:0.000008s ]
INFO: [ app_init ] --END-- [ RunTime:0.000324s ]
INFO: [ app_begin ] --START--
INFO: Run Behavior\ReadHtmlCacheBehavior [ RunTime:0.000422s ]
INFO: [ app_begin ] --END-- [ RunTime:0.000452s ]
SQL: SHOW COLUMNS FROM `form_leave` [ RunTime:0.0176s ]
SQL: SELECT COUNT(*) AS tp_count FROM `form_leave` LIMIT 1   [ RunTime:0.0004s ]
SQL: SELECT * FROM `form_leave` WHERE ( uid=1 ) ORDER BY id desc LIMIT 0,10   [ RunTime:0.0008s ]
INFO: [ view_parse ] --START--
INFO: [ template_filter ] --START--
INFO: Run Behavior\ContentReplaceBehavior [ RunTime:0.000071s ]
INFO: [ template_filter ] --END-- [ RunTime:0.000122s ]
NOTIC: [8] Undefined variable: page D:\phpStudy\WWW\fyls\Application\Runtime\Cache\Admin\dc1ee43855aba10e53d97e0971b01a9b.php 第 169 行.
INFO: Run Behavior\ParseTemplateBehavior [ RunTime:0.015433s ]
INFO: [ view_parse ] --END-- [ RunTime:0.015497s ]
INFO: [ view_filter ] --START--
INFO: Run Behavior\WriteHtmlCacheBehavior [ RunTime:0.000444s ]
INFO: [ view_filter ] --END-- [ RunTime:0.000483s ]
INFO: [ app_end ] --START--
INFO: Run Behavior\ShowPageTraceBehavior [ RunTime:0.000691s ]
INFO: [ app_end ] --END-- [ RunTime:0.000736s ]

[ 2018-03-23T11:04:40+08:00 ] ::1 /fyls/admin.php/Permission/determine36
ERR: 非法操作:determine36

[ 2018-03-23T11:04:44+08:00 ] ::1 /fyls/admin.php/Permission/determine34
ERR: 非法操作:determine34

[ 2018-03-23T11:05:05+08:00 ] ::1 /fyls/admin.php/Permission/determine36
ERR: 非法操作:determine36

[ 2018-03-23T11:07:09+08:00 ] ::1 /fyls/admin.php/Permission/determine36
ERR: 非法操作:determine36

[ 2018-03-23T11:20:49+08:00 ] ::1 /fyls/admin.php/Permission/determine
ERR: 1062:Duplicate entry '36' for key 'PRIMARY'
 [ SQL语句 ] : UPDATE `form_business_travel` SET `id`='36',`applicant`='谷歌',`out_addr`='123',`out_time`='2018-03-23 00:00:00',`back_time`='2018-03-23 09:20:12',`out_reason`='123',`flag`='6',`uid`='1' WHERE ( id=id )
ERR: 1062:Duplicate entry '36' for key 'PRIMARY'
 [ SQL语句 ] : UPDATE `form_business_travel` SET `id`='36',`applicant`='谷歌',`out_addr`='123',`out_time`='2018-03-23 00:00:00',`back_time`='2018-03-23 09:20:12',`out_reason`='123',`flag`='6',`uid`='1' WHERE ( id=id )

[ 2018-03-23T11:22:19+08:00 ] ::1 /fyls/admin.php/Permission/determine
ERR: 1062:Duplicate entry '36' for key 'PRIMARY'
 [ SQL语句 ] : UPDATE `form_business_travel` SET `id`='36',`applicant`='谷歌',`out_addr`='123',`out_time`='2018-03-23 00:00:00',`back_time`='2018-03-23 09:20:12',`out_reason`='123',`flag`='6',`uid`='1' WHERE ( id=id )
ERR: 1062:Duplicate entry '36' for key 'PRIMARY'
 [ SQL语句 ] : UPDATE `form_business_travel` SET `id`='36',`applicant`='谷歌',`out_addr`='123',`out_time`='2018-03-23 00:00:00',`back_time`='2018-03-23 09:20:12',`out_reason`='123',`flag`='6',`uid`='1' WHERE ( id=id )

[ 2018-03-23T11:23:39+08:00 ] ::1 /fyls/admin.php/Permission/determine
ERR: 1062:Duplicate entry '36' for key 'PRIMARY'
 [ SQL语句 ] : UPDATE `form_business_travel` SET `id`='36',`applicant`='谷歌',`out_addr`='123',`out_time`='2018-03-23 00:00:00',`back_time`='2018-03-23 09:20:12',`out_reason`='123',`flag`='6',`uid`='1' WHERE ( id=id )
ERR: 1062:Duplicate entry '36' for key 'PRIMARY'
 [ SQL语句 ] : UPDATE `form_business_travel` SET `id`='36',`applicant`='谷歌',`out_addr`='123',`out_time`='2018-03-23 00:00:00',`back_time`='2018-03-23 09:20:12',`out_reason`='123',`flag`='6',`uid`='1' WHERE ( id=id )

[ 2018-03-23T11:23:51+08:00 ] ::1 /fyls/admin.php/Permission/determine
ERR: 1062:Duplicate entry '36' for key 'PRIMARY'
 [ SQL语句 ] : UPDATE `form_business_travel` SET `id`='36',`applicant`='谷歌',`out_addr`='123',`out_time`='2018-03-23 00:00:00',`back_time`='2018-03-23 09:20:12',`out_reason`='123',`flag`='6',`uid`='1' WHERE ( id=id )
ERR: 1062:Duplicate entry '36' for key 'PRIMARY'
 [ SQL语句 ] : UPDATE `form_business_travel` SET `id`='36',`applicant`='谷歌',`out_addr`='123',`out_time`='2018-03-23 00:00:00',`back_time`='2018-03-23 09:20:12',`out_reason`='123',`flag`='6',`uid`='1' WHERE ( id=id )

[ 2018-03-23T11:29:04+08:00 ] ::1 /fyls/Admin/Leave/leave_list
INFO: [ app_init ] --START--
INFO: Run Behavior\BuildLiteBehavior [ RunTime:0.000007s ]
INFO: [ app_init ] --END-- [ RunTime:0.000322s ]
INFO: [ app_begin ] --START--
INFO: Run Behavior\ReadHtmlCacheBehavior [ RunTime:0.000383s ]
INFO: [ app_begin ] --END-- [ RunTime:0.000414s ]
SQL: SHOW COLUMNS FROM `form_leave` [ RunTime:0.0174s ]
SQL: SELECT COUNT(*) AS tp_count FROM `form_leave` LIMIT 1   [ RunTime:0.0005s ]
SQL: SELECT * FROM `form_leave` WHERE ( uid=1 ) ORDER BY id desc LIMIT 0,10   [ RunTime:0.0009s ]
INFO: [ view_parse ] --START--
INFO: [ template_filter ] --START--
INFO: Run Behavior\ContentReplaceBehavior [ RunTime:0.000197s ]
INFO: [ template_filter ] --END-- [ RunTime:0.000310s ]
NOTIC: [8] Undefined variable: page D:\phpStudy\WWW\fyls\Application\Runtime\Cache\Admin\dc1ee43855aba10e53d97e0971b01a9b.php 第 169 行.
INFO: Run Behavior\ParseTemplateBehavior [ RunTime:0.021952s ]
INFO: [ view_parse ] --END-- [ RunTime:0.022042s ]
INFO: [ view_filter ] --START--
INFO: Run Behavior\WriteHtmlCacheBehavior [ RunTime:0.000905s ]
INFO: [ view_filter ] --END-- [ RunTime:0.000982s ]
INFO: [ app_end ] --START--
INFO: Run Behavior\ShowPageTraceBehavior [ RunTime:0.001473s ]
INFO: [ app_end ] --END-- [ RunTime:0.001556s ]

[ 2018-03-23T11:29:35+08:00 ] ::1 /fyls/Admin/Leave/leave_list
INFO: [ app_init ] --START--
INFO: Run Behavior\BuildLiteBehavior [ RunTime:0.000008s ]
INFO: [ app_init ] --END-- [ RunTime:0.000340s ]
INFO: [ app_begin ] --START--
INFO: Run Behavior\ReadHtmlCacheBehavior [ RunTime:0.000386s ]
INFO: [ app_begin ] --END-- [ RunTime:0.000414s ]
SQL: SHOW COLUMNS FROM `form_leave` [ RunTime:0.0340s ]
SQL: SELECT COUNT(*) AS tp_count FROM `form_leave` LIMIT 1   [ RunTime:0.0005s ]
SQL: SELECT * FROM `form_leave` WHERE ( uid=1 ) ORDER BY id desc LIMIT 0,10   [ RunTime:0.0017s ]
INFO: [ view_parse ] --START--
INFO: [ template_filter ] --START--
INFO: Run Behavior\ContentReplaceBehavior [ RunTime:0.000187s ]
INFO: [ template_filter ] --END-- [ RunTime:0.000279s ]
NOTIC: [8] Undefined variable: page D:\phpStudy\WWW\fyls\Application\Runtime\Cache\Admin\dc1ee43855aba10e53d97e0971b01a9b.php 第 169 行.
INFO: Run Behavior\ParseTemplateBehavior [ RunTime:0.020111s ]
INFO: [ view_parse ] --END-- [ RunTime:0.020217s ]
INFO: [ view_filter ] --START--
INFO: Run Behavior\WriteHtmlCacheBehavior [ RunTime:0.001058s ]
INFO: [ view_filter ] --END-- [ RunTime:0.001146s ]
INFO: [ app_end ] --START--
INFO: Run Behavior\ShowPageTraceBehavior [ RunTime:0.001589s ]
INFO: [ app_end ] --END-- [ RunTime:0.001697s ]

[ 2018-03-23T11:29:39+08:00 ] ::1 /fyls/Admin/Leave/leave_list
INFO: [ app_init ] --START--
INFO: Run Behavior\BuildLiteBehavior [ RunTime:0.000007s ]
INFO: [ app_init ] --END-- [ RunTime:0.000355s ]
INFO: [ app_begin ] --START--
INFO: Run Behavior\ReadHtmlCacheBehavior [ RunTime:0.000379s ]
INFO: [ app_begin ] --END-- [ RunTime:0.000408s ]
SQL: SHOW COLUMNS FROM `form_leave` [ RunTime:0.0200s ]
SQL: SELECT COUNT(*) AS tp_count FROM `form_leave` LIMIT 1   [ RunTime:0.0005s ]
SQL: SELECT * FROM `form_leave` WHERE ( uid=1 ) ORDER BY id desc LIMIT 0,10   [ RunTime:0.0009s ]
INFO: [ view_parse ] --START--
INFO: [ template_filter ] --START--
INFO: Run Behavior\ContentReplaceBehavior [ RunTime:0.000187s ]
INFO: [ template_filter ] --END-- [ RunTime:0.000283s ]
NOTIC: [8] Undefined variable: page D:\phpStudy\WWW\fyls\Application\Runtime\Cache\Admin\dc1ee43855aba10e53d97e0971b01a9b.php 第 169 行.
INFO: Run Behavior\ParseTemplateBehavior [ RunTime:0.019233s ]
INFO: [ view_parse ] --END-- [ RunTime:0.019318s ]
INFO: [ view_filter ] --START--
INFO: Run Behavior\WriteHtmlCacheBehavior [ RunTime:0.000993s ]
INFO: [ view_filter ] --END-- [ RunTime:0.001079s ]
INFO: [ app_end ] --START--
INFO: Run Behavior\ShowPageTraceBehavior [ RunTime:0.001950s ]
INFO: [ app_end ] --END-- [ RunTime:0.002052s ]

[ 2018-03-23T11:29:43+08:00 ] ::1 /fyls/Admin/Leave/leave_list
INFO: [ app_init ] --START--
INFO: Run Behavior\BuildLiteBehavior [ RunTime:0.000007s ]
INFO: [ app_init ] --END-- [ RunTime:0.000321s ]
INFO: [ app_begin ] --START--
INFO: Run Behavior\ReadHtmlCacheBehavior [ RunTime:0.000379s ]
INFO: [ app_begin ] --END-- [ RunTime:0.000408s ]
SQL: SHOW COLUMNS FROM `form_leave` [ RunTime:0.0540s ]
SQL: SELECT COUNT(*) AS tp_count FROM `form_leave` LIMIT 1   [ RunTime:0.0005s ]
SQL: SELECT * FROM `form_leave` WHERE ( uid=1 ) ORDER BY id desc LIMIT 0,10   [ RunTime:0.0010s ]
INFO: [ view_parse ] --START--
INFO: [ template_filter ] --START--
INFO: Run Behavior\ContentReplaceBehavior [ RunTime:0.000151s ]
INFO: [ template_filter ] --END-- [ RunTime:0.000239s ]
NOTIC: [8] Undefined variable: page D:\phpStudy\WWW\fyls\Application\Runtime\Cache\Admin\dc1ee43855aba10e53d97e0971b01a9b.php 第 169 行.
INFO: Run Behavior\ParseTemplateBehavior [ RunTime:0.016739s ]
INFO: [ view_parse ] --END-- [ RunTime:0.016812s ]
INFO: [ view_filter ] --START--
INFO: Run Behavior\WriteHtmlCacheBehavior [ RunTime:0.000643s ]
INFO: [ view_filter ] --END-- [ RunTime:0.000696s ]
INFO: [ app_end ] --START--
INFO: Run Behavior\ShowPageTraceBehavior [ RunTime:0.000972s ]
INFO: [ app_end ] --END-- [ RunTime:0.001028s ]

[ 2018-03-23T11:29:47+08:00 ] ::1 /fyls/Admin/Leave/leave_list
INFO: [ app_init ] --START--
INFO: Run Behavior\BuildLiteBehavior [ RunTime:0.000007s ]
INFO: [ app_init ] --END-- [ RunTime:0.000351s ]
INFO: [ app_begin ] --START--
INFO: Run Behavior\ReadHtmlCacheBehavior [ RunTime:0.000407s ]
INFO: [ app_begin ] --END-- [ RunTime:0.000435s ]
SQL: SHOW COLUMNS FROM `form_leave` [ RunTime:0.0189s ]
SQL: SELECT COUNT(*) AS tp_count FROM `form_leave` LIMIT 1   [ RunTime:0.0005s ]
SQL: SELECT * FROM `form_leave` WHERE ( uid=1 ) ORDER BY id desc LIMIT 0,10   [ RunTime:0.0011s ]
INFO: [ view_parse ] --START--
INFO: [ template_filter ] --START--
INFO: Run Behavior\ContentReplaceBehavior [ RunTime:0.000089s ]
INFO: [ template_filter ] --END-- [ RunTime:0.000137s ]
NOTIC: [8] Undefined variable: page D:\phpStudy\WWW\fyls\Application\Runtime\Cache\Admin\dc1ee43855aba10e53d97e0971b01a9b.php 第 169 行.
INFO: Run Behavior\ParseTemplateBehavior [ RunTime:0.017213s ]
INFO: [ view_parse ] --END-- [ RunTime:0.017272s ]
INFO: [ view_filter ] --START--
INFO: Run Behavior\WriteHtmlCacheBehavior [ RunTime:0.000437s ]
INFO: [ view_filter ] --END-- [ RunTime:0.000475s ]
INFO: [ app_end ] --START--
INFO: Run Behavior\ShowPageTraceBehavior [ RunTime:0.000724s ]
INFO: [ app_end ] --END-- [ RunTime:0.000766s ]

[ 2018-03-23T11:30:10+08:00 ] ::1 /fyls/Admin/Leave/leave_list
INFO: [ app_init ] --START--
INFO: Run Behavior\BuildLiteBehavior [ RunTime:0.000007s ]
INFO: [ app_init ] --END-- [ RunTime:0.000341s ]
INFO: [ app_begin ] --START--
INFO: Run Behavior\ReadHtmlCacheBehavior [ RunTime:0.000467s ]
INFO: [ app_begin ] --END-- [ RunTime:0.000503s ]
SQL: SHOW COLUMNS FROM `form_leave` [ RunTime:0.0342s ]
SQL: SELECT COUNT(*) AS tp_count FROM `form_leave` LIMIT 1   [ RunTime:0.0005s ]
SQL: SELECT * FROM `form_leave` WHERE ( uid=1 ) ORDER BY id desc LIMIT 0,10   [ RunTime:0.0009s ]
INFO: [ view_parse ] --START--
INFO: [ template_filter ] --START--
INFO: Run Behavior\ContentReplaceBehavior [ RunTime:0.000186s ]
INFO: [ template_filter ] --END-- [ RunTime:0.000285s ]
NOTIC: [8] Undefined variable: page D:\phpStudy\WWW\fyls\Application\Runtime\Cache\Admin\dc1ee43855aba10e53d97e0971b01a9b.php 第 169 行.
INFO: Run Behavior\ParseTemplateBehavior [ RunTime:0.020239s ]
INFO: [ view_parse ] --END-- [ RunTime:0.020323s ]
INFO: [ view_filter ] --START--
INFO: Run Behavior\WriteHtmlCacheBehavior [ RunTime:0.000912s ]
INFO: [ view_filter ] --END-- [ RunTime:0.000990s ]
INFO: [ app_end ] --START--
INFO: Run Behavior\ShowPageTraceBehavior [ RunTime:0.001722s ]
INFO: [ app_end ] --END-- [ RunTime:0.001807s ]

[ 2018-03-23T11:30:20+08:00 ] ::1 /fyls/Admin/Leave/leave_list
INFO: [ app_init ] --START--
INFO: Run Behavior\BuildLiteBehavior [ RunTime:0.000017s ]
INFO: [ app_init ] --END-- [ RunTime:0.000459s ]
INFO: [ app_begin ] --START--
INFO: Run Behavior\ReadHtmlCacheBehavior [ RunTime:0.001850s ]
INFO: [ app_begin ] --END-- [ RunTime:0.002057s ]
SQL: SHOW COLUMNS FROM `form_leave` [ RunTime:0.0176s ]
SQL: SELECT COUNT(*) AS tp_count FROM `form_leave` LIMIT 1   [ RunTime:0.0006s ]
SQL: SELECT * FROM `form_leave` WHERE ( uid=1 ) ORDER BY id desc LIMIT 0,10   [ RunTime:0.0009s ]
INFO: [ view_parse ] --START--
INFO: [ template_filter ] --START--
INFO: Run Behavior\ContentReplaceBehavior [ RunTime:0.000186s ]
INFO: [ template_filter ] --END-- [ RunTime:0.000300s ]
NOTIC: [8] Undefined variable: page D:\phpStudy\WWW\fyls\Application\Runtime\Cache\Admin\dc1ee43855aba10e53d97e0971b01a9b.php 第 169 行.
INFO: Run Behavior\ParseTemplateBehavior [ RunTime:0.017613s ]
INFO: [ view_parse ] --END-- [ RunTime:0.017700s ]
INFO: [ view_filter ] --START--
INFO: Run Behavior\WriteHtmlCacheBehavior [ RunTime:0.000676s ]
INFO: [ view_filter ] --END-- [ RunTime:0.000752s ]
INFO: [ app_end ] --START--
INFO: Run Behavior\ShowPageTraceBehavior [ RunTime:0.001214s ]
INFO: [ app_end ] --END-- [ RunTime:0.001297s ]

[ 2018-03-23T11:30:41+08:00 ] ::1 /fyls/Admin/Travel/doadd_travel
INFO: [ app_init ] --START--
INFO: Run Behavior\BuildLiteBehavior [ RunTime:0.000009s ]
INFO: [ app_init ] --END-- [ RunTime:0.000367s ]
INFO: [ app_begin ] --START--
INFO: Run Behavior\ReadHtmlCacheBehavior [ RunTime:0.001097s ]
INFO: [ app_begin ] --END-- [ RunTime:0.001194s ]
SQL: SHOW COLUMNS FROM `form_business_travel` [ RunTime:0.0184s ]
NOTIC: [8] Undefined index: auto D:\phpStudy\WWW\fyls\ThinkPHP\Library\Think\Model.class.php 第 1128 行.
SQL: SHOW COLUMNS FROM `form_business_travel` [ RunTime:0.0111s ]
NOTIC: [8] Undefined index: validate D:\phpStudy\WWW\fyls\ThinkPHP\Library\Think\Model.class.php 第 1185 行.
NOTIC: [8] Undefined index: auto D:\phpStudy\WWW\fyls\ThinkPHP\Library\Think\Model.class.php 第 1128 行.
SQL: INSERT INTO `form_business_travel` (`applicant`,`out_addr`,`out_reason`,`out_time`,`back_time`,`aid`,`uid`,`department_id`) VALUES ('1231','1','1','2018-03-29 00:00:00','2018-03-23 11:30:39','1','1','1') [ RunTime:0.0006s ]
INFO: [ app_end ] --START--
INFO: Run Behavior\ShowPageTraceBehavior [ RunTime:0.001031s ]
INFO: [ app_end ] --END-- [ RunTime:0.001092s ]

[ 2018-03-23T11:30:43+08:00 ] ::1 /fyls/Admin/Travel/travel_list
INFO: [ app_init ] --START--
INFO: Run Behavior\BuildLiteBehavior [ RunTime:0.000007s ]
INFO: [ app_init ] --END-- [ RunTime:0.000277s ]
INFO: [ app_begin ] --START--
INFO: Run Behavior\ReadHtmlCacheBehavior [ RunTime:0.000379s ]
INFO: [ app_begin ] --END-- [ RunTime:0.000414s ]
SQL: SHOW COLUMNS FROM `form_business_travel` [ RunTime:0.0170s ]
SQL: SELECT COUNT(*) AS tp_count FROM `form_business_travel` LIMIT 1   [ RunTime:0.0005s ]
SQL: SELECT * FROM `form_business_travel` WHERE ( uid=1 ) ORDER BY id desc LIMIT 0,10   [ RunTime:0.0008s ]
INFO: [ view_parse ] --START--
INFO: [ template_filter ] --START--
INFO: Run Behavior\ContentReplaceBehavior [ RunTime:0.000155s ]
INFO: [ template_filter ] --END-- [ RunTime:0.000260s ]
NOTIC: [8] Undefined variable: page D:\phpStudy\WWW\fyls\Application\Runtime\Cache\Admin\37c0d9edfcb91ce626c9f0a7d90f8cef.php 第 176 行.
INFO: Run Behavior\ParseTemplateBehavior [ RunTime:0.021661s ]
INFO: [ view_parse ] --END-- [ RunTime:0.021728s ]
INFO: [ view_filter ] --START--
INFO: Run Behavior\WriteHtmlCacheBehavior [ RunTime:0.000559s ]
INFO: [ view_filter ] --END-- [ RunTime:0.000607s ]
INFO: [ app_end ] --START--
INFO: Run Behavior\ShowPageTraceBehavior [ RunTime:0.000772s ]
INFO: [ app_end ] --END-- [ RunTime:0.000823s ]

[ 2018-03-23T11:30:48+08:00 ] ::1 /fyls/Admin/Permission/travelinfo?id=37
INFO: [ app_init ] --START--
INFO: Run Behavior\BuildLiteBehavior [ RunTime:0.000007s ]
INFO: [ app_init ] --END-- [ RunTime:0.000323s ]
INFO: [ app_begin ] --START--
INFO: Run Behavior\ReadHtmlCacheBehavior [ RunTime:0.000410s ]
INFO: [ app_begin ] --END-- [ RunTime:0.000439s ]
SQL: SHOW COLUMNS FROM `form_business_travel` [ RunTime:0.0194s ]
SQL: SELECT * FROM `form_business_travel` WHERE `id` = 37 LIMIT 1   [ RunTime:0.0007s ]
SQL: SHOW COLUMNS FROM `departments` [ RunTime:0.0220s ]
SQL: SELECT `department_name` FROM `departments` WHERE ( 1 ) LIMIT 1   [ RunTime:0.0003s ]
INFO: [ view_parse ] --START--
INFO: [ template_filter ] --START--
INFO: Run Behavior\ContentReplaceBehavior [ RunTime:0.000087s ]
INFO: [ template_filter ] --END-- [ RunTime:0.000139s ]
NOTIC: [8] Undefined variable: page D:\phpStudy\WWW\fyls\Application\Runtime\Cache\Admin\36b21d1a41ee4d47b28f6f0437aa557a.php 第 152 行.
INFO: Run Behavior\ParseTemplateBehavior [ RunTime:0.010351s ]
INFO: [ view_parse ] --END-- [ RunTime:0.010412s ]
INFO: [ view_filter ] --START--
INFO: Run Behavior\WriteHtmlCacheBehavior [ RunTime:0.000608s ]
INFO: [ view_filter ] --END-- [ RunTime:0.000667s ]
INFO: [ app_end ] --START--
INFO: Run Behavior\ShowPageTraceBehavior [ RunTime:0.000927s ]
INFO: [ app_end ] --END-- [ RunTime:0.000997s ]

[ 2018-03-23T11:35:09+08:00 ] ::1 /fyls/Admin/Permission/travelinfo?id=37
INFO: [ app_init ] --START--
INFO: Run Behavior\BuildLiteBehavior [ RunTime:0.000010s ]
INFO: [ app_init ] --END-- [ RunTime:0.000351s ]
INFO: [ app_begin ] --START--
INFO: Run Behavior\ReadHtmlCacheBehavior [ RunTime:0.000429s ]
INFO: [ app_begin ] --END-- [ RunTime:0.000458s ]
SQL: SHOW COLUMNS FROM `form_business_travel` [ RunTime:0.0138s ]
SQL: SELECT * FROM `form_business_travel` WHERE `id` = 37 LIMIT 1   [ RunTime:0.0004s ]
SQL: SHOW COLUMNS FROM `departments` [ RunTime:0.0114s ]
SQL: SELECT `department_name` FROM `departments` WHERE ( 1 ) LIMIT 1   [ RunTime:0.0004s ]
INFO: [ view_parse ] --START--
INFO: [ template_filter ] --START--
INFO: Run Behavior\ContentReplaceBehavior [ RunTime:0.000062s ]
INFO: [ template_filter ] --END-- [ RunTime:0.000092s ]
NOTIC: [8] Undefined variable: page D:\phpStudy\WWW\fyls\Application\Runtime\Cache\Admin\36b21d1a41ee4d47b28f6f0437aa557a.php 第 152 行.
INFO: Run Behavior\ParseTemplateBehavior [ RunTime:0.007624s ]
INFO: [ view_parse ] --END-- [ RunTime:0.007676s ]
INFO: [ view_filter ] --START--
INFO: Run Behavior\WriteHtmlCacheBehavior [ RunTime:0.000371s ]
INFO: [ view_filter ] --END-- [ RunTime:0.000409s ]
INFO: [ app_end ] --START--
INFO: Run Behavior\ShowPageTraceBehavior [ RunTime:0.001227s ]
INFO: [ app_end ] --END-- [ RunTime:0.001264s ]

[ 2018-03-23T11:43:26+08:00 ] ::1 /fyls/admin.php/Permission/travel
ERR: 1064:You have an error in your SQL syntax; check the manual that corresponds to your MySQL server version for the right syntax to use near ') LIMIT 1' at line 1
 [ SQL语句 ] : SELECT * FROM `admin_user` WHERE ( id= ) LIMIT 1  
ERR: 1064:You have an error in your SQL syntax; check the manual that corresponds to your MySQL server version for the right syntax to use near ') LIMIT 1' at line 1
 [ SQL语句 ] : SELECT * FROM `admin_user` WHERE ( id= ) LIMIT 1  

[ 2018-03-23T11:43:46+08:00 ] ::1 /fyls/Admin/Index/login
INFO: [ app_init ] --START--
INFO: Run Behavior\BuildLiteBehavior [ RunTime:0.000007s ]
INFO: [ app_init ] --END-- [ RunTime:0.000329s ]
INFO: [ app_begin ] --START--
INFO: Run Behavior\ReadHtmlCacheBehavior [ RunTime:0.000379s ]
INFO: [ app_begin ] --END-- [ RunTime:0.000408s ]
INFO: [ view_parse ] --START--
INFO: [ template_filter ] --START--
INFO: Run Behavior\ContentReplaceBehavior [ RunTime:0.000037s ]
INFO: [ template_filter ] --END-- [ RunTime:0.000070s ]
INFO: Run Behavior\ParseTemplateBehavior [ RunTime:0.032386s ]
INFO: [ view_parse ] --END-- [ RunTime:0.032419s ]
INFO: [ view_filter ] --START--
INFO: Run Behavior\WriteHtmlCacheBehavior [ RunTime:0.000251s ]
INFO: [ view_filter ] --END-- [ RunTime:0.000273s ]
INFO: [ app_end ] --START--
INFO: Run Behavior\ShowPageTraceBehavior [ RunTime:0.000439s ]
INFO: [ app_end ] --END-- [ RunTime:0.000465s ]

[ 2018-03-23T11:44:02+08:00 ] ::1 /fyls/Admin/Index/login
INFO: [ app_init ] --START--
INFO: Run Behavior\BuildLiteBehavior [ RunTime:0.000028s ]
INFO: [ app_init ] --END-- [ RunTime:0.001071s ]
INFO: [ app_begin ] --START--
INFO: Run Behavior\ReadHtmlCacheBehavior [ RunTime:0.001566s ]
INFO: [ app_begin ] --END-- [ RunTime:0.001635s ]
SQL: SHOW COLUMNS FROM `admin_user` [ RunTime:0.0131s ]
SQL: SELECT COUNT(*) AS tp_count FROM `admin_user` WHERE `name` = 'admins' AND `password` = 'e10adc3949ba59abbe56e057f20f883e' LIMIT 1   [ RunTime:0.0003s ]
SQL: SELECT * FROM `admin_user` WHERE `name` = 'admins' AND `password` = 'e10adc3949ba59abbe56e057f20f883e' LIMIT 1   [ RunTime:0.0003s ]
INFO: [ app_end ] --START--
INFO: Run Behavior\ShowPageTraceBehavior [ RunTime:0.000771s ]
INFO: [ app_end ] --END-- [ RunTime:0.000845s ]

[ 2018-03-23T11:44:04+08:00 ] ::1 /fyls/Admin/Department/department
INFO: [ app_init ] --START--
INFO: Run Behavior\BuildLiteBehavior [ RunTime:0.000008s ]
INFO: [ app_init ] --END-- [ RunTime:0.000295s ]
INFO: [ app_begin ] --START--
INFO: Run Behavior\ReadHtmlCacheBehavior [ RunTime:0.000346s ]
INFO: [ app_begin ] --END-- [ RunTime:0.000375s ]
SQL: SHOW COLUMNS FROM `departments` [ RunTime:0.0163s ]
SQL: SELECT COUNT(*) AS tp_count FROM `departments` WHERE ( flag = 0 ) LIMIT 1   [ RunTime:0.0006s ]
SQL: SELECT * FROM `departments` WHERE ( flag = 0 ) ORDER BY id asc LIMIT 0,10   [ RunTime:0.0008s ]
INFO: [ view_parse ] --START--
INFO: [ template_filter ] --START--
INFO: Run Behavior\ContentReplaceBehavior [ RunTime:0.000188s ]
INFO: [ template_filter ] --END-- [ RunTime:0.000343s ]
INFO: Run Behavior\ParseTemplateBehavior [ RunTime:0.033243s ]
INFO: [ view_parse ] --END-- [ RunTime:0.033362s ]
INFO: [ view_filter ] --START--
INFO: Run Behavior\WriteHtmlCacheBehavior [ RunTime:0.000656s ]
INFO: [ view_filter ] --END-- [ RunTime:0.000730s ]
INFO: [ app_end ] --START--
INFO: Run Behavior\ShowPageTraceBehavior [ RunTime:0.001242s ]
INFO: [ app_end ] --END-- [ RunTime:0.001323s ]

[ 2018-03-23T11:56:39+08:00 ] ::1 /fyls/Admin/Station/add
INFO: [ app_init ] --START--
INFO: Run Behavior\BuildLiteBehavior [ RunTime:0.000007s ]
INFO: [ app_init ] --END-- [ RunTime:0.000344s ]
INFO: [ app_begin ] --START--
INFO: Run Behavior\ReadHtmlCacheBehavior [ RunTime:0.000374s ]
INFO: [ app_begin ] --END-- [ RunTime:0.000402s ]
SQL: SHOW COLUMNS FROM `departments` [ RunTime:0.0190s ]
SQL: SELECT * FROM `departments` WHERE ( flag = 0 )  [ RunTime:0.0007s ]
INFO: [ view_parse ] --START--
INFO: [ template_filter ] --START--
INFO: Run Behavior\ContentReplaceBehavior [ RunTime:0.000168s ]
INFO: [ template_filter ] --END-- [ RunTime:0.000264s ]
INFO: Run Behavior\ParseTemplateBehavior [ RunTime:0.018254s ]
INFO: [ view_parse ] --END-- [ RunTime:0.018407s ]
INFO: [ view_filter ] --START--
INFO: Run Behavior\WriteHtmlCacheBehavior [ RunTime:0.001523s ]
INFO: [ view_filter ] --END-- [ RunTime:0.001650s ]
INFO: [ app_end ] --START--
INFO: Run Behavior\ShowPageTraceBehavior [ RunTime:0.001993s ]
INFO: [ app_end ] --END-- [ RunTime:0.002118s ]

[ 2018-03-23T13:07:17+08:00 ] ::1 /fyls/Admin/Station/add
INFO: [ app_init ] --START--
INFO: Run Behavior\BuildLiteBehavior [ RunTime:0.000071s ]
INFO: [ app_init ] --END-- [ RunTime:0.002889s ]
INFO: [ app_begin ] --START--
INFO: Run Behavior\ReadHtmlCacheBehavior [ RunTime:0.001882s ]
INFO: [ app_begin ] --END-- [ RunTime:0.002001s ]
SQL: SHOW COLUMNS FROM `departments` [ RunTime:0.0656s ]
SQL: SELECT * FROM `departments` WHERE ( flag = 0 )  [ RunTime:0.0008s ]
INFO: [ view_parse ] --START--
INFO: [ template_filter ] --START--
INFO: Run Behavior\ContentReplaceBehavior [ RunTime:0.009889s ]
INFO: [ template_filter ] --END-- [ RunTime:0.009996s ]
INFO: Run Behavior\ParseTemplateBehavior [ RunTime:0.074538s ]
INFO: [ view_parse ] --END-- [ RunTime:0.074628s ]
INFO: [ view_filter ] --START--
INFO: Run Behavior\WriteHtmlCacheBehavior [ RunTime:0.038174s ]
INFO: [ view_filter ] --END-- [ RunTime:0.038248s ]
INFO: [ app_end ] --START--
INFO: Run Behavior\ShowPageTraceBehavior [ RunTime:0.001463s ]
INFO: [ app_end ] --END-- [ RunTime:0.001520s ]

