[ 2018-03-21T18:03:28+08:00 ] ::1 /fyls/admin.php/Approval/travel
ERR: 非法操作:travel

[ 2018-03-21T18:03:46+08:00 ] ::1 /fyls/Admin/Approval/leaveinfo?id=15
INFO: [ app_init ] --START--
INFO: Run Behavior\BuildLiteBehavior [ RunTime:0.000008s ]
INFO: [ app_init ] --END-- [ RunTime:0.000338s ]
INFO: [ app_begin ] --START--
INFO: Run Behavior\ReadHtmlCacheBehavior [ RunTime:0.000449s ]
INFO: [ app_begin ] --END-- [ RunTime:0.000477s ]
SQL: SHOW COLUMNS FROM `form_leave` [ RunTime:0.0264s ]
SQL: SELECT * FROM `form_leave` WHERE `id` = 15 LIMIT 1   [ RunTime:0.0003s ]
SQL: SHOW COLUMNS FROM `departments` [ RunTime:0.0047s ]
SQL: SELECT `department_name` FROM `departments` WHERE ( 1 ) LIMIT 1   [ RunTime:0.0002s ]
INFO: [ view_parse ] --START--
INFO: [ template_filter ] --START--
INFO: Run Behavior\ContentReplaceBehavior [ RunTime:0.000053s ]
INFO: [ template_filter ] --END-- [ RunTime:0.000086s ]
NOTIC: [8] Undefined variable: page D:\phpStudy\WWW\fyls\Application\Runtime\Cache\Admin\ecb9a78beb3ab95efcea11a686f6037b.php 第 150 行.
INFO: Run Behavior\ParseTemplateBehavior [ RunTime:0.005998s ]
INFO: [ view_parse ] --END-- [ RunTime:0.006027s ]
INFO: [ view_filter ] --START--
INFO: Run Behavior\WriteHtmlCacheBehavior [ RunTime:0.000303s ]
INFO: [ view_filter ] --END-- [ RunTime:0.000325s ]
INFO: [ app_end ] --START--
INFO: Run Behavior\ShowPageTraceBehavior [ RunTime:0.000461s ]
INFO: [ app_end ] --END-- [ RunTime:0.000485s ]

[ 2018-03-21T18:03:52+08:00 ] ::1 /fyls/Admin/Approval/adopt
INFO: [ app_init ] --START--
INFO: Run Behavior\BuildLiteBehavior [ RunTime:0.000014s ]
INFO: [ app_init ] --END-- [ RunTime:0.000546s ]
INFO: [ app_begin ] --START--
INFO: Run Behavior\ReadHtmlCacheBehavior [ RunTime:0.000786s ]
INFO: [ app_begin ] --END-- [ RunTime:0.000864s ]
SQL: SHOW COLUMNS FROM `form_leave` [ RunTime:0.0281s ]
SQL: UPDATE `form_leave` SET `bm_sp`='1',`id`='15',`flag`='1' WHERE ( id=15 ) [ RunTime:0.0004s ]
INFO: [ app_end ] --START--
INFO: Run Behavior\ShowPageTraceBehavior [ RunTime:0.000576s ]
INFO: [ app_end ] --END-- [ RunTime:0.000612s ]

[ 2018-03-21T18:03:54+08:00 ] ::1 /fyls/Admin/Approval/leave
INFO: [ app_init ] --START--
INFO: Run Behavior\BuildLiteBehavior [ RunTime:0.000009s ]
INFO: [ app_init ] --END-- [ RunTime:0.000294s ]
INFO: [ app_begin ] --START--
INFO: Run Behavior\ReadHtmlCacheBehavior [ RunTime:0.000343s ]
INFO: [ app_begin ] --END-- [ RunTime:0.000381s ]
SQL: SHOW COLUMNS FROM `admin_user` [ RunTime:0.0281s ]
SQL: SELECT * FROM `admin_user` WHERE ( id=1 ) LIMIT 1   [ RunTime:0.0008s ]
SQL: SHOW COLUMNS FROM `stations` [ RunTime:0.0138s ]
SQL: SELECT * FROM `stations` WHERE ( id =1 AND station_name LIKE "%主管%" ) LIMIT 1   [ RunTime:0.0008s ]
SQL: SELECT * FROM `stations` WHERE ( id =1 AND station_name LIKE "%经理%" ) LIMIT 1   [ RunTime:0.0007s ]
SQL: SHOW COLUMNS FROM `form_leave` [ RunTime:0.0136s ]
SQL: SELECT * FROM `form_leave` WHERE ( department_id=1 AND aid=1 AND bm_sp=0 AND flag <> 3 )  [ RunTime:0.0003s ]
INFO: [ view_parse ] --START--
INFO: [ template_filter ] --START--
INFO: Run Behavior\ContentReplaceBehavior [ RunTime:0.000078s ]
INFO: [ template_filter ] --END-- [ RunTime:0.000121s ]
NOTIC: [8] Undefined variable: page D:\phpStudy\WWW\fyls\Application\Runtime\Cache\Admin\950e4f67b0dddaf03a8f367024e1ac33.php 第 152 行.
INFO: Run Behavior\ParseTemplateBehavior [ RunTime:0.004685s ]
INFO: [ view_parse ] --END-- [ RunTime:0.004713s ]
INFO: [ view_filter ] --START--
INFO: Run Behavior\WriteHtmlCacheBehavior [ RunTime:0.000205s ]
INFO: [ view_filter ] --END-- [ RunTime:0.000227s ]
INFO: [ app_end ] --START--
INFO: Run Behavior\ShowPageTraceBehavior [ RunTime:0.000415s ]
INFO: [ app_end ] --END-- [ RunTime:0.000440s ]

[ 2018-03-21T18:03:57+08:00 ] ::1 /fyls/Admin/Approval/leaveinfo?id=16
INFO: [ app_init ] --START--
INFO: Run Behavior\BuildLiteBehavior [ RunTime:0.000008s ]
INFO: [ app_init ] --END-- [ RunTime:0.000359s ]
INFO: [ app_begin ] --START--
INFO: Run Behavior\ReadHtmlCacheBehavior [ RunTime:0.000370s ]
INFO: [ app_begin ] --END-- [ RunTime:0.000398s ]
SQL: SHOW COLUMNS FROM `form_leave` [ RunTime:0.0266s ]
SQL: SELECT * FROM `form_leave` WHERE `id` = 16 LIMIT 1   [ RunTime:0.0005s ]
SQL: SHOW COLUMNS FROM `departments` [ RunTime:0.0093s ]
SQL: SELECT `department_name` FROM `departments` WHERE ( 1 ) LIMIT 1   [ RunTime:0.0004s ]
INFO: [ view_parse ] --START--
INFO: [ template_filter ] --START--
INFO: Run Behavior\ContentReplaceBehavior [ RunTime:0.000103s ]
INFO: [ template_filter ] --END-- [ RunTime:0.000161s ]
NOTIC: [8] Undefined variable: page D:\phpStudy\WWW\fyls\Application\Runtime\Cache\Admin\ecb9a78beb3ab95efcea11a686f6037b.php 第 150 行.
INFO: Run Behavior\ParseTemplateBehavior [ RunTime:0.010343s ]
INFO: [ view_parse ] --END-- [ RunTime:0.010426s ]
INFO: [ view_filter ] --START--
INFO: Run Behavior\WriteHtmlCacheBehavior [ RunTime:0.000476s ]
INFO: [ view_filter ] --END-- [ RunTime:0.000531s ]
INFO: [ app_end ] --START--
INFO: Run Behavior\ShowPageTraceBehavior [ RunTime:0.000762s ]
INFO: [ app_end ] --END-- [ RunTime:0.000819s ]

[ 2018-03-21T18:04:00+08:00 ] ::1 /fyls/Admin/Approval/adopt
INFO: [ app_init ] --START--
INFO: Run Behavior\BuildLiteBehavior [ RunTime:0.000069s ]
INFO: [ app_init ] --END-- [ RunTime:0.000739s ]
INFO: [ app_begin ] --START--
INFO: Run Behavior\ReadHtmlCacheBehavior [ RunTime:0.000752s ]
INFO: [ app_begin ] --END-- [ RunTime:0.000826s ]
SQL: SHOW COLUMNS FROM `form_leave` [ RunTime:0.0288s ]
SQL: UPDATE `form_leave` SET `bm_sp`='1',`id`='16',`flag`='1' WHERE ( id=16 ) [ RunTime:0.0005s ]
INFO: [ app_end ] --START--
INFO: Run Behavior\ShowPageTraceBehavior [ RunTime:0.000853s ]
INFO: [ app_end ] --END-- [ RunTime:0.000918s ]

[ 2018-03-21T18:04:02+08:00 ] ::1 /fyls/Admin/Approval/leave
INFO: [ app_init ] --START--
INFO: Run Behavior\BuildLiteBehavior [ RunTime:0.000009s ]
INFO: [ app_init ] --END-- [ RunTime:0.000360s ]
INFO: [ app_begin ] --START--
INFO: Run Behavior\ReadHtmlCacheBehavior [ RunTime:0.000896s ]
INFO: [ app_begin ] --END-- [ RunTime:0.000973s ]
SQL: SHOW COLUMNS FROM `admin_user` [ RunTime:0.0116s ]
SQL: SELECT * FROM `admin_user` WHERE ( id=1 ) LIMIT 1   [ RunTime:0.0006s ]
SQL: SHOW COLUMNS FROM `stations` [ RunTime:0.0220s ]
SQL: SELECT * FROM `stations` WHERE ( id =1 AND station_name LIKE "%主管%" ) LIMIT 1   [ RunTime:0.0005s ]
SQL: SELECT * FROM `stations` WHERE ( id =1 AND station_name LIKE "%经理%" ) LIMIT 1   [ RunTime:0.0005s ]
SQL: SHOW COLUMNS FROM `form_leave` [ RunTime:0.0114s ]
SQL: SELECT * FROM `form_leave` WHERE ( department_id=1 AND aid=1 AND bm_sp=0 AND flag <> 3 )  [ RunTime:0.0005s ]
INFO: [ view_parse ] --START--
INFO: [ template_filter ] --START--
INFO: Run Behavior\ContentReplaceBehavior [ RunTime:0.000124s ]
INFO: [ template_filter ] --END-- [ RunTime:0.000220s ]
NOTIC: [8] Undefined variable: page D:\phpStudy\WWW\fyls\Application\Runtime\Cache\Admin\950e4f67b0dddaf03a8f367024e1ac33.php 第 152 行.
INFO: Run Behavior\ParseTemplateBehavior [ RunTime:0.010423s ]
INFO: [ view_parse ] --END-- [ RunTime:0.010485s ]
INFO: [ view_filter ] --START--
INFO: Run Behavior\WriteHtmlCacheBehavior [ RunTime:0.000602s ]
INFO: [ view_filter ] --END-- [ RunTime:0.000729s ]
INFO: [ app_end ] --START--
INFO: Run Behavior\ShowPageTraceBehavior [ RunTime:0.001483s ]
INFO: [ app_end ] --END-- [ RunTime:0.001600s ]

[ 2018-03-21T18:05:07+08:00 ] ::1 /fyls/Admin/Approval/leave
INFO: [ app_init ] --START--
INFO: Run Behavior\BuildLiteBehavior [ RunTime:0.000015s ]
INFO: [ app_init ] --END-- [ RunTime:0.000689s ]
INFO: [ app_begin ] --START--
INFO: Run Behavior\ReadHtmlCacheBehavior [ RunTime:0.000753s ]
INFO: [ app_begin ] --END-- [ RunTime:0.000803s ]
SQL: SHOW COLUMNS FROM `admin_user` [ RunTime:0.0400s ]
SQL: SELECT * FROM `admin_user` WHERE ( id=1 ) LIMIT 1   [ RunTime:0.0005s ]
SQL: SHOW COLUMNS FROM `stations` [ RunTime:0.0096s ]
SQL: SELECT * FROM `stations` WHERE ( id =1 AND station_name LIKE "%主管%" ) LIMIT 1   [ RunTime:0.0005s ]
SQL: SELECT * FROM `stations` WHERE ( id =1 AND station_name LIKE "%经理%" ) LIMIT 1   [ RunTime:0.0004s ]
SQL: SHOW COLUMNS FROM `form_leave` [ RunTime:0.0127s ]
SQL: SELECT * FROM `form_leave` WHERE ( department_id=1 AND aid=1 AND bm_sp=0 AND flag <> 3 )  [ RunTime:0.0006s ]
INFO: [ view_parse ] --START--
INFO: [ template_filter ] --START--
INFO: Run Behavior\ContentReplaceBehavior [ RunTime:0.000128s ]
INFO: [ template_filter ] --END-- [ RunTime:0.000227s ]
NOTIC: [8] Undefined variable: page D:\phpStudy\WWW\fyls\Application\Runtime\Cache\Admin\950e4f67b0dddaf03a8f367024e1ac33.php 第 152 行.
INFO: Run Behavior\ParseTemplateBehavior [ RunTime:0.009548s ]
INFO: [ view_parse ] --END-- [ RunTime:0.009613s ]
INFO: [ view_filter ] --START--
INFO: Run Behavior\WriteHtmlCacheBehavior [ RunTime:0.000468s ]
INFO: [ view_filter ] --END-- [ RunTime:0.000526s ]
INFO: [ app_end ] --START--
INFO: Run Behavior\ShowPageTraceBehavior [ RunTime:0.000880s ]
INFO: [ app_end ] --END-- [ RunTime:0.000939s ]

[ 2018-03-21T18:05:33+08:00 ] ::1 /fyls/Admin/People/add
INFO: [ app_init ] --START--
INFO: Run Behavior\BuildLiteBehavior [ RunTime:0.000011s ]
INFO: [ app_init ] --END-- [ RunTime:0.000421s ]
INFO: [ app_begin ] --START--
INFO: Run Behavior\ReadHtmlCacheBehavior [ RunTime:0.000607s ]
INFO: [ app_begin ] --END-- [ RunTime:0.000655s ]
SQL: SHOW COLUMNS FROM `departments` [ RunTime:0.0268s ]
SQL: SHOW COLUMNS FROM `stations` [ RunTime:0.0086s ]
SQL: SELECT * FROM `departments` WHERE ( flag = 0 )  [ RunTime:0.0004s ]
SQL: SELECT * FROM `stations` WHERE ( flag = 0 )  [ RunTime:0.0004s ]
INFO: [ view_parse ] --START--
INFO: [ template_filter ] --START--
INFO: Run Behavior\ContentReplaceBehavior [ RunTime:0.000060s ]
INFO: [ template_filter ] --END-- [ RunTime:0.000094s ]
NOTIC: [8] Undefined variable: sel D:\phpStudy\WWW\fyls\Application\Runtime\Cache\Admin\38350572118304c07189109bc6c3cd6a.php 第 148 行.
NOTIC: [8] Undefined variable: sel D:\phpStudy\WWW\fyls\Application\Runtime\Cache\Admin\38350572118304c07189109bc6c3cd6a.php 第 148 行.
NOTIC: [8] Undefined variable: sel D:\phpStudy\WWW\fyls\Application\Runtime\Cache\Admin\38350572118304c07189109bc6c3cd6a.php 第 148 行.
NOTIC: [8] Undefined variable: sel D:\phpStudy\WWW\fyls\Application\Runtime\Cache\Admin\38350572118304c07189109bc6c3cd6a.php 第 148 行.
NOTIC: [8] Undefined variable: sel D:\phpStudy\WWW\fyls\Application\Runtime\Cache\Admin\38350572118304c07189109bc6c3cd6a.php 第 148 行.
NOTIC: [8] Undefined variable: sel D:\phpStudy\WWW\fyls\Application\Runtime\Cache\Admin\38350572118304c07189109bc6c3cd6a.php 第 148 行.
NOTIC: [8] Undefined variable: sel D:\phpStudy\WWW\fyls\Application\Runtime\Cache\Admin\38350572118304c07189109bc6c3cd6a.php 第 148 行.
NOTIC: [8] Undefined variable: sel D:\phpStudy\WWW\fyls\Application\Runtime\Cache\Admin\38350572118304c07189109bc6c3cd6a.php 第 148 行.
INFO: Run Behavior\ParseTemplateBehavior [ RunTime:0.007641s ]
INFO: [ view_parse ] --END-- [ RunTime:0.007681s ]
INFO: [ view_filter ] --START--
INFO: Run Behavior\WriteHtmlCacheBehavior [ RunTime:0.000281s ]
INFO: [ view_filter ] --END-- [ RunTime:0.000302s ]
INFO: [ app_end ] --START--
INFO: Run Behavior\ShowPageTraceBehavior [ RunTime:0.000612s ]
INFO: [ app_end ] --END-- [ RunTime:0.000654s ]

[ 2018-03-21T18:05:48+08:00 ] ::1 /fyls/Admin/People/update?id=3
INFO: [ app_init ] --START--
INFO: Run Behavior\BuildLiteBehavior [ RunTime:0.000007s ]
INFO: [ app_init ] --END-- [ RunTime:0.000379s ]
INFO: [ app_begin ] --START--
INFO: Run Behavior\ReadHtmlCacheBehavior [ RunTime:0.000468s ]
INFO: [ app_begin ] --END-- [ RunTime:0.000503s ]
SQL: SHOW COLUMNS FROM `departments` [ RunTime:0.0251s ]
SQL: SHOW COLUMNS FROM `stations` [ RunTime:0.0130s ]
SQL: SHOW COLUMNS FROM `admin_user` [ RunTime:0.0131s ]
ERR: 1052:Column 'flag' in where clause is ambiguous
 [ SQL语句 ] : SELECT departments.id,departments.department_name FROM `admin_user` left join departments on admin_user.department_id = departments.id  WHERE ( flag = 0 and id = 3 ) 
ERR: 1052:Column 'flag' in where clause is ambiguous
 [ SQL语句 ] : SELECT departments.id,departments.department_name FROM `admin_user` left join departments on admin_user.department_id = departments.id  WHERE ( flag = 0 and id = 3 ) 

