[ 2018-01-15T16:50:53+08:00 ] ::1 /zjtr/admin
INFO: [ app_init ] --START--
INFO: Run Behavior\BuildLiteBehavior [ RunTime:0.000020s ]
INFO: [ app_init ] --END-- [ RunTime:0.000525s ]
INFO: [ app_begin ] --START--
INFO: Run Behavior\ReadHtmlCacheBehavior [ RunTime:0.000666s ]
INFO: [ app_begin ] --END-- [ RunTime:0.000737s ]
SQL: SHOW COLUMNS FROM `news` [ RunTime:0.0419s ]
SQL: SELECT COUNT(*) AS tp_count FROM `news` LIMIT 1   [ RunTime:0.0007s ]
NOTIC: [8] Undefined variable: map D:\phpStudy\WWW\zjtr\Application\Admin\Controller\IndexController.class.php 第 18 行.
SQL: SELECT news.title,news.abstract,news.U_price,news.time,news.published,report_categories.type,news.type_id,news.pages FROM `news` INNER JOIN report_categories on news.n_id=report_categories.id  ORDER BY news.type_id asc LIMIT 0,10   [ RunTime:0.0421s ]
INFO: [ view_parse ] --START--
INFO: [ template_filter ] --START--
INFO: Run Behavior\ContentReplaceBehavior [ RunTime:0.000143s ]
INFO: [ template_filter ] --END-- [ RunTime:0.000269s ]
INFO: Run Behavior\ParseTemplateBehavior [ RunTime:0.069178s ]
INFO: [ view_parse ] --END-- [ RunTime:0.069441s ]
INFO: [ view_filter ] --START--
INFO: Run Behavior\WriteHtmlCacheBehavior [ RunTime:0.001662s ]
INFO: [ view_filter ] --END-- [ RunTime:0.001835s ]
INFO: [ app_end ] --START--
INFO: Run Behavior\ShowPageTraceBehavior [ RunTime:0.001559s ]
INFO: [ app_end ] --END-- [ RunTime:0.001684s ]

[ 2018-01-15T16:51:00+08:00 ] ::1 /zjtr/admin.php/Top/scfw?id=26
INFO: [ app_init ] --START--
INFO: Run Behavior\BuildLiteBehavior [ RunTime:0.000030s ]
INFO: [ app_init ] --END-- [ RunTime:0.000759s ]
INFO: [ app_begin ] --START--
INFO: Run Behavior\ReadHtmlCacheBehavior [ RunTime:0.001270s ]
INFO: [ app_begin ] --END-- [ RunTime:0.001401s ]
SQL: SHOW COLUMNS FROM `news` [ RunTime:0.0100s ]
SQL: SELECT * FROM `news` WHERE ( n_id=26 ) LIMIT 1   [ RunTime:0.0012s ]
INFO: [ view_parse ] --START--
INFO: [ template_filter ] --START--
INFO: Run Behavior\ContentReplaceBehavior [ RunTime:0.000113s ]
INFO: [ template_filter ] --END-- [ RunTime:0.000240s ]
INFO: Run Behavior\ParseTemplateBehavior [ RunTime:0.023040s ]
INFO: [ view_parse ] --END-- [ RunTime:0.023183s ]
INFO: [ view_filter ] --START--
INFO: Run Behavior\WriteHtmlCacheBehavior [ RunTime:0.000577s ]
INFO: [ view_filter ] --END-- [ RunTime:0.000647s ]
INFO: [ app_end ] --START--
INFO: Run Behavior\ShowPageTraceBehavior [ RunTime:0.000750s ]
INFO: [ app_end ] --END-- [ RunTime:0.000809s ]

[ 2018-01-15T16:51:06+08:00 ] ::1 /zjtr/admin.php/New/news
INFO: [ app_init ] --START--
INFO: Run Behavior\BuildLiteBehavior [ RunTime:0.000031s ]
INFO: [ app_init ] --END-- [ RunTime:0.000707s ]
INFO: [ app_begin ] --START--
INFO: Run Behavior\ReadHtmlCacheBehavior [ RunTime:0.000692s ]
INFO: [ app_begin ] --END-- [ RunTime:0.000772s ]
SQL: SHOW COLUMNS FROM `new_x` [ RunTime:0.0178s ]
SQL: SELECT COUNT(*) AS tp_count FROM `new_x` LIMIT 1   [ RunTime:0.0006s ]
NOTIC: [8] Undefined variable: map D:\phpStudy\WWW\zjtr\Application\Admin\Controller\NewController.class.php 第 30 行.
SQL: SELECT * FROM `new_x` ORDER BY time desc LIMIT 0,10   [ RunTime:0.0014s ]
INFO: [ view_parse ] --START--
INFO: [ template_filter ] --START--
INFO: Run Behavior\ContentReplaceBehavior [ RunTime:0.000133s ]
INFO: [ template_filter ] --END-- [ RunTime:0.000251s ]
INFO: Run Behavior\ParseTemplateBehavior [ RunTime:0.078138s ]
INFO: [ view_parse ] --END-- [ RunTime:0.078313s ]
INFO: [ view_filter ] --START--
INFO: Run Behavior\WriteHtmlCacheBehavior [ RunTime:0.000898s ]
INFO: [ view_filter ] --END-- [ RunTime:0.001003s ]
INFO: [ app_end ] --START--
INFO: Run Behavior\ShowPageTraceBehavior [ RunTime:0.001535s ]
INFO: [ app_end ] --END-- [ RunTime:0.001665s ]

[ 2018-01-15T16:51:12+08:00 ] ::1 /zjtr/Admin/New/news_mod?id=24
INFO: [ app_init ] --START--
INFO: Run Behavior\BuildLiteBehavior [ RunTime:0.000016s ]
INFO: [ app_init ] --END-- [ RunTime:0.000400s ]
INFO: [ app_begin ] --START--
INFO: Run Behavior\ReadHtmlCacheBehavior [ RunTime:0.000890s ]
INFO: [ app_begin ] --END-- [ RunTime:0.000975s ]
SQL: SHOW COLUMNS FROM `new_x` [ RunTime:0.0163s ]
SQL: SHOW COLUMNS FROM `colour` [ RunTime:0.0817s ]
SQL: SELECT * FROM `colour`  [ RunTime:0.0007s ]
SQL: SHOW COLUMNS FROM `report_categories` [ RunTime:0.0138s ]
SQL: SELECT * FROM `report_categories` WHERE ( web=2 and type_id!=0 )  [ RunTime:0.0013s ]
NOTIC: [2] Missing argument 1 for Think\Model::where(), called in D:\phpStudy\WWW\zjtr\Application\Admin\Controller\NewController.class.php on line 139 and defined D:\phpStudy\WWW\zjtr\ThinkPHP\Library\Think\Model.class.php 第 1797 行.
NOTIC: [8] Undefined variable: where D:\phpStudy\WWW\zjtr\ThinkPHP\Library\Think\Model.class.php 第 1805 行.
NOTIC: [8] Undefined variable: where D:\phpStudy\WWW\zjtr\ThinkPHP\Library\Think\Model.class.php 第 1808 行.
NOTIC: [8] Undefined variable: where D:\phpStudy\WWW\zjtr\ThinkPHP\Library\Think\Model.class.php 第 1816 行.
SQL: SELECT * FROM `new_x` WHERE `id` = 24 LIMIT 1   [ RunTime:0.0009s ]
INFO: [ view_parse ] --START--
INFO: [ template_filter ] --START--
INFO: Run Behavior\ContentReplaceBehavior [ RunTime:0.000286s ]
INFO: [ template_filter ] --END-- [ RunTime:0.000461s ]
INFO: Run Behavior\ParseTemplateBehavior [ RunTime:0.064196s ]
INFO: [ view_parse ] --END-- [ RunTime:0.064499s ]
INFO: [ view_filter ] --START--
INFO: Run Behavior\WriteHtmlCacheBehavior [ RunTime:0.001436s ]
INFO: [ view_filter ] --END-- [ RunTime:0.001582s ]
INFO: [ app_end ] --START--
INFO: Run Behavior\ShowPageTraceBehavior [ RunTime:0.001602s ]
INFO: [ app_end ] --END-- [ RunTime:0.001766s ]

[ 2018-01-15T16:51:24+08:00 ] ::1 /zjtr/admin.php/Product/product
INFO: [ app_init ] --START--
INFO: Run Behavior\BuildLiteBehavior [ RunTime:0.000032s ]
INFO: [ app_init ] --END-- [ RunTime:0.000534s ]
INFO: [ app_begin ] --START--
INFO: Run Behavior\ReadHtmlCacheBehavior [ RunTime:0.001038s ]
INFO: [ app_begin ] --END-- [ RunTime:0.001145s ]
SQL: SHOW COLUMNS FROM `news` [ RunTime:0.0152s ]
SQL: SELECT COUNT(*) AS tp_count FROM `news` WHERE ( top_id=1 ) LIMIT 1   [ RunTime:0.0007s ]
SQL: SELECT news.title,news.abstract,news.U_price,news.time,news.published,report_categories.type,news.type_id,news.pages,news.top_id FROM `news` INNER JOIN report_categories on news.n_id=report_categories.id  WHERE `top_id` = 1 ORDER BY news.time desc LIMIT 0,10   [ RunTime:0.0719s ]
INFO: [ view_parse ] --START--
INFO: [ template_filter ] --START--
INFO: Run Behavior\ContentReplaceBehavior [ RunTime:0.000067s ]
INFO: [ template_filter ] --END-- [ RunTime:0.000130s ]
INFO: Run Behavior\ParseTemplateBehavior [ RunTime:0.009960s ]
INFO: [ view_parse ] --END-- [ RunTime:0.010080s ]
INFO: [ view_filter ] --START--
INFO: Run Behavior\WriteHtmlCacheBehavior [ RunTime:0.000693s ]
INFO: [ view_filter ] --END-- [ RunTime:0.000766s ]
INFO: [ app_end ] --START--
INFO: Run Behavior\ShowPageTraceBehavior [ RunTime:0.000948s ]
INFO: [ app_end ] --END-- [ RunTime:0.001023s ]

[ 2018-01-15T16:51:28+08:00 ] ::1 /zjtr/admin.php/Col/col
INFO: [ app_init ] --START--
INFO: Run Behavior\BuildLiteBehavior [ RunTime:0.000016s ]
INFO: [ app_init ] --END-- [ RunTime:0.000406s ]
INFO: [ app_begin ] --START--
INFO: Run Behavior\ReadHtmlCacheBehavior [ RunTime:0.000858s ]
INFO: [ app_begin ] --END-- [ RunTime:0.001001s ]
SQL: SHOW COLUMNS FROM `colour` [ RunTime:0.0131s ]
SQL: SELECT COUNT(*) AS tp_count FROM `colour` LIMIT 1   [ RunTime:0.0006s ]
NOTIC: [2] Missing argument 1 for Think\Model::where(), called in D:\phpStudy\WWW\zjtr\Application\Admin\Controller\ColController.class.php on line 29 and defined D:\phpStudy\WWW\zjtr\ThinkPHP\Library\Think\Model.class.php 第 1797 行.
NOTIC: [8] Undefined variable: where D:\phpStudy\WWW\zjtr\ThinkPHP\Library\Think\Model.class.php 第 1805 行.
NOTIC: [8] Undefined variable: where D:\phpStudy\WWW\zjtr\ThinkPHP\Library\Think\Model.class.php 第 1808 行.
NOTIC: [8] Undefined variable: where D:\phpStudy\WWW\zjtr\ThinkPHP\Library\Think\Model.class.php 第 1816 行.
SQL: SELECT * FROM `colour` LIMIT 0,10   [ RunTime:0.0008s ]
INFO: [ view_parse ] --START--
INFO: [ template_filter ] --START--
INFO: Run Behavior\ContentReplaceBehavior [ RunTime:0.000240s ]
INFO: [ template_filter ] --END-- [ RunTime:0.000523s ]
INFO: Run Behavior\ParseTemplateBehavior [ RunTime:0.038672s ]
INFO: [ view_parse ] --END-- [ RunTime:0.038897s ]
INFO: [ view_filter ] --START--
INFO: Run Behavior\WriteHtmlCacheBehavior [ RunTime:0.000947s ]
INFO: [ view_filter ] --END-- [ RunTime:0.001051s ]
INFO: [ app_end ] --START--
INFO: Run Behavior\ShowPageTraceBehavior [ RunTime:0.001210s ]
INFO: [ app_end ] --END-- [ RunTime:0.001304s ]

[ 2018-01-15T16:51:31+08:00 ] ::1 /zjtr/admin.php/Pclass/col
INFO: [ app_init ] --START--
INFO: Run Behavior\BuildLiteBehavior [ RunTime:0.000035s ]
INFO: [ app_init ] --END-- [ RunTime:0.000508s ]
INFO: [ app_begin ] --START--
INFO: Run Behavior\ReadHtmlCacheBehavior [ RunTime:0.000901s ]
INFO: [ app_begin ] --END-- [ RunTime:0.000991s ]
SQL: SHOW COLUMNS FROM `report_categories` [ RunTime:0.0125s ]
SQL: SELECT COUNT(*) AS tp_count FROM `report_categories` WHERE ( type_id=0 and web=2 ) LIMIT 1   [ RunTime:0.0009s ]
SQL: SELECT * FROM `report_categories` WHERE ( type_id=0 and web=2 ) LIMIT 0,10   [ RunTime:0.0009s ]
INFO: [ view_parse ] --START--
INFO: [ template_filter ] --START--
INFO: Run Behavior\ContentReplaceBehavior [ RunTime:0.000132s ]
INFO: [ template_filter ] --END-- [ RunTime:0.000327s ]
INFO: Run Behavior\ParseTemplateBehavior [ RunTime:0.047295s ]
INFO: [ view_parse ] --END-- [ RunTime:0.047420s ]
INFO: [ view_filter ] --START--
INFO: Run Behavior\WriteHtmlCacheBehavior [ RunTime:0.000869s ]
INFO: [ view_filter ] --END-- [ RunTime:0.000959s ]
INFO: [ app_end ] --START--
INFO: Run Behavior\ShowPageTraceBehavior [ RunTime:0.001234s ]
INFO: [ app_end ] --END-- [ RunTime:0.001329s ]

[ 2018-01-15T16:51:33+08:00 ] ::1 /zjtr/admin.php/New/news
INFO: [ app_init ] --START--
INFO: Run Behavior\BuildLiteBehavior [ RunTime:0.000027s ]
INFO: [ app_init ] --END-- [ RunTime:0.000602s ]
INFO: [ app_begin ] --START--
INFO: Run Behavior\ReadHtmlCacheBehavior [ RunTime:0.000775s ]
INFO: [ app_begin ] --END-- [ RunTime:0.000859s ]
SQL: SHOW COLUMNS FROM `new_x` [ RunTime:0.0083s ]
SQL: SELECT COUNT(*) AS tp_count FROM `new_x` LIMIT 1   [ RunTime:0.0002s ]
NOTIC: [8] Undefined variable: map D:\phpStudy\WWW\zjtr\Application\Admin\Controller\NewController.class.php 第 30 行.
SQL: SELECT * FROM `new_x` ORDER BY time desc LIMIT 0,10   [ RunTime:0.0009s ]
INFO: [ view_parse ] --START--
INFO: [ template_filter ] --START--
INFO: Run Behavior\ContentReplaceBehavior [ RunTime:0.000127s ]
INFO: [ template_filter ] --END-- [ RunTime:0.000251s ]
INFO: Run Behavior\ParseTemplateBehavior [ RunTime:0.013170s ]
INFO: [ view_parse ] --END-- [ RunTime:0.013287s ]
INFO: [ view_filter ] --START--
INFO: Run Behavior\WriteHtmlCacheBehavior [ RunTime:0.000679s ]
INFO: [ view_filter ] --END-- [ RunTime:0.000750s ]
INFO: [ app_end ] --START--
INFO: Run Behavior\ShowPageTraceBehavior [ RunTime:0.001358s ]
INFO: [ app_end ] --END-- [ RunTime:0.001479s ]

[ 2018-01-15T16:51:39+08:00 ] ::1 /zjtr/Admin/New/news_mod?id=45
INFO: [ app_init ] --START--
INFO: Run Behavior\BuildLiteBehavior [ RunTime:0.000017s ]
INFO: [ app_init ] --END-- [ RunTime:0.000412s ]
INFO: [ app_begin ] --START--
INFO: Run Behavior\ReadHtmlCacheBehavior [ RunTime:0.000954s ]
INFO: [ app_begin ] --END-- [ RunTime:0.001064s ]
SQL: SHOW COLUMNS FROM `new_x` [ RunTime:0.0135s ]
SQL: SHOW COLUMNS FROM `colour` [ RunTime:0.0743s ]
SQL: SELECT * FROM `colour`  [ RunTime:0.0003s ]
SQL: SHOW COLUMNS FROM `report_categories` [ RunTime:0.0696s ]
SQL: SELECT * FROM `report_categories` WHERE ( web=2 and type_id!=0 )  [ RunTime:0.0012s ]
NOTIC: [2] Missing argument 1 for Think\Model::where(), called in D:\phpStudy\WWW\zjtr\Application\Admin\Controller\NewController.class.php on line 139 and defined D:\phpStudy\WWW\zjtr\ThinkPHP\Library\Think\Model.class.php 第 1797 行.
NOTIC: [8] Undefined variable: where D:\phpStudy\WWW\zjtr\ThinkPHP\Library\Think\Model.class.php 第 1805 行.
NOTIC: [8] Undefined variable: where D:\phpStudy\WWW\zjtr\ThinkPHP\Library\Think\Model.class.php 第 1808 行.
NOTIC: [8] Undefined variable: where D:\phpStudy\WWW\zjtr\ThinkPHP\Library\Think\Model.class.php 第 1816 行.
SQL: SELECT * FROM `new_x` WHERE `id` = 45 LIMIT 1   [ RunTime:0.0010s ]
INFO: [ view_parse ] --START--
INFO: [ template_filter ] --START--
INFO: Run Behavior\ContentReplaceBehavior [ RunTime:0.000134s ]
INFO: [ template_filter ] --END-- [ RunTime:0.000197s ]
INFO: Run Behavior\ParseTemplateBehavior [ RunTime:0.021847s ]
INFO: [ view_parse ] --END-- [ RunTime:0.022094s ]
INFO: [ view_filter ] --START--
INFO: Run Behavior\WriteHtmlCacheBehavior [ RunTime:0.000708s ]
INFO: [ view_filter ] --END-- [ RunTime:0.000771s ]
INFO: [ app_end ] --START--
INFO: Run Behavior\ShowPageTraceBehavior [ RunTime:0.001125s ]
INFO: [ app_end ] --END-- [ RunTime:0.001198s ]

[ 2018-01-15T16:52:02+08:00 ] ::1 /zjtr/Admin/New/news
INFO: [ app_init ] --START--
INFO: Run Behavior\BuildLiteBehavior [ RunTime:0.000016s ]
INFO: [ app_init ] --END-- [ RunTime:0.000407s ]
INFO: [ app_begin ] --START--
INFO: Run Behavior\ReadHtmlCacheBehavior [ RunTime:0.000771s ]
INFO: [ app_begin ] --END-- [ RunTime:0.000837s ]
SQL: SHOW COLUMNS FROM `new_x` [ RunTime:0.0178s ]
SQL: SELECT COUNT(*) AS tp_count FROM `new_x` LIMIT 1   [ RunTime:0.0007s ]
NOTIC: [8] Undefined variable: map D:\phpStudy\WWW\zjtr\Application\Admin\Controller\NewController.class.php 第 30 行.
SQL: SELECT * FROM `new_x` ORDER BY time desc LIMIT 0,10   [ RunTime:0.0016s ]
INFO: [ view_parse ] --START--
INFO: [ template_filter ] --START--
INFO: Run Behavior\ContentReplaceBehavior [ RunTime:0.000183s ]
INFO: [ template_filter ] --END-- [ RunTime:0.000329s ]
INFO: Run Behavior\ParseTemplateBehavior [ RunTime:0.028914s ]
INFO: [ view_parse ] --END-- [ RunTime:0.029142s ]
INFO: [ view_filter ] --START--
INFO: Run Behavior\WriteHtmlCacheBehavior [ RunTime:0.000960s ]
INFO: [ view_filter ] --END-- [ RunTime:0.001057s ]
INFO: [ app_end ] --START--
INFO: Run Behavior\ShowPageTraceBehavior [ RunTime:0.001395s ]
INFO: [ app_end ] --END-- [ RunTime:0.001515s ]

[ 2018-01-15T16:53:35+08:00 ] ::1 /zjtr/Admin/New/news_add
INFO: [ app_init ] --START--
INFO: Run Behavior\BuildLiteBehavior [ RunTime:0.000017s ]
INFO: [ app_init ] --END-- [ RunTime:0.000524s ]
INFO: [ app_begin ] --START--
INFO: Run Behavior\ReadHtmlCacheBehavior [ RunTime:0.000832s ]
INFO: [ app_begin ] --END-- [ RunTime:0.000897s ]
SQL: SHOW COLUMNS FROM `report_categories` [ RunTime:0.0101s ]
SQL: SELECT * FROM `report_categories` WHERE ( web=2 and type_id!=0 )  [ RunTime:0.0007s ]
SQL: SHOW COLUMNS FROM `colour` [ RunTime:0.0066s ]
SQL: SELECT * FROM `colour`  [ RunTime:0.0004s ]
INFO: [ view_parse ] --START--
INFO: [ template_filter ] --START--
INFO: Run Behavior\ContentReplaceBehavior [ RunTime:0.000155s ]
INFO: [ template_filter ] --END-- [ RunTime:0.000258s ]
INFO: Run Behavior\ParseTemplateBehavior [ RunTime:0.083407s ]
INFO: [ view_parse ] --END-- [ RunTime:0.083557s ]
INFO: [ view_filter ] --START--
INFO: Run Behavior\WriteHtmlCacheBehavior [ RunTime:0.000667s ]
INFO: [ view_filter ] --END-- [ RunTime:0.000744s ]
INFO: [ app_end ] --START--
INFO: Run Behavior\ShowPageTraceBehavior [ RunTime:0.001361s ]
INFO: [ app_end ] --END-- [ RunTime:0.001469s ]

[ 2018-01-15T16:53:58+08:00 ] ::1 /zjtr/Admin/New/news_add
INFO: [ app_init ] --START--
INFO: Run Behavior\BuildLiteBehavior [ RunTime:0.000032s ]
INFO: [ app_init ] --END-- [ RunTime:0.000692s ]
INFO: [ app_begin ] --START--
INFO: Run Behavior\ReadHtmlCacheBehavior [ RunTime:0.001007s ]
INFO: [ app_begin ] --END-- [ RunTime:0.001110s ]
SQL: SHOW COLUMNS FROM `report_categories` [ RunTime:0.0109s ]
SQL: SELECT * FROM `report_categories` WHERE ( web=2 and type_id!=0 )  [ RunTime:0.0006s ]
SQL: SHOW COLUMNS FROM `colour` [ RunTime:0.0057s ]
SQL: SELECT * FROM `colour`  [ RunTime:0.0004s ]
INFO: [ view_parse ] --START--
INFO: [ template_filter ] --START--
INFO: Run Behavior\ContentReplaceBehavior [ RunTime:0.000152s ]
INFO: [ template_filter ] --END-- [ RunTime:0.000257s ]
INFO: Run Behavior\ParseTemplateBehavior [ RunTime:0.018402s ]
INFO: [ view_parse ] --END-- [ RunTime:0.018556s ]
INFO: [ view_filter ] --START--
INFO: Run Behavior\WriteHtmlCacheBehavior [ RunTime:0.000959s ]
INFO: [ view_filter ] --END-- [ RunTime:0.001070s ]
INFO: [ app_end ] --START--
INFO: Run Behavior\ShowPageTraceBehavior [ RunTime:0.001568s ]
INFO: [ app_end ] --END-- [ RunTime:0.001698s ]

[ 2018-01-15T16:54:07+08:00 ] ::1 /zjtr/Admin/New/news_add
INFO: [ app_init ] --START--
INFO: Run Behavior\BuildLiteBehavior [ RunTime:0.000036s ]
INFO: [ app_init ] --END-- [ RunTime:0.000767s ]
INFO: [ app_begin ] --START--
INFO: Run Behavior\ReadHtmlCacheBehavior [ RunTime:0.001226s ]
INFO: [ app_begin ] --END-- [ RunTime:0.001405s ]
SQL: SHOW COLUMNS FROM `report_categories` [ RunTime:0.0097s ]
SQL: SELECT * FROM `report_categories` WHERE ( web=2 and type_id!=0 )  [ RunTime:0.0006s ]
SQL: SHOW COLUMNS FROM `colour` [ RunTime:0.0046s ]
SQL: SELECT * FROM `colour`  [ RunTime:0.0003s ]
INFO: [ view_parse ] --START--
INFO: [ template_filter ] --START--
INFO: Run Behavior\ContentReplaceBehavior [ RunTime:0.000124s ]
INFO: [ template_filter ] --END-- [ RunTime:0.000202s ]
INFO: Run Behavior\ParseTemplateBehavior [ RunTime:0.014255s ]
INFO: [ view_parse ] --END-- [ RunTime:0.014363s ]
INFO: [ view_filter ] --START--
INFO: Run Behavior\WriteHtmlCacheBehavior [ RunTime:0.000674s ]
INFO: [ view_filter ] --END-- [ RunTime:0.000752s ]
INFO: [ app_end ] --START--
INFO: Run Behavior\ShowPageTraceBehavior [ RunTime:0.001105s ]
INFO: [ app_end ] --END-- [ RunTime:0.001196s ]

[ 2018-01-15T16:54:15+08:00 ] ::1 /zjtr/Admin/New/news_add
INFO: [ app_init ] --START--
INFO: Run Behavior\BuildLiteBehavior [ RunTime:0.000016s ]
INFO: [ app_init ] --END-- [ RunTime:0.000413s ]
INFO: [ app_begin ] --START--
INFO: Run Behavior\ReadHtmlCacheBehavior [ RunTime:0.001088s ]
INFO: [ app_begin ] --END-- [ RunTime:0.001342s ]
SQL: SHOW COLUMNS FROM `report_categories` [ RunTime:0.0052s ]
SQL: SELECT * FROM `report_categories` WHERE ( web=2 and type_id!=0 )  [ RunTime:0.0007s ]
SQL: SHOW COLUMNS FROM `colour` [ RunTime:0.0054s ]
SQL: SELECT * FROM `colour`  [ RunTime:0.0003s ]
INFO: [ view_parse ] --START--
INFO: [ template_filter ] --START--
INFO: Run Behavior\ContentReplaceBehavior [ RunTime:0.000150s ]
INFO: [ template_filter ] --END-- [ RunTime:0.000242s ]
INFO: Run Behavior\ParseTemplateBehavior [ RunTime:0.011583s ]
INFO: [ view_parse ] --END-- [ RunTime:0.011734s ]
INFO: [ view_filter ] --START--
INFO: Run Behavior\WriteHtmlCacheBehavior [ RunTime:0.000922s ]
INFO: [ view_filter ] --END-- [ RunTime:0.001017s ]
INFO: [ app_end ] --START--
INFO: Run Behavior\ShowPageTraceBehavior [ RunTime:0.001282s ]
INFO: [ app_end ] --END-- [ RunTime:0.001395s ]

[ 2018-01-15T16:54:47+08:00 ] ::1 /zjtr/Admin/New/news_add
INFO: [ app_init ] --START--
INFO: Run Behavior\BuildLiteBehavior [ RunTime:0.000016s ]
INFO: [ app_init ] --END-- [ RunTime:0.000383s ]
INFO: [ app_begin ] --START--
INFO: Run Behavior\ReadHtmlCacheBehavior [ RunTime:0.001412s ]
INFO: [ app_begin ] --END-- [ RunTime:0.001506s ]
SQL: SHOW COLUMNS FROM `report_categories` [ RunTime:0.0124s ]
SQL: SELECT * FROM `report_categories` WHERE ( web=2 and type_id!=0 )  [ RunTime:0.0011s ]
SQL: SHOW COLUMNS FROM `colour` [ RunTime:0.0154s ]
SQL: SELECT * FROM `colour`  [ RunTime:0.0007s ]
INFO: [ view_parse ] --START--
INFO: [ template_filter ] --START--
INFO: Run Behavior\ContentReplaceBehavior [ RunTime:0.000093s ]
INFO: [ template_filter ] --END-- [ RunTime:0.000166s ]
INFO: Run Behavior\ParseTemplateBehavior [ RunTime:0.019593s ]
INFO: [ view_parse ] --END-- [ RunTime:0.019752s ]
INFO: [ view_filter ] --START--
INFO: Run Behavior\WriteHtmlCacheBehavior [ RunTime:0.000578s ]
INFO: [ view_filter ] --END-- [ RunTime:0.000633s ]
INFO: [ app_end ] --START--
INFO: Run Behavior\ShowPageTraceBehavior [ RunTime:0.000908s ]
INFO: [ app_end ] --END-- [ RunTime:0.000984s ]

[ 2018-01-15T16:57:40+08:00 ] ::1 /zjtr/Admin/New/news_add
INFO: [ app_init ] --START--
INFO: Run Behavior\BuildLiteBehavior [ RunTime:0.000016s ]
INFO: [ app_init ] --END-- [ RunTime:0.000442s ]
INFO: [ app_begin ] --START--
INFO: Run Behavior\ReadHtmlCacheBehavior [ RunTime:0.000789s ]
INFO: [ app_begin ] --END-- [ RunTime:0.000855s ]
SQL: SHOW COLUMNS FROM `report_categories` [ RunTime:0.0144s ]
SQL: SELECT * FROM `report_categories` WHERE ( web=2 and type_id!=0 )  [ RunTime:0.0009s ]
SQL: SHOW COLUMNS FROM `colour` [ RunTime:0.0121s ]
SQL: SELECT * FROM `colour`  [ RunTime:0.0004s ]
INFO: [ view_parse ] --START--
INFO: [ template_filter ] --START--
INFO: Run Behavior\ContentReplaceBehavior [ RunTime:0.000135s ]
INFO: [ template_filter ] --END-- [ RunTime:0.000230s ]
INFO: Run Behavior\ParseTemplateBehavior [ RunTime:0.015757s ]
INFO: [ view_parse ] --END-- [ RunTime:0.015877s ]
INFO: [ view_filter ] --START--
INFO: Run Behavior\WriteHtmlCacheBehavior [ RunTime:0.000883s ]
INFO: [ view_filter ] --END-- [ RunTime:0.000969s ]
INFO: [ app_end ] --START--
INFO: Run Behavior\ShowPageTraceBehavior [ RunTime:0.001397s ]
INFO: [ app_end ] --END-- [ RunTime:0.001496s ]

[ 2018-01-15T16:58:09+08:00 ] ::1 /zjtr/Admin/New/news_add
INFO: [ app_init ] --START--
INFO: Run Behavior\BuildLiteBehavior [ RunTime:0.000015s ]
INFO: [ app_init ] --END-- [ RunTime:0.000393s ]
INFO: [ app_begin ] --START--
INFO: Run Behavior\ReadHtmlCacheBehavior [ RunTime:0.000810s ]
INFO: [ app_begin ] --END-- [ RunTime:0.000905s ]
SQL: SHOW COLUMNS FROM `new_x` [ RunTime:0.0112s ]
NOTIC: [8] Undefined index: validate D:\phpStudy\WWW\zjtr\ThinkPHP\Library\Think\Model.class.php 第 1185 行.
NOTIC: [8] Undefined index: auto D:\phpStudy\WWW\zjtr\ThinkPHP\Library\Think\Model.class.php 第 1128 行.
NOTIC: [8] Undefined index: photo D:\phpStudy\WWW\zjtr\Application\Admin\Controller\NewController.class.php 第 44 行.
NOTIC: [2] call_user_func() expects parameter 1 to be a valid callback, no array or string given D:\phpStudy\WWW\zjtr\ThinkPHP\Library\Think\Upload.class.php 第 170 行.
NOTIC: [8] Use of undefined constant HX_ - assumed 'HX_' D:\phpStudy\WWW\zjtr\Application\Admin\Controller\NewController.class.php 第 191 行.
NOTIC: [8] Use of undefined constant HX_ - assumed 'HX_' D:\phpStudy\WWW\zjtr\Application\Admin\Controller\NewController.class.php 第 193 行.
NOTIC: [8] Use of undefined constant new_ - assumed 'new_' D:\phpStudy\WWW\zjtr\Application\Admin\Controller\NewController.class.php 第 195 行.
NOTIC: [8] Use of undefined constant new_ - assumed 'new_' D:\phpStudy\WWW\zjtr\Application\Admin\Controller\NewController.class.php 第 197 行.
SQL: INSERT INTO `new_x` (`title`,`n_type`,`abstract`,`colour`,`price`,`danwei`,`number`,`tax`,`details`,`diagram`,`time`) VALUES ('标题','41','啥的范德萨范德萨','2,3','123','个','12321','1','&lt;p&gt;是否萨芬撒的v深V重新&lt;/p&gt;','2018-01-15/new_5a5c6d20ea1ed.jpg','1516006689') [ RunTime:0.0563s ]
INFO: [ app_end ] --START--
INFO: Run Behavior\ShowPageTraceBehavior [ RunTime:0.001295s ]
INFO: [ app_end ] --END-- [ RunTime:0.001369s ]

[ 2018-01-15T16:58:11+08:00 ] ::1 /zjtr/Admin/New/news
INFO: [ app_init ] --START--
INFO: Run Behavior\BuildLiteBehavior [ RunTime:0.000030s ]
INFO: [ app_init ] --END-- [ RunTime:0.000694s ]
INFO: [ app_begin ] --START--
INFO: Run Behavior\ReadHtmlCacheBehavior [ RunTime:0.000698s ]
INFO: [ app_begin ] --END-- [ RunTime:0.000797s ]
SQL: SHOW COLUMNS FROM `new_x` [ RunTime:0.0181s ]
SQL: SELECT COUNT(*) AS tp_count FROM `new_x` LIMIT 1   [ RunTime:0.0008s ]
NOTIC: [8] Undefined variable: map D:\phpStudy\WWW\zjtr\Application\Admin\Controller\NewController.class.php 第 30 行.
SQL: SELECT * FROM `new_x` ORDER BY time desc LIMIT 0,10   [ RunTime:0.0019s ]
INFO: [ view_parse ] --START--
INFO: [ template_filter ] --START--
INFO: Run Behavior\ContentReplaceBehavior [ RunTime:0.000137s ]
INFO: [ template_filter ] --END-- [ RunTime:0.000271s ]
INFO: Run Behavior\ParseTemplateBehavior [ RunTime:0.028648s ]
INFO: [ view_parse ] --END-- [ RunTime:0.028838s ]
INFO: [ view_filter ] --START--
INFO: Run Behavior\WriteHtmlCacheBehavior [ RunTime:0.000733s ]
INFO: [ view_filter ] --END-- [ RunTime:0.000850s ]
INFO: [ app_end ] --START--
INFO: Run Behavior\ShowPageTraceBehavior [ RunTime:0.001478s ]
INFO: [ app_end ] --END-- [ RunTime:0.001651s ]

[ 2018-01-15T16:58:50+08:00 ] ::1 /zjtr/Admin/New/news_mod?id=48
INFO: [ app_init ] --START--
INFO: Run Behavior\BuildLiteBehavior [ RunTime:0.000016s ]
INFO: [ app_init ] --END-- [ RunTime:0.000349s ]
INFO: [ app_begin ] --START--
INFO: Run Behavior\ReadHtmlCacheBehavior [ RunTime:0.000451s ]
INFO: [ app_begin ] --END-- [ RunTime:0.000513s ]
SQL: SHOW COLUMNS FROM `new_x` [ RunTime:0.0115s ]
SQL: SHOW COLUMNS FROM `colour` [ RunTime:0.0101s ]
SQL: SELECT * FROM `colour`  [ RunTime:0.0007s ]
SQL: SHOW COLUMNS FROM `report_categories` [ RunTime:0.0112s ]
SQL: SELECT * FROM `report_categories` WHERE ( web=2 and type_id!=0 )  [ RunTime:0.0011s ]
NOTIC: [2] Missing argument 1 for Think\Model::where(), called in D:\phpStudy\WWW\zjtr\Application\Admin\Controller\NewController.class.php on line 139 and defined D:\phpStudy\WWW\zjtr\ThinkPHP\Library\Think\Model.class.php 第 1797 行.
NOTIC: [8] Undefined variable: where D:\phpStudy\WWW\zjtr\ThinkPHP\Library\Think\Model.class.php 第 1805 行.
NOTIC: [8] Undefined variable: where D:\phpStudy\WWW\zjtr\ThinkPHP\Library\Think\Model.class.php 第 1808 行.
NOTIC: [8] Undefined variable: where D:\phpStudy\WWW\zjtr\ThinkPHP\Library\Think\Model.class.php 第 1816 行.
SQL: SELECT * FROM `new_x` WHERE `id` = 48 LIMIT 1   [ RunTime:0.0007s ]
INFO: [ view_parse ] --START--
INFO: [ template_filter ] --START--
INFO: Run Behavior\ContentReplaceBehavior [ RunTime:0.000150s ]
INFO: [ template_filter ] --END-- [ RunTime:0.000244s ]
INFO: Run Behavior\ParseTemplateBehavior [ RunTime:0.022012s ]
INFO: [ view_parse ] --END-- [ RunTime:0.022237s ]
INFO: [ view_filter ] --START--
INFO: Run Behavior\WriteHtmlCacheBehavior [ RunTime:0.000476s ]
INFO: [ view_filter ] --END-- [ RunTime:0.000587s ]
INFO: [ app_end ] --START--
INFO: Run Behavior\ShowPageTraceBehavior [ RunTime:0.000751s ]
INFO: [ app_end ] --END-- [ RunTime:0.000867s ]

[ 2018-01-15T16:59:47+08:00 ] ::1 /zjtr/Admin/New/news_mod?id=48
INFO: [ app_init ] --START--
INFO: Run Behavior\BuildLiteBehavior [ RunTime:0.000015s ]
INFO: [ app_init ] --END-- [ RunTime:0.000363s ]
INFO: [ app_begin ] --START--
INFO: Run Behavior\ReadHtmlCacheBehavior [ RunTime:0.000524s ]
INFO: [ app_begin ] --END-- [ RunTime:0.000613s ]
SQL: SHOW COLUMNS FROM `new_x` [ RunTime:0.0237s ]
SQL: SHOW COLUMNS FROM `colour` [ RunTime:0.0075s ]
SQL: SELECT * FROM `colour`  [ RunTime:0.0003s ]
SQL: SHOW COLUMNS FROM `report_categories` [ RunTime:0.0049s ]
SQL: SELECT * FROM `report_categories` WHERE ( web=2 and type_id!=0 )  [ RunTime:0.0006s ]
NOTIC: [2] Missing argument 1 for Think\Model::where(), called in D:\phpStudy\WWW\zjtr\Application\Admin\Controller\NewController.class.php on line 139 and defined D:\phpStudy\WWW\zjtr\ThinkPHP\Library\Think\Model.class.php 第 1797 行.
NOTIC: [8] Undefined variable: where D:\phpStudy\WWW\zjtr\ThinkPHP\Library\Think\Model.class.php 第 1805 行.
NOTIC: [8] Undefined variable: where D:\phpStudy\WWW\zjtr\ThinkPHP\Library\Think\Model.class.php 第 1808 行.
NOTIC: [8] Undefined variable: where D:\phpStudy\WWW\zjtr\ThinkPHP\Library\Think\Model.class.php 第 1816 行.
SQL: SELECT * FROM `new_x` WHERE `id` = 48 LIMIT 1   [ RunTime:0.0003s ]
INFO: [ view_parse ] --START--
INFO: [ template_filter ] --START--
INFO: Run Behavior\ContentReplaceBehavior [ RunTime:0.000096s ]
INFO: [ template_filter ] --END-- [ RunTime:0.000159s ]
INFO: Run Behavior\ParseTemplateBehavior [ RunTime:0.012761s ]
INFO: [ view_parse ] --END-- [ RunTime:0.012902s ]
INFO: [ view_filter ] --START--
INFO: Run Behavior\WriteHtmlCacheBehavior [ RunTime:0.000379s ]
INFO: [ view_filter ] --END-- [ RunTime:0.000456s ]
INFO: [ app_end ] --START--
INFO: Run Behavior\ShowPageTraceBehavior [ RunTime:0.000734s ]
INFO: [ app_end ] --END-- [ RunTime:0.000834s ]

