[ 2018-03-27T09:21:45+08:00 ] ::1 /fyls/Admin/Department/department
INFO: [ app_init ] --START--
INFO: Run Behavior\BuildLiteBehavior [ RunTime:0.000021s ]
INFO: [ app_init ] --END-- [ RunTime:0.001206s ]
INFO: [ app_begin ] --START--
INFO: Run Behavior\ReadHtmlCacheBehavior [ RunTime:0.001995s ]
INFO: [ app_begin ] --END-- [ RunTime:0.002130s ]
SQL: SHOW COLUMNS FROM `departments` [ RunTime:0.1068s ]
SQL: SELECT COUNT(*) AS tp_count FROM `departments` WHERE ( flag = 0 ) LIMIT 1   [ RunTime:0.0008s ]
SQL: SELECT * FROM `departments` WHERE ( flag = 0 ) ORDER BY id asc LIMIT 0,10   [ RunTime:0.0324s ]
INFO: [ view_parse ] --START--
INFO: [ template_filter ] --START--
INFO: Run Behavior\ContentReplaceBehavior [ RunTime:0.008065s ]
INFO: [ template_filter ] --END-- [ RunTime:0.008436s ]
INFO: Run Behavior\ParseTemplateBehavior [ RunTime:0.119491s ]
INFO: [ view_parse ] --END-- [ RunTime:0.119590s ]
INFO: [ view_filter ] --START--
INFO: Run Behavior\WriteHtmlCacheBehavior [ RunTime:0.000923s ]
INFO: [ view_filter ] --END-- [ RunTime:0.000999s ]
INFO: [ app_end ] --START--
INFO: Run Behavior\ShowPageTraceBehavior [ RunTime:0.002902s ]
INFO: [ app_end ] --END-- [ RunTime:0.003050s ]

[ 2018-03-27T09:26:14+08:00 ] ::1 /fyls/Admin/Department/department
INFO: [ app_init ] --START--
INFO: Run Behavior\BuildLiteBehavior [ RunTime:0.000017s ]
INFO: [ app_init ] --END-- [ RunTime:0.000685s ]
INFO: [ app_begin ] --START--
INFO: Run Behavior\ReadHtmlCacheBehavior [ RunTime:0.000731s ]
INFO: [ app_begin ] --END-- [ RunTime:0.000781s ]
SQL: SHOW COLUMNS FROM `departments` [ RunTime:0.0058s ]
SQL: SELECT COUNT(*) AS tp_count FROM `departments` WHERE ( flag = 0 ) LIMIT 1   [ RunTime:0.0002s ]
SQL: SELECT * FROM `departments` WHERE ( flag = 0 ) ORDER BY id asc LIMIT 0,10   [ RunTime:0.0004s ]
INFO: [ view_parse ] --START--
INFO: [ template_filter ] --START--
INFO: Run Behavior\ContentReplaceBehavior [ RunTime:0.000071s ]
INFO: [ template_filter ] --END-- [ RunTime:0.000107s ]
INFO: Run Behavior\ParseTemplateBehavior [ RunTime:0.007614s ]
INFO: [ view_parse ] --END-- [ RunTime:0.007655s ]
INFO: [ view_filter ] --START--
INFO: Run Behavior\WriteHtmlCacheBehavior [ RunTime:0.000310s ]
INFO: [ view_filter ] --END-- [ RunTime:0.000337s ]
INFO: [ app_end ] --START--
INFO: Run Behavior\ShowPageTraceBehavior [ RunTime:0.000614s ]
INFO: [ app_end ] --END-- [ RunTime:0.000650s ]

[ 2018-03-27T09:26:24+08:00 ] ::1 /fyls/Admin/Department/department
INFO: [ app_init ] --START--
INFO: Run Behavior\BuildLiteBehavior [ RunTime:0.000012s ]
INFO: [ app_init ] --END-- [ RunTime:0.000813s ]
INFO: [ app_begin ] --START--
INFO: Run Behavior\ReadHtmlCacheBehavior [ RunTime:0.000552s ]
INFO: [ app_begin ] --END-- [ RunTime:0.000599s ]
SQL: SHOW COLUMNS FROM `departments` [ RunTime:0.0139s ]
SQL: SELECT COUNT(*) AS tp_count FROM `departments` WHERE ( flag = 0 ) LIMIT 1   [ RunTime:0.0006s ]
SQL: SELECT * FROM `departments` WHERE ( flag = 0 ) ORDER BY id asc LIMIT 0,10   [ RunTime:0.0007s ]
INFO: [ view_parse ] --START--
INFO: [ template_filter ] --START--
INFO: Run Behavior\ContentReplaceBehavior [ RunTime:0.000191s ]
INFO: [ template_filter ] --END-- [ RunTime:0.000277s ]
INFO: Run Behavior\ParseTemplateBehavior [ RunTime:0.013787s ]
INFO: [ view_parse ] --END-- [ RunTime:0.013878s ]
INFO: [ view_filter ] --START--
INFO: Run Behavior\WriteHtmlCacheBehavior [ RunTime:0.000620s ]
INFO: [ view_filter ] --END-- [ RunTime:0.000687s ]
INFO: [ app_end ] --START--
INFO: Run Behavior\ShowPageTraceBehavior [ RunTime:0.001187s ]
INFO: [ app_end ] --END-- [ RunTime:0.001286s ]

[ 2018-03-27T09:26:30+08:00 ] ::1 /fyls/Admin/Department/department
INFO: [ app_init ] --START--
INFO: Run Behavior\BuildLiteBehavior [ RunTime:0.000014s ]
INFO: [ app_init ] --END-- [ RunTime:0.000650s ]
INFO: [ app_begin ] --START--
INFO: Run Behavior\ReadHtmlCacheBehavior [ RunTime:0.000587s ]
INFO: [ app_begin ] --END-- [ RunTime:0.000636s ]
SQL: SHOW COLUMNS FROM `departments` [ RunTime:0.0050s ]
SQL: SELECT COUNT(*) AS tp_count FROM `departments` WHERE ( flag = 0 ) LIMIT 1   [ RunTime:0.0003s ]
SQL: SELECT * FROM `departments` WHERE ( flag = 0 ) ORDER BY id asc LIMIT 0,10   [ RunTime:0.0003s ]
INFO: [ view_parse ] --START--
INFO: [ template_filter ] --START--
INFO: Run Behavior\ContentReplaceBehavior [ RunTime:0.000059s ]
INFO: [ template_filter ] --END-- [ RunTime:0.000087s ]
INFO: Run Behavior\ParseTemplateBehavior [ RunTime:0.004738s ]
INFO: [ view_parse ] --END-- [ RunTime:0.004779s ]
INFO: [ view_filter ] --START--
INFO: Run Behavior\WriteHtmlCacheBehavior [ RunTime:0.000259s ]
INFO: [ view_filter ] --END-- [ RunTime:0.000284s ]
INFO: [ app_end ] --START--
INFO: Run Behavior\ShowPageTraceBehavior [ RunTime:0.000581s ]
INFO: [ app_end ] --END-- [ RunTime:0.000627s ]

[ 2018-03-27T09:44:59+08:00 ] ::1 /fyls/admin.php/Leave/leave_list
ERR: syntax error, unexpected 'else' (T_ELSE), expecting end of file

[ 2018-03-27T09:48:33+08:00 ] ::1 /fyls/admin.php/Leave/leave_list
ERR: syntax error, unexpected 'else' (T_ELSE), expecting end of file

[ 2018-03-27T09:53:10+08:00 ] ::1 /fyls/Admin/Index/login
INFO: [ app_init ] --START--
INFO: Run Behavior\BuildLiteBehavior [ RunTime:0.000007s ]
INFO: [ app_init ] --END-- [ RunTime:0.000328s ]
INFO: [ app_begin ] --START--
INFO: Run Behavior\ReadHtmlCacheBehavior [ RunTime:0.000378s ]
INFO: [ app_begin ] --END-- [ RunTime:0.000406s ]
INFO: [ view_parse ] --START--
INFO: [ template_filter ] --START--
INFO: Run Behavior\ContentReplaceBehavior [ RunTime:0.000084s ]
INFO: [ template_filter ] --END-- [ RunTime:0.000239s ]
INFO: Run Behavior\ParseTemplateBehavior [ RunTime:0.005051s ]
INFO: [ view_parse ] --END-- [ RunTime:0.005096s ]
INFO: [ view_filter ] --START--
INFO: Run Behavior\WriteHtmlCacheBehavior [ RunTime:0.000309s ]
INFO: [ view_filter ] --END-- [ RunTime:0.000336s ]
INFO: [ app_end ] --START--
INFO: Run Behavior\ShowPageTraceBehavior [ RunTime:0.000571s ]
INFO: [ app_end ] --END-- [ RunTime:0.000626s ]

[ 2018-03-27T09:53:17+08:00 ] ::1 /fyls/Admin/Index/login
INFO: [ app_init ] --START--
INFO: Run Behavior\BuildLiteBehavior [ RunTime:0.000012s ]
INFO: [ app_init ] --END-- [ RunTime:0.000483s ]
INFO: [ app_begin ] --START--
INFO: Run Behavior\ReadHtmlCacheBehavior [ RunTime:0.000685s ]
INFO: [ app_begin ] --END-- [ RunTime:0.000750s ]
SQL: SHOW COLUMNS FROM `admin_user` [ RunTime:0.0128s ]
SQL: SELECT COUNT(*) AS tp_count FROM `admin_user` WHERE `name` = '赵志网' AND `password` = '4297f44b13955235245b2497399d7a93' LIMIT 1   [ RunTime:0.0003s ]
SQL: SELECT * FROM `admin_user` WHERE `name` = '赵志网' AND `password` = '4297f44b13955235245b2497399d7a93' LIMIT 1   [ RunTime:0.0003s ]
INFO: [ app_end ] --START--
INFO: Run Behavior\ShowPageTraceBehavior [ RunTime:0.000802s ]
INFO: [ app_end ] --END-- [ RunTime:0.000858s ]

[ 2018-03-27T09:53:19+08:00 ] ::1 /fyls/Admin/Department/department
INFO: [ app_init ] --START--
INFO: Run Behavior\BuildLiteBehavior [ RunTime:0.000010s ]
INFO: [ app_init ] --END-- [ RunTime:0.000398s ]
INFO: [ app_begin ] --START--
INFO: Run Behavior\ReadHtmlCacheBehavior [ RunTime:0.000475s ]
INFO: [ app_begin ] --END-- [ RunTime:0.000512s ]
SQL: SHOW COLUMNS FROM `departments` [ RunTime:0.0393s ]
SQL: SELECT COUNT(*) AS tp_count FROM `departments` WHERE ( flag = 0 ) LIMIT 1   [ RunTime:0.0007s ]
SQL: SELECT * FROM `departments` WHERE ( flag = 0 ) ORDER BY id asc LIMIT 0,10   [ RunTime:0.0008s ]
INFO: [ view_parse ] --START--
INFO: [ template_filter ] --START--
INFO: Run Behavior\ContentReplaceBehavior [ RunTime:0.000206s ]
INFO: [ template_filter ] --END-- [ RunTime:0.000299s ]
INFO: Run Behavior\ParseTemplateBehavior [ RunTime:0.017337s ]
INFO: [ view_parse ] --END-- [ RunTime:0.017501s ]
INFO: [ view_filter ] --START--
INFO: Run Behavior\WriteHtmlCacheBehavior [ RunTime:0.001080s ]
INFO: [ view_filter ] --END-- [ RunTime:0.001204s ]
INFO: [ app_end ] --START--
INFO: Run Behavior\ShowPageTraceBehavior [ RunTime:0.001742s ]
INFO: [ app_end ] --END-- [ RunTime:0.001859s ]

[ 2018-03-27T09:53:29+08:00 ] ::1 /fyls/Admin/Department/department
INFO: [ app_init ] --START--
INFO: Run Behavior\BuildLiteBehavior [ RunTime:0.000014s ]
INFO: [ app_init ] --END-- [ RunTime:0.000488s ]
INFO: [ app_begin ] --START--
INFO: Run Behavior\ReadHtmlCacheBehavior [ RunTime:0.001742s ]
INFO: [ app_begin ] --END-- [ RunTime:0.001948s ]
SQL: SHOW COLUMNS FROM `departments` [ RunTime:0.0176s ]
SQL: SELECT COUNT(*) AS tp_count FROM `departments` WHERE ( flag = 0 ) LIMIT 1   [ RunTime:0.0007s ]
SQL: SELECT * FROM `departments` WHERE ( flag = 0 ) ORDER BY id asc LIMIT 0,10   [ RunTime:0.0009s ]
INFO: [ view_parse ] --START--
INFO: [ template_filter ] --START--
INFO: Run Behavior\ContentReplaceBehavior [ RunTime:0.000210s ]
INFO: [ template_filter ] --END-- [ RunTime:0.000307s ]
INFO: Run Behavior\ParseTemplateBehavior [ RunTime:0.019466s ]
INFO: [ view_parse ] --END-- [ RunTime:0.019590s ]
INFO: [ view_filter ] --START--
INFO: Run Behavior\WriteHtmlCacheBehavior [ RunTime:0.000682s ]
INFO: [ view_filter ] --END-- [ RunTime:0.000758s ]
INFO: [ app_end ] --START--
INFO: Run Behavior\ShowPageTraceBehavior [ RunTime:0.001362s ]
INFO: [ app_end ] --END-- [ RunTime:0.001465s ]

[ 2018-03-27T10:00:56+08:00 ] ::1 /fyls/Admin/Index/login
INFO: [ app_init ] --START--
INFO: Run Behavior\BuildLiteBehavior [ RunTime:0.000008s ]
INFO: [ app_init ] --END-- [ RunTime:0.000373s ]
INFO: [ app_begin ] --START--
INFO: Run Behavior\ReadHtmlCacheBehavior [ RunTime:0.000387s ]
INFO: [ app_begin ] --END-- [ RunTime:0.000415s ]
INFO: [ view_parse ] --START--
INFO: [ template_filter ] --START--
INFO: Run Behavior\ContentReplaceBehavior [ RunTime:0.000035s ]
INFO: [ template_filter ] --END-- [ RunTime:0.000062s ]
INFO: Run Behavior\ParseTemplateBehavior [ RunTime:0.004660s ]
INFO: [ view_parse ] --END-- [ RunTime:0.004691s ]
INFO: [ view_filter ] --START--
INFO: Run Behavior\WriteHtmlCacheBehavior [ RunTime:0.000255s ]
INFO: [ view_filter ] --END-- [ RunTime:0.000277s ]
INFO: [ app_end ] --START--
INFO: Run Behavior\ShowPageTraceBehavior [ RunTime:0.000407s ]
INFO: [ app_end ] --END-- [ RunTime:0.000431s ]

[ 2018-03-27T10:01:01+08:00 ] ::1 /fyls/Admin/Index/login
INFO: [ app_init ] --START--
INFO: Run Behavior\BuildLiteBehavior [ RunTime:0.000028s ]
INFO: [ app_init ] --END-- [ RunTime:0.001292s ]
INFO: [ app_begin ] --START--
INFO: Run Behavior\ReadHtmlCacheBehavior [ RunTime:0.000548s ]
INFO: [ app_begin ] --END-- [ RunTime:0.000613s ]
SQL: SHOW COLUMNS FROM `admin_user` [ RunTime:0.0140s ]
SQL: SELECT COUNT(*) AS tp_count FROM `admin_user` WHERE `name` = 'admin' AND `password` = 'e10adc3949ba59abbe56e057f20f883e' LIMIT 1   [ RunTime:0.0004s ]
SQL: SELECT * FROM `admin_user` WHERE `name` = 'admin' AND `password` = 'e10adc3949ba59abbe56e057f20f883e' LIMIT 1   [ RunTime:0.0004s ]
INFO: [ app_end ] --START--
INFO: Run Behavior\ShowPageTraceBehavior [ RunTime:0.000919s ]
INFO: [ app_end ] --END-- [ RunTime:0.000978s ]

[ 2018-03-27T10:01:03+08:00 ] ::1 /fyls/Admin/Department/department
INFO: [ app_init ] --START--
INFO: Run Behavior\BuildLiteBehavior [ RunTime:0.000013s ]
INFO: [ app_init ] --END-- [ RunTime:0.000433s ]
INFO: [ app_begin ] --START--
INFO: Run Behavior\ReadHtmlCacheBehavior [ RunTime:0.000731s ]
INFO: [ app_begin ] --END-- [ RunTime:0.000796s ]
SQL: SHOW COLUMNS FROM `departments` [ RunTime:0.0186s ]
SQL: SELECT COUNT(*) AS tp_count FROM `departments` WHERE ( flag = 0 ) LIMIT 1   [ RunTime:0.0011s ]
SQL: SELECT * FROM `departments` WHERE ( flag = 0 ) ORDER BY id asc LIMIT 0,10   [ RunTime:0.0008s ]
INFO: [ view_parse ] --START--
INFO: [ template_filter ] --START--
INFO: Run Behavior\ContentReplaceBehavior [ RunTime:0.000214s ]
INFO: [ template_filter ] --END-- [ RunTime:0.000319s ]
INFO: Run Behavior\ParseTemplateBehavior [ RunTime:0.018325s ]
INFO: [ view_parse ] --END-- [ RunTime:0.018424s ]
INFO: [ view_filter ] --START--
INFO: Run Behavior\WriteHtmlCacheBehavior [ RunTime:0.000715s ]
INFO: [ view_filter ] --END-- [ RunTime:0.000797s ]
INFO: [ app_end ] --START--
INFO: Run Behavior\ShowPageTraceBehavior [ RunTime:0.001405s ]
INFO: [ app_end ] --END-- [ RunTime:0.001517s ]

[ 2018-03-27T10:01:25+08:00 ] ::1 /fyls/Admin/Department/department
INFO: [ app_init ] --START--
INFO: Run Behavior\BuildLiteBehavior [ RunTime:0.000010s ]
INFO: [ app_init ] --END-- [ RunTime:0.000384s ]
INFO: [ app_begin ] --START--
INFO: Run Behavior\ReadHtmlCacheBehavior [ RunTime:0.001718s ]
INFO: [ app_begin ] --END-- [ RunTime:0.001918s ]
SQL: SHOW COLUMNS FROM `departments` [ RunTime:0.0299s ]
SQL: SELECT COUNT(*) AS tp_count FROM `departments` WHERE ( flag = 0 ) LIMIT 1   [ RunTime:0.0008s ]
SQL: SELECT * FROM `departments` WHERE ( flag = 0 ) ORDER BY id asc LIMIT 0,10   [ RunTime:0.0008s ]
INFO: [ view_parse ] --START--
INFO: [ template_filter ] --START--
INFO: Run Behavior\ContentReplaceBehavior [ RunTime:0.000218s ]
INFO: [ template_filter ] --END-- [ RunTime:0.000320s ]
INFO: Run Behavior\ParseTemplateBehavior [ RunTime:0.017149s ]
INFO: [ view_parse ] --END-- [ RunTime:0.017250s ]
INFO: [ view_filter ] --START--
INFO: Run Behavior\WriteHtmlCacheBehavior [ RunTime:0.000690s ]
INFO: [ view_filter ] --END-- [ RunTime:0.000769s ]
INFO: [ app_end ] --START--
INFO: Run Behavior\ShowPageTraceBehavior [ RunTime:0.001527s ]
INFO: [ app_end ] --END-- [ RunTime:0.001613s ]

[ 2018-03-27T10:05:21+08:00 ] ::1 /fyls/Admin/Permission/travelinfo?id=42
INFO: [ app_init ] --START--
INFO: Run Behavior\BuildLiteBehavior [ RunTime:0.000007s ]
INFO: [ app_init ] --END-- [ RunTime:0.000322s ]
INFO: [ app_begin ] --START--
INFO: Run Behavior\ReadHtmlCacheBehavior [ RunTime:0.000404s ]
INFO: [ app_begin ] --END-- [ RunTime:0.000432s ]
SQL: SHOW COLUMNS FROM `form_business_travel` [ RunTime:0.0182s ]
SQL: SELECT * FROM `form_business_travel` WHERE `id` = 42 LIMIT 1   [ RunTime:0.0008s ]
SQL: SHOW COLUMNS FROM `departments` [ RunTime:0.0169s ]
SQL: SELECT `department_name` FROM `departments` WHERE ( 1 ) LIMIT 1   [ RunTime:0.0008s ]
INFO: [ view_parse ] --START--
INFO: [ template_filter ] --START--
INFO: Run Behavior\ContentReplaceBehavior [ RunTime:0.000148s ]
INFO: [ template_filter ] --END-- [ RunTime:0.000239s ]
NOTIC: [8] Undefined variable: page D:\phpStudy\WWW\fyls\Application\Runtime\Cache\Admin\36b21d1a41ee4d47b28f6f0437aa557a.php 第 211 行.
INFO: Run Behavior\ParseTemplateBehavior [ RunTime:0.016586s ]
INFO: [ view_parse ] --END-- [ RunTime:0.016681s ]
INFO: [ view_filter ] --START--
INFO: Run Behavior\WriteHtmlCacheBehavior [ RunTime:0.000567s ]
INFO: [ view_filter ] --END-- [ RunTime:0.000617s ]
INFO: [ app_end ] --START--
INFO: Run Behavior\ShowPageTraceBehavior [ RunTime:0.001130s ]
INFO: [ app_end ] --END-- [ RunTime:0.001198s ]

[ 2018-03-27T10:05:29+08:00 ] ::1 /fyls/Admin/Permission/adopt
INFO: [ app_init ] --START--
INFO: Run Behavior\BuildLiteBehavior [ RunTime:0.000007s ]
INFO: [ app_init ] --END-- [ RunTime:0.000295s ]
INFO: [ app_begin ] --START--
INFO: Run Behavior\ReadHtmlCacheBehavior [ RunTime:0.000397s ]
INFO: [ app_begin ] --END-- [ RunTime:0.000431s ]
SQL: SHOW COLUMNS FROM `form_business_travel` [ RunTime:0.0182s ]
SQL: UPDATE `form_business_travel` SET `bm_sp`='1',`id`='42',`flag`='1' WHERE ( id=42 ) [ RunTime:0.0010s ]
INFO: [ app_end ] --START--
INFO: Run Behavior\ShowPageTraceBehavior [ RunTime:0.001947s ]
INFO: [ app_end ] --END-- [ RunTime:0.002089s ]

[ 2018-03-27T10:05:31+08:00 ] ::1 /fyls/Admin/Permission/travel
INFO: [ app_init ] --START--
INFO: Run Behavior\BuildLiteBehavior [ RunTime:0.000007s ]
INFO: [ app_init ] --END-- [ RunTime:0.000282s ]
INFO: [ app_begin ] --START--
INFO: Run Behavior\ReadHtmlCacheBehavior [ RunTime:0.000335s ]
INFO: [ app_begin ] --END-- [ RunTime:0.000362s ]
SQL: SHOW COLUMNS FROM `admin_user` [ RunTime:0.0170s ]
SQL: SELECT * FROM `admin_user` WHERE ( id=1 ) LIMIT 1   [ RunTime:0.0006s ]
SQL: SHOW COLUMNS FROM `stations` [ RunTime:0.0073s ]
SQL: SELECT * FROM `stations` WHERE ( id =1 AND station_name LIKE "%主管%" ) LIMIT 1   [ RunTime:0.0003s ]
SQL: SELECT * FROM `stations` WHERE ( id =1 AND station_name LIKE "%经理%" ) LIMIT 1   [ RunTime:0.0003s ]
SQL: SHOW COLUMNS FROM `departments` [ RunTime:0.0084s ]
SQL: SELECT * FROM `departments` WHERE ( id =1 AND department_name LIKE "%市场部%" ) LIMIT 1   [ RunTime:0.0003s ]
SQL: SHOW COLUMNS FROM `form_business_travel` [ RunTime:0.0079s ]
SQL: SELECT * FROM `form_business_travel` WHERE ( department_id=1 AND aid=1 AND bm_sp=0 AND flag <> 3 )  [ RunTime:0.0003s ]
INFO: [ view_parse ] --START--
INFO: [ template_filter ] --START--
INFO: Run Behavior\ContentReplaceBehavior [ RunTime:0.000071s ]
INFO: [ template_filter ] --END-- [ RunTime:0.000107s ]
NOTIC: [8] Undefined variable: page D:\phpStudy\WWW\fyls\Application\Runtime\Cache\Admin\65ffb8a17a523a698d6d523769f90e19.php 第 209 行.
INFO: Run Behavior\ParseTemplateBehavior [ RunTime:0.006879s ]
INFO: [ view_parse ] --END-- [ RunTime:0.006929s ]
INFO: [ view_filter ] --START--
INFO: Run Behavior\WriteHtmlCacheBehavior [ RunTime:0.000284s ]
INFO: [ view_filter ] --END-- [ RunTime:0.000327s ]
INFO: [ app_end ] --START--
INFO: Run Behavior\ShowPageTraceBehavior [ RunTime:0.000565s ]
INFO: [ app_end ] --END-- [ RunTime:0.000611s ]

[ 2018-03-27T10:06:25+08:00 ] ::1 /fyls/Admin/Permission/travel
INFO: [ app_init ] --START--
INFO: Run Behavior\BuildLiteBehavior [ RunTime:0.000007s ]
INFO: [ app_init ] --END-- [ RunTime:0.000262s ]
INFO: [ app_begin ] --START--
INFO: Run Behavior\ReadHtmlCacheBehavior [ RunTime:0.000341s ]
INFO: [ app_begin ] --END-- [ RunTime:0.000368s ]
SQL: SHOW COLUMNS FROM `admin_user` [ RunTime:0.0308s ]
SQL: SELECT * FROM `admin_user` WHERE ( id=1 ) LIMIT 1   [ RunTime:0.0009s ]
SQL: SHOW COLUMNS FROM `stations` [ RunTime:0.0140s ]
SQL: SELECT * FROM `stations` WHERE ( id =1 AND station_name LIKE "%主管%" ) LIMIT 1   [ RunTime:0.0007s ]
SQL: SELECT * FROM `stations` WHERE ( id =1 AND station_name LIKE "%经理%" ) LIMIT 1   [ RunTime:0.0006s ]
SQL: SHOW COLUMNS FROM `departments` [ RunTime:0.0145s ]
SQL: SELECT * FROM `departments` WHERE ( id =1 AND department_name LIKE "%市场部%" ) LIMIT 1   [ RunTime:0.0006s ]
SQL: SHOW COLUMNS FROM `form_business_travel` [ RunTime:0.0101s ]
SQL: SELECT * FROM `form_business_travel` WHERE ( department_id=1 AND aid=1 AND bm_sp=0 AND flag <> 3 )  [ RunTime:0.0006s ]
INFO: [ view_parse ] --START--
INFO: [ template_filter ] --START--
INFO: Run Behavior\ContentReplaceBehavior [ RunTime:0.000146s ]
INFO: [ template_filter ] --END-- [ RunTime:0.000210s ]
NOTIC: [8] Undefined variable: page D:\phpStudy\WWW\fyls\Application\Runtime\Cache\Admin\65ffb8a17a523a698d6d523769f90e19.php 第 209 行.
INFO: Run Behavior\ParseTemplateBehavior [ RunTime:0.010954s ]
INFO: [ view_parse ] --END-- [ RunTime:0.011014s ]
INFO: [ view_filter ] --START--
INFO: Run Behavior\WriteHtmlCacheBehavior [ RunTime:0.000588s ]
INFO: [ view_filter ] --END-- [ RunTime:0.000643s ]
INFO: [ app_end ] --START--
INFO: Run Behavior\ShowPageTraceBehavior [ RunTime:0.000891s ]
INFO: [ app_end ] --END-- [ RunTime:0.000951s ]

[ 2018-03-27T10:07:29+08:00 ] ::1 /fyls/Admin/Permission/travel
INFO: [ app_init ] --START--
INFO: Run Behavior\BuildLiteBehavior [ RunTime:0.000007s ]
INFO: [ app_init ] --END-- [ RunTime:0.000343s ]
INFO: [ app_begin ] --START--
INFO: Run Behavior\ReadHtmlCacheBehavior [ RunTime:0.000374s ]
INFO: [ app_begin ] --END-- [ RunTime:0.000404s ]
SQL: SHOW COLUMNS FROM `admin_user` [ RunTime:0.0184s ]
SQL: SELECT * FROM `admin_user` WHERE ( id=1 ) LIMIT 1   [ RunTime:0.0008s ]
SQL: SHOW COLUMNS FROM `stations` [ RunTime:0.0147s ]
SQL: SELECT * FROM `stations` WHERE ( id =1 AND station_name LIKE "%主管%" ) LIMIT 1   [ RunTime:0.0007s ]
SQL: SELECT * FROM `stations` WHERE ( id =1 AND station_name LIKE "%经理%" ) LIMIT 1   [ RunTime:0.0006s ]
SQL: SHOW COLUMNS FROM `departments` [ RunTime:0.0147s ]
SQL: SELECT * FROM `departments` WHERE ( id =1 AND department_name LIKE "%市场部%" ) LIMIT 1   [ RunTime:0.0008s ]
SQL: SHOW COLUMNS FROM `form_business_travel` [ RunTime:0.0152s ]
SQL: SELECT * FROM `form_business_travel` WHERE ( department_id=1 AND aid=1 AND bm_sp=0 AND flag <> 3 )  [ RunTime:0.0009s ]
INFO: [ view_parse ] --START--
INFO: [ template_filter ] --START--
INFO: Run Behavior\ContentReplaceBehavior [ RunTime:0.000130s ]
INFO: [ template_filter ] --END-- [ RunTime:0.000190s ]
NOTIC: [8] Undefined variable: page D:\phpStudy\WWW\fyls\Application\Runtime\Cache\Admin\65ffb8a17a523a698d6d523769f90e19.php 第 209 行.
INFO: Run Behavior\ParseTemplateBehavior [ RunTime:0.012109s ]
INFO: [ view_parse ] --END-- [ RunTime:0.012190s ]
INFO: [ view_filter ] --START--
INFO: Run Behavior\WriteHtmlCacheBehavior [ RunTime:0.000657s ]
INFO: [ view_filter ] --END-- [ RunTime:0.000708s ]
INFO: [ app_end ] --START--
INFO: Run Behavior\ShowPageTraceBehavior [ RunTime:0.000991s ]
INFO: [ app_end ] --END-- [ RunTime:0.001044s ]

[ 2018-03-27T10:15:01+08:00 ] ::1 /fyls/Admin/Permission/travel
INFO: [ app_init ] --START--
INFO: Run Behavior\BuildLiteBehavior [ RunTime:0.000009s ]
INFO: [ app_init ] --END-- [ RunTime:0.000384s ]
INFO: [ app_begin ] --START--
INFO: Run Behavior\ReadHtmlCacheBehavior [ RunTime:0.000396s ]
INFO: [ app_begin ] --END-- [ RunTime:0.000434s ]
SQL: SHOW COLUMNS FROM `admin_user` [ RunTime:0.0151s ]
SQL: SELECT * FROM `admin_user` WHERE ( id=1 ) LIMIT 1   [ RunTime:0.0005s ]
SQL: SHOW COLUMNS FROM `stations` [ RunTime:0.0112s ]
SQL: SELECT * FROM `stations` WHERE ( id =1 AND station_name LIKE "%主管%" ) LIMIT 1   [ RunTime:0.0005s ]
SQL: SELECT * FROM `stations` WHERE ( id =1 AND station_name LIKE "%经理%" ) LIMIT 1   [ RunTime:0.0004s ]
SQL: SHOW COLUMNS FROM `departments` [ RunTime:0.0086s ]
SQL: SELECT * FROM `departments` WHERE ( id =1 AND department_name LIKE "%市场部%" ) LIMIT 1   [ RunTime:0.0003s ]
SQL: SHOW COLUMNS FROM `form_business_travel` [ RunTime:0.0063s ]
SQL: SELECT * FROM `form_business_travel` WHERE ( department_id=1 AND aid=1 AND bm_sp=0 AND flag <> 3 )  [ RunTime:0.0003s ]
INFO: [ view_parse ] --START--
INFO: [ template_filter ] --START--
INFO: Run Behavior\ContentReplaceBehavior [ RunTime:0.000074s ]
INFO: [ template_filter ] --END-- [ RunTime:0.000106s ]
NOTIC: [8] Undefined variable: page D:\phpStudy\WWW\fyls\Application\Runtime\Cache\Admin\65ffb8a17a523a698d6d523769f90e19.php 第 209 行.
INFO: Run Behavior\ParseTemplateBehavior [ RunTime:0.007988s ]
INFO: [ view_parse ] --END-- [ RunTime:0.008026s ]
INFO: [ view_filter ] --START--
INFO: Run Behavior\WriteHtmlCacheBehavior [ RunTime:0.000392s ]
INFO: [ view_filter ] --END-- [ RunTime:0.000421s ]
INFO: [ app_end ] --START--
INFO: Run Behavior\ShowPageTraceBehavior [ RunTime:0.000634s ]
INFO: [ app_end ] --END-- [ RunTime:0.000680s ]

[ 2018-03-27T10:15:25+08:00 ] ::1 /fyls/Admin/Approval/leaveinfo?id=3
INFO: [ app_init ] --START--
INFO: Run Behavior\BuildLiteBehavior [ RunTime:0.000007s ]
INFO: [ app_init ] --END-- [ RunTime:0.000329s ]
INFO: [ app_begin ] --START--
INFO: Run Behavior\ReadHtmlCacheBehavior [ RunTime:0.000379s ]
INFO: [ app_begin ] --END-- [ RunTime:0.000408s ]
SQL: SHOW COLUMNS FROM `form_leave` [ RunTime:0.0308s ]
SQL: SELECT * FROM `form_leave` WHERE `id` = 3 LIMIT 1   [ RunTime:0.0008s ]
SQL: SHOW COLUMNS FROM `departments` [ RunTime:0.0104s ]
SQL: SELECT `department_name` FROM `departments` WHERE ( 1 ) LIMIT 1   [ RunTime:0.0004s ]
INFO: [ view_parse ] --START--
INFO: [ template_filter ] --START--
INFO: Run Behavior\ContentReplaceBehavior [ RunTime:0.000142s ]
INFO: [ template_filter ] --END-- [ RunTime:0.000200s ]
NOTIC: [8] Undefined variable: page D:\phpStudy\WWW\fyls\Application\Runtime\Cache\Admin\ecb9a78beb3ab95efcea11a686f6037b.php 第 206 行.
INFO: Run Behavior\ParseTemplateBehavior [ RunTime:0.011618s ]
INFO: [ view_parse ] --END-- [ RunTime:0.011674s ]
INFO: [ view_filter ] --START--
INFO: Run Behavior\WriteHtmlCacheBehavior [ RunTime:0.000596s ]
INFO: [ view_filter ] --END-- [ RunTime:0.000652s ]
INFO: [ app_end ] --START--
INFO: Run Behavior\ShowPageTraceBehavior [ RunTime:0.001353s ]
INFO: [ app_end ] --END-- [ RunTime:0.001445s ]

[ 2018-03-27T10:15:28+08:00 ] ::1 /fyls/Admin/Approval/adopt
INFO: [ app_init ] --START--
INFO: Run Behavior\BuildLiteBehavior [ RunTime:0.000007s ]
INFO: [ app_init ] --END-- [ RunTime:0.000283s ]
INFO: [ app_begin ] --START--
INFO: Run Behavior\ReadHtmlCacheBehavior [ RunTime:0.000369s ]
INFO: [ app_begin ] --END-- [ RunTime:0.000403s ]
SQL: SHOW COLUMNS FROM `form_leave` [ RunTime:0.0171s ]
SQL: UPDATE `form_leave` SET `bm_sp`='1',`id`='3',`flag`='1' WHERE ( id=3 ) [ RunTime:0.0010s ]
INFO: [ app_end ] --START--
INFO: Run Behavior\ShowPageTraceBehavior [ RunTime:0.001384s ]
INFO: [ app_end ] --END-- [ RunTime:0.001482s ]

[ 2018-03-27T10:15:30+08:00 ] ::1 /fyls/Admin/Approval/leave
INFO: [ app_init ] --START--
INFO: Run Behavior\BuildLiteBehavior [ RunTime:0.000007s ]
INFO: [ app_init ] --END-- [ RunTime:0.000287s ]
INFO: [ app_begin ] --START--
INFO: Run Behavior\ReadHtmlCacheBehavior [ RunTime:0.000315s ]
INFO: [ app_begin ] --END-- [ RunTime:0.000342s ]
SQL: SHOW COLUMNS FROM `admin_user` [ RunTime:0.0159s ]
SQL: SELECT * FROM `admin_user` WHERE ( id=1 ) LIMIT 1   [ RunTime:0.0007s ]
SQL: SHOW COLUMNS FROM `stations` [ RunTime:0.0170s ]
SQL: SELECT * FROM `stations` WHERE ( id =1 AND station_name LIKE "%主管%" ) LIMIT 1   [ RunTime:0.0008s ]
SQL: SELECT * FROM `stations` WHERE ( id =1 AND station_name LIKE "%经理%" ) LIMIT 1   [ RunTime:0.0007s ]
SQL: SHOW COLUMNS FROM `form_leave` [ RunTime:0.0131s ]
SQL: SELECT * FROM `form_leave`  [ RunTime:0.0005s ]
INFO: [ view_parse ] --START--
INFO: [ template_filter ] --START--
INFO: Run Behavior\ContentReplaceBehavior [ RunTime:0.000148s ]
INFO: [ template_filter ] --END-- [ RunTime:0.000216s ]
NOTIC: [8] Undefined variable: page D:\phpStudy\WWW\fyls\Application\Runtime\Cache\Admin\950e4f67b0dddaf03a8f367024e1ac33.php 第 208 行.
INFO: Run Behavior\ParseTemplateBehavior [ RunTime:0.012420s ]
INFO: [ view_parse ] --END-- [ RunTime:0.012488s ]
INFO: [ view_filter ] --START--
INFO: Run Behavior\WriteHtmlCacheBehavior [ RunTime:0.000566s ]
INFO: [ view_filter ] --END-- [ RunTime:0.000626s ]
INFO: [ app_end ] --START--
INFO: Run Behavior\ShowPageTraceBehavior [ RunTime:0.001050s ]
INFO: [ app_end ] --END-- [ RunTime:0.001141s ]

[ 2018-03-27T10:15:36+08:00 ] ::1 /fyls/Admin/Approval/leaveinfo?id=3
INFO: [ app_init ] --START--
INFO: Run Behavior\BuildLiteBehavior [ RunTime:0.000012s ]
INFO: [ app_init ] --END-- [ RunTime:0.000531s ]
INFO: [ app_begin ] --START--
INFO: Run Behavior\ReadHtmlCacheBehavior [ RunTime:0.000830s ]
INFO: [ app_begin ] --END-- [ RunTime:0.000890s ]
SQL: SHOW COLUMNS FROM `form_leave` [ RunTime:0.0163s ]
SQL: SELECT * FROM `form_leave` WHERE `id` = 3 LIMIT 1   [ RunTime:0.0008s ]
SQL: SHOW COLUMNS FROM `departments` [ RunTime:0.0157s ]
SQL: SELECT `department_name` FROM `departments` WHERE ( 1 ) LIMIT 1   [ RunTime:0.0007s ]
INFO: [ view_parse ] --START--
INFO: [ template_filter ] --START--
INFO: Run Behavior\ContentReplaceBehavior [ RunTime:0.000230s ]
INFO: [ template_filter ] --END-- [ RunTime:0.000327s ]
NOTIC: [8] Undefined variable: page D:\phpStudy\WWW\fyls\Application\Runtime\Cache\Admin\ecb9a78beb3ab95efcea11a686f6037b.php 第 206 行.
INFO: Run Behavior\ParseTemplateBehavior [ RunTime:0.017060s ]
INFO: [ view_parse ] --END-- [ RunTime:0.017164s ]
INFO: [ view_filter ] --START--
INFO: Run Behavior\WriteHtmlCacheBehavior [ RunTime:0.000614s ]
INFO: [ view_filter ] --END-- [ RunTime:0.000681s ]
INFO: [ app_end ] --START--
INFO: Run Behavior\ShowPageTraceBehavior [ RunTime:0.001042s ]
INFO: [ app_end ] --END-- [ RunTime:0.001124s ]

[ 2018-03-27T10:18:53+08:00 ] ::1 /fyls/Admin/Approval/leaveinfo?id=3
INFO: [ app_init ] --START--
INFO: Run Behavior\BuildLiteBehavior [ RunTime:0.000014s ]
INFO: [ app_init ] --END-- [ RunTime:0.000742s ]
INFO: [ app_begin ] --START--
INFO: Run Behavior\ReadHtmlCacheBehavior [ RunTime:0.001032s ]
INFO: [ app_begin ] --END-- [ RunTime:0.001119s ]
SQL: SHOW COLUMNS FROM `form_leave` [ RunTime:0.0300s ]
SQL: SELECT * FROM `form_leave` WHERE `id` = 3 LIMIT 1   [ RunTime:0.0008s ]
SQL: SHOW COLUMNS FROM `departments` [ RunTime:0.0157s ]
SQL: SELECT `department_name` FROM `departments` WHERE ( 1 ) LIMIT 1   [ RunTime:0.0006s ]
INFO: [ view_parse ] --START--
INFO: [ template_filter ] --START--
INFO: Run Behavior\ContentReplaceBehavior [ RunTime:0.000146s ]
INFO: [ template_filter ] --END-- [ RunTime:0.000205s ]
NOTIC: [8] Undefined variable: page D:\phpStudy\WWW\fyls\Application\Runtime\Cache\Admin\ecb9a78beb3ab95efcea11a686f6037b.php 第 211 行.
INFO: Run Behavior\ParseTemplateBehavior [ RunTime:0.012396s ]
INFO: [ view_parse ] --END-- [ RunTime:0.012466s ]
INFO: [ view_filter ] --START--
INFO: Run Behavior\WriteHtmlCacheBehavior [ RunTime:0.000615s ]
INFO: [ view_filter ] --END-- [ RunTime:0.000664s ]
INFO: [ app_end ] --START--
INFO: Run Behavior\ShowPageTraceBehavior [ RunTime:0.001163s ]
INFO: [ app_end ] --END-- [ RunTime:0.001232s ]

[ 2018-03-27T10:20:42+08:00 ] ::1 /fyls/Admin/Permission/travelinfo?id=41
INFO: [ app_init ] --START--
INFO: Run Behavior\BuildLiteBehavior [ RunTime:0.000007s ]
INFO: [ app_init ] --END-- [ RunTime:0.000316s ]
INFO: [ app_begin ] --START--
INFO: Run Behavior\ReadHtmlCacheBehavior [ RunTime:0.000405s ]
INFO: [ app_begin ] --END-- [ RunTime:0.000433s ]
SQL: SHOW COLUMNS FROM `form_business_travel` [ RunTime:0.0282s ]
SQL: SELECT * FROM `form_business_travel` WHERE `id` = 41 LIMIT 1   [ RunTime:0.0007s ]
SQL: SHOW COLUMNS FROM `departments` [ RunTime:0.0155s ]
SQL: SELECT `department_name` FROM `departments` WHERE ( 1 ) LIMIT 1   [ RunTime:0.0006s ]
INFO: [ view_parse ] --START--
INFO: [ template_filter ] --START--
INFO: Run Behavior\ContentReplaceBehavior [ RunTime:0.000234s ]
INFO: [ template_filter ] --END-- [ RunTime:0.000338s ]
NOTIC: [8] Undefined variable: page D:\phpStudy\WWW\fyls\Application\Runtime\Cache\Admin\36b21d1a41ee4d47b28f6f0437aa557a.php 第 211 行.
INFO: Run Behavior\ParseTemplateBehavior [ RunTime:0.019439s ]
INFO: [ view_parse ] --END-- [ RunTime:0.019521s ]
INFO: [ view_filter ] --START--
INFO: Run Behavior\WriteHtmlCacheBehavior [ RunTime:0.000748s ]
INFO: [ view_filter ] --END-- [ RunTime:0.000817s ]
INFO: [ app_end ] --START--
INFO: Run Behavior\ShowPageTraceBehavior [ RunTime:0.001266s ]
INFO: [ app_end ] --END-- [ RunTime:0.001345s ]

[ 2018-03-27T10:51:59+08:00 ] ::1 /fyls/Admin/Approval/leaveinfo?id=3
INFO: [ app_init ] --START--
INFO: Run Behavior\BuildLiteBehavior [ RunTime:0.000007s ]
INFO: [ app_init ] --END-- [ RunTime:0.000320s ]
INFO: [ app_begin ] --START--
INFO: Run Behavior\ReadHtmlCacheBehavior [ RunTime:0.000376s ]
INFO: [ app_begin ] --END-- [ RunTime:0.000405s ]
SQL: SHOW COLUMNS FROM `form_leave` [ RunTime:0.0170s ]
SQL: SELECT * FROM `form_leave` WHERE `id` = 3 LIMIT 1   [ RunTime:0.0008s ]
SQL: SHOW COLUMNS FROM `departments` [ RunTime:0.0159s ]
SQL: SELECT `department_name` FROM `departments` WHERE ( 1 ) LIMIT 1   [ RunTime:0.0006s ]
INFO: [ view_parse ] --START--
INFO: [ template_filter ] --START--
INFO: Run Behavior\ContentReplaceBehavior [ RunTime:0.000148s ]
INFO: [ template_filter ] --END-- [ RunTime:0.000214s ]
NOTIC: [8] Undefined variable: page D:\phpStudy\WWW\fyls\Application\Runtime\Cache\Admin\ecb9a78beb3ab95efcea11a686f6037b.php 第 211 行.
INFO: Run Behavior\ParseTemplateBehavior [ RunTime:0.014882s ]
INFO: [ view_parse ] --END-- [ RunTime:0.014950s ]
INFO: [ view_filter ] --START--
INFO: Run Behavior\WriteHtmlCacheBehavior [ RunTime:0.000564s ]
INFO: [ view_filter ] --END-- [ RunTime:0.000628s ]
INFO: [ app_end ] --START--
INFO: Run Behavior\ShowPageTraceBehavior [ RunTime:0.000998s ]
INFO: [ app_end ] --END-- [ RunTime:0.001053s ]

[ 2018-03-27T12:04:18+08:00 ] ::1 /fyls/admin.php/Expre/express
ERR: 1064:You have an error in your SQL syntax; check the manual that corresponds to your MySQL server version for the right syntax to use near 'AND department_name LIKE "%市场%部%" ) LIMIT 1' at line 1
 [ SQL语句 ] : SELECT * FROM `departments` WHERE ( id = AND department_name LIKE "%市场%部%" ) LIMIT 1  
ERR: 1064:You have an error in your SQL syntax; check the manual that corresponds to your MySQL server version for the right syntax to use near 'AND department_name LIKE "%市场%部%" ) LIMIT 1' at line 1
 [ SQL语句 ] : SELECT * FROM `departments` WHERE ( id = AND department_name LIKE "%市场%部%" ) LIMIT 1  

[ 2018-03-27T12:04:56+08:00 ] ::1 /fyls/admin.php/Expre/expre_index
ERR: XML标签语法错误 : condition="($expre 

[ 2018-03-27T12:05:52+08:00 ] ::1 /fyls/admin.php/Expre/expre_index
ERR: XML标签语法错误 : condition="($expre

[ 2018-03-27T13:06:05+08:00 ] ::1 /fyls/Admin/Expre/expre_del?id=9
INFO: [ app_init ] --START--
INFO: Run Behavior\BuildLiteBehavior [ RunTime:0.000010s ]
INFO: [ app_init ] --END-- [ RunTime:0.000466s ]
INFO: [ app_begin ] --START--
INFO: Run Behavior\ReadHtmlCacheBehavior [ RunTime:0.000441s ]
INFO: [ app_begin ] --END-- [ RunTime:0.000475s ]
SQL: SHOW COLUMNS FROM `expre` [ RunTime:0.0079s ]
SQL: DELETE FROM `expre` WHERE ( id=9 ) [ RunTime:0.0006s ]
INFO: [ app_end ] --START--
INFO: Run Behavior\ShowPageTraceBehavior [ RunTime:0.000900s ]
INFO: [ app_end ] --END-- [ RunTime:0.000955s ]

[ 2018-03-27T13:06:07+08:00 ] ::1 /fyls/Admin/Expre/express
INFO: [ app_init ] --START--
INFO: Run Behavior\BuildLiteBehavior [ RunTime:0.000016s ]
INFO: [ app_init ] --END-- [ RunTime:0.001076s ]
INFO: [ app_begin ] --START--
INFO: Run Behavior\ReadHtmlCacheBehavior [ RunTime:0.000636s ]
INFO: [ app_begin ] --END-- [ RunTime:0.000684s ]
SQL: SHOW COLUMNS FROM `admin_user` [ RunTime:0.0250s ]
SQL: SELECT * FROM `admin_user` WHERE ( id=1 ) LIMIT 1   [ RunTime:0.0004s ]
SQL: SHOW COLUMNS FROM `stations` [ RunTime:0.0908s ]
SQL: SELECT * FROM `stations` WHERE ( id =1 AND station_name LIKE "%主管%" ) LIMIT 1   [ RunTime:0.0004s ]
SQL: SHOW COLUMNS FROM `expre` [ RunTime:0.0062s ]
SQL: SELECT * FROM `expre` WHERE ( bm_id=1 AND flag=0 )  [ RunTime:0.0003s ]
INFO: [ view_parse ] --START--
INFO: [ template_filter ] --START--
INFO: Run Behavior\ContentReplaceBehavior [ RunTime:0.000078s ]
INFO: [ template_filter ] --END-- [ RunTime:0.000109s ]
NOTIC: [8] Undefined variable: page D:\phpStudy\WWW\fyls\Application\Runtime\Cache\Admin\ae1dd134e042541e101a47fddfff346e.php 第 205 行.
INFO: Run Behavior\ParseTemplateBehavior [ RunTime:0.006625s ]
INFO: [ view_parse ] --END-- [ RunTime:0.006675s ]
INFO: [ view_filter ] --START--
INFO: Run Behavior\WriteHtmlCacheBehavior [ RunTime:0.000463s ]
INFO: [ view_filter ] --END-- [ RunTime:0.000507s ]
INFO: [ app_end ] --START--
INFO: Run Behavior\ShowPageTraceBehavior [ RunTime:0.000714s ]
INFO: [ app_end ] --END-- [ RunTime:0.000768s ]

