[ 2018-01-09T11:41:11+08:00 ] ::1 /zjtr/admin
INFO: [ app_init ] --START--
INFO: Run Behavior\BuildLiteBehavior [ RunTime:0.000028s ]
INFO: [ app_init ] --END-- [ RunTime:0.001837s ]
INFO: [ app_begin ] --START--
INFO: Run Behavior\ReadHtmlCacheBehavior [ RunTime:0.001120s ]
INFO: [ app_begin ] --END-- [ RunTime:0.001201s ]
SQL: SHOW COLUMNS FROM `news` [ RunTime:0.0266s ]
SQL: SELECT COUNT(*) AS tp_count FROM `news` LIMIT 1   [ RunTime:0.0005s ]
NOTIC: [8] Undefined variable: map D:\phpStudy\WWW\zjtr\Application\Admin\Controller\IndexController.class.php 第 18 行.
SQL: SELECT news.title,news.abstract,news.U_price,news.time,news.published,report_categories.type,news.type_id,news.pages FROM `news` INNER JOIN report_categories on news.n_id=report_categories.id  ORDER BY news.type_id asc LIMIT 0,10   [ RunTime:0.1012s ]
INFO: [ view_parse ] --START--
INFO: [ template_filter ] --START--
INFO: Run Behavior\ContentReplaceBehavior [ RunTime:0.000163s ]
INFO: [ template_filter ] --END-- [ RunTime:0.000308s ]
INFO: Run Behavior\ParseTemplateBehavior [ RunTime:0.056505s ]
INFO: [ view_parse ] --END-- [ RunTime:0.056693s ]
INFO: [ view_filter ] --START--
INFO: Run Behavior\WriteHtmlCacheBehavior [ RunTime:0.046224s ]
INFO: [ view_filter ] --END-- [ RunTime:0.046409s ]
INFO: [ app_end ] --START--
INFO: Run Behavior\ShowPageTraceBehavior [ RunTime:0.024620s ]
INFO: [ app_end ] --END-- [ RunTime:0.027632s ]

[ 2018-01-09T11:41:15+08:00 ] ::1 /zjtr/Admin/Product/product_mod?id=1
INFO: [ app_init ] --START--
INFO: Run Behavior\BuildLiteBehavior [ RunTime:0.000018s ]
INFO: [ app_init ] --END-- [ RunTime:0.000472s ]
INFO: [ app_begin ] --START--
INFO: Run Behavior\ReadHtmlCacheBehavior [ RunTime:0.000639s ]
INFO: [ app_begin ] --END-- [ RunTime:0.000703s ]
SQL: SHOW COLUMNS FROM `news` [ RunTime:0.0356s ]
NOTIC: [2] Missing argument 1 for Think\Model::where(), called in D:\phpStudy\WWW\zjtr\Application\Admin\Controller\ProductController.class.php on line 147 and defined D:\phpStudy\WWW\zjtr\ThinkPHP\Library\Think\Model.class.php 第 1797 行.
NOTIC: [8] Undefined variable: where D:\phpStudy\WWW\zjtr\ThinkPHP\Library\Think\Model.class.php 第 1805 行.
NOTIC: [8] Undefined variable: where D:\phpStudy\WWW\zjtr\ThinkPHP\Library\Think\Model.class.php 第 1808 行.
NOTIC: [8] Undefined variable: where D:\phpStudy\WWW\zjtr\ThinkPHP\Library\Think\Model.class.php 第 1816 行.
NOTIC: [2] Missing argument 1 for Think\Model::join(), called in D:\phpStudy\WWW\zjtr\Application\Admin\Controller\ProductController.class.php on line 147 and defined D:\phpStudy\WWW\zjtr\ThinkPHP\Library\Think\Model.class.php 第 1664 行.
NOTIC: [8] Undefined variable: join D:\phpStudy\WWW\zjtr\ThinkPHP\Library\Think\Model.class.php 第 1666 行.
SQL: SELECT * FROM `news` WHERE `Type_Id` = 1 LIMIT 1   [ RunTime:0.0011s ]
SQL: SHOW COLUMNS FROM `report_categories` [ RunTime:0.0111s ]
NOTIC: [2] Missing argument 1 for Think\Model::where(), called in D:\phpStudy\WWW\zjtr\Application\Admin\Controller\ProductController.class.php on line 151 and defined D:\phpStudy\WWW\zjtr\ThinkPHP\Library\Think\Model.class.php 第 1797 行.
NOTIC: [8] Undefined variable: where D:\phpStudy\WWW\zjtr\ThinkPHP\Library\Think\Model.class.php 第 1805 行.
NOTIC: [8] Undefined variable: where D:\phpStudy\WWW\zjtr\ThinkPHP\Library\Think\Model.class.php 第 1808 行.
NOTIC: [8] Undefined variable: where D:\phpStudy\WWW\zjtr\ThinkPHP\Library\Think\Model.class.php 第 1816 行.
SQL: SELECT * FROM `report_categories`  [ RunTime:0.0205s ]
INFO: [ view_parse ] --START--
INFO: [ template_filter ] --START--
INFO: Run Behavior\ContentReplaceBehavior [ RunTime:0.000080s ]
INFO: [ template_filter ] --END-- [ RunTime:0.000142s ]
INFO: Run Behavior\ParseTemplateBehavior [ RunTime:0.020827s ]
INFO: [ view_parse ] --END-- [ RunTime:0.020932s ]
INFO: [ view_filter ] --START--
INFO: Run Behavior\WriteHtmlCacheBehavior [ RunTime:0.000610s ]
INFO: [ view_filter ] --END-- [ RunTime:0.000659s ]
INFO: [ app_end ] --START--
INFO: Run Behavior\ShowPageTraceBehavior [ RunTime:0.000923s ]
INFO: [ app_end ] --END-- [ RunTime:0.000993s ]

[ 2018-01-09T11:46:48+08:00 ] ::1 /zjtr/Admin/Product/product_mod?id=1
INFO: [ app_init ] --START--
INFO: Run Behavior\BuildLiteBehavior [ RunTime:0.000016s ]
INFO: [ app_init ] --END-- [ RunTime:0.000419s ]
INFO: [ app_begin ] --START--
INFO: Run Behavior\ReadHtmlCacheBehavior [ RunTime:0.000688s ]
INFO: [ app_begin ] --END-- [ RunTime:0.000754s ]
SQL: SHOW COLUMNS FROM `news` [ RunTime:0.0084s ]
NOTIC: [8] Undefined index: validate D:\phpStudy\WWW\zjtr\ThinkPHP\Library\Think\Model.class.php 第 1185 行.
NOTIC: [8] Undefined index: auto D:\phpStudy\WWW\zjtr\ThinkPHP\Library\Think\Model.class.php 第 1128 行.
SQL: UPDATE `news` SET `Title`='中建天润',`Abstract`='中建天润',`n_id`='20',`Details`='&lt;p&gt;北京中建天润是十多年专一为中国建筑工程总公司提供CI整体策划实施的实体专业化经营公司 。北京中建天润是&lt;/p&gt;&lt;p&gt;十多年专一为中国建筑工程总公司提供CI整体策划实施的实体专业化经&lt;img src=&quot;http://localhost/ueditor/php/upload/image/20170925/1506333663708346.jpg&quot; title=&quot;1506333663708346.jpg&quot; alt=&quot;中建天润二级页面-经典案例_07.jpg&quot;/&gt;营公司&amp;nbsp;。北京中建天润是十多年专一为中国建筑工程&lt;/p&gt;&lt;p&gt;总公司提供CI整体策划实施的实体专业化经营公司 。北京中建天润是十多年专一为中国建筑工程总公司提供CI整体策划实施&lt;/p&gt;&lt;p&gt;的实体专业化经营公司 。北京中建天润是十多年专一为&lt;br/&gt;&lt;/p&gt;&lt;p&gt;中国建筑工程总公司提供CI整体策划实施的实体专业化经营公司 。&lt;/p&gt;&lt;p&gt;&amp;nbsp; &amp;nbsp; &amp;nbsp; &amp;nbsp; &amp;nbsp; 北京中建天润是十多年专一为中国建筑工程总公司提供CI整体策划实施的实体专业化经营公司 。北京中建天润是十多年专一为中国建筑工程总公司提供CI整体策划实施的实体专业化经营公司 。北京中建天润是十多年专一为中国建筑工程总公司提供CI整体策划实施的实体专业化经营公司 。北京中建天润是十多年专一为中国建筑公司 。北京中建天润是十多年专一为中国建筑工程总公司提供CI整体策划实施的实体专业化经营公司 。北京中建天润是十多年专一为中国建筑工程总公司提供CI整体策划实施的实体专业化经营公司&lt;/p&gt;&lt;p&gt;。&lt;br/&gt;&lt;/p&gt;' WHERE ( type_id=1 ) [ RunTime:0.0360s ]
INFO: [ app_end ] --START--
INFO: Run Behavior\ShowPageTraceBehavior [ RunTime:0.001750s ]
INFO: [ app_end ] --END-- [ RunTime:0.001887s ]

[ 2018-01-09T11:46:50+08:00 ] ::1 /zjtr/Admin/Product/product
INFO: [ app_init ] --START--
INFO: Run Behavior\BuildLiteBehavior [ RunTime:0.000017s ]
INFO: [ app_init ] --END-- [ RunTime:0.000422s ]
INFO: [ app_begin ] --START--
INFO: Run Behavior\ReadHtmlCacheBehavior [ RunTime:0.000899s ]
INFO: [ app_begin ] --END-- [ RunTime:0.001011s ]
SQL: SHOW COLUMNS FROM `news` [ RunTime:0.0139s ]
SQL: SELECT COUNT(*) AS tp_count FROM `news` WHERE ( top_id=1 ) LIMIT 1   [ RunTime:0.0008s ]
SQL: SELECT news.title,news.abstract,news.U_price,news.time,news.published,report_categories.type,news.type_id,news.pages,news.top_id FROM `news` INNER JOIN report_categories on news.n_id=report_categories.id  WHERE `top_id` = 1 ORDER BY news.time desc LIMIT 0,10   [ RunTime:0.0588s ]
INFO: [ view_parse ] --START--
INFO: [ template_filter ] --START--
INFO: Run Behavior\ContentReplaceBehavior [ RunTime:0.000120s ]
INFO: [ template_filter ] --END-- [ RunTime:0.000219s ]
INFO: Run Behavior\ParseTemplateBehavior [ RunTime:0.013366s ]
INFO: [ view_parse ] --END-- [ RunTime:0.013482s ]
INFO: [ view_filter ] --START--
INFO: Run Behavior\WriteHtmlCacheBehavior [ RunTime:0.000867s ]
INFO: [ view_filter ] --END-- [ RunTime:0.000954s ]
INFO: [ app_end ] --START--
INFO: Run Behavior\ShowPageTraceBehavior [ RunTime:0.001563s ]
INFO: [ app_end ] --END-- [ RunTime:0.001694s ]

[ 2018-01-09T11:46:53+08:00 ] ::1 /zjtr/Admin/Product/product_mod?id=1
INFO: [ app_init ] --START--
INFO: Run Behavior\BuildLiteBehavior [ RunTime:0.000021s ]
INFO: [ app_init ] --END-- [ RunTime:0.000426s ]
INFO: [ app_begin ] --START--
INFO: Run Behavior\ReadHtmlCacheBehavior [ RunTime:0.000848s ]
INFO: [ app_begin ] --END-- [ RunTime:0.000922s ]
SQL: SHOW COLUMNS FROM `news` [ RunTime:0.0083s ]
NOTIC: [2] Missing argument 1 for Think\Model::where(), called in D:\phpStudy\WWW\zjtr\Application\Admin\Controller\ProductController.class.php on line 147 and defined D:\phpStudy\WWW\zjtr\ThinkPHP\Library\Think\Model.class.php 第 1797 行.
NOTIC: [8] Undefined variable: where D:\phpStudy\WWW\zjtr\ThinkPHP\Library\Think\Model.class.php 第 1805 行.
NOTIC: [8] Undefined variable: where D:\phpStudy\WWW\zjtr\ThinkPHP\Library\Think\Model.class.php 第 1808 行.
NOTIC: [8] Undefined variable: where D:\phpStudy\WWW\zjtr\ThinkPHP\Library\Think\Model.class.php 第 1816 行.
NOTIC: [2] Missing argument 1 for Think\Model::join(), called in D:\phpStudy\WWW\zjtr\Application\Admin\Controller\ProductController.class.php on line 147 and defined D:\phpStudy\WWW\zjtr\ThinkPHP\Library\Think\Model.class.php 第 1664 行.
NOTIC: [8] Undefined variable: join D:\phpStudy\WWW\zjtr\ThinkPHP\Library\Think\Model.class.php 第 1666 行.
SQL: SELECT * FROM `news` WHERE `Type_Id` = 1 LIMIT 1   [ RunTime:0.0008s ]
SQL: SHOW COLUMNS FROM `report_categories` [ RunTime:0.0088s ]
NOTIC: [2] Missing argument 1 for Think\Model::where(), called in D:\phpStudy\WWW\zjtr\Application\Admin\Controller\ProductController.class.php on line 151 and defined D:\phpStudy\WWW\zjtr\ThinkPHP\Library\Think\Model.class.php 第 1797 行.
NOTIC: [8] Undefined variable: where D:\phpStudy\WWW\zjtr\ThinkPHP\Library\Think\Model.class.php 第 1805 行.
NOTIC: [8] Undefined variable: where D:\phpStudy\WWW\zjtr\ThinkPHP\Library\Think\Model.class.php 第 1808 行.
NOTIC: [8] Undefined variable: where D:\phpStudy\WWW\zjtr\ThinkPHP\Library\Think\Model.class.php 第 1816 行.
SQL: SELECT * FROM `report_categories`  [ RunTime:0.0009s ]
INFO: [ view_parse ] --START--
INFO: [ template_filter ] --START--
INFO: Run Behavior\ContentReplaceBehavior [ RunTime:0.000081s ]
INFO: [ template_filter ] --END-- [ RunTime:0.000143s ]
INFO: Run Behavior\ParseTemplateBehavior [ RunTime:0.017414s ]
INFO: [ view_parse ] --END-- [ RunTime:0.017518s ]
INFO: [ view_filter ] --START--
INFO: Run Behavior\WriteHtmlCacheBehavior [ RunTime:0.000610s ]
INFO: [ view_filter ] --END-- [ RunTime:0.000673s ]
INFO: [ app_end ] --START--
INFO: Run Behavior\ShowPageTraceBehavior [ RunTime:0.001048s ]
INFO: [ app_end ] --END-- [ RunTime:0.001126s ]

[ 2018-01-09T11:47:03+08:00 ] ::1 /zjtr/Admin/Product/product_mod?id=1
INFO: [ app_init ] --START--
INFO: Run Behavior\BuildLiteBehavior [ RunTime:0.000073s ]
INFO: [ app_init ] --END-- [ RunTime:0.001312s ]
INFO: [ app_begin ] --START--
INFO: Run Behavior\ReadHtmlCacheBehavior [ RunTime:0.001120s ]
INFO: [ app_begin ] --END-- [ RunTime:0.001241s ]
SQL: SHOW COLUMNS FROM `news` [ RunTime:0.0126s ]
NOTIC: [8] Undefined index: validate D:\phpStudy\WWW\zjtr\ThinkPHP\Library\Think\Model.class.php 第 1185 行.
NOTIC: [8] Undefined index: auto D:\phpStudy\WWW\zjtr\ThinkPHP\Library\Think\Model.class.php 第 1128 行.
SQL: UPDATE `news` SET `Title`='中建天润',`Abstract`='中建天润',`n_id`='20',`Details`='&lt;p&gt;北京中建天润是十多年专一为中国建筑工程总公司提供CI整体策划实施的实体专业化经营公司 。北京中建天润是&lt;/p&gt;&lt;p&gt;十多年专一为中国建筑工程总公司提供CI整体策划实施的实体专业化经营公司&amp;nbsp;。&lt;img src=&quot;http://localhost/ueditor/php/upload/image/20170925/1506333663708346.jpg&quot; title=&quot;1506333663708346.jpg&quot; alt=&quot;中建天润二级页面-经典案例_07.jpg&quot;/&gt;北京中建天润是十多年专一为中国建筑工程&lt;/p&gt;&lt;p&gt;总公司提供CI整体策划实施的实体专业化经营公司 。北京中建天润是十多年专一为中国建筑工程总公司提供CI整体策划实施&lt;/p&gt;&lt;p&gt;的实体专业化经营公司 。北京中建天润是十多年专一为&lt;br/&gt;&lt;/p&gt;&lt;p&gt;中国建筑工程总公司提供CI整体策划实施的实体专业化经营公司 。&lt;/p&gt;&lt;p&gt;&amp;nbsp; &amp;nbsp; &amp;nbsp; &amp;nbsp; &amp;nbsp; 北京中建天润是十多年专一为中国建筑工程总公司提供CI整体策划实施的实体专业化经营公司 。北京中建天润是十多年专一为中国建筑工程总公司提供CI整体策划实施的实体专业化经营公司 。北京中建天润是十多年专一为中国建筑工程总公司提供CI整体策划实施的实体专业化经营公司 。北京中建天润是十多年专一为中国建筑公司 。北京中建天润是十多年专一为中国建筑工程总公司提供CI整体策划实施的实体专业化经营公司 。北京中建天润是十多年专一为中国建筑工程总公司提供CI整体策划实施的实体专业化经营公司&lt;/p&gt;&lt;p&gt;。&lt;br/&gt;&lt;/p&gt;' WHERE ( type_id=1 ) [ RunTime:0.0008s ]
INFO: [ app_end ] --START--
INFO: Run Behavior\ShowPageTraceBehavior [ RunTime:0.001726s ]
INFO: [ app_end ] --END-- [ RunTime:0.001874s ]

[ 2018-01-09T11:47:05+08:00 ] ::1 /zjtr/Admin/Product/product
INFO: [ app_init ] --START--
INFO: Run Behavior\BuildLiteBehavior [ RunTime:0.000030s ]
INFO: [ app_init ] --END-- [ RunTime:0.000618s ]
INFO: [ app_begin ] --START--
INFO: Run Behavior\ReadHtmlCacheBehavior [ RunTime:0.001213s ]
INFO: [ app_begin ] --END-- [ RunTime:0.001309s ]
SQL: SHOW COLUMNS FROM `news` [ RunTime:0.0096s ]
SQL: SELECT COUNT(*) AS tp_count FROM `news` WHERE ( top_id=1 ) LIMIT 1   [ RunTime:0.0004s ]
SQL: SELECT news.title,news.abstract,news.U_price,news.time,news.published,report_categories.type,news.type_id,news.pages,news.top_id FROM `news` INNER JOIN report_categories on news.n_id=report_categories.id  WHERE `top_id` = 1 ORDER BY news.time desc LIMIT 0,10   [ RunTime:0.0010s ]
INFO: [ view_parse ] --START--
INFO: [ template_filter ] --START--
INFO: Run Behavior\ContentReplaceBehavior [ RunTime:0.000080s ]
INFO: [ template_filter ] --END-- [ RunTime:0.000155s ]
INFO: Run Behavior\ParseTemplateBehavior [ RunTime:0.013054s ]
INFO: [ view_parse ] --END-- [ RunTime:0.013169s ]
INFO: [ view_filter ] --START--
INFO: Run Behavior\WriteHtmlCacheBehavior [ RunTime:0.000670s ]
INFO: [ view_filter ] --END-- [ RunTime:0.000734s ]
INFO: [ app_end ] --START--
INFO: Run Behavior\ShowPageTraceBehavior [ RunTime:0.001388s ]
INFO: [ app_end ] --END-- [ RunTime:0.001485s ]

[ 2018-01-09T11:47:08+08:00 ] ::1 /zjtr/Admin/Product/product_mod?id=1
INFO: [ app_init ] --START--
INFO: Run Behavior\BuildLiteBehavior [ RunTime:0.000026s ]
INFO: [ app_init ] --END-- [ RunTime:0.000458s ]
INFO: [ app_begin ] --START--
INFO: Run Behavior\ReadHtmlCacheBehavior [ RunTime:0.000869s ]
INFO: [ app_begin ] --END-- [ RunTime:0.000951s ]
SQL: SHOW COLUMNS FROM `news` [ RunTime:0.0164s ]
NOTIC: [2] Missing argument 1 for Think\Model::where(), called in D:\phpStudy\WWW\zjtr\Application\Admin\Controller\ProductController.class.php on line 147 and defined D:\phpStudy\WWW\zjtr\ThinkPHP\Library\Think\Model.class.php 第 1797 行.
NOTIC: [8] Undefined variable: where D:\phpStudy\WWW\zjtr\ThinkPHP\Library\Think\Model.class.php 第 1805 行.
NOTIC: [8] Undefined variable: where D:\phpStudy\WWW\zjtr\ThinkPHP\Library\Think\Model.class.php 第 1808 行.
NOTIC: [8] Undefined variable: where D:\phpStudy\WWW\zjtr\ThinkPHP\Library\Think\Model.class.php 第 1816 行.
NOTIC: [2] Missing argument 1 for Think\Model::join(), called in D:\phpStudy\WWW\zjtr\Application\Admin\Controller\ProductController.class.php on line 147 and defined D:\phpStudy\WWW\zjtr\ThinkPHP\Library\Think\Model.class.php 第 1664 行.
NOTIC: [8] Undefined variable: join D:\phpStudy\WWW\zjtr\ThinkPHP\Library\Think\Model.class.php 第 1666 行.
SQL: SELECT * FROM `news` WHERE `Type_Id` = 1 LIMIT 1   [ RunTime:0.0012s ]
SQL: SHOW COLUMNS FROM `report_categories` [ RunTime:0.0089s ]
NOTIC: [2] Missing argument 1 for Think\Model::where(), called in D:\phpStudy\WWW\zjtr\Application\Admin\Controller\ProductController.class.php on line 151 and defined D:\phpStudy\WWW\zjtr\ThinkPHP\Library\Think\Model.class.php 第 1797 行.
NOTIC: [8] Undefined variable: where D:\phpStudy\WWW\zjtr\ThinkPHP\Library\Think\Model.class.php 第 1805 行.
NOTIC: [8] Undefined variable: where D:\phpStudy\WWW\zjtr\ThinkPHP\Library\Think\Model.class.php 第 1808 行.
NOTIC: [8] Undefined variable: where D:\phpStudy\WWW\zjtr\ThinkPHP\Library\Think\Model.class.php 第 1816 行.
SQL: SELECT * FROM `report_categories`  [ RunTime:0.0011s ]
INFO: [ view_parse ] --START--
INFO: [ template_filter ] --START--
INFO: Run Behavior\ContentReplaceBehavior [ RunTime:0.000117s ]
INFO: [ template_filter ] --END-- [ RunTime:0.000213s ]
INFO: Run Behavior\ParseTemplateBehavior [ RunTime:0.022332s ]
INFO: [ view_parse ] --END-- [ RunTime:0.022446s ]
INFO: [ view_filter ] --START--
INFO: Run Behavior\WriteHtmlCacheBehavior [ RunTime:0.000646s ]
INFO: [ view_filter ] --END-- [ RunTime:0.000701s ]
INFO: [ app_end ] --START--
INFO: Run Behavior\ShowPageTraceBehavior [ RunTime:0.000923s ]
INFO: [ app_end ] --END-- [ RunTime:0.000996s ]

[ 2018-01-09T11:47:19+08:00 ] ::1 /zjtr/Admin/Product/product_mod?id=1
INFO: [ app_init ] --START--
INFO: Run Behavior\BuildLiteBehavior [ RunTime:0.000022s ]
INFO: [ app_init ] --END-- [ RunTime:0.000528s ]
INFO: [ app_begin ] --START--
INFO: Run Behavior\ReadHtmlCacheBehavior [ RunTime:0.000799s ]
INFO: [ app_begin ] --END-- [ RunTime:0.000859s ]
SQL: SHOW COLUMNS FROM `news` [ RunTime:0.0072s ]
NOTIC: [8] Undefined index: validate D:\phpStudy\WWW\zjtr\ThinkPHP\Library\Think\Model.class.php 第 1185 行.
NOTIC: [8] Undefined index: auto D:\phpStudy\WWW\zjtr\ThinkPHP\Library\Think\Model.class.php 第 1128 行.
SQL: UPDATE `news` SET `Title`='中建天润',`Abstract`='中建天润',`n_id`='20',`Details`='&lt;p&gt;北京中建天润是十多年专一为中国建筑工程总公司提供CI整体策划实施的实体专业化经营公司 。北京中建天润是&lt;/p&gt;&lt;p&gt;十多年专一为中国建筑工程总公司提供CI整体策划实施的实体专业化经营公司&amp;nbsp;。&lt;img src=&quot;http://localhost/ueditor/php/upload/image/20170925/1506333663708346.jpg&quot; title=&quot;1506333663708346.jpg&quot; alt=&quot;中建天润二级页面-经典案例_07.jpg&quot;/&gt;北京中建天润是十多年专一为中国建筑工程&lt;/p&gt;&lt;p&gt;总公司提供CI整体策划实施的实体专业化经营公司 。北京中建天润是十多年专一为中国建筑工程总公司提供CI整体策划实施&lt;/p&gt;&lt;p&gt;的实体专业化经营公司 。北京中建天润是十多年专一为&lt;br/&gt;&lt;/p&gt;&lt;p&gt;中国建筑工程总公司提供CI整体策划实施的实体专业化经营公司 。&lt;/p&gt;&lt;p&gt;&amp;nbsp; &amp;nbsp; &amp;nbsp; &amp;nbsp; &amp;nbsp; 北京中建天润是十多年专一为中国建筑工程总公司提供CI整体策划实施的实体专业化经营公司 。北京中建天润是十多年专一为中国建筑工程总公司提供CI整体策划实施的实体专业化经营公司 。北京中建天润是十多年专一为中国建筑工程总公司提供CI整体策划实施的实体专业化经营公司 。北京中建天润是十多年专一为中国建筑公司 。北京中建天润是十多年专一为中国建筑工程总公司提供CI整体策划实施的实体专业化经营公司 。北京中建天润是十多年专一为中国建筑工程总公司提供CI整体策划实施的实体专业化经营公司&lt;/p&gt;&lt;p&gt;。&lt;br/&gt;&lt;/p&gt;' WHERE ( type_id=1 ) [ RunTime:0.0005s ]
INFO: [ app_end ] --START--
INFO: Run Behavior\ShowPageTraceBehavior [ RunTime:0.001560s ]
INFO: [ app_end ] --END-- [ RunTime:0.001657s ]

[ 2018-01-09T11:47:21+08:00 ] ::1 /zjtr/Admin/Product/product
INFO: [ app_init ] --START--
INFO: Run Behavior\BuildLiteBehavior [ RunTime:0.000015s ]
INFO: [ app_init ] --END-- [ RunTime:0.000420s ]
INFO: [ app_begin ] --START--
INFO: Run Behavior\ReadHtmlCacheBehavior [ RunTime:0.000761s ]
INFO: [ app_begin ] --END-- [ RunTime:0.000832s ]
SQL: SHOW COLUMNS FROM `news` [ RunTime:0.0233s ]
SQL: SELECT COUNT(*) AS tp_count FROM `news` WHERE ( top_id=1 ) LIMIT 1   [ RunTime:0.0011s ]
SQL: SELECT news.title,news.abstract,news.U_price,news.time,news.published,report_categories.type,news.type_id,news.pages,news.top_id FROM `news` INNER JOIN report_categories on news.n_id=report_categories.id  WHERE `top_id` = 1 ORDER BY news.time desc LIMIT 0,10   [ RunTime:0.0018s ]
INFO: [ view_parse ] --START--
INFO: [ template_filter ] --START--
INFO: Run Behavior\ContentReplaceBehavior [ RunTime:0.000120s ]
INFO: [ template_filter ] --END-- [ RunTime:0.000225s ]
INFO: Run Behavior\ParseTemplateBehavior [ RunTime:0.017097s ]
INFO: [ view_parse ] --END-- [ RunTime:0.017313s ]
INFO: [ view_filter ] --START--
INFO: Run Behavior\WriteHtmlCacheBehavior [ RunTime:0.001174s ]
INFO: [ view_filter ] --END-- [ RunTime:0.001311s ]
INFO: [ app_end ] --START--
INFO: Run Behavior\ShowPageTraceBehavior [ RunTime:0.002516s ]
INFO: [ app_end ] --END-- [ RunTime:0.002645s ]

[ 2018-01-09T11:47:24+08:00 ] ::1 /zjtr/Admin/Product/product_mod?id=1
INFO: [ app_init ] --START--
INFO: Run Behavior\BuildLiteBehavior [ RunTime:0.000016s ]
INFO: [ app_init ] --END-- [ RunTime:0.000424s ]
INFO: [ app_begin ] --START--
INFO: Run Behavior\ReadHtmlCacheBehavior [ RunTime:0.000924s ]
INFO: [ app_begin ] --END-- [ RunTime:0.001004s ]
SQL: SHOW COLUMNS FROM `news` [ RunTime:0.0133s ]
NOTIC: [2] Missing argument 1 for Think\Model::where(), called in D:\phpStudy\WWW\zjtr\Application\Admin\Controller\ProductController.class.php on line 147 and defined D:\phpStudy\WWW\zjtr\ThinkPHP\Library\Think\Model.class.php 第 1797 行.
NOTIC: [8] Undefined variable: where D:\phpStudy\WWW\zjtr\ThinkPHP\Library\Think\Model.class.php 第 1805 行.
NOTIC: [8] Undefined variable: where D:\phpStudy\WWW\zjtr\ThinkPHP\Library\Think\Model.class.php 第 1808 行.
NOTIC: [8] Undefined variable: where D:\phpStudy\WWW\zjtr\ThinkPHP\Library\Think\Model.class.php 第 1816 行.
NOTIC: [2] Missing argument 1 for Think\Model::join(), called in D:\phpStudy\WWW\zjtr\Application\Admin\Controller\ProductController.class.php on line 147 and defined D:\phpStudy\WWW\zjtr\ThinkPHP\Library\Think\Model.class.php 第 1664 行.
NOTIC: [8] Undefined variable: join D:\phpStudy\WWW\zjtr\ThinkPHP\Library\Think\Model.class.php 第 1666 行.
SQL: SELECT * FROM `news` WHERE `Type_Id` = 1 LIMIT 1   [ RunTime:0.0009s ]
SQL: SHOW COLUMNS FROM `report_categories` [ RunTime:0.0147s ]
NOTIC: [2] Missing argument 1 for Think\Model::where(), called in D:\phpStudy\WWW\zjtr\Application\Admin\Controller\ProductController.class.php on line 151 and defined D:\phpStudy\WWW\zjtr\ThinkPHP\Library\Think\Model.class.php 第 1797 行.
NOTIC: [8] Undefined variable: where D:\phpStudy\WWW\zjtr\ThinkPHP\Library\Think\Model.class.php 第 1805 行.
NOTIC: [8] Undefined variable: where D:\phpStudy\WWW\zjtr\ThinkPHP\Library\Think\Model.class.php 第 1808 行.
NOTIC: [8] Undefined variable: where D:\phpStudy\WWW\zjtr\ThinkPHP\Library\Think\Model.class.php 第 1816 行.
SQL: SELECT * FROM `report_categories`  [ RunTime:0.0013s ]
INFO: [ view_parse ] --START--
INFO: [ template_filter ] --START--
INFO: Run Behavior\ContentReplaceBehavior [ RunTime:0.000238s ]
INFO: [ template_filter ] --END-- [ RunTime:0.000431s ]
INFO: Run Behavior\ParseTemplateBehavior [ RunTime:0.029969s ]
INFO: [ view_parse ] --END-- [ RunTime:0.030198s ]
INFO: [ view_filter ] --START--
INFO: Run Behavior\WriteHtmlCacheBehavior [ RunTime:0.001618s ]
INFO: [ view_filter ] --END-- [ RunTime:0.001777s ]
INFO: [ app_end ] --START--
INFO: Run Behavior\ShowPageTraceBehavior [ RunTime:0.004058s ]
INFO: [ app_end ] --END-- [ RunTime:0.004263s ]

[ 2018-01-09T11:47:37+08:00 ] ::1 /zjtr/Admin/Product/product_mod?id=1
INFO: [ app_init ] --START--
INFO: Run Behavior\BuildLiteBehavior [ RunTime:0.000091s ]
INFO: [ app_init ] --END-- [ RunTime:0.001421s ]
INFO: [ app_begin ] --START--
INFO: Run Behavior\ReadHtmlCacheBehavior [ RunTime:0.000941s ]
INFO: [ app_begin ] --END-- [ RunTime:0.001027s ]
SQL: SHOW COLUMNS FROM `news` [ RunTime:0.0077s ]
NOTIC: [8] Undefined index: validate D:\phpStudy\WWW\zjtr\ThinkPHP\Library\Think\Model.class.php 第 1185 行.
NOTIC: [8] Undefined index: auto D:\phpStudy\WWW\zjtr\ThinkPHP\Library\Think\Model.class.php 第 1128 行.
SQL: UPDATE `news` SET `Title`='中建天润',`Abstract`='中建天润',`n_id`='20',`Details`='&lt;p&gt;北京中建天润是十多年专一为中国建筑工程总公司提供CI整体策划实施的实体专业化经营公司 。北京中建天润是&lt;/p&gt;&lt;p&gt;十多年专一为中国建筑工程总公司提供CI整体策划实施的实体专业化经营公司&amp;nbsp;。&lt;img src=&quot;http://localhost/ueditor/php/upload/image/20170925/1506333663708346.jpg&quot; title=&quot;1506333663708346.jpg&quot; alt=&quot;中建天润二级页面-经典案例_07.jpg&quot;/&gt;北京中建天润是十多年专一为中国建筑工程&lt;/p&gt;&lt;p&gt;总公司提供CI整体策划实施的实体专业化经营公司 。北京中建天润是十多年专一为中国建筑工程公司提供CI整体策划实施&lt;/p&gt;&lt;p&gt;的实体专业化经营公司 。北京中建天润是十多年专一为&lt;br/&gt;&lt;/p&gt;&lt;p&gt;中国建筑工程总公司提供CI整体策划实施的实体专业化经营公司 。&lt;/p&gt;&lt;p&gt;&amp;nbsp; &amp;nbsp; &amp;nbsp; &amp;nbsp; &amp;nbsp; 北京中建天润是十多年专一为中国建筑工程总公司提供CI整体策划实施的实体专业化经营公司 。北京中建天润是十多年专一为中国建筑工程总公司提供CI整体策划实施的实体专业化经营公司 。北京中建天润是十多年专一为中国建筑工程总公司提供CI整体策划实施的实体专业化经营公司 。北京中建天润是十多年专一为中国建筑公司 。北京中建天润是十多年专一为中国建筑工程总公司提供CI整体策划实施的实体专业化经营公司 。北京中建天润是十多年专一为中国建筑工程总公司提供CI整体策划实施的实体专业化经营公司&lt;/p&gt;&lt;p&gt;。&lt;br/&gt;&lt;/p&gt;' WHERE ( type_id=1 ) [ RunTime:0.0006s ]
INFO: [ app_end ] --START--
INFO: Run Behavior\ShowPageTraceBehavior [ RunTime:0.002098s ]
INFO: [ app_end ] --END-- [ RunTime:0.002234s ]

[ 2018-01-09T11:47:39+08:00 ] ::1 /zjtr/Admin/Product/product
INFO: [ app_init ] --START--
INFO: Run Behavior\BuildLiteBehavior [ RunTime:0.000016s ]
INFO: [ app_init ] --END-- [ RunTime:0.000390s ]
INFO: [ app_begin ] --START--
INFO: Run Behavior\ReadHtmlCacheBehavior [ RunTime:0.001163s ]
INFO: [ app_begin ] --END-- [ RunTime:0.001281s ]
SQL: SHOW COLUMNS FROM `news` [ RunTime:0.0087s ]
SQL: SELECT COUNT(*) AS tp_count FROM `news` WHERE ( top_id=1 ) LIMIT 1   [ RunTime:0.0006s ]
SQL: SELECT news.title,news.abstract,news.U_price,news.time,news.published,report_categories.type,news.type_id,news.pages,news.top_id FROM `news` INNER JOIN report_categories on news.n_id=report_categories.id  WHERE `top_id` = 1 ORDER BY news.time desc LIMIT 0,10   [ RunTime:0.0010s ]
INFO: [ view_parse ] --START--
INFO: [ template_filter ] --START--
INFO: Run Behavior\ContentReplaceBehavior [ RunTime:0.000142s ]
INFO: [ template_filter ] --END-- [ RunTime:0.000276s ]
INFO: Run Behavior\ParseTemplateBehavior [ RunTime:0.017861s ]
INFO: [ view_parse ] --END-- [ RunTime:0.018014s ]
INFO: [ view_filter ] --START--
INFO: Run Behavior\WriteHtmlCacheBehavior [ RunTime:0.001193s ]
INFO: [ view_filter ] --END-- [ RunTime:0.001302s ]
INFO: [ app_end ] --START--
INFO: Run Behavior\ShowPageTraceBehavior [ RunTime:0.001709s ]
INFO: [ app_end ] --END-- [ RunTime:0.001837s ]

[ 2018-01-09T11:48:49+08:00 ] ::1 /zjtr/Admin/Product/product_mod?id=1
INFO: [ app_init ] --START--
INFO: Run Behavior\BuildLiteBehavior [ RunTime:0.000018s ]
INFO: [ app_init ] --END-- [ RunTime:0.000416s ]
INFO: [ app_begin ] --START--
INFO: Run Behavior\ReadHtmlCacheBehavior [ RunTime:0.000945s ]
INFO: [ app_begin ] --END-- [ RunTime:0.001026s ]
SQL: SHOW COLUMNS FROM `news` [ RunTime:0.0168s ]
NOTIC: [2] Missing argument 1 for Think\Model::where(), called in D:\phpStudy\WWW\zjtr\Application\Admin\Controller\ProductController.class.php on line 147 and defined D:\phpStudy\WWW\zjtr\ThinkPHP\Library\Think\Model.class.php 第 1797 行.
NOTIC: [8] Undefined variable: where D:\phpStudy\WWW\zjtr\ThinkPHP\Library\Think\Model.class.php 第 1805 行.
NOTIC: [8] Undefined variable: where D:\phpStudy\WWW\zjtr\ThinkPHP\Library\Think\Model.class.php 第 1808 行.
NOTIC: [8] Undefined variable: where D:\phpStudy\WWW\zjtr\ThinkPHP\Library\Think\Model.class.php 第 1816 行.
NOTIC: [2] Missing argument 1 for Think\Model::join(), called in D:\phpStudy\WWW\zjtr\Application\Admin\Controller\ProductController.class.php on line 147 and defined D:\phpStudy\WWW\zjtr\ThinkPHP\Library\Think\Model.class.php 第 1664 行.
NOTIC: [8] Undefined variable: join D:\phpStudy\WWW\zjtr\ThinkPHP\Library\Think\Model.class.php 第 1666 行.
SQL: SELECT * FROM `news` WHERE `Type_Id` = 1 LIMIT 1   [ RunTime:0.0014s ]
SQL: SHOW COLUMNS FROM `report_categories` [ RunTime:0.0159s ]
NOTIC: [2] Missing argument 1 for Think\Model::where(), called in D:\phpStudy\WWW\zjtr\Application\Admin\Controller\ProductController.class.php on line 151 and defined D:\phpStudy\WWW\zjtr\ThinkPHP\Library\Think\Model.class.php 第 1797 行.
NOTIC: [8] Undefined variable: where D:\phpStudy\WWW\zjtr\ThinkPHP\Library\Think\Model.class.php 第 1805 行.
NOTIC: [8] Undefined variable: where D:\phpStudy\WWW\zjtr\ThinkPHP\Library\Think\Model.class.php 第 1808 行.
NOTIC: [8] Undefined variable: where D:\phpStudy\WWW\zjtr\ThinkPHP\Library\Think\Model.class.php 第 1816 行.
SQL: SELECT * FROM `report_categories`  [ RunTime:0.0012s ]
INFO: [ view_parse ] --START--
INFO: [ template_filter ] --START--
INFO: Run Behavior\ContentReplaceBehavior [ RunTime:0.000180s ]
INFO: [ template_filter ] --END-- [ RunTime:0.000344s ]
INFO: Run Behavior\ParseTemplateBehavior [ RunTime:0.020379s ]
INFO: [ view_parse ] --END-- [ RunTime:0.020501s ]
INFO: [ view_filter ] --START--
INFO: Run Behavior\WriteHtmlCacheBehavior [ RunTime:0.000886s ]
INFO: [ view_filter ] --END-- [ RunTime:0.000953s ]
INFO: [ app_end ] --START--
INFO: Run Behavior\ShowPageTraceBehavior [ RunTime:0.001162s ]
INFO: [ app_end ] --END-- [ RunTime:0.001251s ]

[ 2018-01-09T11:48:56+08:00 ] ::1 /zjtr/Admin/Product/product_mod?id=1
INFO: [ app_init ] --START--
INFO: Run Behavior\BuildLiteBehavior [ RunTime:0.000017s ]
INFO: [ app_init ] --END-- [ RunTime:0.000542s ]
INFO: [ app_begin ] --START--
INFO: Run Behavior\ReadHtmlCacheBehavior [ RunTime:0.000777s ]
INFO: [ app_begin ] --END-- [ RunTime:0.000838s ]
SQL: SHOW COLUMNS FROM `news` [ RunTime:0.0112s ]
NOTIC: [8] Undefined index: validate D:\phpStudy\WWW\zjtr\ThinkPHP\Library\Think\Model.class.php 第 1185 行.
NOTIC: [8] Undefined index: auto D:\phpStudy\WWW\zjtr\ThinkPHP\Library\Think\Model.class.php 第 1128 行.
SQL: UPDATE `news` SET `Title`='中建天润',`Abstract`='中建天润',`n_id`='20',`Details`='&lt;p&gt;北京中建天润是十多年专一为中国建筑工程总公司提供CI整体策划实施的实体专业化经营公司 。北京中建天润是&lt;/p&gt;&lt;p&gt;十多年专一为中国建筑工程总公司提供CI整体策划实施的实体专业化经营公司&amp;nbsp;。&lt;img src=&quot;http://localhost/ueditor/php/upload/image/20170925/1506333663708346.jpg&quot; title=&quot;1506333663708346.jpg&quot; alt=&quot;中建天润二级页面-经典案例_07.jpg&quot;/&gt;北京中建天润是十多年专一为中国建筑工程&lt;/p&gt;&lt;p&gt;总公司提供CI整体策划实施的实体专业化经营公司 。北京中建天润是十多年专一为中国建筑工程公司提供CI整体策划实施&lt;/p&gt;&lt;p&gt;的实体专业化经营公司 。北京中建天润是十多年专一为&lt;br/&gt;&lt;/p&gt;&lt;p&gt;中国建筑工程总公司提供CI整体策划实施的实体专业化经营公司 。&lt;/p&gt;&lt;p&gt;&amp;nbsp; &amp;nbsp; &amp;nbsp; &amp;nbsp; &amp;nbsp; 北京中建天润是十多年专一为中国建筑工程总公司提供CI整体策划实施的实体专业化经营公司 。北京中建天润是十多年专一为中国建筑工程总公司提供CI整体策划实施的实体专业化经营公司 。北京中建天润是十多年专一为中国建筑工程总公司提供CI整体策划实施的实体专业化经营公司 。北京中建天润是十多年专一为中国建筑公司 。北京中建天润是十多年专一为中国建筑工程总公司提供CI整体策划实施的实体专业化经营公司 。北京中建天润是十多年专一为中国建筑工程总公司提供CI整体策划实施的实体专业化经营公司&amp;nbsp;&lt;/p&gt;&lt;p&gt;。&lt;br/&gt;&lt;/p&gt;' WHERE ( type_id=1 ) [ RunTime:0.0011s ]
INFO: [ app_end ] --START--
INFO: Run Behavior\ShowPageTraceBehavior [ RunTime:0.005417s ]
INFO: [ app_end ] --END-- [ RunTime:0.005656s ]

[ 2018-01-09T11:48:58+08:00 ] ::1 /zjtr/Admin/Product/product
INFO: [ app_init ] --START--
INFO: Run Behavior\BuildLiteBehavior [ RunTime:0.000017s ]
INFO: [ app_init ] --END-- [ RunTime:0.000607s ]
INFO: [ app_begin ] --START--
INFO: Run Behavior\ReadHtmlCacheBehavior [ RunTime:0.000797s ]
INFO: [ app_begin ] --END-- [ RunTime:0.000875s ]
SQL: SHOW COLUMNS FROM `news` [ RunTime:0.0196s ]
SQL: SELECT COUNT(*) AS tp_count FROM `news` WHERE ( top_id=1 ) LIMIT 1   [ RunTime:0.0007s ]
SQL: SELECT news.title,news.abstract,news.U_price,news.time,news.published,report_categories.type,news.type_id,news.pages,news.top_id FROM `news` INNER JOIN report_categories on news.n_id=report_categories.id  WHERE `top_id` = 1 ORDER BY news.time desc LIMIT 0,10   [ RunTime:0.0009s ]
INFO: [ view_parse ] --START--
INFO: [ template_filter ] --START--
INFO: Run Behavior\ContentReplaceBehavior [ RunTime:0.000135s ]
INFO: [ template_filter ] --END-- [ RunTime:0.000290s ]
INFO: Run Behavior\ParseTemplateBehavior [ RunTime:0.018372s ]
INFO: [ view_parse ] --END-- [ RunTime:0.018531s ]
INFO: [ view_filter ] --START--
INFO: Run Behavior\WriteHtmlCacheBehavior [ RunTime:0.001185s ]
INFO: [ view_filter ] --END-- [ RunTime:0.001362s ]
INFO: [ app_end ] --START--
INFO: Run Behavior\ShowPageTraceBehavior [ RunTime:0.001558s ]
INFO: [ app_end ] --END-- [ RunTime:0.001745s ]

[ 2018-01-09T11:49:01+08:00 ] ::1 /zjtr/Admin/Product/product_mod?id=1
INFO: [ app_init ] --START--
INFO: Run Behavior\BuildLiteBehavior [ RunTime:0.000015s ]
INFO: [ app_init ] --END-- [ RunTime:0.000374s ]
INFO: [ app_begin ] --START--
INFO: Run Behavior\ReadHtmlCacheBehavior [ RunTime:0.000766s ]
INFO: [ app_begin ] --END-- [ RunTime:0.000830s ]
SQL: SHOW COLUMNS FROM `news` [ RunTime:0.0100s ]
NOTIC: [2] Missing argument 1 for Think\Model::where(), called in D:\phpStudy\WWW\zjtr\Application\Admin\Controller\ProductController.class.php on line 147 and defined D:\phpStudy\WWW\zjtr\ThinkPHP\Library\Think\Model.class.php 第 1797 行.
NOTIC: [8] Undefined variable: where D:\phpStudy\WWW\zjtr\ThinkPHP\Library\Think\Model.class.php 第 1805 行.
NOTIC: [8] Undefined variable: where D:\phpStudy\WWW\zjtr\ThinkPHP\Library\Think\Model.class.php 第 1808 行.
NOTIC: [8] Undefined variable: where D:\phpStudy\WWW\zjtr\ThinkPHP\Library\Think\Model.class.php 第 1816 行.
NOTIC: [2] Missing argument 1 for Think\Model::join(), called in D:\phpStudy\WWW\zjtr\Application\Admin\Controller\ProductController.class.php on line 147 and defined D:\phpStudy\WWW\zjtr\ThinkPHP\Library\Think\Model.class.php 第 1664 行.
NOTIC: [8] Undefined variable: join D:\phpStudy\WWW\zjtr\ThinkPHP\Library\Think\Model.class.php 第 1666 行.
SQL: SELECT * FROM `news` WHERE `Type_Id` = 1 LIMIT 1   [ RunTime:0.0007s ]
SQL: SHOW COLUMNS FROM `report_categories` [ RunTime:0.0115s ]
NOTIC: [2] Missing argument 1 for Think\Model::where(), called in D:\phpStudy\WWW\zjtr\Application\Admin\Controller\ProductController.class.php on line 151 and defined D:\phpStudy\WWW\zjtr\ThinkPHP\Library\Think\Model.class.php 第 1797 行.
NOTIC: [8] Undefined variable: where D:\phpStudy\WWW\zjtr\ThinkPHP\Library\Think\Model.class.php 第 1805 行.
NOTIC: [8] Undefined variable: where D:\phpStudy\WWW\zjtr\ThinkPHP\Library\Think\Model.class.php 第 1808 行.
NOTIC: [8] Undefined variable: where D:\phpStudy\WWW\zjtr\ThinkPHP\Library\Think\Model.class.php 第 1816 行.
SQL: SELECT * FROM `report_categories`  [ RunTime:0.0011s ]
INFO: [ view_parse ] --START--
INFO: [ template_filter ] --START--
INFO: Run Behavior\ContentReplaceBehavior [ RunTime:0.000083s ]
INFO: [ template_filter ] --END-- [ RunTime:0.000151s ]
INFO: Run Behavior\ParseTemplateBehavior [ RunTime:0.019054s ]
INFO: [ view_parse ] --END-- [ RunTime:0.019200s ]
INFO: [ view_filter ] --START--
INFO: Run Behavior\WriteHtmlCacheBehavior [ RunTime:0.000615s ]
INFO: [ view_filter ] --END-- [ RunTime:0.000668s ]
INFO: [ app_end ] --START--
INFO: Run Behavior\ShowPageTraceBehavior [ RunTime:0.001067s ]
INFO: [ app_end ] --END-- [ RunTime:0.001147s ]

[ 2018-01-09T11:49:10+08:00 ] ::1 /zjtr/Admin/Product/product_mod?id=1
INFO: [ app_init ] --START--
INFO: Run Behavior\BuildLiteBehavior [ RunTime:0.000024s ]
INFO: [ app_init ] --END-- [ RunTime:0.000563s ]
INFO: [ app_begin ] --START--
INFO: Run Behavior\ReadHtmlCacheBehavior [ RunTime:0.000837s ]
INFO: [ app_begin ] --END-- [ RunTime:0.000918s ]
SQL: SHOW COLUMNS FROM `news` [ RunTime:0.0049s ]
NOTIC: [8] Undefined index: validate D:\phpStudy\WWW\zjtr\ThinkPHP\Library\Think\Model.class.php 第 1185 行.
NOTIC: [8] Undefined index: auto D:\phpStudy\WWW\zjtr\ThinkPHP\Library\Think\Model.class.php 第 1128 行.
SQL: UPDATE `news` SET `Title`='中建天润',`Abstract`='中建天润',`n_id`='20',`Details`='&lt;p&gt;北京中建天润是十多年专一为中国建筑工程总公司提供CI整体策划实施的实体专业化经营公司 。北京中建天润是&lt;/p&gt;&lt;p&gt;十多年专一为中国建筑工程总公司提供CI整体策划实施的实体专业化经营公司&amp;nbsp;。&lt;img src=&quot;http://localhost/ueditor/php/upload/image/20170925/1506333663708346.jpg&quot; title=&quot;1506333663708346.jpg&quot; alt=&quot;中建天润二级页面-经典案例_07.jpg&quot;/&gt;北京中建天润是十多年专一为中国建筑工程&lt;/p&gt;&lt;p&gt;总公司提供CI整体策划实施的实体专业化经营公司 。北京中建天润是十多年专一为中国建筑工程公司提供CI整体策划实施&lt;/p&gt;&lt;p&gt;的实体专业化经营公司 。北京中建天润是十多年专一为&lt;br/&gt;&lt;/p&gt;&lt;p&gt;中国建筑工程总公司提供CI整体策划实施的实体专业化经营公司 。&lt;/p&gt;&lt;p&gt;&amp;nbsp; &amp;nbsp; &amp;nbsp; &amp;nbsp; &amp;nbsp; 北京中建天润是十多年专一为中国建筑工程总公司提供CI整体策划实施的实体专业化经营公司 。北京中建天润是十多年专一为中国建筑工程总公司提供CI整体策划实施的实体专业化经营公司 。北京中建天润是十多年专一为中国建筑工程总公司提供CI整体策划实施的实体专业化经营公司 。北京中建天润是十多年专一为中国建筑公司 。北京中建天润是十多年专一为中国建筑工程总公司提供CI整体策划实施的实体专业化经营公司 。北京中建天润是十多年专一为中国建筑工程总公司提供CI整体策划实施的实体专业化经营公司&amp;nbsp;&lt;/p&gt;&lt;p&gt;&lt;br/&gt;&lt;/p&gt;' WHERE ( type_id=1 ) [ RunTime:0.0006s ]
INFO: [ app_end ] --START--
INFO: Run Behavior\ShowPageTraceBehavior [ RunTime:0.001624s ]
INFO: [ app_end ] --END-- [ RunTime:0.001729s ]

[ 2018-01-09T11:49:13+08:00 ] ::1 /zjtr/Admin/Product/product
INFO: [ app_init ] --START--
INFO: Run Behavior\BuildLiteBehavior [ RunTime:0.000016s ]
INFO: [ app_init ] --END-- [ RunTime:0.000406s ]
INFO: [ app_begin ] --START--
INFO: Run Behavior\ReadHtmlCacheBehavior [ RunTime:0.000826s ]
INFO: [ app_begin ] --END-- [ RunTime:0.000893s ]
SQL: SHOW COLUMNS FROM `news` [ RunTime:0.0101s ]
SQL: SELECT COUNT(*) AS tp_count FROM `news` WHERE ( top_id=1 ) LIMIT 1   [ RunTime:0.0005s ]
SQL: SELECT news.title,news.abstract,news.U_price,news.time,news.published,report_categories.type,news.type_id,news.pages,news.top_id FROM `news` INNER JOIN report_categories on news.n_id=report_categories.id  WHERE `top_id` = 1 ORDER BY news.time desc LIMIT 0,10   [ RunTime:0.0010s ]
INFO: [ view_parse ] --START--
INFO: [ template_filter ] --START--
INFO: Run Behavior\ContentReplaceBehavior [ RunTime:0.000068s ]
INFO: [ template_filter ] --END-- [ RunTime:0.000129s ]
INFO: Run Behavior\ParseTemplateBehavior [ RunTime:0.015708s ]
INFO: [ view_parse ] --END-- [ RunTime:0.015861s ]
INFO: [ view_filter ] --START--
INFO: Run Behavior\WriteHtmlCacheBehavior [ RunTime:0.000934s ]
INFO: [ view_filter ] --END-- [ RunTime:0.001018s ]
INFO: [ app_end ] --START--
INFO: Run Behavior\ShowPageTraceBehavior [ RunTime:0.001165s ]
INFO: [ app_end ] --END-- [ RunTime:0.001275s ]

[ 2018-01-09T11:49:15+08:00 ] ::1 /zjtr/Admin/Product/product_mod?id=1
INFO: [ app_init ] --START--
INFO: Run Behavior\BuildLiteBehavior [ RunTime:0.000019s ]
INFO: [ app_init ] --END-- [ RunTime:0.000465s ]
INFO: [ app_begin ] --START--
INFO: Run Behavior\ReadHtmlCacheBehavior [ RunTime:0.001525s ]
INFO: [ app_begin ] --END-- [ RunTime:0.001683s ]
SQL: SHOW COLUMNS FROM `news` [ RunTime:0.0110s ]
NOTIC: [2] Missing argument 1 for Think\Model::where(), called in D:\phpStudy\WWW\zjtr\Application\Admin\Controller\ProductController.class.php on line 147 and defined D:\phpStudy\WWW\zjtr\ThinkPHP\Library\Think\Model.class.php 第 1797 行.
NOTIC: [8] Undefined variable: where D:\phpStudy\WWW\zjtr\ThinkPHP\Library\Think\Model.class.php 第 1805 行.
NOTIC: [8] Undefined variable: where D:\phpStudy\WWW\zjtr\ThinkPHP\Library\Think\Model.class.php 第 1808 行.
NOTIC: [8] Undefined variable: where D:\phpStudy\WWW\zjtr\ThinkPHP\Library\Think\Model.class.php 第 1816 行.
NOTIC: [2] Missing argument 1 for Think\Model::join(), called in D:\phpStudy\WWW\zjtr\Application\Admin\Controller\ProductController.class.php on line 147 and defined D:\phpStudy\WWW\zjtr\ThinkPHP\Library\Think\Model.class.php 第 1664 行.
NOTIC: [8] Undefined variable: join D:\phpStudy\WWW\zjtr\ThinkPHP\Library\Think\Model.class.php 第 1666 行.
SQL: SELECT * FROM `news` WHERE `Type_Id` = 1 LIMIT 1   [ RunTime:0.0009s ]
SQL: SHOW COLUMNS FROM `report_categories` [ RunTime:0.0098s ]
NOTIC: [2] Missing argument 1 for Think\Model::where(), called in D:\phpStudy\WWW\zjtr\Application\Admin\Controller\ProductController.class.php on line 151 and defined D:\phpStudy\WWW\zjtr\ThinkPHP\Library\Think\Model.class.php 第 1797 行.
NOTIC: [8] Undefined variable: where D:\phpStudy\WWW\zjtr\ThinkPHP\Library\Think\Model.class.php 第 1805 行.
NOTIC: [8] Undefined variable: where D:\phpStudy\WWW\zjtr\ThinkPHP\Library\Think\Model.class.php 第 1808 行.
NOTIC: [8] Undefined variable: where D:\phpStudy\WWW\zjtr\ThinkPHP\Library\Think\Model.class.php 第 1816 行.
SQL: SELECT * FROM `report_categories`  [ RunTime:0.0011s ]
INFO: [ view_parse ] --START--
INFO: [ template_filter ] --START--
INFO: Run Behavior\ContentReplaceBehavior [ RunTime:0.000138s ]
INFO: [ template_filter ] --END-- [ RunTime:0.000264s ]
INFO: Run Behavior\ParseTemplateBehavior [ RunTime:0.022153s ]
INFO: [ view_parse ] --END-- [ RunTime:0.022288s ]
INFO: [ view_filter ] --START--
INFO: Run Behavior\WriteHtmlCacheBehavior [ RunTime:0.000664s ]
INFO: [ view_filter ] --END-- [ RunTime:0.000744s ]
INFO: [ app_end ] --START--
INFO: Run Behavior\ShowPageTraceBehavior [ RunTime:0.001174s ]
INFO: [ app_end ] --END-- [ RunTime:0.001301s ]

